🔄 Get笔记同步启动（已知 49 条）
📥 发现 16 条新笔记，开始处理...
  ✅ [待办] 液态神经网络：MIT CSAIL的"流体智能"革命——从2万...
  ✅ [待办] 神经计算机：AI驱动的计算范式革命...
  ✅ [待办] 高通端侧生成式AI技术研报：NPU创新与异构计算协同架构...
     → 关联到 iNEST_Academic_Belief_Core.md
  ✅ [其他] 电脑密码...
  ✅ [会议] 从平衡到远离平衡：体系如何开始长出结构？——热力学三种状态演...
  ✅ [研究] tiny-NPU：极简神经网络处理器深度技术解析...
  ✅ [待办] 谷歌TPU 8系列网络架构深度解析：从Boardfly到Vi...
     → 关联到 iNEST_Academic_Belief_Core.md
  ✅ [待办] Google Virgo Network：超大规模AI数据中...
     → 关联到 iNEST_Academic_Belief_Core.md
  ✅ [待办] 谷歌AI时代网络架构深度解析：从分布式计算演进到七大核心技术...
     → 关联到 iNEST_Academic_Belief_Core.md
  ✅ [待办] SyncBrain：基于神经振荡同步的物理知情深度学习模型—...
  ✅ [日记] 美国DARPA"物理智能"机器人技术探索：硬件驱动的自主系统...
  ✅ [待办] AI+FPGA开发范式革命：128K FP32 FFT从0到...
  ✅ [日记] 2026年5月1号 日记...
  ✅ [其他] obsidian有用插件...
  ✅ [待办] 井芯AI赋能战略（4月总结）...
  ✅ [待办] 销售文化...

==================================================
✅ 同步完成：16 条新笔记写入 Inbox
🔗 Atlas交叉引用：4 处
📁 位置：00_KnowledgeBase_知识库/03_Inbox_文献与碎片/Get笔记同步

---
📚 Atlas → Get笔记 同步检查（6 个文件）

  ✅ 最新 NCC_Core_Concepts.md [已是最新]
  ✅ 最新 NCC_Paradigm_Master_Index.md [已是最新]
  ✅ 最新 NCC_Naming_Convention_v2.md [已是最新]
  🔄 需同步 iNEST_Academic_Belief_Core.md [有更新]
  ✅ 最新 Workflow_Engine_SOP.md [已是最新]
  ✅ 最新 DASHBOARD.md [已是最新]

  上传：iNEST_Academic_Belief_Core.md... ✅ 更新 (id=32067552)

==================================================
✅ Atlas同步完成：1 个文件上传到Get笔记
📱 打开Get笔记搜索「iNEST知识库」即可手机端检索
