
=======================================================
C.elegans  N=279
=======================================================
  [C.elegans] N=279 k=16 init: σ=4.34 C=0.286 L=2.463 e=4464
    200: σ=4.335 C=0.286 L=2.461 α=-0.337 EL=0.0% e=3602
    400: σ=4.335 C=0.286 L=2.461 α=-0.443 EL=0.0% e=3602
    600: σ=4.335 C=0.286 L=2.461 α=-0.467 EL=3.5% e=3602
    800: σ=4.335 C=0.286 L=2.461 α=-0.496 EL=17.7% e=3602
   1000: σ=4.335 C=0.286 L=2.461 α=-0.493 EL=24.3% e=3602
   1200: σ=4.335 C=0.286 L=2.461 α=-0.406 EL=23.3% e=3602
   1400: σ=4.335 C=0.286 L=2.461 α=-0.293 EL=23.7% e=3602
   1600: σ=4.335 C=0.286 L=2.461 α=-0.250 EL=24.7% e=3602
   1800: σ=4.335 C=0.286 L=2.461 α=-0.351 EL=24.6% e=3602
   2000: σ=4.335 C=0.286 L=2.461 α=-0.318 EL=23.1% e=3602
   2200: σ=4.335 C=0.286 L=2.461 α=-0.291 EL=23.9% e=3602
   2400: σ=4.328 C=0.285 L=2.462 α=-0.394 EL=23.6% e=3602
   2600: σ=4.330 C=0.285 L=2.457 α=-0.380 EL=22.6% e=3602
   2800: σ=4.330 C=0.285 L=2.457 α=-0.367 EL=24.5% e=3602
   3000: σ=4.330 C=0.285 L=2.457 α=-0.408 EL=24.9% e=3602
   3200: σ=4.330 C=0.285 L=2.457 α=-0.472 EL=24.5% e=3602
   3400: σ=4.328 C=0.285 L=2.454 α=-0.305 EL=23.2% e=3602
   3600: σ=4.327 C=0.285 L=2.451 α=-0.501 EL=22.7% e=3602
   3800: σ=4.327 C=0.285 L=2.451 α=-0.422 EL=22.8% e=3602
   4000: σ=4.327 C=0.285 L=2.451 α=-0.286 EL=23.3% e=3602
   4200: σ=4.327 C=0.285 L=2.451 α=-0.445 EL=23.5% e=3602
   4400: σ=4.327 C=0.285 L=2.451 α=-0.282 EL=23.4% e=3602
   4600: σ=4.327 C=0.285 L=2.451 α=-0.965 EL=24.7% e=3602
   4800: σ=4.327 C=0.285 L=2.451 α=-0.428 EL=22.8% e=3602

--- C.elegans (6.1s) ---
  ✅ sigma=4.327  (4.0, None)
  ✅ C=0.285  (0.25, None)
  ✅ L=2.451  (2.0, 3.5)
  ❌ alpha=-0.346  (1.5, 2.5)
  ✅ EL=0.249  (0.15, 0.28)
  SCORE: 4/5

=======================================================
Larval_Droso  N=321
=======================================================
  [Larval_Droso] N=321 k=16 init: σ=5.17 C=0.293 L=2.466 e=5136
    200: σ=5.166 C=0.292 L=2.463 α=-0.400 EL=0.0% e=4121
    400: σ=5.166 C=0.292 L=2.463 α=-0.445 EL=0.0% e=4121
    600: σ=5.166 C=0.292 L=2.463 α=-0.454 EL=3.4% e=4121
    800: σ=5.166 C=0.292 L=2.463 α=-0.359 EL=16.0% e=4121
   1000: σ=5.166 C=0.292 L=2.463 α=-0.535 EL=22.6% e=4121
   1200: σ=5.166 C=0.292 L=2.463 α=-0.365 EL=24.3% e=4121
   1400: σ=5.166 C=0.292 L=2.463 α=-0.511 EL=23.9% e=4121
   1600: σ=5.166 C=0.292 L=2.463 α=-0.559 EL=24.2% e=4121
   1800: σ=5.166 C=0.292 L=2.463 α=-0.360 EL=24.4% e=4121
   2000: σ=5.166 C=0.292 L=2.463 α=-0.452 EL=24.4% e=4121
   2200: σ=5.166 C=0.292 L=2.463 α=-0.800 EL=24.0% e=4121
   2400: σ=5.164 C=0.292 L=2.463 α=-0.449 EL=22.8% e=4121
   2600: σ=5.164 C=0.292 L=2.463 α=-0.322 EL=24.8% e=4121
   2800: σ=5.164 C=0.292 L=2.463 α=-0.321 EL=22.7% e=4121
   3000: σ=5.164 C=0.292 L=2.463 α=-0.564 EL=24.8% e=4121
   3200: σ=5.164 C=0.292 L=2.463 α=-0.469 EL=23.2% e=4121
   3400: σ=5.164 C=0.292 L=2.463 α=-0.315 EL=23.0% e=4121
   3600: σ=5.164 C=0.292 L=2.463 α=-0.444 EL=23.1% e=4121
   3800: σ=5.164 C=0.292 L=2.463 α=-0.437 EL=23.1% e=4121
   4000: σ=5.164 C=0.292 L=2.463 α=-0.438 EL=24.7% e=4121
   4200: σ=5.164 C=0.292 L=2.463 α=-0.428 EL=24.5% e=4121
   4400: σ=5.164 C=0.292 L=2.463 α=-0.470 EL=24.9% e=4121
   4600: σ=5.164 C=0.292 L=2.463 α=-0.577 EL=23.9% e=4121
   4800: σ=5.164 C=0.292 L=2.463 α=-0.489 EL=22.6% e=4121

--- Larval_Droso (6.7s) ---
  ✅ sigma=5.164  (3.0, None)
  ✅ C=0.292  (0.2, None)
  ✅ L=2.463  (1.5, 3.5)
  ❌ alpha=-0.435  (1.5, 2.5)
  ✅ EL=0.243  (0.15, 0.28)
  SCORE: 4/5

=======================================================
Rat_Cortex  N=73
=======================================================
  [Rat_Cortex] N=73 k=10 init: σ=1.47 C=0.276 L=2.673 e=730
    200: σ=1.475 C=0.276 L=2.673 α=-0.120 EL=0.0% e=574
    400: σ=1.475 C=0.276 L=2.673 α=-0.271 EL=0.0% e=574
    600: σ=1.475 C=0.276 L=2.673 α=-0.322 EL=1.7% e=574
    800: σ=1.475 C=0.276 L=2.673 α=-0.493 EL=13.9% e=574
   1000: σ=1.475 C=0.276 L=2.673 α=-0.373 EL=24.2% e=574
   1200: σ=1.475 C=0.276 L=2.673 α=-0.477 EL=23.5% e=574
   1400: σ=1.475 C=0.276 L=2.673 α=-0.213 EL=23.9% e=574
   1600: σ=1.475 C=0.276 L=2.673 α=-0.281 EL=23.2% e=574
   1800: σ=1.475 C=0.276 L=2.673 α=-0.395 EL=23.5% e=574
   2000: σ=1.475 C=0.276 L=2.673 α=-0.587 EL=23.3% e=574
   2200: σ=1.475 C=0.276 L=2.673 α=-0.559 EL=24.4% e=574
   2400: σ=1.475 C=0.276 L=2.673 α=-0.584 EL=23.2% e=574
   2600: σ=1.475 C=0.276 L=2.673 α=-0.573 EL=24.2% e=574
   2800: σ=1.475 C=0.276 L=2.673 α=-0.576 EL=22.8% e=574
   3000: σ=1.475 C=0.276 L=2.673 α=-0.613 EL=22.8% e=574
   3200: σ=1.475 C=0.276 L=2.673 α=-0.446 EL=22.8% e=574
   3400: σ=1.475 C=0.276 L=2.673 α=-0.630 EL=23.9% e=574
   3600: σ=1.475 C=0.276 L=2.673 α=-0.503 EL=24.2% e=574
   3800: σ=1.475 C=0.276 L=2.673 α=-0.415 EL=24.2% e=574
   4000: σ=1.475 C=0.276 L=2.673 α=-0.407 EL=24.9% e=574
   4200: σ=1.475 C=0.276 L=2.673 α=-0.523 EL=24.9% e=574
   4400: σ=1.475 C=0.276 L=2.673 α=-0.532 EL=23.3% e=574
   4600: σ=1.475 C=0.276 L=2.673 α=-0.723 EL=22.6% e=574
   4800: σ=1.475 C=0.276 L=2.673 α=-0.566 EL=24.6% e=574

--- Rat_Cortex (3.8s) ---
  ❌ sigma=1.475  (2.5, None)
  ❌ C=0.276  (0.3, None)
  ✅ L=2.673  (1.5, 3.0)
  ❌ alpha=-0.414  (1.5, 2.5)
  ✅ EL=0.235  (0.15, 0.28)
  SCORE: 2/5

=======================================================
Mouse_Cortex  N=112
=======================================================
  [Mouse_Cortex] N=112 k=14 init: σ=1.67 C=0.292 L=2.641 e=1568
    200: σ=1.673 C=0.291 L=2.630 α=-0.231 EL=0.0% e=1236
    400: σ=1.673 C=0.291 L=2.630 α=-0.563 EL=0.0% e=1236
    600: σ=1.673 C=0.291 L=2.630 α=-0.494 EL=3.6% e=1236
    800: σ=1.673 C=0.291 L=2.630 α=-0.562 EL=19.4% e=1236
   1000: σ=1.673 C=0.291 L=2.630 α=-0.538 EL=23.3% e=1236
   1200: σ=1.673 C=0.291 L=2.630 α=-0.434 EL=23.8% e=1236
   1400: σ=1.673 C=0.291 L=2.630 α=-0.497 EL=22.6% e=1236
   1600: σ=1.673 C=0.291 L=2.630 α=-0.530 EL=24.8% e=1236
   1800: σ=1.673 C=0.291 L=2.630 α=-0.474 EL=23.9% e=1236
   2000: σ=1.673 C=0.291 L=2.630 α=-0.484 EL=23.2% e=1236
   2200: σ=1.673 C=0.291 L=2.630 α=-0.382 EL=23.4% e=1236
   2400: σ=1.673 C=0.291 L=2.630 α=-0.474 EL=24.3% e=1236
   2600: σ=1.673 C=0.291 L=2.630 α=-0.568 EL=24.4% e=1236
   2800: σ=1.673 C=0.291 L=2.630 α=-0.615 EL=23.8% e=1236
   3000: σ=1.673 C=0.291 L=2.630 α=-0.644 EL=24.8% e=1236
   3200: σ=1.673 C=0.291 L=2.630 α=-0.602 EL=24.8% e=1236
   3400: σ=1.673 C=0.291 L=2.630 α=-0.632 EL=23.1% e=1236
   3600: σ=1.673 C=0.291 L=2.630 α=-0.620 EL=23.5% e=1236
   3800: σ=1.673 C=0.291 L=2.630 α=-0.545 EL=23.1% e=1236
   4000: σ=1.673 C=0.291 L=2.630 α=-0.564 EL=23.7% e=1236
   4200: σ=1.673 C=0.291 L=2.630 α=-0.695 EL=22.8% e=1236
   4400: σ=1.673 C=0.291 L=2.630 α=-0.716 EL=24.0% e=1236
   4600: σ=1.673 C=0.291 L=2.630 α=-0.622 EL=24.4% e=1236
   4800: σ=1.673 C=0.291 L=2.630 α=-0.600 EL=23.5% e=1236

--- Mouse_Cortex (5.0s) ---
  ❌ sigma=1.673  (2.5, None)
  ❌ C=0.291  (0.35, None)
  ✅ L=2.630  (1.5, 3.0)
  ❌ alpha=-0.608  (1.5, 2.5)
  ✅ EL=0.235  (0.15, 0.28)
  SCORE: 2/5

=======================================================
Macaque_Cortex  N=242
=======================================================
  [Macaque_Cortex] N=242 k=16 init: σ=3.69 C=0.291 L=2.481 e=3872
    200: σ=3.689 C=0.291 L=2.481 α=-0.380 EL=0.0% e=3172
    400: σ=3.689 C=0.291 L=2.481 α=-0.445 EL=0.1% e=3172
    600: σ=3.689 C=0.291 L=2.481 α=-0.424 EL=2.6% e=3172
    800: σ=3.689 C=0.291 L=2.481 α=-0.384 EL=16.0% e=3172
   1000: σ=3.689 C=0.291 L=2.481 α=-0.448 EL=23.2% e=3172
   1200: σ=3.689 C=0.291 L=2.481 α=-0.353 EL=24.9% e=3172
   1400: σ=3.689 C=0.291 L=2.481 α=-0.350 EL=23.7% e=3172
   1600: σ=3.689 C=0.291 L=2.481 α=-0.500 EL=23.0% e=3172
   1800: σ=3.689 C=0.291 L=2.481 α=-0.420 EL=24.1% e=3172
   2000: σ=3.683 C=0.291 L=2.480 α=-0.551 EL=23.3% e=3172
   2200: σ=3.683 C=0.291 L=2.480 α=-0.542 EL=24.5% e=3172
   2400: σ=3.683 C=0.291 L=2.480 α=-0.417 EL=22.6% e=3172
   2600: σ=3.683 C=0.291 L=2.480 α=-0.450 EL=24.7% e=3172
   2800: σ=3.683 C=0.291 L=2.480 α=-0.493 EL=23.1% e=3172
   3000: σ=3.683 C=0.291 L=2.480 α=-0.550 EL=23.5% e=3172
   3200: σ=3.680 C=0.290 L=2.478 α=-0.507 EL=23.9% e=3172
   3400: σ=3.680 C=0.290 L=2.478 α=-0.382 EL=23.9% e=3172
   3600: σ=3.680 C=0.290 L=2.478 α=-0.393 EL=22.9% e=3172
   3800: σ=3.680 C=0.290 L=2.478 α=-0.405 EL=24.6% e=3172
   4000: σ=3.680 C=0.290 L=2.478 α=-0.622 EL=24.1% e=3172
   4200: σ=3.680 C=0.290 L=2.478 α=-0.414 EL=22.7% e=3172
   4400: σ=3.680 C=0.290 L=2.478 α=-0.460 EL=24.0% e=3172
   4600: σ=3.680 C=0.290 L=2.478 α=-0.458 EL=24.0% e=3172
   4800: σ=3.680 C=0.290 L=2.478 α=-0.407 EL=23.9% e=3172

--- Macaque_Cortex (5.8s) ---
  ✅ sigma=3.680  (3.0, None)
  ❌ C=0.290  (0.4, None)
  ✅ L=2.478  (2.0, 3.5)
  ❌ alpha=-0.525  (1.5, 2.5)
  ✅ EL=0.238  (0.15, 0.28)
  SCORE: 3/5

=======================================================
ALL DONE 27.6s
=======================================================
  C.elegans: 4/5  σ=4.33 C=0.285 L=2.45 α=-0.34593945823635947 EL=24.9%
  Larval_Droso: 4/5  σ=5.16 C=0.292 L=2.46 α=-0.4354566613084977 EL=24.3%
  Rat_Cortex: 2/5  σ=1.47 C=0.276 L=2.67 α=-0.413615380663648 EL=23.5%
  Mouse_Cortex: 2/5  σ=1.67 C=0.291 L=2.63 α=-0.607715798938244 EL=23.5%
  Macaque_Cortex: 3/5  σ=3.68 C=0.290 L=2.48 α=-0.5248838270063027 EL=23.8%
Traceback (most recent call last):
  File "/home/work/.openclaw/workspace/sdi_sim/sdi_experiment1_v4.py", line 336, in <module>
    main()
  File "/home/work/.openclaw/workspace/sdi_sim/sdi_experiment1_v4.py", line 312, in main
    with open(f'{OUT}/exp1_v4_results.json','w') as f: json.dump(save,f,indent=2)
                                                       ^^^^^^^^^^^^^^^^^^^^^^^^^^
  File "/usr/lib/python3.12/json/__init__.py", line 179, in dump
    for chunk in iterable:
  File "/usr/lib/python3.12/json/encoder.py", line 432, in _iterencode
    yield from _iterencode_dict(o, _current_indent_level)
  File "/usr/lib/python3.12/json/encoder.py", line 406, in _iterencode_dict
    yield from chunks
  File "/usr/lib/python3.12/json/encoder.py", line 406, in _iterencode_dict
    yield from chunks
  File "/usr/lib/python3.12/json/encoder.py", line 439, in _iterencode
    o = _default(o)
        ^^^^^^^^^^^
  File "/usr/lib/python3.12/json/encoder.py", line 180, in default
    raise TypeError(f'Object of type {o.__class__.__name__} '
TypeError: Object of type bool is not JSON serializable
