
=======================================================
C.elegans  N=279
=======================================================
  [C.elegans] N=279 k_init=8 p=0.05 σ₀=7.63 C₀=0.263 e=2232
    200: σ=7.631 C=0.262 L=3.411 α=1.697 EL=0.0% e=1786
    400: σ=7.631 C=0.262 L=3.411 α=1.698 EL=0.0% e=1786
    600: σ=7.631 C=0.262 L=3.411 α=1.728 EL=0.0% e=1786
    800: σ=7.631 C=0.262 L=3.411 α=1.757 EL=0.8% e=1786
   1000: σ=7.631 C=0.262 L=3.411 α=1.797 EL=5.0% e=1786
   1200: σ=7.631 C=0.262 L=3.411 α=1.848 EL=12.4% e=1786
   1400: σ=7.631 C=0.262 L=3.411 α=1.776 EL=20.3% e=1786
   1600: σ=7.631 C=0.262 L=3.411 α=1.695 EL=24.9% e=1786
   1800: σ=7.631 C=0.262 L=3.411 α=1.898 EL=24.3% e=1786
   2000: σ=7.631 C=0.262 L=3.411 α=1.916 EL=23.8% e=1786
   2200: σ=7.631 C=0.262 L=3.411 α=1.944 EL=23.2% e=1786
   2400: σ=7.631 C=0.262 L=3.411 α=1.799 EL=24.9% e=1786
   2600: σ=7.631 C=0.262 L=3.411 α=1.841 EL=22.6% e=1786
   2800: σ=7.631 C=0.262 L=3.411 α=2.003 EL=23.0% e=1786
   3000: σ=7.631 C=0.262 L=3.411 α=1.810 EL=24.5% e=1786
   3200: σ=7.631 C=0.262 L=3.411 α=1.937 EL=24.7% e=1786
   3400: σ=7.631 C=0.262 L=3.411 α=2.129 EL=24.7% e=1786
   3600: σ=7.631 C=0.262 L=3.411 α=2.034 EL=24.7% e=1786
   3800: σ=7.631 C=0.262 L=3.411 α=2.050 EL=23.9% e=1786
   4000: σ=7.631 C=0.262 L=3.411 α=2.006 EL=22.9% e=1786
   4200: σ=7.631 C=0.262 L=3.411 α=2.177 EL=24.5% e=1786
   4400: σ=7.633 C=0.261 L=3.380 α=1.929 EL=24.5% e=1786
   4600: σ=7.633 C=0.261 L=3.380 α=1.957 EL=23.8% e=1786
   4800: σ=7.633 C=0.261 L=3.380 α=2.006 EL=24.0% e=1786

--- C.elegans (5.5s) ---
  ✅ sigma=7.633  (4.0, None)
  ✅ C=0.261  (0.25, None)
  ✅ L=3.380  (2.0, 3.5)
  ✅ alpha=1.955  (1.5, 2.5)
  ✅ EL=0.239  (0.15, 0.28)
  SCORE: 5/5

=======================================================
Larval_Droso  N=321
=======================================================
  [Larval_Droso] N=321 k_init=8 p=0.05 σ₀=9.06 C₀=0.268 e=2568
    200: σ=9.061 C=0.268 L=3.483 α=1.826 EL=0.0% e=2033
    400: σ=9.061 C=0.268 L=3.483 α=1.968 EL=0.0% e=2033
    600: σ=9.061 C=0.268 L=3.483 α=1.844 EL=0.0% e=2033
    800: σ=9.061 C=0.268 L=3.483 α=1.877 EL=1.2% e=2033
   1000: σ=9.061 C=0.268 L=3.483 α=1.850 EL=5.2% e=2033
   1200: σ=9.061 C=0.268 L=3.483 α=2.009 EL=10.4% e=2033
   1400: σ=9.061 C=0.268 L=3.483 α=1.875 EL=19.2% e=2033
   1600: σ=9.061 C=0.268 L=3.483 α=1.900 EL=22.6% e=2033
   1800: σ=9.061 C=0.268 L=3.483 α=1.966 EL=24.1% e=2033
   2000: σ=9.061 C=0.268 L=3.483 α=1.894 EL=23.8% e=2033
   2200: σ=9.061 C=0.268 L=3.483 α=1.968 EL=23.0% e=2033
   2400: σ=9.061 C=0.268 L=3.483 α=2.219 EL=23.1% e=2033
   2600: σ=9.061 C=0.268 L=3.483 α=2.132 EL=24.3% e=2033
   2800: σ=9.061 C=0.268 L=3.483 α=2.023 EL=22.6% e=2033
   3000: σ=9.061 C=0.268 L=3.483 α=2.083 EL=23.9% e=2033
   3200: σ=9.061 C=0.268 L=3.483 α=2.003 EL=24.9% e=2033
   3400: σ=9.061 C=0.268 L=3.483 α=2.022 EL=23.3% e=2033
   3600: σ=9.061 C=0.268 L=3.483 α=2.014 EL=22.8% e=2033
   3800: σ=9.061 C=0.268 L=3.483 α=2.203 EL=24.9% e=2033
   4000: σ=9.061 C=0.268 L=3.483 α=2.180 EL=23.7% e=2033
   4200: σ=9.061 C=0.268 L=3.483 α=1.988 EL=24.1% e=2033
   4400: σ=9.061 C=0.268 L=3.483 α=2.052 EL=24.4% e=2033
   4600: σ=9.061 C=0.268 L=3.483 α=2.208 EL=24.5% e=2033
   4800: σ=9.061 C=0.268 L=3.483 α=2.078 EL=24.9% e=2033

--- Larval_Droso (5.9s) ---
  ✅ sigma=9.061  (3.0, None)
  ✅ C=0.268  (0.2, None)
  ✅ L=3.483  (1.5, 3.5)
  ✅ alpha=2.157  (1.5, 2.5)
  ✅ EL=0.243  (0.15, 0.28)
  SCORE: 5/5

=======================================================
Rat_Cortex  N=73
=======================================================
  [Rat_Cortex] N=73 k_init=12 p=0.08 σ₀=1.24 C₀=0.273 e=876
    200: σ=1.236 C=0.271 L=2.357 α=1.722 EL=0.0% e=695
    400: σ=1.236 C=0.271 L=2.357 α=1.683 EL=0.0% e=695
    600: σ=1.236 C=0.271 L=2.357 α=1.620 EL=4.0% e=695
    800: σ=1.236 C=0.271 L=2.357 α=1.596 EL=21.7% e=695
   1000: σ=1.236 C=0.271 L=2.357 α=1.774 EL=24.0% e=695
   1200: σ=1.236 C=0.271 L=2.357 α=2.321 EL=23.9% e=695
   1400: σ=1.236 C=0.271 L=2.357 α=2.061 EL=23.7% e=695
   1600: σ=1.236 C=0.271 L=2.357 α=1.967 EL=24.7% e=695
   1800: σ=1.236 C=0.271 L=2.357 α=1.872 EL=23.9% e=695
   2000: σ=1.236 C=0.271 L=2.357 α=1.910 EL=23.9% e=695
   2200: σ=1.236 C=0.271 L=2.357 α=2.142 EL=23.3% e=695
   2400: σ=1.236 C=0.271 L=2.357 α=2.139 EL=23.2% e=695
   2600: σ=1.236 C=0.271 L=2.357 α=1.898 EL=24.3% e=695
   2800: σ=1.236 C=0.271 L=2.357 α=1.823 EL=22.6% e=695
   3000: σ=1.236 C=0.271 L=2.357 α=1.842 EL=24.2% e=695
   3200: σ=1.236 C=0.271 L=2.357 α=2.014 EL=24.9% e=695
   3400: σ=1.236 C=0.271 L=2.357 α=1.869 EL=24.0% e=695
   3600: σ=1.236 C=0.271 L=2.357 α=2.045 EL=23.3% e=695
   3800: σ=1.236 C=0.271 L=2.357 α=2.042 EL=23.0% e=695
   4000: σ=1.236 C=0.271 L=2.357 α=1.781 EL=22.6% e=695
   4200: σ=1.236 C=0.271 L=2.357 α=1.811 EL=24.7% e=695
   4400: σ=1.236 C=0.271 L=2.357 α=2.013 EL=24.6% e=695
   4600: σ=1.236 C=0.271 L=2.357 α=1.983 EL=24.9% e=695
   4800: σ=1.236 C=0.271 L=2.357 α=2.115 EL=22.6% e=695

--- Rat_Cortex (3.7s) ---
  ❌ sigma=1.236  (1.5, None)
  ✅ C=0.271  (0.25, None)
  ✅ L=2.357  (1.5, 3.0)
  ✅ alpha=2.000  (1.5, 2.5)
  ✅ EL=0.245  (0.15, 0.28)
  SCORE: 4/5

=======================================================
Mouse_Cortex  N=112
=======================================================
  [Mouse_Cortex] N=112 k_init=12 p=0.1 σ₀=1.74 C₀=0.247 e=1344
    200: σ=1.736 C=0.247 L=2.627 α=1.514 EL=0.0% e=1071
    400: σ=1.736 C=0.247 L=2.627 α=1.560 EL=0.0% e=1071
    600: σ=1.736 C=0.247 L=2.627 α=1.610 EL=3.3% e=1071
    800: σ=1.736 C=0.247 L=2.627 α=1.916 EL=17.6% e=1071
   1000: σ=1.736 C=0.247 L=2.627 α=1.871 EL=23.9% e=1071
   1200: σ=1.736 C=0.247 L=2.627 α=1.715 EL=24.6% e=1071
   1400: σ=1.736 C=0.247 L=2.627 α=1.925 EL=24.9% e=1071
   1600: σ=1.736 C=0.247 L=2.627 α=2.119 EL=23.6% e=1071
   1800: σ=1.736 C=0.247 L=2.627 α=1.944 EL=24.4% e=1071
   2000: σ=1.736 C=0.247 L=2.627 α=1.875 EL=23.8% e=1071
   2200: σ=1.736 C=0.247 L=2.627 α=1.967 EL=23.8% e=1071
   2400: σ=1.736 C=0.247 L=2.627 α=1.901 EL=23.7% e=1071
   2600: σ=1.736 C=0.247 L=2.627 α=1.873 EL=24.3% e=1071
   2800: σ=1.736 C=0.247 L=2.627 α=1.938 EL=22.6% e=1071
   3000: σ=1.736 C=0.247 L=2.627 α=2.038 EL=24.3% e=1071
   3200: σ=1.736 C=0.247 L=2.627 α=1.907 EL=23.2% e=1071
   3400: σ=1.736 C=0.247 L=2.627 α=1.748 EL=22.8% e=1071
   3600: σ=1.736 C=0.247 L=2.627 α=1.733 EL=23.5% e=1071
   3800: σ=1.736 C=0.247 L=2.627 α=1.843 EL=24.3% e=1071
   4000: σ=1.736 C=0.247 L=2.627 α=1.851 EL=23.3% e=1071
   4200: σ=1.736 C=0.247 L=2.627 α=2.046 EL=24.4% e=1071
   4400: σ=1.736 C=0.247 L=2.627 α=2.040 EL=23.8% e=1071
   4600: σ=1.736 C=0.247 L=2.627 α=1.725 EL=23.2% e=1071
   4800: σ=1.736 C=0.247 L=2.627 α=1.640 EL=23.3% e=1071

--- Mouse_Cortex (5.0s) ---
  ❌ sigma=1.736  (2.0, None)
  ❌ C=0.247  (0.3, None)
  ✅ L=2.627  (1.5, 3.0)
  ✅ alpha=1.867  (1.5, 2.5)
  ✅ EL=0.235  (0.15, 0.28)
  SCORE: 3/5

=======================================================
Macaque_Cortex  N=242
=======================================================
  [Macaque_Cortex] N=242 k_init=14 p=0.1 σ₀=3.88 C₀=0.254 e=3388
    200: σ=3.870 C=0.254 L=2.449 α=1.527 EL=0.0% e=2746
    400: σ=3.870 C=0.254 L=2.449 α=1.516 EL=0.0% e=2746
    600: σ=3.870 C=0.254 L=2.449 α=1.663 EL=2.8% e=2746
    800: σ=3.870 C=0.254 L=2.449 α=1.623 EL=17.5% e=2746
   1000: σ=3.870 C=0.254 L=2.449 α=1.632 EL=22.6% e=2746
   1200: σ=3.870 C=0.254 L=2.449 α=2.076 EL=22.8% e=2746
   1400: σ=3.870 C=0.254 L=2.449 α=1.880 EL=22.9% e=2746
   1600: σ=3.870 C=0.254 L=2.449 α=1.859 EL=24.5% e=2746
   1800: σ=3.870 C=0.254 L=2.449 α=1.998 EL=23.2% e=2746
   2000: σ=3.870 C=0.254 L=2.449 α=2.076 EL=24.9% e=2746
   2200: σ=3.870 C=0.254 L=2.449 α=2.469 EL=23.5% e=2746
   2400: σ=3.870 C=0.254 L=2.449 α=2.053 EL=22.9% e=2746
   2600: σ=3.870 C=0.254 L=2.449 α=1.954 EL=22.5% e=2746
   2800: σ=3.870 C=0.254 L=2.449 α=1.919 EL=24.6% e=2746
   3000: σ=3.870 C=0.254 L=2.449 α=1.989 EL=22.6% e=2746
   3200: σ=3.870 C=0.254 L=2.449 α=1.919 EL=23.2% e=2746
   3400: σ=3.870 C=0.254 L=2.449 α=1.825 EL=24.6% e=2746
   3600: σ=3.865 C=0.253 L=2.448 α=1.772 EL=22.9% e=2746
   3800: σ=3.865 C=0.253 L=2.448 α=1.711 EL=23.1% e=2746
   4000: σ=3.865 C=0.253 L=2.448 α=1.910 EL=24.5% e=2746
   4200: σ=3.865 C=0.253 L=2.448 α=1.897 EL=24.3% e=2746
   4400: σ=3.864 C=0.253 L=2.443 α=1.949 EL=22.5% e=2746
   4600: σ=3.864 C=0.253 L=2.443 α=1.950 EL=24.3% e=2746
   4800: σ=3.864 C=0.253 L=2.443 α=2.026 EL=23.5% e=2746

--- Macaque_Cortex (5.6s) ---
  ✅ sigma=3.864  (3.0, None)
  ✅ C=0.253  (0.25, None)
  ✅ L=2.443  (2.0, 3.5)
  ✅ alpha=2.069  (1.5, 2.5)
  ✅ EL=0.227  (0.15, 0.28)
  SCORE: 5/5

=======================================================
ALL DONE 26.0s
=======================================================
  C.elegans: 5/5  σ=7.63 C=0.261 L=3.38 α=1.9545304642109012 EL=23.9%
  Larval_Droso: 5/5  σ=9.06 C=0.268 L=3.48 α=2.1570183215511065 EL=24.3%
  Rat_Cortex: 4/5  σ=1.24 C=0.271 L=2.36 α=2.000003227734464 EL=24.5%
  Mouse_Cortex: 3/5  σ=1.74 C=0.247 L=2.63 α=1.8665175367372355 EL=23.5%
  Macaque_Cortex: 5/5  σ=3.86 C=0.253 L=2.44 α=2.0694228728298376 EL=22.7%
Plot saved: exp1_v5_convergence.png
DONE
