
=======================================================
C.elegans  N=279  [neuron]
=======================================================
  [C.elegans] N=279 edges=2212 ŌÉ‚āÄ=1.56 C‚āÄ=0.050 BA k_avg‚Čą7.9
  seed=42: ŌÉ=2.727 C=0.096 L=2.173 őĪ=3.567 EL=24.0% av=537(őľ=591.3) (22.1s)
  [C.elegans] N=279 edges=2212 ŌÉ‚āÄ=1.40 C‚āÄ=0.045 BA k_avg‚Čą7.9
  seed=7: ŌÉ=1.441 C=0.047 L=2.350 őĪ=3.103 EL=23.3% av=387(őľ=287.8) (6.7s)
  [C.elegans] N=279 edges=2212 ŌÉ‚āÄ=1.68 C‚āÄ=0.054 BA k_avg‚Čą7.9
  seed=13: ŌÉ=2.436 C=0.085 L=2.203 őĪ=3.472 EL=24.3% av=541(őľ=593.6) (22.1s)
  [C.elegans] N=279 edges=2212 ŌÉ‚āÄ=1.42 C‚āÄ=0.046 BA k_avg‚Čą7.9
  seed=99: ŌÉ=3.643 C=0.128 L=2.011 őĪ=3.523 EL=23.2% av=577(őľ=616.0) (24.8s)
  [C.elegans] N=279 edges=2212 ŌÉ‚āÄ=1.26 C‚āÄ=0.041 BA k_avg‚Čą7.9
  seed=2024: ŌÉ=2.885 C=0.103 L=2.138 őĪ=3.447 EL=23.7% av=523(őľ=655.1) (23.4s)

--- C.elegans SUMMARY (5 seeds) ---
  ‚ĚĆ sigma : 2.626¬Ī0.714  (‚Č•4.0)
  ‚ĚĆ C     : 0.092¬Ī0.027  (‚Č•0.25)
  ‚úÖ L     : 2.175¬Ī0.109  ([2.0,3.5])
  ‚ĚĆ alpha : 3.423¬Ī0.165  ([1.5,2.5])
  ‚úÖ el    : 0.237¬Ī0.004  ([0.15,0.28])
  SCORE: 2/5  [neuron]

=======================================================
Larval_Drosophila  N=321  [neuron]
=======================================================
  [Larval_Drosophila] N=321 edges=2548 ŌÉ‚āÄ=1.76 C‚āÄ=0.049 BA k_avg‚Čą7.9
  seed=42: ŌÉ=1.794 C=0.050 L=2.367 őĪ=3.077 EL=24.0% av=383(őľ=370.8) (9.0s)
  [Larval_Drosophila] N=321 edges=2548 ŌÉ‚āÄ=1.52 C‚āÄ=0.043 BA k_avg‚Čą7.9
  seed=7: ŌÉ=3.056 C=0.089 L=2.106 őĪ=3.460 EL=24.9% av=545(őľ=682.4) (25.7s)
  [Larval_Drosophila] N=321 edges=2548 ŌÉ‚āÄ=1.78 C‚āÄ=0.049 BA k_avg‚Čą7.9
  seed=13: ŌÉ=3.742 C=0.113 L=2.117 őĪ=3.313 EL=24.6% av=560(őľ=730.3) (28.5s)
  [Larval_Drosophila] N=321 edges=2548 ŌÉ‚āÄ=1.43 C‚āÄ=0.040 BA k_avg‚Čą7.9
  seed=99: ŌÉ=2.805 C=0.086 L=2.218 őĪ=3.509 EL=24.9% av=537(őľ=733.4) (27.4s)
  [Larval_Drosophila] N=321 edges=2548 ŌÉ‚āÄ=1.32 C‚āÄ=0.037 BA k_avg‚Čą7.9
  seed=2024: ŌÉ=3.562 C=0.106 L=2.069 őĪ=3.267 EL=24.5% av=562(őľ=715.2) (27.6s)

--- Larval_Drosophila SUMMARY (5 seeds) ---
  ‚ĚĆ sigma : 2.992¬Ī0.687  (‚Č•3.0)
  ‚ĚĆ C     : 0.089¬Ī0.022  (‚Č•0.2)
  ‚úÖ L     : 2.175¬Ī0.108  ([1.5,3.5])
  ‚ĚĆ alpha : 3.325¬Ī0.153  ([1.5,2.5])
  ‚úÖ el    : 0.246¬Ī0.003  ([0.15,0.28])
  SCORE: 2/5  [neuron]

=======================================================
Macaque_Cortex  N=242  [neuron]
=======================================================
  [Macaque_Cortex] N=242 edges=1916 ŌÉ‚āÄ=1.41 C‚āÄ=0.054 BA k_avg‚Čą7.9
  seed=42: ŌÉ=3.506 C=0.142 L=1.993 őĪ=3.680 EL=23.6% av=521(őľ=476.3) (17.1s)
  [Macaque_Cortex] N=242 edges=1916 ŌÉ‚āÄ=1.36 C‚āÄ=0.053 BA k_avg‚Čą7.9
  seed=7: ŌÉ=3.241 C=0.140 L=2.075 őĪ=3.493 EL=23.2% av=550(őľ=502.1) (19.0s)
  [Macaque_Cortex] N=242 edges=1916 ŌÉ‚āÄ=1.69 C‚āÄ=0.064 BA k_avg‚Čą7.9
  seed=13: ŌÉ=3.188 C=0.130 L=2.056 őĪ=3.406 EL=23.7% av=574(őľ=487.2) (19.1s)
  [Macaque_Cortex] N=242 edges=1916 ŌÉ‚āÄ=1.29 C‚āÄ=0.050 BA k_avg‚Čą7.9
  seed=99: ŌÉ=3.160 C=0.130 L=1.991 őĪ=3.272 EL=23.3% av=593(őľ=520.7) (21.3s)
  [Macaque_Cortex] N=242 edges=1916 ŌÉ‚āÄ=1.13 C‚āÄ=0.044 BA k_avg‚Čą7.9
  seed=2024: ŌÉ=1.152 C=0.045 L=2.398 őĪ=3.111 EL=23.5% av=393(őľ=263.7) (6.2s)

--- Macaque_Cortex SUMMARY (5 seeds) ---
  ‚ĚĆ sigma : 2.849¬Ī0.858  (‚Č•3.0)
  ‚ĚĆ C     : 0.117¬Ī0.036  (‚Č•0.25)
  ‚úÖ L     : 2.103¬Ī0.151  ([2.0,3.5])
  ‚ĚĆ alpha : 3.392¬Ī0.193  ([1.5,2.5])
  ‚úÖ el    : 0.235¬Ī0.002  ([0.15,0.28])
  SCORE: 2/5  [neuron]

=======================================================
Rat_Cortex‚ėÖ  N=73  [mesoscale]
=======================================================
  [Rat_Cortex‚ėÖ] N=73 edges=426 ŌÉ‚āÄ=0.91 C‚āÄ=0.096 BA k_avg‚Čą5.8
  seed=42: ŌÉ=0.910 C=0.096 L=2.371 őĪ=8.521 EL=26.8% av=377(őľ=72.8) (1.3s)
  [Rat_Cortex‚ėÖ] N=73 edges=426 ŌÉ‚āÄ=0.92 C‚āÄ=0.097 BA k_avg‚Čą5.8
  seed=7: ŌÉ=1.217 C=0.141 L=2.223 őĪ=3.553 EL=25.4% av=395(őľ=67.2) (1.3s)
  [Rat_Cortex‚ėÖ] N=73 edges=426 ŌÉ‚āÄ=1.58 C‚āÄ=0.160 BA k_avg‚Čą5.8
  seed=13: ŌÉ=1.632 C=0.194 L=2.074 őĪ=3.563 EL=24.6% av=398(őľ=67.1) (1.3s)
  [Rat_Cortex‚ėÖ] N=73 edges=426 ŌÉ‚āÄ=0.92 C‚āÄ=0.099 BA k_avg‚Čą5.8
  seed=99: ŌÉ=0.951 C=0.107 L=2.391 őĪ=9.910 EL=26.3% av=385(őľ=75.3) (1.5s)
  [Rat_Cortex‚ėÖ] N=73 edges=426 ŌÉ‚āÄ=0.88 C‚āÄ=0.093 BA k_avg‚Čą5.8
  seed=2024: ŌÉ=0.884 C=0.093 L=2.369 őĪ=3.406 EL=26.8% av=379(őľ=69.5) (1.2s)

--- Rat_Cortex‚ėÖ SUMMARY (5 seeds) ---
  ‚ĚĆ sigma : 1.119¬Ī0.283  (‚Č•1.2)
  ‚ĚĆ C     : 0.126¬Ī0.038  (‚Č•0.25)
  ‚úÖ L     : 2.286¬Ī0.122  ([1.5,3.0])
  ‚ĚĆ alpha : 5.791¬Ī2.831  ([1.5,2.5])
  ‚úÖ el    : 0.260¬Ī0.009  ([0.15,0.28])
  SCORE: 2/5  [mesoscale]

=======================================================
Mouse_Cortex‚ėÖ  N=112  [mesoscale]
=======================================================
  [Mouse_Cortex‚ėÖ] N=112 edges=660 ŌÉ‚āÄ=1.05 C‚āÄ=0.070 BA k_avg‚Čą5.9
  seed=42: ŌÉ=1.050 C=0.070 L=2.537 őĪ=8.998 EL=24.1% av=379(őľ=115.0) (2.2s)
  [Mouse_Cortex‚ėÖ] N=112 edges=660 ŌÉ‚āÄ=1.09 C‚āÄ=0.074 BA k_avg‚Čą5.9
  seed=7: ŌÉ=1.451 C=0.105 L=2.389 őĪ=5.129 EL=23.1% av=405(őľ=117.1) (2.4s)
  [Mouse_Cortex‚ėÖ] N=112 edges=660 ŌÉ‚āÄ=1.49 C‚āÄ=0.100 BA k_avg‚Čą5.9
  seed=13: ŌÉ=1.589 C=0.112 L=2.489 őĪ=3.225 EL=23.0% av=385(őľ=113.2) (2.1s)
  [Mouse_Cortex‚ėÖ] N=112 edges=660 ŌÉ‚āÄ=0.94 C‚āÄ=0.065 BA k_avg‚Čą5.9
  seed=99: ŌÉ=1.333 C=0.102 L=2.443 őĪ=3.725 EL=23.9% av=428(őľ=170.0) (4.0s)
  [Mouse_Cortex‚ėÖ] N=112 edges=660 ŌÉ‚āÄ=1.11 C‚āÄ=0.075 BA k_avg‚Čą5.9
  seed=2024: ŌÉ=1.626 C=0.118 L=2.330 őĪ=4.247 EL=25.0% av=397(őľ=117.0) (2.4s)

--- Mouse_Cortex‚ėÖ SUMMARY (5 seeds) ---
  ‚ĚĆ sigma : 1.409¬Ī0.208  (‚Č•1.5)
  ‚ĚĆ C     : 0.102¬Ī0.017  (‚Č•0.22)
  ‚úÖ L     : 2.438¬Ī0.073  ([1.5,3.0])
  ‚ĚĆ alpha : 5.065¬Ī2.065  ([1.5,2.5])
  ‚úÖ el    : 0.238¬Ī0.007  ([0.15,0.28])
  SCORE: 2/5  [mesoscale]

=======================================================
Chimpanzee‚ėÖ  N=200  [mesoscale]
=======================================================
  [Chimpanzee‚ėÖ] N=200 edges=1580 ŌÉ‚āÄ=1.26 C‚āÄ=0.062 BA k_avg‚Čą7.9
  seed=42: ŌÉ=3.072 C=0.157 L=1.989 őĪ=3.440 EL=23.1% av=550(őľ=389.1) (14.7s)
  [Chimpanzee‚ėÖ] N=200 edges=1580 ŌÉ‚āÄ=1.19 C‚āÄ=0.058 BA k_avg‚Čą7.9
  seed=7: ŌÉ=1.613 C=0.083 L=2.299 őĪ=4.194 EL=22.6% av=487(őľ=412.7) (13.7s)
  [Chimpanzee‚ėÖ] N=200 edges=1580 ŌÉ‚āÄ=1.34 C‚āÄ=0.065 BA k_avg‚Čą7.9
  seed=13: ŌÉ=2.037 C=0.101 L=2.129 őĪ=4.055 EL=24.7% av=558(őľ=385.6) (14.5s)
  [Chimpanzee‚ėÖ] N=200 edges=1580 ŌÉ‚āÄ=1.23 C‚āÄ=0.060 BA k_avg‚Čą7.9
  seed=99: ŌÉ=2.268 C=0.114 L=2.024 őĪ=3.353 EL=24.0% av=505(őľ=422.2) (14.3s)
  [Chimpanzee‚ėÖ] N=200 edges=1580 ŌÉ‚āÄ=0.99 C‚āÄ=0.049 BA k_avg‚Čą7.9
  seed=2024: ŌÉ=3.209 C=0.174 L=1.949 őĪ=3.448 EL=22.5% av=520(őľ=389.8) (13.9s)

--- Chimpanzee‚ėÖ SUMMARY (5 seeds) ---
  ‚úÖ sigma : 2.440¬Ī0.611  (‚Č•1.5)
  ‚úÖ C     : 0.126¬Ī0.034  (‚Č•0.12)
  ‚úÖ L     : 2.078¬Ī0.126  ([1.5,3.5])
  ‚ĚĆ alpha : 3.698¬Ī0.353  ([1.5,2.5])
  ‚úÖ el    : 0.234¬Ī0.008  ([0.15,0.28])
  SCORE: 4/5  [mesoscale]

=======================================================
Human_HCP‚ėÖ  N=400  [mesoscale]
=======================================================
  [Human_HCP‚ėÖ] N=400 edges=3180 ŌÉ‚āÄ=1.90 C‚āÄ=0.039 BA k_avg‚Čą8.0
  seed=42: ŌÉ=3.690 C=0.084 L=2.144 őĪ=3.146 EL=21.9% av=597(őľ=935.5) (39.6s)
  [Human_HCP‚ėÖ] N=400 edges=3180 ŌÉ‚āÄ=1.79 C‚āÄ=0.036 BA k_avg‚Čą8.0
  seed=7: ŌÉ=3.013 C=0.071 L=2.245 őĪ=3.364 EL=21.9% av=562(őľ=903.4) (36.0s)
  [Human_HCP‚ėÖ] N=400 edges=3180 ŌÉ‚āÄ=2.04 C‚āÄ=0.042 BA k_avg‚Čą8.0
  seed=13: ŌÉ=4.298 C=0.096 L=2.083 őĪ=3.287 EL=21.8% av=570(őľ=953.5) (38.6s)
  [Human_HCP‚ėÖ] N=400 edges=3180 ŌÉ‚āÄ=1.49 C‚āÄ=0.031 BA k_avg‚Čą8.0
  seed=99: ŌÉ=2.540 C=0.057 L=2.193 őĪ=3.305 EL=22.2% av=579(őľ=885.9) (36.1s)
  [Human_HCP‚ėÖ] N=400 edges=3180 ŌÉ‚āÄ=1.51 C‚āÄ=0.032 BA k_avg‚Čą8.0
  seed=2024: ŌÉ=3.035 C=0.066 L=2.097 őĪ=3.202 EL=22.1% av=596(őľ=920.2) (38.4s)
/home/work/.openclaw/workspace/sdi_sim/sdi_experiment1_v15.py:499: UserWarning: Glyph 20107 (\N{CJK UNIFIED IDEOGRAPH-4E8B}) missing from font(s) DejaVu Sans.
  plt.tight_layout()
/home/work/.openclaw/workspace/sdi_sim/sdi_experiment1_v15.py:499: UserWarning: Glyph 20214 (\N{CJK UNIFIED IDEOGRAPH-4EF6}) missing from font(s) DejaVu Sans.
  plt.tight_layout()
/home/work/.openclaw/workspace/sdi_sim/sdi_experiment1_v15.py:499: UserWarning: Glyph 39537 (\N{CJK UNIFIED IDEOGRAPH-9A71}) missing from font(s) DejaVu Sans.
  plt.tight_layout()
/home/work/.openclaw/workspace/sdi_sim/sdi_experiment1_v15.py:499: UserWarning: Glyph 21160 (\N{CJK UNIFIED IDEOGRAPH-52A8}) missing from font(s) DejaVu Sans.
  plt.tight_layout()
/home/work/.openclaw/workspace/sdi_sim/sdi_experiment1_v15.py:499: UserWarning: Glyph 21021 (\N{CJK UNIFIED IDEOGRAPH-521D}) missing from font(s) DejaVu Sans.
  plt.tight_layout()
/home/work/.openclaw/workspace/sdi_sim/sdi_experiment1_v15.py:499: UserWarning: Glyph 22987 (\N{CJK UNIFIED IDEOGRAPH-59CB}) missing from font(s) DejaVu Sans.
  plt.tight_layout()
/home/work/.openclaw/workspace/sdi_sim/sdi_experiment1_v15.py:499: UserWarning: Glyph 22270 (\N{CJK UNIFIED IDEOGRAPH-56FE}) missing from font(s) DejaVu Sans.
  plt.tight_layout()
/home/work/.openclaw/workspace/sdi_sim/sdi_experiment1_v15.py:499: UserWarning: Glyph 19977 (\N{CJK UNIFIED IDEOGRAPH-4E09}) missing from font(s) DejaVu Sans.
  plt.tight_layout()
/home/work/.openclaw/workspace/sdi_sim/sdi_experiment1_v15.py:499: UserWarning: Glyph 20803 (\N{CJK UNIFIED IDEOGRAPH-5143}) missing from font(s) DejaVu Sans.
  plt.tight_layout()
/home/work/.openclaw/workspace/sdi_sim/sdi_experiment1_v15.py:499: UserWarning: Glyph 38381 (\N{CJK UNIFIED IDEOGRAPH-95ED}) missing from font(s) DejaVu Sans.
  plt.tight_layout()
/home/work/.openclaw/workspace/sdi_sim/sdi_experiment1_v15.py:499: UserWarning: Glyph 21512 (\N{CJK UNIFIED IDEOGRAPH-5408}) missing from font(s) DejaVu Sans.
  plt.tight_layout()
/home/work/.openclaw/workspace/sdi_sim/sdi_experiment1_v15.py:499: UserWarning: Glyph 20223 (\N{CJK UNIFIED IDEOGRAPH-4EFF}) missing from font(s) DejaVu Sans.
  plt.tight_layout()
/home/work/.openclaw/workspace/sdi_sim/sdi_experiment1_v15.py:499: UserWarning: Glyph 30495 (\N{CJK UNIFIED IDEOGRAPH-771F}) missing from font(s) DejaVu Sans.
  plt.tight_layout()
/home/work/.openclaw/workspace/sdi_sim/sdi_experiment1_v15.py:499: UserWarning: Glyph 38543 (\N{CJK UNIFIED IDEOGRAPH-968F}) missing from font(s) DejaVu Sans.
  plt.tight_layout()
/home/work/.openclaw/workspace/sdi_sim/sdi_experiment1_v15.py:499: UserWarning: Glyph 26426 (\N{CJK UNIFIED IDEOGRAPH-673A}) missing from font(s) DejaVu Sans.
  plt.tight_layout()
/home/work/.openclaw/workspace/sdi_sim/sdi_experiment1_v15.py:499: UserWarning: Glyph 35268 (\N{CJK UNIFIED IDEOGRAPH-89C4}) missing from font(s) DejaVu Sans.
  plt.tight_layout()
/home/work/.openclaw/workspace/sdi_sim/sdi_experiment1_v15.py:499: UserWarning: Glyph 21017 (\N{CJK UNIFIED IDEOGRAPH-5219}) missing from font(s) DejaVu Sans.
  plt.tight_layout()
/home/work/.openclaw/workspace/sdi_sim/sdi_experiment1_v15.py:499: UserWarning: Glyph 28436 (\N{CJK UNIFIED IDEOGRAPH-6F14}) missing from font(s) DejaVu Sans.
  plt.tight_layout()
/home/work/.openclaw/workspace/sdi_sim/sdi_experiment1_v15.py:499: UserWarning: Glyph 21270 (\N{CJK UNIFIED IDEOGRAPH-5316}) missing from font(s) DejaVu Sans.
  plt.tight_layout()
/home/work/.openclaw/workspace/sdi_sim/sdi_experiment1_v15.py:499: UserWarning: Glyph 29983 (\N{CJK UNIFIED IDEOGRAPH-751F}) missing from font(s) DejaVu Sans.
  plt.tight_layout()
/home/work/.openclaw/workspace/sdi_sim/sdi_experiment1_v15.py:499: UserWarning: Glyph 29289 (\N{CJK UNIFIED IDEOGRAPH-7269}) missing from font(s) DejaVu Sans.
  plt.tight_layout()
/home/work/.openclaw/workspace/sdi_sim/sdi_experiment1_v15.py:499: UserWarning: Glyph 22797 (\N{CJK UNIFIED IDEOGRAPH-590D}) missing from font(s) DejaVu Sans.
  plt.tight_layout()
/home/work/.openclaw/workspace/sdi_sim/sdi_experiment1_v15.py:499: UserWarning: Glyph 26434 (\N{CJK UNIFIED IDEOGRAPH-6742}) missing from font(s) DejaVu Sans.
  plt.tight_layout()
/home/work/.openclaw/workspace/sdi_sim/sdi_experiment1_v15.py:499: UserWarning: Glyph 32593 (\N{CJK UNIFIED IDEOGRAPH-7F51}) missing from font(s) DejaVu Sans.
  plt.tight_layout()
/home/work/.openclaw/workspace/sdi_sim/sdi_experiment1_v15.py:499: UserWarning: Glyph 32476 (\N{CJK UNIFIED IDEOGRAPH-7EDC}) missing from font(s) DejaVu Sans.
  plt.tight_layout()
/home/work/.openclaw/workspace/sdi_sim/sdi_experiment1_v15.py:499: UserWarning: Glyph 29305 (\N{CJK UNIFIED IDEOGRAPH-7279}) missing from font(s) DejaVu Sans.
  plt.tight_layout()
/home/work/.openclaw/workspace/sdi_sim/sdi_experiment1_v15.py:499: UserWarning: Glyph 24615 (\N{CJK UNIFIED IDEOGRAPH-6027}) missing from font(s) DejaVu Sans.
  plt.tight_layout()
/home/work/.openclaw/workspace/sdi_sim/sdi_experiment1_v15.py:500: UserWarning: Glyph 20107 (\N{CJK UNIFIED IDEOGRAPH-4E8B}) missing from font(s) DejaVu Sans.
  plt.savefig(f'{OUT}/exp1_v15_convergence.png',dpi=130,bbox_inches='tight')
/home/work/.openclaw/workspace/sdi_sim/sdi_experiment1_v15.py:500: UserWarning: Glyph 20214 (\N{CJK UNIFIED IDEOGRAPH-4EF6}) missing from font(s) DejaVu Sans.
  plt.savefig(f'{OUT}/exp1_v15_convergence.png',dpi=130,bbox_inches='tight')
/home/work/.openclaw/workspace/sdi_sim/sdi_experiment1_v15.py:500: UserWarning: Glyph 39537 (\N{CJK UNIFIED IDEOGRAPH-9A71}) missing from font(s) DejaVu Sans.
  plt.savefig(f'{OUT}/exp1_v15_convergence.png',dpi=130,bbox_inches='tight')
/home/work/.openclaw/workspace/sdi_sim/sdi_experiment1_v15.py:500: UserWarning: Glyph 21160 (\N{CJK UNIFIED IDEOGRAPH-52A8}) missing from font(s) DejaVu Sans.
  plt.savefig(f'{OUT}/exp1_v15_convergence.png',dpi=130,bbox_inches='tight')
/home/work/.openclaw/workspace/sdi_sim/sdi_experiment1_v15.py:500: UserWarning: Glyph 21021 (\N{CJK UNIFIED IDEOGRAPH-521D}) missing from font(s) DejaVu Sans.
  plt.savefig(f'{OUT}/exp1_v15_convergence.png',dpi=130,bbox_inches='tight')
/home/work/.openclaw/workspace/sdi_sim/sdi_experiment1_v15.py:500: UserWarning: Glyph 22987 (\N{CJK UNIFIED IDEOGRAPH-59CB}) missing from font(s) DejaVu Sans.
  plt.savefig(f'{OUT}/exp1_v15_convergence.png',dpi=130,bbox_inches='tight')
/home/work/.openclaw/workspace/sdi_sim/sdi_experiment1_v15.py:500: UserWarning: Glyph 22270 (\N{CJK UNIFIED IDEOGRAPH-56FE}) missing from font(s) DejaVu Sans.
  plt.savefig(f'{OUT}/exp1_v15_convergence.png',dpi=130,bbox_inches='tight')
/home/work/.openclaw/workspace/sdi_sim/sdi_experiment1_v15.py:500: UserWarning: Glyph 19977 (\N{CJK UNIFIED IDEOGRAPH-4E09}) missing from font(s) DejaVu Sans.
  plt.savefig(f'{OUT}/exp1_v15_convergence.png',dpi=130,bbox_inches='tight')
/home/work/.openclaw/workspace/sdi_sim/sdi_experiment1_v15.py:500: UserWarning: Glyph 20803 (\N{CJK UNIFIED IDEOGRAPH-5143}) missing from font(s) DejaVu Sans.
  plt.savefig(f'{OUT}/exp1_v15_convergence.png',dpi=130,bbox_inches='tight')
/home/work/.openclaw/workspace/sdi_sim/sdi_experiment1_v15.py:500: UserWarning: Glyph 38381 (\N{CJK UNIFIED IDEOGRAPH-95ED}) missing from font(s) DejaVu Sans.
  plt.savefig(f'{OUT}/exp1_v15_convergence.png',dpi=130,bbox_inches='tight')
/home/work/.openclaw/workspace/sdi_sim/sdi_experiment1_v15.py:500: UserWarning: Glyph 21512 (\N{CJK UNIFIED IDEOGRAPH-5408}) missing from font(s) DejaVu Sans.
  plt.savefig(f'{OUT}/exp1_v15_convergence.png',dpi=130,bbox_inches='tight')
/home/work/.openclaw/workspace/sdi_sim/sdi_experiment1_v15.py:500: UserWarning: Glyph 20223 (\N{CJK UNIFIED IDEOGRAPH-4EFF}) missing from font(s) DejaVu Sans.
  plt.savefig(f'{OUT}/exp1_v15_convergence.png',dpi=130,bbox_inches='tight')
/home/work/.openclaw/workspace/sdi_sim/sdi_experiment1_v15.py:500: UserWarning: Glyph 30495 (\N{CJK UNIFIED IDEOGRAPH-771F}) missing from font(s) DejaVu Sans.
  plt.savefig(f'{OUT}/exp1_v15_convergence.png',dpi=130,bbox_inches='tight')
/home/work/.openclaw/workspace/sdi_sim/sdi_experiment1_v15.py:500: UserWarning: Glyph 38543 (\N{CJK UNIFIED IDEOGRAPH-968F}) missing from font(s) DejaVu Sans.
  plt.savefig(f'{OUT}/exp1_v15_convergence.png',dpi=130,bbox_inches='tight')
/home/work/.openclaw/workspace/sdi_sim/sdi_experiment1_v15.py:500: UserWarning: Glyph 26426 (\N{CJK UNIFIED IDEOGRAPH-673A}) missing from font(s) DejaVu Sans.
  plt.savefig(f'{OUT}/exp1_v15_convergence.png',dpi=130,bbox_inches='tight')
/home/work/.openclaw/workspace/sdi_sim/sdi_experiment1_v15.py:500: UserWarning: Glyph 35268 (\N{CJK UNIFIED IDEOGRAPH-89C4}) missing from font(s) DejaVu Sans.
  plt.savefig(f'{OUT}/exp1_v15_convergence.png',dpi=130,bbox_inches='tight')
/home/work/.openclaw/workspace/sdi_sim/sdi_experiment1_v15.py:500: UserWarning: Glyph 21017 (\N{CJK UNIFIED IDEOGRAPH-5219}) missing from font(s) DejaVu Sans.
  plt.savefig(f'{OUT}/exp1_v15_convergence.png',dpi=130,bbox_inches='tight')
/home/work/.openclaw/workspace/sdi_sim/sdi_experiment1_v15.py:500: UserWarning: Glyph 28436 (\N{CJK UNIFIED IDEOGRAPH-6F14}) missing from font(s) DejaVu Sans.
  plt.savefig(f'{OUT}/exp1_v15_convergence.png',dpi=130,bbox_inches='tight')
/home/work/.openclaw/workspace/sdi_sim/sdi_experiment1_v15.py:500: UserWarning: Glyph 21270 (\N{CJK UNIFIED IDEOGRAPH-5316}) missing from font(s) DejaVu Sans.
  plt.savefig(f'{OUT}/exp1_v15_convergence.png',dpi=130,bbox_inches='tight')
/home/work/.openclaw/workspace/sdi_sim/sdi_experiment1_v15.py:500: UserWarning: Glyph 29983 (\N{CJK UNIFIED IDEOGRAPH-751F}) missing from font(s) DejaVu Sans.
  plt.savefig(f'{OUT}/exp1_v15_convergence.png',dpi=130,bbox_inches='tight')
/home/work/.openclaw/workspace/sdi_sim/sdi_experiment1_v15.py:500: UserWarning: Glyph 29289 (\N{CJK UNIFIED IDEOGRAPH-7269}) missing from font(s) DejaVu Sans.
  plt.savefig(f'{OUT}/exp1_v15_convergence.png',dpi=130,bbox_inches='tight')
/home/work/.openclaw/workspace/sdi_sim/sdi_experiment1_v15.py:500: UserWarning: Glyph 22797 (\N{CJK UNIFIED IDEOGRAPH-590D}) missing from font(s) DejaVu Sans.
  plt.savefig(f'{OUT}/exp1_v15_convergence.png',dpi=130,bbox_inches='tight')
/home/work/.openclaw/workspace/sdi_sim/sdi_experiment1_v15.py:500: UserWarning: Glyph 26434 (\N{CJK UNIFIED IDEOGRAPH-6742}) missing from font(s) DejaVu Sans.
  plt.savefig(f'{OUT}/exp1_v15_convergence.png',dpi=130,bbox_inches='tight')
/home/work/.openclaw/workspace/sdi_sim/sdi_experiment1_v15.py:500: UserWarning: Glyph 32593 (\N{CJK UNIFIED IDEOGRAPH-7F51}) missing from font(s) DejaVu Sans.
  plt.savefig(f'{OUT}/exp1_v15_convergence.png',dpi=130,bbox_inches='tight')
/home/work/.openclaw/workspace/sdi_sim/sdi_experiment1_v15.py:500: UserWarning: Glyph 32476 (\N{CJK UNIFIED IDEOGRAPH-7EDC}) missing from font(s) DejaVu Sans.
  plt.savefig(f'{OUT}/exp1_v15_convergence.png',dpi=130,bbox_inches='tight')
/home/work/.openclaw/workspace/sdi_sim/sdi_experiment1_v15.py:500: UserWarning: Glyph 29305 (\N{CJK UNIFIED IDEOGRAPH-7279}) missing from font(s) DejaVu Sans.
  plt.savefig(f'{OUT}/exp1_v15_convergence.png',dpi=130,bbox_inches='tight')
/home/work/.openclaw/workspace/sdi_sim/sdi_experiment1_v15.py:500: UserWarning: Glyph 24615 (\N{CJK UNIFIED IDEOGRAPH-6027}) missing from font(s) DejaVu Sans.
  plt.savefig(f'{OUT}/exp1_v15_convergence.png',dpi=130,bbox_inches='tight')

--- Human_HCP‚ėÖ SUMMARY (5 seeds) ---
  ‚úÖ sigma : 3.315¬Ī0.613  (‚Č•2.5)
  ‚ĚĆ C     : 0.075¬Ī0.014  (‚Č•0.15)
  ‚úÖ L     : 2.152¬Ī0.060  ([2.0,4.0])
  ‚ĚĆ alpha : 3.261¬Ī0.077  ([1.5,2.5])
  ‚úÖ el    : 0.220¬Ī0.001  ([0.15,0.28])
  SCORE: 3/5  [mesoscale]

============================================================
ALL DONE 581.2s
============================================================
ÁČ©Áßć                     ÁļßŚąę         ŚąÜ      ŌÉ       C      L     őĪ      EL
---------------------------------------------------------------------------
C.elegans              neuron     2/5  2.63¬Ī0.71  0.092  2.18  3.42  23.7%
Larval_Drosophila      neuron     2/5  2.99¬Ī0.69  0.089  2.18  3.33  24.6%
Macaque_Cortex         neuron     2/5  2.85¬Ī0.86  0.117  2.10  3.39  23.5%
Rat_Cortex‚ėÖ            ‚ėÖmeso      2/5  1.12¬Ī0.28  0.126  2.29  5.79  26.0%
Mouse_Cortex‚ėÖ          ‚ėÖmeso      2/5  1.41¬Ī0.21  0.102  2.44  5.06  23.8%
Chimpanzee‚ėÖ            ‚ėÖmeso      4/5  2.44¬Ī0.61  0.126  2.08  3.70  23.4%
Human_HCP‚ėÖ             ‚ėÖmeso      3/5  3.32¬Ī0.61  0.075  2.15  3.26  22.0%
Results ‚Üí exp1_v15_results.json
Plot ‚Üí exp1_v15_convergence.png
DONE
