
==========================================================
C.elegans  N=279  [neuron]
==========================================================
  seed=42: Пғ=7.330 C=0.239 L=3.081 Оұ=4.792 EL=23.1% (3.0s)
  seed=7: Пғ=7.668 C=0.254 L=3.163 Оұ=4.712 EL=22.9% (3.0s)
  seed=13: Пғ=7.654 C=0.259 L=3.413 Оұ=3.370 EL=22.9% (4.2s)
  seed=99: Пғ=7.709 C=0.259 L=3.180 Оұ=4.900 EL=20.8% (3.0s)
  seed=2024: Пғ=7.588 C=0.261 L=3.315 Оұ=4.173 EL=22.9% (3.4s)

  --- C.elegans SUMMARY (meanВұstd over 5 seeds) ---
  вң… sigma : 7.590Вұ0.135  (target вүҘ4.0)
  вң… C     : 0.254Вұ0.008  (target вүҘ0.25)
  вң… L     : 3.230Вұ0.118  (target [2.0,3.5])
  вқҢ alpha : 4.389Вұ0.568  (target [1.5,2.5])
  вң… el    : 0.225Вұ0.008  (target [0.15,0.28])
  SCORE: 4/5  [neuron]

==========================================================
Larval_Drosophila  N=321  [neuron]
==========================================================
  seed=42: Пғ=9.001 C=0.251 L=3.139 Оұ=4.893 EL=20.8% (3.3s)
  seed=7: Пғ=9.436 C=0.265 L=3.388 Оұ=3.523 EL=24.4% (4.5s)
  seed=13: Пғ=9.177 C=0.267 L=3.421 Оұ=3.380 EL=23.2% (4.6s)
  seed=99: Пғ=8.866 C=0.275 L=3.606 Оұ=3.103 EL=22.6% (4.5s)
  seed=2024: Пғ=9.232 C=0.270 L=3.458 Оұ=3.301 EL=24.6% (4.6s)

  --- Larval_Drosophila SUMMARY (meanВұstd over 5 seeds) ---
  вң… sigma : 9.143Вұ0.196  (target вүҘ3.0)
  вң… C     : 0.265Вұ0.008  (target вүҘ0.2)
  вң… L     : 3.402Вұ0.151  (target [1.5,3.5])
  вқҢ alpha : 3.640Вұ0.641  (target [1.5,2.5])
  вң… el    : 0.231Вұ0.014  (target [0.15,0.28])
  SCORE: 4/5  [neuron]

==========================================================
Macaque_Cortex  N=242  [neuron]
==========================================================
  seed=42: Пғ=3.664 C=0.230 L=2.337 Оұ=4.137 EL=22.9% (3.8s)
  seed=7: Пғ=3.778 C=0.246 L=2.407 Оұ=3.401 EL=24.3% (3.9s)
  seed=13: Пғ=3.817 C=0.246 L=2.402 Оұ=3.575 EL=23.7% (3.9s)
  seed=99: Пғ=3.840 C=0.249 L=2.401 Оұ=3.401 EL=24.6% (3.9s)
  seed=2024: Пғ=3.837 C=0.245 L=2.389 Оұ=4.332 EL=25.0% (3.8s)

  --- Macaque_Cortex SUMMARY (meanВұstd over 5 seeds) ---
  вң… sigma : 3.787Вұ0.065  (target вүҘ3.0)
  вқҢ C     : 0.243Вұ0.007  (target вүҘ0.25)
  вң… L     : 2.387Вұ0.026  (target [2.0,3.5])
  вқҢ alpha : 3.769Вұ0.390  (target [1.5,2.5])
  вң… el    : 0.241Вұ0.007  (target [0.15,0.28])
  SCORE: 3/5  [neuron]

==========================================================
Rat_Cortexвҳ…  N=73  [mesoscale]
==========================================================
  seed=42: Пғ=1.228 C=0.265 L=2.383 Оұ=4.280 EL=23.3% (2.5s)
  seed=7: Пғ=1.268 C=0.284 L=2.415 Оұ=4.533 EL=24.9% (2.5s)
  seed=13: Пғ=1.198 C=0.257 L=2.317 Оұ=4.431 EL=22.8% (2.6s)
  seed=99: Пғ=1.224 C=0.279 L=2.459 Оұ=4.309 EL=24.9% (2.6s)
  seed=2024: Пғ=1.275 C=0.285 L=2.433 Оұ=4.094 EL=23.9% (2.5s)

  --- Rat_Cortexвҳ… SUMMARY (meanВұstd over 5 seeds) ---
  вң… sigma : 1.239Вұ0.029  (target вүҘ1.2)
  вң… C     : 0.274Вұ0.011  (target вүҘ0.25)
  вң… L     : 2.401Вұ0.049  (target [1.5,3.0])
  вқҢ alpha : 4.329Вұ0.148  (target [1.5,2.5])
  вң… el    : 0.240Вұ0.008  (target [0.15,0.28])
  SCORE: 4/5  [mesoscale]

==========================================================
Mouse_Cortexвҳ…  N=112  [mesoscale]
==========================================================
  seed=42: Пғ=1.713 C=0.239 L=2.572 Оұ=4.218 EL=22.6% (2.7s)
  seed=7: Пғ=1.759 C=0.252 L=2.629 Оұ=4.607 EL=23.8% (2.7s)
  seed=13: Пғ=1.752 C=0.243 L=2.553 Оұ=4.159 EL=22.8% (2.6s)
  seed=99: Пғ=1.735 C=0.253 L=2.610 Оұ=4.187 EL=23.2% (2.7s)
  seed=2024: Пғ=1.825 C=0.264 L=2.657 Оұ=3.891 EL=24.8% (2.8s)

  --- Mouse_Cortexвҳ… SUMMARY (meanВұstd over 5 seeds) ---
  вң… sigma : 1.756Вұ0.038  (target вүҘ1.5)
  вң… C     : 0.250Вұ0.009  (target вүҘ0.22)
  вң… L     : 2.604Вұ0.038  (target [1.5,3.0])
  вқҢ alpha : 4.212Вұ0.229  (target [1.5,2.5])
  вң… el    : 0.235Вұ0.008  (target [0.15,0.28])
  SCORE: 4/5  [mesoscale]

==========================================================
Chimpanzeeвҳ…  N=200  [mesoscale]
==========================================================
  seed=42: Пғ=4.229 C=0.246 L=2.766 Оұ=3.328 EL=22.9% (3.0s)
  seed=7: Пғ=4.283 C=0.242 L=2.694 Оұ=3.129 EL=23.4% (3.1s)
  seed=13: Пғ=4.124 C=0.241 L=2.786 Оұ=3.485 EL=23.9% (3.0s)
  seed=99: Пғ=4.159 C=0.261 L=2.989 Оұ=4.411 EL=24.8% (3.1s)
  seed=2024: Пғ=4.296 C=0.265 L=2.918 Оұ=3.650 EL=23.9% (3.1s)

  --- Chimpanzeeвҳ… SUMMARY (meanВұstd over 5 seeds) ---
  вң… sigma : 4.218Вұ0.068  (target вүҘ1.5)
  вң… C     : 0.251Вұ0.010  (target вүҘ0.12)
  вң… L     : 2.831Вұ0.107  (target [1.5,3.5])
  вқҢ alpha : 3.601Вұ0.440  (target [1.5,2.5])
  вң… el    : 0.238Вұ0.006  (target [0.15,0.28])
  SCORE: 4/5  [mesoscale]

==========================================================
Human_HCPвҳ…  N=400  [mesoscale]
==========================================================
  seed=42: Пғ=10.170 C=0.269 L=2.916 Оұ=2.923 EL=24.5% (5.6s)
  seed=7: Пғ=9.995 C=0.264 L=2.914 Оұ=2.935 EL=23.1% (5.6s)
  seed=13: Пғ=9.960 C=0.272 L=3.027 Оұ=3.062 EL=24.1% (5.6s)
  seed=99: Пғ=10.037 C=0.272 L=2.968 Оұ=2.783 EL=22.5% (5.6s)
  seed=2024: Пғ=9.999 C=0.277 L=3.042 Оұ=2.948 EL=24.7% (5.6s)

  --- Human_HCPвҳ… SUMMARY (meanВұstd over 5 seeds) ---
  вң… sigma : 10.032Вұ0.073  (target вүҘ2.5)
  вң… C     : 0.271Вұ0.004  (target вүҘ0.15)
  вң… L     : 2.974Вұ0.054  (target [2.0,4.0])
  вқҢ alpha : 2.930Вұ0.089  (target [1.5,2.5])
  вң… el    : 0.238Вұ0.008  (target [0.15,0.28])
  SCORE: 4/5  [mesoscale]

==========================================================
ALL DONE  126.6s  (5 seeds Г— 7 species)
==========================================================
зү©з§Қ                     зә§еҲ«           еҫ—еҲҶ     Пғ        C        L        Оұ        EL      
--------------------------------------------------------------------------------
C.elegans              neuron       4/5   7.59Вұ0.14  0.254Вұ0.008  3.23Вұ0.12  4.39Вұ0.57  22.5%Вұ0.8%
Larval_Drosophila      neuron       4/5   9.14Вұ0.20  0.265Вұ0.008  3.40Вұ0.15  3.64Вұ0.64  23.1%Вұ1.4%
Macaque_Cortex         neuron       3/5   3.79Вұ0.07  0.243Вұ0.007  2.39Вұ0.03  3.77Вұ0.39  24.1%Вұ0.7%
Rat_Cortexвҳ…            вҳ…mesoscale   4/5   1.24Вұ0.03  0.274Вұ0.011  2.40Вұ0.05  4.33Вұ0.15  24.0%Вұ0.8%
Mouse_Cortexвҳ…          вҳ…mesoscale   4/5   1.76Вұ0.04  0.250Вұ0.009  2.60Вұ0.04  4.21Вұ0.23  23.5%Вұ0.8%
Chimpanzeeвҳ…            вҳ…mesoscale   4/5   4.22Вұ0.07  0.251Вұ0.010  2.83Вұ0.11  3.60Вұ0.44  23.8%Вұ0.6%
Human_HCPвҳ…             вҳ…mesoscale   4/5   10.03Вұ0.07  0.271Вұ0.004  2.97Вұ0.05  2.93Вұ0.09  23.8%Вұ0.8%

гҖҗж•°жҚ®иҜҡдҝЎиҜҙжҳҺгҖ‘
  1. жүҖжңүз»“жһңдёә5дёӘйҡҸжңәз§ҚеӯҗеқҮеҖјВұж ҮеҮҶе·®пјҢйқһеҚ•ж¬ЎиҝҗиЎҢ
  2. и„‘еҢәзә§(mesoscale)зү©з§Қж Үвҳ…пјҢзӣ®ж ҮеҖјжҢүзңҹе®һи„‘еҢәеӣҫз”ҹзү©еҖји®ҫе®ҡпјҢдёҚдёҺзҘһз»Ҹе…ғзә§ж··з”Ё
  3. зӣ®ж ҮеҖјжқҘжәҗе…ЁйғЁж ҮжіЁдәҺSPECIESе®ҡд№үзҡ„refеӯ—ж®ө
  4. alphaдҪҝз”ЁHill MLE + KSжңҖдјҳx_min (Clauset 2009)
  5. WSеҲқе§ӢеҸӮж•°(k_init, p_init)еӣәе®ҡпјҢдёҚдёәдҪҝз»“жһңиҫҫж ҮиҖҢдё“й—Ёи°ғж•ҙ

Results вҶ’ exp1_v10_results.json
Plot вҶ’ exp1_v10_convergence.png
DONE
