
=======================================================
SPECIES: C.elegans  N=279
=======================================================
  [C.elegans] N=279 edges=2975 sens=61
    200: σ=0.731 C=0.034 L=1.893 α=-0.161 EL=0.0% e=2574
    400: σ=0.731 C=0.034 L=1.893 α=-0.148 EL=0.0% e=2574
    600: σ=0.731 C=0.034 L=1.893 α=-0.274 EL=0.0% e=2574
    800: σ=0.731 C=0.034 L=1.893 α=-0.186 EL=0.5% e=2574
   1000: σ=0.731 C=0.034 L=1.893 α=-0.355 EL=11.0% e=2574
   1200: σ=0.731 C=0.034 L=1.893 α=-0.364 EL=21.8% e=2574
   1400: σ=0.731 C=0.034 L=1.893 α=-0.305 EL=21.1% e=2574
   1600: σ=0.731 C=0.034 L=1.893 α=-0.280 EL=20.7% e=2574
   1800: σ=0.731 C=0.034 L=1.893 α=-0.520 EL=20.9% e=2574
   2000: σ=0.731 C=0.034 L=1.893 α=-0.475 EL=21.4% e=2574
   2200: σ=0.731 C=0.034 L=1.893 α=-0.444 EL=22.1% e=2574
   2400: σ=0.731 C=0.034 L=1.893 α=-0.423 EL=19.3% e=2574
   2600: σ=0.731 C=0.034 L=1.893 α=-0.451 EL=20.6% e=2574
   2800: σ=0.731 C=0.034 L=1.893 α=-0.460 EL=19.7% e=2574
   3000: σ=0.731 C=0.034 L=1.893 α=-0.420 EL=21.0% e=2574
   3200: σ=0.731 C=0.034 L=1.893 α=-0.300 EL=22.8% e=2574
   3400: σ=0.731 C=0.034 L=1.893 α=-0.506 EL=20.0% e=2574
   3600: σ=0.731 C=0.034 L=1.893 α=-0.477 EL=19.4% e=2574
   3800: σ=0.731 C=0.034 L=1.893 α=-0.482 EL=20.4% e=2574
   4000: σ=0.731 C=0.034 L=1.893 α=-0.441 EL=21.1% e=2574
   4200: σ=0.731 C=0.034 L=1.893 α=-0.453 EL=21.6% e=2574
   4400: σ=0.731 C=0.034 L=1.893 α=-0.459 EL=20.2% e=2574
   4600: σ=0.731 C=0.034 L=1.893 α=-0.427 EL=20.1% e=2574
   4800: σ=0.731 C=0.034 L=1.893 α=-0.377 EL=20.2% e=2574
   5000: σ=0.731 C=0.034 L=1.893 α=-0.359 EL=20.8% e=2574
   5200: σ=0.731 C=0.034 L=1.893 α=-0.461 EL=20.0% e=2574
   5400: σ=0.731 C=0.034 L=1.893 α=-0.382 EL=21.1% e=2574
   5600: σ=0.731 C=0.034 L=1.893 α=-0.500 EL=20.9% e=2574
   5800: σ=0.731 C=0.034 L=1.893 α=-0.315 EL=20.4% e=2574

--- C.elegans FINAL (14.3s) ---
  ❌ sigma=0.731  target=(4.0, None)
  ❌ C=0.034  target=(0.25, None)
  ❌ L=1.893  target=(2.0, 3.5)
  ❌ alpha=-0.503  target=(1.5, 2.5)
  ✅ EL=0.223  target=(0.15, 0.28)
  SCORE: 1/5

=======================================================
SPECIES: Larval_Droso  N=321
=======================================================
  [Larval_Droso] N=321 edges=10787 sens=64
    200: σ=0.460 C=0.068 L=1.684 α=-0.391 EL=0.0% e=8963
    400: σ=0.460 C=0.068 L=1.684 α=-0.483 EL=0.0% e=8963
    600: σ=0.460 C=0.068 L=1.684 α=-0.404 EL=3.4% e=8963
    800: σ=0.460 C=0.068 L=1.684 α=-0.512 EL=14.6% e=8963
   1000: σ=0.460 C=0.068 L=1.684 α=-0.508 EL=20.0% e=8963
   1200: σ=0.460 C=0.068 L=1.684 α=-0.473 EL=19.8% e=8963
   1400: σ=0.460 C=0.068 L=1.684 α=-0.520 EL=22.4% e=8963
   1600: σ=0.460 C=0.068 L=1.684 α=-0.506 EL=22.1% e=8963
   1800: σ=0.460 C=0.068 L=1.684 α=-0.348 EL=21.9% e=8963
   2000: σ=0.460 C=0.068 L=1.684 α=-0.448 EL=21.6% e=8963
   2200: σ=0.460 C=0.068 L=1.684 α=-0.562 EL=21.5% e=8963
   2400: σ=0.460 C=0.068 L=1.684 α=-0.353 EL=21.2% e=8963
   2600: σ=0.460 C=0.068 L=1.684 α=-0.528 EL=21.0% e=8963
   2800: σ=0.460 C=0.068 L=1.684 α=-0.539 EL=20.8% e=8963
   3000: σ=0.460 C=0.068 L=1.684 α=-0.622 EL=20.5% e=8963
   3200: σ=0.460 C=0.068 L=1.684 α=-0.433 EL=20.4% e=8963
   3400: σ=0.460 C=0.068 L=1.684 α=-0.384 EL=20.1% e=8963
   3600: σ=0.460 C=0.068 L=1.684 α=-0.431 EL=19.9% e=8963
   3800: σ=0.460 C=0.068 L=1.684 α=-0.515 EL=22.6% e=8963
   4000: σ=0.460 C=0.068 L=1.684 α=-0.479 EL=22.2% e=8963
   4200: σ=0.460 C=0.068 L=1.684 α=-0.547 EL=19.3% e=8963
   4400: σ=0.460 C=0.068 L=1.684 α=-0.636 EL=21.8% e=8963
   4600: σ=0.460 C=0.068 L=1.684 α=-0.600 EL=21.6% e=8963
   4800: σ=0.460 C=0.068 L=1.684 α=-0.657 EL=21.5% e=8963
   5000: σ=0.460 C=0.068 L=1.684 α=-0.464 EL=21.1% e=8963
   5200: σ=0.460 C=0.068 L=1.684 α=-0.498 EL=20.9% e=8963
   5400: σ=0.460 C=0.068 L=1.684 α=-0.499 EL=20.6% e=8963
   5600: σ=0.460 C=0.068 L=1.684 α=-0.498 EL=20.5% e=8963
   5800: σ=0.460 C=0.068 L=1.684 α=-0.337 EL=20.3% e=8963

--- Larval_Droso FINAL (46.7s) ---
  ❌ sigma=0.460  target=(3.0, None)
  ❌ C=0.068  target=(0.2, None)
  ✅ L=1.684  target=(1.5, 3.5)
  ❌ alpha=-0.575  target=(1.5, 2.5)
  ✅ EL=0.228  target=(0.15, 0.28)
  SCORE: 2/5

=======================================================
SPECIES: Rat_Cortex  N=73
=======================================================
  [Rat_Cortex] N=73 edges=1251 sens=10
    200: σ=0.416 C=0.155 L=1.677 α=-0.004 EL=0.0% e=1036
    400: σ=0.416 C=0.155 L=1.677 α=-0.122 EL=0.0% e=1036
    600: σ=0.416 C=0.155 L=1.677 α=-0.289 EL=0.1% e=1036
    800: σ=0.416 C=0.155 L=1.677 α=-0.214 EL=13.8% e=1036
   1000: σ=0.416 C=0.155 L=1.677 α=-0.272 EL=20.0% e=1036
   1200: σ=0.416 C=0.155 L=1.677 α=-0.382 EL=19.5% e=1036
   1400: σ=0.416 C=0.155 L=1.677 α=-0.248 EL=22.8% e=1036
   1600: σ=0.416 C=0.155 L=1.677 α=-0.365 EL=20.8% e=1036
   1800: σ=0.416 C=0.155 L=1.677 α=-0.345 EL=20.7% e=1036
   2000: σ=0.416 C=0.155 L=1.677 α=-0.312 EL=20.6% e=1036
   2200: σ=0.416 C=0.155 L=1.677 α=-0.258 EL=20.8% e=1036
   2400: σ=0.416 C=0.155 L=1.677 α=-0.311 EL=21.5% e=1036
   2600: σ=0.416 C=0.155 L=1.677 α=-0.351 EL=22.5% e=1036
   2800: σ=0.416 C=0.155 L=1.677 α=-0.226 EL=20.5% e=1036
   3000: σ=0.416 C=0.155 L=1.677 α=-0.240 EL=21.8% e=1036
   3200: σ=0.416 C=0.155 L=1.677 α=-0.359 EL=22.9% e=1036
   3400: σ=0.416 C=0.155 L=1.677 α=-0.092 EL=19.8% e=1036
   3600: σ=0.416 C=0.155 L=1.677 α=-0.439 EL=20.5% e=1036
   3800: σ=0.416 C=0.155 L=1.677 α=-0.434 EL=22.4% e=1036
   4000: σ=0.416 C=0.155 L=1.677 α=-0.493 EL=21.8% e=1036
   4200: σ=0.416 C=0.155 L=1.677 α=-0.455 EL=19.6% e=1036
   4400: σ=0.416 C=0.155 L=1.677 α=-0.347 EL=22.6% e=1036
   4600: σ=0.416 C=0.155 L=1.677 α=-0.388 EL=22.1% e=1036
   4800: σ=0.416 C=0.155 L=1.677 α=-0.429 EL=21.4% e=1036
   5000: σ=0.416 C=0.155 L=1.677 α=-0.459 EL=22.2% e=1036
   5200: σ=0.416 C=0.155 L=1.677 α=-0.491 EL=20.1% e=1036
   5400: σ=0.416 C=0.155 L=1.677 α=-0.411 EL=20.4% e=1036
   5600: σ=0.416 C=0.155 L=1.677 α=-0.322 EL=21.5% e=1036
   5800: σ=0.416 C=0.155 L=1.677 α=-0.458 EL=21.7% e=1036

--- Rat_Cortex FINAL (8.9s) ---
  ❌ sigma=0.416  target=(2.5, None)
  ❌ C=0.155  target=(0.3, None)
  ✅ L=1.677  target=(1.5, 3.0)
  ❌ alpha=-0.349  target=(1.5, 2.5)
  ✅ EL=0.220  target=(0.15, 0.28)
  SCORE: 2/5

=======================================================
SPECIES: Mouse_Cortex  N=112
=======================================================
  [Mouse_Cortex] N=112 edges=4317 sens=16
    200: σ=0.390 C=0.223 L=1.549 α=-0.406 EL=0.0% e=3633
    400: σ=0.390 C=0.223 L=1.549 α=-0.362 EL=0.0% e=3633
    600: σ=0.390 C=0.223 L=1.549 α=-0.502 EL=2.9% e=3633
    800: σ=0.390 C=0.223 L=1.549 α=-0.527 EL=23.5% e=3633
   1000: σ=0.390 C=0.223 L=1.549 α=-0.597 EL=23.1% e=3633
   1200: σ=0.390 C=0.223 L=1.549 α=-0.646 EL=21.7% e=3633
   1400: σ=0.390 C=0.223 L=1.549 α=-0.609 EL=23.4% e=3633
   1600: σ=0.390 C=0.223 L=1.549 α=-0.707 EL=20.7% e=3633
   1800: σ=0.390 C=0.223 L=1.549 α=-0.458 EL=19.9% e=3633
   2000: σ=0.390 C=0.223 L=1.549 α=-0.660 EL=21.7% e=3633
   2200: σ=0.390 C=0.223 L=1.549 α=-0.526 EL=21.1% e=3633
   2400: σ=0.390 C=0.223 L=1.549 α=-0.616 EL=20.6% e=3633
   2600: σ=0.390 C=0.223 L=1.549 α=-1.146 EL=21.1% e=3633
   2800: σ=0.390 C=0.223 L=1.549 α=-0.479 EL=20.3% e=3633
   3000: σ=0.390 C=0.223 L=1.549 α=-0.577 EL=20.8% e=3633
   3200: σ=0.390 C=0.223 L=1.549 α=-0.628 EL=21.4% e=3633
   3400: σ=0.390 C=0.223 L=1.549 α=-0.495 EL=22.5% e=3633
   3600: σ=0.390 C=0.223 L=1.549 α=-0.621 EL=21.4% e=3633
   3800: σ=0.390 C=0.223 L=1.549 α=-0.393 EL=23.5% e=3633
   4000: σ=0.390 C=0.223 L=1.549 α=-0.969 EL=21.0% e=3633
   4200: σ=0.390 C=0.223 L=1.549 α=-0.566 EL=21.5% e=3633
   4400: σ=0.390 C=0.223 L=1.549 α=-0.766 EL=21.9% e=3633
   4600: σ=0.390 C=0.223 L=1.549 α=-0.732 EL=22.0% e=3633
   4800: σ=0.390 C=0.223 L=1.549 α=-1.735 EL=21.6% e=3633
   5000: σ=0.390 C=0.223 L=1.549 α=-0.618 EL=22.0% e=3633
   5200: σ=0.390 C=0.223 L=1.549 α=-0.476 EL=21.5% e=3633
   5400: σ=0.390 C=0.223 L=1.549 α=-0.744 EL=20.4% e=3633
   5600: σ=0.390 C=0.223 L=1.549 α=-0.563 EL=22.3% e=3633
   5800: σ=0.390 C=0.223 L=1.549 α=-1.039 EL=20.5% e=3633

--- Mouse_Cortex FINAL (15.3s) ---
  ❌ sigma=0.390  target=(2.5, None)
  ❌ C=0.223  target=(0.35, None)
  ✅ L=1.549  target=(1.5, 3.0)
  ❌ alpha=-0.728  target=(1.5, 2.5)
  ✅ EL=0.224  target=(0.15, 0.28)
  SCORE: 2/5

=======================================================
SPECIES: Macaque_Cortex  N=242
=======================================================
  [Macaque_Cortex] N=242 edges=2795 sens=29
    200: σ=0.647 C=0.039 L=1.882 α=-0.131 EL=0.0% e=2396
    400: σ=0.647 C=0.039 L=1.882 α=-0.091 EL=0.0% e=2396
    600: σ=0.647 C=0.039 L=1.882 α=-0.198 EL=0.0% e=2396
    800: σ=0.647 C=0.039 L=1.882 α=-0.289 EL=0.6% e=2396
   1000: σ=0.647 C=0.039 L=1.882 α=-0.308 EL=9.7% e=2396
   1200: σ=0.647 C=0.039 L=1.882 α=-0.299 EL=19.9% e=2396
   1400: σ=0.647 C=0.039 L=1.882 α=-0.301 EL=21.5% e=2396
   1600: σ=0.647 C=0.039 L=1.882 α=-0.508 EL=20.9% e=2396
   1800: σ=0.647 C=0.039 L=1.882 α=-0.407 EL=19.4% e=2396
   2000: σ=0.647 C=0.039 L=1.882 α=-0.443 EL=21.7% e=2396
   2200: σ=0.647 C=0.039 L=1.882 α=-0.317 EL=22.2% e=2396
   2400: σ=0.647 C=0.039 L=1.882 α=-0.482 EL=21.5% e=2396
   2600: σ=0.647 C=0.039 L=1.882 α=-0.366 EL=21.4% e=2396
   2800: σ=0.647 C=0.039 L=1.882 α=-0.369 EL=22.0% e=2396
   3000: σ=0.647 C=0.039 L=1.882 α=-0.322 EL=21.6% e=2396
   3200: σ=0.647 C=0.039 L=1.882 α=-0.362 EL=21.0% e=2396
   3400: σ=0.647 C=0.039 L=1.882 α=-0.443 EL=22.0% e=2396
   3600: σ=0.647 C=0.039 L=1.882 α=-0.427 EL=20.2% e=2396
   3800: σ=0.647 C=0.039 L=1.882 α=-0.415 EL=22.2% e=2396
   4000: σ=0.647 C=0.039 L=1.882 α=-0.385 EL=20.8% e=2396
   4200: σ=0.647 C=0.039 L=1.882 α=-0.453 EL=21.2% e=2396
   4400: σ=0.647 C=0.039 L=1.882 α=-0.392 EL=21.6% e=2396
   4600: σ=0.647 C=0.039 L=1.882 α=-0.377 EL=21.2% e=2396
   4800: σ=0.647 C=0.039 L=1.882 α=-0.421 EL=19.6% e=2396
   5000: σ=0.647 C=0.039 L=1.882 α=-0.436 EL=20.2% e=2396
   5200: σ=0.647 C=0.039 L=1.882 α=-0.473 EL=20.1% e=2396
   5400: σ=0.647 C=0.039 L=1.882 α=-0.455 EL=21.4% e=2396
   5600: σ=0.647 C=0.039 L=1.882 α=-0.498 EL=20.8% e=2396
   5800: σ=0.647 C=0.039 L=1.882 α=-0.365 EL=20.0% e=2396

--- Macaque_Cortex FINAL (13.7s) ---
  ❌ sigma=0.647  target=(3.0, None)
  ❌ C=0.039  target=(0.4, None)
  ❌ L=1.882  target=(2.0, 3.5)
  ❌ alpha=-0.432  target=(1.5, 2.5)
  ✅ EL=0.209  target=(0.15, 0.28)
  SCORE: 1/5

=======================================================
ALL DONE  99.1s
=======================================================
  C.elegans: 1/5  σ=0.73 C=0.034 L=1.89 α=-0.5030380853188635 EL=22.3%
  Larval_Droso: 2/5  σ=0.46 C=0.068 L=1.68 α=-0.5750233897912956 EL=22.8%
  Rat_Cortex: 2/5  σ=0.42 C=0.155 L=1.68 α=-0.3494525507695479 EL=22.0%
  Mouse_Cortex: 2/5  σ=0.39 C=0.223 L=1.55 α=-0.7283863128611546 EL=22.4%
  Macaque_Cortex: 1/5  σ=0.65 C=0.039 L=1.88 α=-0.43171339277144694 EL=20.9%
Traceback (most recent call last):
  File "/home/work/.openclaw/workspace/sdi_sim/sdi_experiment1_v3.py", line 376, in <module>
    main()
  File "/home/work/.openclaw/workspace/sdi_sim/sdi_experiment1_v3.py", line 347, in main
    with open(f'{OUT}/exp1_v3_results.json','w') as f: json.dump(save,f,indent=2)
                                                       ^^^^^^^^^^^^^^^^^^^^^^^^^^
  File "/usr/lib/python3.12/json/__init__.py", line 179, in dump
    for chunk in iterable:
  File "/usr/lib/python3.12/json/encoder.py", line 432, in _iterencode
    yield from _iterencode_dict(o, _current_indent_level)
  File "/usr/lib/python3.12/json/encoder.py", line 406, in _iterencode_dict
    yield from chunks
  File "/usr/lib/python3.12/json/encoder.py", line 406, in _iterencode_dict
    yield from chunks
  File "/usr/lib/python3.12/json/encoder.py", line 439, in _iterencode
    o = _default(o)
        ^^^^^^^^^^^
  File "/usr/lib/python3.12/json/encoder.py", line 180, in default
    raise TypeError(f'Object of type {o.__class__.__name__} '
TypeError: Object of type bool is not JSON serializable
