======================================================================
SDI Experiment 5 v7 — Scientific Rigour Edition
  Fix-1: STD state continuity (learn -> calibrate -> record)
  Fix-2: Strict power-law stats (KS test + LR test)
  Fix-3: tau scaling relation check (Friedman 2012 PRL)
  Fix-4: Real STDP spike timestamps
  Fix-5: Real delay queues (not weight decay)
  Fix-6: Full-avalanche kappa calibration
  Fix-7: exc_mask_pre pre-computed
  Fix-8: recover_std vectorized
  Fix-9: kappa std reported
======================================================================
Networks: ['C.elegans', 'Human_HCP', 'WS_Control']
Seeds: [42, 7, 13]
N_LEARN=8000  N_RECORD=20000
BTW_INTERVAL=10  TAU_STD=15.0  MAX_DELAY=3
======================================================================

[3-rules]

-> C.elegans | seed=42 | 3-rules
  [C.elegans|42] N=279 E=224(80%) I=55(20%)
  [C.elegans|42] 学习阶段（8000步）...
    学习 0/8000 σ=12.50 edges=1686 t=0s
    学习 4000/8000 σ=11.12 edges=1686 t=3s

  学习后: edges=1686 σ=8.83 el=0

  [C.elegans|42] 临界点校准（真实稳态条件）...
    校准 iter=1: G=2.00050 → κ=0.9739
    ✅ G=2.00050, κ=0.9739
  校准结果: G=2.00050, κ=0.9739

  [C.elegans|42] 记录阶段（20000步，G=2.0005）...
    记录 0/20000 wave=0 σ=8.83 t=6s
    记录 4000/20000 wave=23 σ=8.83 t=8s
    记录 8000/20000 wave=0 σ=8.83 t=9s
    记录 12000/20000 wave=0 σ=8.83 t=10s
    记录 16000/20000 wave=0 σ=8.83 t=11s

  激活统计: 零帧=39.9% 最大=56 均=8.410

=================================================================
  结果 [C.elegans|42|3r] G=2.0005
  零帧: 39.9% ✓
  雪崩数: 1088 | 均尺寸: 154.6 | 均时长: 11.1 ✓
  多步雪崩: 65.3% ✓
  τ_size=1.296 R²=0.000 p=0.00 ✗
  τ_dur=7.323 R²=0.638 (理论=1.148 误差=538%) ✗
  τ缩放关系: ✗ (误差538%)
  κ=1.0614 ±0.424 ✓
  PSD=-1.434 R²=0.354 ✓
  似然比(PL vs LN): 152.79 (>0=幂律更好)
  得分: 5/8
  =================================================================


-> C.elegans | seed=7 | 3-rules
  [C.elegans|7] N=279 E=224(80%) I=55(20%)
  [C.elegans|7] 学习阶段（8000步）...
    学习 0/8000 σ=13.07 edges=1668 t=0s
    学习 4000/8000 σ=10.76 edges=1668 t=3s

  学习后: edges=1667 σ=7.91 el=0

  [C.elegans|7] 临界点校准（真实稳态条件）...
    校准 iter=1: G=2.00050 → κ=0.9799
    ✅ G=2.00050, κ=0.9799
  校准结果: G=2.00050, κ=0.9799

  [C.elegans|7] 记录阶段（20000步，G=2.0005）...
    记录 0/20000 wave=0 σ=7.91 t=6s
    记录 4000/20000 wave=0 σ=7.91 t=8s
    记录 8000/20000 wave=1 σ=7.91 t=9s
    记录 12000/20000 wave=0 σ=7.91 t=10s
    记录 16000/20000 wave=24 σ=7.91 t=11s

  激活统计: 零帧=39.0% 最大=55 均=8.426

=================================================================
  结果 [C.elegans|7|3r] G=2.0005
  零帧: 39.0% ✓
  雪崩数: 1201 | 均尺寸: 140.3 | 均时长: 10.2 ✓
  多步雪崩: 63.5% ✓
  τ_size=1.324 R²=0.000 p=0.00 ✗
  τ_dur=7.237 R²=0.617 (理论=1.162 误差=523%) ✗
  τ缩放关系: ✗ (误差523%)
  κ=1.0561 ±0.373 ✓
  PSD=-1.361 R²=0.319 ✓
  似然比(PL vs LN): 298.00 (>0=幂律更好)
  得分: 5/8
  =================================================================


-> C.elegans | seed=13 | 3-rules
  [C.elegans|13] N=279 E=224(80%) I=55(20%)
  [C.elegans|13] 学习阶段（8000步）...
    学习 0/8000 σ=12.27 edges=1675 t=0s
    学习 4000/8000 σ=9.94 edges=1675 t=3s

  学习后: edges=1674 σ=7.62 el=0

  [C.elegans|13] 临界点校准（真实稳态条件）...
    校准 iter=1: G=2.00050 → κ=0.9705
    ✅ G=2.00050, κ=0.9705
  校准结果: G=2.00050, κ=0.9705

  [C.elegans|13] 记录阶段（20000步，G=2.0005）...
    记录 0/20000 wave=0 σ=7.62 t=6s
    记录 4000/20000 wave=13 σ=7.62 t=8s
    记录 8000/20000 wave=2 σ=7.62 t=9s
    记录 12000/20000 wave=0 σ=7.62 t=10s
    记录 16000/20000 wave=0 σ=7.62 t=11s

  激活统计: 零帧=39.0% 最大=51 均=8.452

=================================================================
  结果 [C.elegans|13|3r] G=2.0005
  零帧: 39.0% ✓
  雪崩数: 1016 | 均尺寸: 166.4 | 均时长: 12.0 ✓
  多步雪崩: 69.0% ✓
  τ_size=1.276 R²=0.000 p=0.00 ✗
  τ_dur=6.686 R²=0.523 (理论=1.138 误差=487%) ✗
  τ缩放关系: ✗ (误差487%)
  κ=1.0478 ±0.343 ✓
  PSD=-1.453 R²=0.356 ✓
  似然比(PL vs LN): 48.70 (>0=幂律更好)
  得分: 5/8
  =================================================================


-> Human_HCP | seed=42 | 3-rules
  [Human_HCP|42] N=400 E=320(80%) I=80(20%)
  [Human_HCP|42] 学习阶段（8000步）...
    学习 0/8000 σ=14.15 edges=3035 t=0s
    学习 4000/8000 σ=13.69 edges=3035 t=5s

  学习后: edges=3035 σ=11.47 el=0

  [Human_HCP|42] 临界点校准（真实稳态条件）...
    校准 iter=1: G=2.00050 → κ=0.9825
    ✅ G=2.00050, κ=0.9825
  校准结果: G=2.00050, κ=0.9825

  [Human_HCP|42] 记录阶段（20000步，G=2.0005）...
    记录 0/20000 wave=0 σ=11.47 t=10s
    记录 4000/20000 wave=46 σ=11.47 t=13s
    记录 8000/20000 wave=61 σ=11.47 t=15s
    记录 12000/20000 wave=0 σ=11.47 t=17s
    记录 16000/20000 wave=0 σ=11.47 t=19s

  激活统计: 零帧=40.7% 最大=83 均=11.804

=================================================================
  结果 [Human_HCP|42|3r] G=2.0005
  零帧: 40.7% ✓
  雪崩数: 972 | 均尺寸: 242.9 | 均时长: 12.2 ✓
  多步雪崩: 67.0% ✓
  τ_size=1.261 R²=0.000 p=0.00 ✗
  τ_dur=6.441 R²=0.242 (理论=1.131 误差=470%) ✗
  τ缩放关系: ✗ (误差470%)
  κ=1.0138 ±0.253 ✓
  PSD=-1.567 R²=0.386 ✗
  似然比(PL vs LN): 76.63 (>0=幂律更好)
  得分: 4/8
  =================================================================


-> Human_HCP | seed=7 | 3-rules
  [Human_HCP|7] N=400 E=320(80%) I=80(20%)
  [Human_HCP|7] 学习阶段（8000步）...
    学习 0/8000 σ=14.30 edges=2973 t=0s
    学习 4000/8000 σ=12.26 edges=2973 t=5s

  学习后: edges=2973 σ=9.94 el=0

  [Human_HCP|7] 临界点校准（真实稳态条件）...
    校准 iter=1: G=2.00050 → κ=0.9808
    ✅ G=2.00050, κ=0.9808
  校准结果: G=2.00050, κ=0.9808

  [Human_HCP|7] 记录阶段（20000步，G=2.0005）...
    记录 0/20000 wave=0 σ=9.94 t=10s
    记录 4000/20000 wave=2 σ=9.94 t=12s
    记录 8000/20000 wave=43 σ=9.94 t=15s
    记录 12000/20000 wave=0 σ=9.94 t=17s
    记录 16000/20000 wave=0 σ=9.94 t=19s

  激活统计: 零帧=42.2% 最大=82 均=12.242

=================================================================
  结果 [Human_HCP|7|3r] G=2.0005
  零帧: 42.2% ✓
  雪崩数: 972 | 均尺寸: 251.9 | 均时长: 11.9 ✓
  多步雪崩: 67.9% ✓
  τ_size=1.252 R²=0.000 p=0.00 ✗
  τ_dur=6.398 R²=0.362 (理论=1.126 误差=468%) ✗
  τ缩放关系: ✗ (误差468%)
  κ=1.0183 ±0.183 ✓
  PSD=-1.458 R²=0.343 ✓
  似然比(PL vs LN): 27.76 (>0=幂律更好)
  得分: 5/8
  =================================================================


-> Human_HCP | seed=13 | 3-rules
  [Human_HCP|13] N=400 E=320(80%) I=80(20%)
  [Human_HCP|13] 学习阶段（8000步）...
    学习 0/8000 σ=14.14 edges=3019 t=0s
    学习 4000/8000 σ=12.33 edges=3019 t=5s

  学习后: edges=3019 σ=10.10 el=0

  [Human_HCP|13] 临界点校准（真实稳态条件）...
    校准 iter=1: G=2.00050 → κ=0.9775
    ✅ G=2.00050, κ=0.9775
  校准结果: G=2.00050, κ=0.9775

  [Human_HCP|13] 记录阶段（20000步，G=2.0005）...
    记录 0/20000 wave=0 σ=10.10 t=10s
    记录 4000/20000 wave=0 σ=10.10 t=13s
    记录 8000/20000 wave=1 σ=10.10 t=15s
    记录 12000/20000 wave=0 σ=10.10 t=17s
    记录 16000/20000 wave=22 σ=10.10 t=19s

  激活统计: 零帧=43.3% 最大=81 均=12.133

=================================================================
  结果 [Human_HCP|13|3r] G=2.0005
  零帧: 43.3% ✓
  雪崩数: 945 | 均尺寸: 256.8 | 均时长: 12.0 ✓
  多步雪崩: 72.4% ✓
  τ_size=1.247 R²=0.000 p=0.00 ✗
  τ_dur=6.771 R²=0.422 (理论=1.123 误差=503%) ✗
  τ缩放关系: ✗ (误差503%)
  κ=1.0275 ±0.312 ✓
  PSD=-1.488 R²=0.353 ✓
  似然比(PL vs LN): -8.24 (>0=幂律更好)
  得分: 5/8
  =================================================================


-> WS_Control | seed=42 | 3-rules
  [WS_Control|42] N=279 E=224(80%) I=55(20%)
  [WS_Control|42] 学习阶段（8000步）...
    学习 0/8000 σ=12.22 edges=1701 t=0s
    学习 4000/8000 σ=8.38 edges=1701 t=3s

  学习后: edges=1701 σ=6.20 el=0

  [WS_Control|42] 临界点校准（真实稳态条件）...
    校准 iter=1: G=2.00050 → κ=0.9808
    ✅ G=2.00050, κ=0.9808
  校准结果: G=2.00050, κ=0.9808

  [WS_Control|42] 记录阶段（20000步，G=2.0005）...
    记录 0/20000 wave=0 σ=6.20 t=7s
    记录 4000/20000 wave=1 σ=6.20 t=8s
    记录 8000/20000 wave=0 σ=6.20 t=9s
    记录 12000/20000 wave=0 σ=6.20 t=10s
    记录 16000/20000 wave=22 σ=6.20 t=12s

  激活统计: 零帧=39.0% 最大=56 均=8.448

=================================================================
  结果 [WS_Control|42|3r] G=2.0005
  零帧: 39.0% ✓
  雪崩数: 1124 | 均尺寸: 150.3 | 均时长: 10.9 ✓
  多步雪崩: 64.9% ✓
  τ_size=1.301 R²=0.164 p=0.00 ✗
  τ_dur=6.924 R²=0.225 (理论=1.150 误差=502%) ✗
  τ缩放关系: ✗ (误差502%)
  κ=1.0530 ±0.362 ✓
  PSD=-1.406 R²=0.340 ✓
  似然比(PL vs LN): 174.30 (>0=幂律更好)
  得分: 5/8
  =================================================================


-> WS_Control | seed=7 | 3-rules
  [WS_Control|7] N=279 E=224(80%) I=55(20%)
  [WS_Control|7] 学习阶段（8000步）...
    学习 0/8000 σ=11.14 edges=1672 t=0s
    学习 4000/8000 σ=8.55 edges=1672 t=3s

  学习后: edges=1672 σ=6.50 el=0

  [WS_Control|7] 临界点校准（真实稳态条件）...
    校准 iter=1: G=2.00050 → κ=0.9787
    ✅ G=2.00050, κ=0.9787
  校准结果: G=2.00050, κ=0.9787

  [WS_Control|7] 记录阶段（20000步，G=2.0005）...
    记录 0/20000 wave=0 σ=6.50 t=7s
    记录 4000/20000 wave=1 σ=6.50 t=8s
    记录 8000/20000 wave=3 σ=6.50 t=9s
    记录 12000/20000 wave=20 σ=6.50 t=10s
    记录 16000/20000 wave=0 σ=6.50 t=12s

  激活统计: 零帧=40.1% 最大=57 均=8.151

=================================================================
  结果 [WS_Control|7|3r] G=2.0005
  零帧: 40.1% ✓
  雪崩数: 1415 | 均尺寸: 115.2 | 均时长: 8.5 ✓
  多步雪崩: 52.6% ✓
  τ_size=1.390 R²=0.000 p=0.00 ✗
  τ_dur=7.708 R²=0.690 (理论=1.195 误差=545%) ✗
  τ缩放关系: ✗ (误差545%)
  κ=1.0658 ±0.446 ✓
  PSD=-1.499 R²=0.363 ✓
  似然比(PL vs LN): 623.83 (>0=幂律更好)
  得分: 5/8
  =================================================================


-> WS_Control | seed=13 | 3-rules
  [WS_Control|13] N=279 E=224(80%) I=55(20%)
  [WS_Control|13] 学习阶段（8000步）...
    学习 0/8000 σ=11.25 edges=1656 t=0s
    学习 4000/8000 σ=9.79 edges=1656 t=3s

  学习后: edges=1656 σ=8.90 el=0

  [WS_Control|13] 临界点校准（真实稳态条件）...
    校准 iter=1: G=2.00050 → κ=0.9799
    ✅ G=2.00050, κ=0.9799
  校准结果: G=2.00050, κ=0.9799

  [WS_Control|13] 记录阶段（20000步，G=2.0005）...
    记录 0/20000 wave=0 σ=8.90 t=6s
    记录 4000/20000 wave=0 σ=8.90 t=8s
    记录 8000/20000 wave=0 σ=8.90 t=9s
    记录 12000/20000 wave=6 σ=8.90 t=10s
    记录 16000/20000 wave=0 σ=8.90 t=11s

  激活统计: 零帧=35.8% 最大=51 均=7.832

=================================================================
  结果 [WS_Control|13|3r] G=2.0005
  零帧: 35.8% ✓
  雪崩数: 1086 | 均尺寸: 144.2 | 均时长: 11.8 ✓
  多步雪崩: 65.1% ✓
  τ_size=1.309 R²=0.010 p=0.00 ✗
  τ_dur=6.864 R²=0.733 (理论=1.154 误差=495%) ✗
  τ缩放关系: ✗ (误差495%)
  κ=1.0335 ±0.292 ✓
  PSD=-1.539 R²=0.401 ✗
  似然比(PL vs LN): 191.75 (>0=幂律更好)
  得分: 4/8
  =================================================================


[4-rules]

-> C.elegans | seed=42 | 4-rules
  [C.elegans|42] N=279 E=224(80%) I=55(20%)
  [C.elegans|42] 学习阶段（8000步）...
    学习 0/8000 σ=12.50 edges=1686 t=0s
    学习 4000/8000 σ=11.42 edges=1058 t=3s

  学习后: edges=1003 σ=10.00 el=0

  [C.elegans|42] 临界点校准（真实稳态条件）...
    校准 iter=1: G=2.00050 → κ=0.9601
    ✅ G=2.00050, κ=0.9601
  校准结果: G=2.00050, κ=0.9601

  [C.elegans|42] 记录阶段（20000步，G=2.0005）...
    记录 0/20000 wave=0 σ=10.00 t=6s
    记录 4000/20000 wave=0 σ=10.00 t=7s
    记录 8000/20000 wave=6 σ=10.00 t=8s
    记录 12000/20000 wave=10 σ=10.00 t=8s
    记录 16000/20000 wave=0 σ=10.00 t=9s

  激活统计: 零帧=31.1% 最大=27 均=4.086

=================================================================
  结果 [C.elegans|42|4r] G=2.0005
  零帧: 31.1% ✓
  雪崩数: 1816 | 均尺寸: 45.0 | 均时长: 7.6 ✓
  多步雪崩: 51.1% ✓
  τ_size=1.609 R²=0.039 p=0.00 ✗
  τ_dur=1.827 R²=0.034 (理论=1.304 误差=40%) ✗
  τ缩放关系: ✗ (误差40%)
  κ=1.0897 ±0.483 ✓
  PSD=-1.347 R²=0.407 ✓
  似然比(PL vs LN): 733.90 (>0=幂律更好)
  得分: 5/8
  =================================================================


-> C.elegans | seed=7 | 4-rules
  [C.elegans|7] N=279 E=224(80%) I=55(20%)
  [C.elegans|7] 学习阶段（8000步）...
    学习 0/8000 σ=13.07 edges=1668 t=0s
    学习 4000/8000 σ=12.76 edges=1027 t=3s

  学习后: edges=982 σ=10.90 el=0

  [C.elegans|7] 临界点校准（真实稳态条件）...
    校准 iter=1: G=2.00050 → κ=0.9750
    ✅ G=2.00050, κ=0.9750
  校准结果: G=2.00050, κ=0.9750

  [C.elegans|7] 记录阶段（20000步，G=2.0005）...
    记录 0/20000 wave=0 σ=10.90 t=6s
    记录 4000/20000 wave=0 σ=10.90 t=7s
    记录 8000/20000 wave=9 σ=10.90 t=8s
    记录 12000/20000 wave=1 σ=10.90 t=8s
    记录 16000/20000 wave=1 σ=10.90 t=9s

  激活统计: 零帧=28.8% 最大=26 均=4.438

=================================================================
  结果 [C.elegans|7|4r] G=2.0005
  零帧: 28.8% ✗
  雪崩数: 1392 | 均尺寸: 63.8 | 均时长: 10.2 ✓
  多步雪崩: 56.5% ✓
  τ_size=1.500 R²=0.052 p=0.00 ✗
  τ_dur=1.693 R²=0.025 (理论=1.250 误差=35%) ✗
  τ缩放关系: ✗ (误差35%)
  κ=1.0927 ±0.448 ✓
  PSD=-1.348 R²=0.417 ✓
  似然比(PL vs LN): 467.55 (>0=幂律更好)
  得分: 4/8
  =================================================================


-> C.elegans | seed=13 | 4-rules
  [C.elegans|13] N=279 E=224(80%) I=55(20%)
  [C.elegans|13] 学习阶段（8000步）...
    学习 0/8000 σ=12.27 edges=1675 t=0s
    学习 4000/8000 σ=12.77 edges=1037 t=3s

  学习后: edges=991 σ=12.51 el=0

  [C.elegans|13] 临界点校准（真实稳态条件）...
    校准 iter=1: G=2.00050 → κ=0.9691
    ✅ G=2.00050, κ=0.9691
  校准结果: G=2.00050, κ=0.9691

  [C.elegans|13] 记录阶段（20000步，G=2.0005）...
    记录 0/20000 wave=0 σ=12.51 t=6s
    记录 4000/20000 wave=0 σ=12.51 t=7s
    记录 8000/20000 wave=0 σ=12.51 t=8s
    记录 12000/20000 wave=3 σ=12.51 t=8s
    记录 16000/20000 wave=9 σ=12.51 t=9s

  激活统计: 零帧=28.9% 最大=30 均=4.602

=================================================================
  结果 [C.elegans|13|4r] G=2.0005
  零帧: 28.9% ✗
  雪崩数: 1468 | 均尺寸: 62.7 | 均时长: 9.7 ✓
  多步雪崩: 57.4% ✓
  τ_size=1.489 R²=0.088 p=0.00 ✗
  τ_dur=1.702 R²=0.019 (理论=1.244 误差=37%) ✗
  τ缩放关系: ✗ (误差37%)
  κ=1.0927 ±0.448 ✓
  PSD=-1.278 R²=0.374 ✓
  似然比(PL vs LN): 667.31 (>0=幂律更好)
  得分: 4/8
  =================================================================


-> Human_HCP | seed=42 | 4-rules
  [Human_HCP|42] N=400 E=320(80%) I=80(20%)
  [Human_HCP|42] 学习阶段（8000步）...
    学习 0/8000 σ=14.15 edges=3035 t=0s
    学习 4000/8000 σ=15.33 edges=1676 t=5s

  学习后: edges=1558 σ=14.08 el=0

  [Human_HCP|42] 临界点校准（真实稳态条件）...
    校准 iter=1: G=2.00050 → κ=0.9770
    ✅ G=2.00050, κ=0.9770
  校准结果: G=2.00050, κ=0.9770

  [Human_HCP|42] 记录阶段（20000步，G=2.0005）...
    记录 0/20000 wave=0 σ=14.08 t=10s
    记录 4000/20000 wave=3 σ=14.08 t=11s
    记录 8000/20000 wave=8 σ=14.08 t=12s
    记录 12000/20000 wave=17 σ=14.08 t=13s
    记录 16000/20000 wave=11 σ=14.08 t=14s

  激活统计: 零帧=29.6% 最大=34 均=5.546

=================================================================
  结果 [Human_HCP|42|4r] G=2.0005
  零帧: 29.6% ✗
  雪崩数: 1492 | 均尺寸: 74.3 | 均时长: 9.4 ✓
  多步雪崩: 49.9% ✓
  τ_size=1.518 R²=0.038 p=0.00 ✗
  τ_dur=1.683 R²=0.063 (理论=1.259 误差=34%) ✗
  τ缩放关系: ✗ (误差34%)
  κ=1.1408 ±0.615 ✓
  PSD=-1.496 R²=0.432 ✓
  似然比(PL vs LN): 565.84 (>0=幂律更好)
  得分: 4/8
  =================================================================


-> Human_HCP | seed=7 | 4-rules
  [Human_HCP|7] N=400 E=320(80%) I=80(20%)
  [Human_HCP|7] 学习阶段（8000步）...
    学习 0/8000 σ=14.30 edges=2973 t=0s
    学习 4000/8000 σ=13.64 edges=1649 t=5s

  学习后: edges=1506 σ=12.19 el=0

  [Human_HCP|7] 临界点校准（真实稳态条件）...
    校准 iter=1: G=2.00050 → κ=0.9835
    ✅ G=2.00050, κ=0.9835
  校准结果: G=2.00050, κ=0.9835

  [Human_HCP|7] 记录阶段（20000步，G=2.0005）...
    记录 0/20000 wave=0 σ=12.19 t=10s
    记录 4000/20000 wave=15 σ=12.19 t=11s
    记录 8000/20000 wave=17 σ=12.19 t=12s
    记录 12000/20000 wave=0 σ=12.19 t=13s
    记录 16000/20000 wave=0 σ=12.19 t=15s

  激活统计: 零帧=28.1% 最大=35 均=6.071

=================================================================
  结果 [Human_HCP|7|4r] G=2.0005
  零帧: 28.1% ✗
  雪崩数: 1425 | 均尺寸: 85.2 | 均时长: 10.1 ✓
  多步雪崩: 54.6% ✓
  τ_size=1.478 R²=0.051 p=0.00 ✗
  τ_dur=1.679 R²=0.084 (理论=1.239 误差=36%) ✗
  τ缩放关系: ✗ (误差36%)
  κ=1.0909 ±0.442 ✓
  PSD=-1.475 R²=0.440 ✓
  似然比(PL vs LN): 688.51 (>0=幂律更好)
  得分: 4/8
  =================================================================


-> Human_HCP | seed=13 | 4-rules
  [Human_HCP|13] N=400 E=320(80%) I=80(20%)
  [Human_HCP|13] 学习阶段（8000步）...
    学习 0/8000 σ=14.14 edges=3019 t=0s
    学习 4000/8000 σ=14.84 edges=1662 t=5s

  学习后: edges=1524 σ=14.67 el=0

  [Human_HCP|13] 临界点校准（真实稳态条件）...
    校准 iter=1: G=2.00050 → κ=0.9780
    ✅ G=2.00050, κ=0.9780
  校准结果: G=2.00050, κ=0.9780

  [Human_HCP|13] 记录阶段（20000步，G=2.0005）...
    记录 0/20000 wave=0 σ=14.67 t=10s
    记录 4000/20000 wave=0 σ=14.67 t=11s
    记录 8000/20000 wave=0 σ=14.67 t=12s
    记录 12000/20000 wave=4 σ=14.67 t=13s
    记录 16000/20000 wave=0 σ=14.67 t=14s

  激活统计: 零帧=29.0% 最大=31 均=5.352

=================================================================
  结果 [Human_HCP|13|4r] G=2.0005
  零帧: 29.0% ✗
  雪崩数: 1610 | 均尺寸: 66.5 | 均时长: 8.8 ✓
  多步雪崩: 49.4% ✓
  τ_size=1.513 R²=0.069 p=0.00 ✗
  τ_dur=1.722 R²=0.031 (理论=1.257 误差=37%) ✗
  τ缩放关系: ✗ (误差37%)
  κ=1.0634 ±0.369 ✓
  PSD=-1.526 R²=0.456 ✗
  似然比(PL vs LN): 539.63 (>0=幂律更好)
  得分: 3/8
  =================================================================


-> WS_Control | seed=42 | 4-rules
  [WS_Control|42] N=279 E=224(80%) I=55(20%)
  [WS_Control|42] 学习阶段（8000步）...
    学习 0/8000 σ=12.22 edges=1701 t=0s
    学习 4000/8000 σ=11.77 edges=1042 t=3s

  学习后: edges=987 σ=9.95 el=0

  [WS_Control|42] 临界点校准（真实稳态条件）...
    校准 iter=1: G=2.00050 → κ=0.9718
    ✅ G=2.00050, κ=0.9718
  校准结果: G=2.00050, κ=0.9718

  [WS_Control|42] 记录阶段（20000步，G=2.0005）...
    记录 0/20000 wave=0 σ=9.95 t=6s
    记录 4000/20000 wave=14 σ=9.95 t=7s
    记录 8000/20000 wave=4 σ=9.95 t=8s
    记录 12000/20000 wave=5 σ=9.95 t=8s
    记录 16000/20000 wave=1 σ=9.95 t=9s

  激活统计: 零帧=29.6% 最大=27 均=4.535

=================================================================
  结果 [WS_Control|42|4r] G=2.0005
  零帧: 29.6% ✗
  雪崩数: 1438 | 均尺寸: 63.1 | 均时长: 9.8 ✓
  多步雪崩: 56.9% ✓
  τ_size=1.511 R²=0.003 p=0.00 ✗
  τ_dur=1.706 R²=0.014 (理论=1.255 误差=36%) ✗
  τ缩放关系: ✗ (误差36%)
  κ=1.0897 ±0.412 ✓
  PSD=-1.334 R²=0.392 ✓
  似然比(PL vs LN): 517.99 (>0=幂律更好)
  得分: 4/8
  =================================================================


-> WS_Control | seed=7 | 4-rules
  [WS_Control|7] N=279 E=224(80%) I=55(20%)
  [WS_Control|7] 学习阶段（8000步）...
    学习 0/8000 σ=11.14 edges=1672 t=0s
    学习 4000/8000 σ=10.53 edges=1041 t=3s

  学习后: edges=993 σ=8.68 el=0

  [WS_Control|7] 临界点校准（真实稳态条件）...
    校准 iter=1: G=2.00050 → κ=0.9671
    ✅ G=2.00050, κ=0.9671
  校准结果: G=2.00050, κ=0.9671

  [WS_Control|7] 记录阶段（20000步，G=2.0005）...
    记录 0/20000 wave=0 σ=8.68 t=6s
    记录 4000/20000 wave=0 σ=8.68 t=7s
    记录 8000/20000 wave=0 σ=8.68 t=8s
    记录 12000/20000 wave=1 σ=8.68 t=8s
    记录 16000/20000 wave=6 σ=8.68 t=9s

  激活统计: 零帧=30.4% 最大=30 均=4.697

=================================================================
  结果 [WS_Control|7|4r] G=2.0005
  零帧: 30.4% ✓
  雪崩数: 1877 | 均尺寸: 50.0 | 均时长: 7.4 ✓
  多步雪崩: 40.6% ✓
  τ_size=1.506 R²=0.123 p=0.00 ✗
  τ_dur=1.651 R²=0.062 (理论=1.253 误差=32%) ✗
  τ缩放关系: ✗ (误差32%)
  κ=1.0746 ±0.385 ✓
  PSD=-1.328 R²=0.357 ✓
  似然比(PL vs LN): 525.81 (>0=幂律更好)
  得分: 5/8
  =================================================================


-> WS_Control | seed=13 | 4-rules
  [WS_Control|13] N=279 E=224(80%) I=55(20%)
  [WS_Control|13] 学习阶段（8000步）...
    学习 0/8000 σ=11.25 edges=1656 t=0s
    学习 4000/8000 σ=12.27 edges=1029 t=3s

  学习后: edges=988 σ=10.09 el=0

  [WS_Control|13] 临界点校准（真实稳态条件）...
    校准 iter=1: G=2.00050 → κ=0.9701
    ✅ G=2.00050, κ=0.9701
  校准结果: G=2.00050, κ=0.9701

  [WS_Control|13] 记录阶段（20000步，G=2.0005）...
    记录 0/20000 wave=0 σ=10.09 t=6s
    记录 4000/20000 wave=6 σ=10.09 t=7s
    记录 8000/20000 wave=0 σ=10.09 t=8s
    记录 12000/20000 wave=3 σ=10.09 t=9s
    记录 16000/20000 wave=0 σ=10.09 t=9s

  激活统计: 零帧=31.1% 最大=28 均=4.593

=================================================================
  结果 [WS_Control|13|4r] G=2.0005
  零帧: 31.1% ✓
  雪崩数: 1488 | 均尺寸: 61.7 | 均时长: 9.3 ✓
  多步雪崩: 50.3% ✓
  τ_size=1.500 R²=0.012 p=0.00 ✗
  τ_dur=1.655 R²=0.135 (理论=1.250 误差=32%) ✗
  τ缩放关系: ✗ (误差32%)
  κ=1.1201 ±0.457 ✓
  PSD=-1.376 R²=0.394 ✓
  似然比(PL vs LN): 493.96 (>0=幂律更好)
  得分: 5/8
  =================================================================


Saved: /home/work/.openclaw/workspace/sdi_sim/exp5_v7_avalanche_results.json
Figure: /home/work/.openclaw/workspace/sdi_sim/exp5_v7_avalanche_results.png

======================================================================
Summary v7
======================================================================

Group                        G      κ      τ_s     τ_d     scale%  PSD     Score
-------------------------------------------------------------------------------------
C.elegans_3-rules            2.0005 1.055  1.30    7.08    516%     -1.42   5.0/8
C.elegans_4-rules            2.0005 1.092  1.53    1.74    37%      -1.32   4.3/8
Human_HCP_3-rules            2.0005 1.020  1.25    6.54    480%     -1.50   4.7/8
Human_HCP_4-rules            2.0005 1.098  1.50    1.69    35%      -1.50   3.7/8
WS_Control_3-rules           2.0005 1.051  1.33    7.17    514%     -1.48   4.7/8
WS_Control_4-rules           2.0005 1.095  1.51    1.67    33%      -1.35   4.7/8

Best: C.elegans | 3-rules | seed=42
  tau_s=1.296 tau_d=7.323
  kappa=1.061 ± 0.424
  scale_error=538%
  G=2.0005  Score=5/8

Total: 249s (4.1min)
v7 complete.
