======================================================================
SDI 实验五 v3：神经雪崩SOC动力学验证
  阶段1（学习）: 外部刺激 → STDP演化拓扑
  校准: 二分法找临界增益G → κ∈[0.9, 1.1]
  阶段2（记录）: 纯BTW极慢驱动 → 自发雪崩
======================================================================

【3规则体系】

→ 运行: C.elegans | seed=42 | 3-rules
  [C.elegans|seed=42] 学习阶段开始（8000步）...
    学习 step=0/8000 | σ=12.39 | edges=2226 | t=0s
    学习 step=2000/8000 | σ=11.77 | edges=2226 | t=1s
    学习 step=4000/8000 | σ=9.55 | edges=2226 | t=2s
    学习 step=6000/8000 | σ=7.87 | edges=2197 | t=4s

  [C.elegans|seed=42] 临界点校准中...
    校准 iter=1: G=5.0500 → κ=6.9000
    校准 iter=2: G=2.5750 → κ=7.1167
    校准 iter=3: G=1.3375 → κ=6.9500
    校准 iter=4: G=0.7188 → κ=5.2167
    校准 iter=5: G=0.4094 → κ=3.0333
    校准 iter=6: G=0.2547 → κ=1.9833
    校准 iter=7: G=0.1773 → κ=1.2000
    校准 iter=8: G=0.1387 → κ=0.8167
    校准 iter=9: G=0.1580 → κ=1.0000
    ✅ 校准成功: G=0.1580, κ=1.0000
  校准结果: G=0.1580, κ=1.0000

  [C.elegans|seed=42] 记录阶段开始（10000步，G=0.1580）...
    记录 step=0/10000 | σ=6.24 | n_act=4 | t=5s
    记录 step=2000/10000 | σ=6.24 | n_act=18 | t=5s
    记录 step=4000/10000 | σ=6.24 | n_act=2 | t=5s
    记录 step=6000/10000 | σ=6.24 | n_act=7 | t=6s
    记录 step=8000/10000 | σ=6.24 | n_act=1 | t=6s

  激活统计 [C.elegans|seed=42]:
    总记录步: 10000 | 零值帧: 80.0% | 最大激活: 118
    平均激活: 2.518

============================================================
  结果 [C.elegans|seed=42|3-r] G=0.158
  零值帧: 80.0% ✓
  雪崩数: 2000 | 平均尺寸: 12.6 | 最大: 118 ✓
  τ_size=1.761 R²=0.865 ✓
  τ_dur=1.500 R²=0.000 ✗
  κ=0.0000 ✗
  PSD=0.006 R²=0.000 ✗
  得分: 3/6
  ============================================================


→ 运行: C.elegans | seed=7 | 3-rules
  [C.elegans|seed=7] 学习阶段开始（8000步）...
    学习 step=0/8000 | σ=12.21 | edges=2228 | t=0s
    学习 step=2000/8000 | σ=11.90 | edges=2228 | t=1s
    学习 step=4000/8000 | σ=9.84 | edges=2228 | t=2s
    学习 step=6000/8000 | σ=8.29 | edges=2188 | t=4s

  [C.elegans|seed=7] 临界点校准中...
    校准 iter=1: G=5.0500 → κ=7.2000
    校准 iter=2: G=2.5750 → κ=7.0833
    校准 iter=3: G=1.3375 → κ=7.0833
    校准 iter=4: G=0.7188 → κ=5.3667
    校准 iter=5: G=0.4094 → κ=3.0167
    校准 iter=6: G=0.2547 → κ=1.7667
    校准 iter=7: G=0.1773 → κ=1.1667
    校准 iter=8: G=0.1387 → κ=1.1667
    校准 iter=9: G=0.1193 → κ=0.7833
    校准 iter=10: G=0.1290 → κ=1.0000
    ✅ 校准成功: G=0.1290, κ=1.0000
  校准结果: G=0.1290, κ=1.0000

  [C.elegans|seed=7] 记录阶段开始（10000步，G=0.1290）...
    记录 step=0/10000 | σ=6.85 | n_act=3 | t=5s
    记录 step=2000/10000 | σ=6.85 | n_act=45 | t=5s
    记录 step=4000/10000 | σ=6.85 | n_act=5 | t=5s
    记录 step=6000/10000 | σ=6.85 | n_act=4 | t=5s
    记录 step=8000/10000 | σ=6.85 | n_act=33 | t=5s

  激活统计 [C.elegans|seed=7]:
    总记录步: 10000 | 零值帧: 80.0% | 最大激活: 83
    平均激活: 1.082

============================================================
  结果 [C.elegans|seed=7|3-r] G=0.129
  零值帧: 80.0% ✓
  雪崩数: 2000 | 平均尺寸: 5.4 | 最大: 83 ✓
  τ_size=2.230 R²=0.942 ✗
  τ_dur=1.500 R²=0.000 ✗
  κ=0.0000 ✗
  PSD=0.005 R²=0.000 ✗
  得分: 2/6
  ============================================================


→ 运行: C.elegans | seed=13 | 3-rules
  [C.elegans|seed=13] 学习阶段开始（8000步）...
    学习 step=0/8000 | σ=12.05 | edges=2226 | t=0s
    学习 step=2000/8000 | σ=10.57 | edges=2226 | t=1s
    学习 step=4000/8000 | σ=8.92 | edges=2225 | t=2s
    学习 step=6000/8000 | σ=7.25 | edges=2208 | t=4s

  [C.elegans|seed=13] 临界点校准中...
    校准 iter=1: G=5.0500 → κ=7.1333
    校准 iter=2: G=2.5750 → κ=7.1000
    校准 iter=3: G=1.3375 → κ=6.9833
    校准 iter=4: G=0.7188 → κ=5.3333
    校准 iter=5: G=0.4094 → κ=2.6833
    校准 iter=6: G=0.2547 → κ=2.0167
    校准 iter=7: G=0.1773 → κ=1.4833
    校准 iter=8: G=0.1387 → κ=1.0000
    ✅ 校准成功: G=0.1387, κ=1.0000
  校准结果: G=0.1387, κ=1.0000

  [C.elegans|seed=13] 记录阶段开始（10000步，G=0.1387）...
    记录 step=0/10000 | σ=6.04 | n_act=2 | t=5s
    记录 step=2000/10000 | σ=6.04 | n_act=22 | t=5s
    记录 step=4000/10000 | σ=6.04 | n_act=1 | t=5s
    记录 step=6000/10000 | σ=6.04 | n_act=1 | t=5s
    记录 step=8000/10000 | σ=6.04 | n_act=3 | t=5s

  激活统计 [C.elegans|seed=13]:
    总记录步: 10000 | 零值帧: 80.0% | 最大激活: 89
    平均激活: 1.462

============================================================
  结果 [C.elegans|seed=13|3-r] G=0.139
  零值帧: 80.0% ✓
  雪崩数: 2000 | 平均尺寸: 7.3 | 最大: 89 ✓
  τ_size=2.085 R²=0.914 ✓
  τ_dur=1.500 R²=0.000 ✗
  κ=0.0000 ✗
  PSD=0.008 R²=0.000 ✗
  得分: 3/6
  ============================================================


→ 运行: Human_HCP | seed=42 | 3-rules
  [Human_HCP|seed=42] 学习阶段开始（8000步）...
    学习 step=0/8000 | σ=13.71 | edges=3992 | t=0s
    学习 step=2000/8000 | σ=13.07 | edges=3992 | t=2s
    学习 step=4000/8000 | σ=11.16 | edges=3990 | t=4s
    学习 step=6000/8000 | σ=9.67 | edges=3980 | t=6s

  [Human_HCP|seed=42] 临界点校准中...
    校准 iter=1: G=5.0500 → κ=9.3167
    校准 iter=2: G=2.5750 → κ=9.1833
    校准 iter=3: G=1.3375 → κ=9.2167
    校准 iter=4: G=0.7188 → κ=6.9500
    校准 iter=5: G=0.4094 → κ=4.0000
    校准 iter=6: G=0.2547 → κ=2.7000
    校准 iter=7: G=0.1773 → κ=1.7000
    校准 iter=8: G=0.1387 → κ=1.1500
    校准 iter=9: G=0.1193 → κ=1.2333
    校准 iter=10: G=0.1097 → κ=1.3000
    校准 iter=11: G=0.1048 → κ=1.1167
    校准 iter=12: G=0.1024 → κ=0.8167
    校准 iter=13: G=0.1036 → κ=1.0000
    ✅ 校准成功: G=0.1036, κ=1.0000
  校准结果: G=0.1036, κ=1.0000

  [Human_HCP|seed=42] 记录阶段开始（10000步，G=0.1036）...
    记录 step=0/10000 | σ=8.44 | n_act=7 | t=8s
    记录 step=2000/10000 | σ=8.44 | n_act=2 | t=8s
    记录 step=4000/10000 | σ=8.44 | n_act=16 | t=8s
    记录 step=6000/10000 | σ=8.44 | n_act=19 | t=8s
    记录 step=8000/10000 | σ=8.44 | n_act=27 | t=8s

  激活统计 [Human_HCP|seed=42]:
    总记录步: 10000 | 零值帧: 80.0% | 最大激活: 85
    平均激活: 1.475

============================================================
  结果 [Human_HCP|seed=42|3-r] G=0.104
  零值帧: 80.0% ✓
  雪崩数: 2000 | 平均尺寸: 7.4 | 最大: 85 ✓
  τ_size=2.093 R²=0.939 ✓
  τ_dur=1.500 R²=0.000 ✗
  κ=0.0000 ✗
  PSD=-0.003 R²=0.000 ✗
  得分: 3/6
  ============================================================


→ 运行: Human_HCP | seed=7 | 3-rules
  [Human_HCP|seed=7] 学习阶段开始（8000步）...
    学习 step=0/8000 | σ=13.52 | edges=3996 | t=0s
    学习 step=2000/8000 | σ=13.37 | edges=3996 | t=2s
    学习 step=4000/8000 | σ=11.74 | edges=3996 | t=4s
    学习 step=6000/8000 | σ=9.74 | edges=3987 | t=6s

  [Human_HCP|seed=7] 临界点校准中...
    校准 iter=1: G=5.0500 → κ=9.5667
    校准 iter=2: G=2.5750 → κ=9.3833
    校准 iter=3: G=1.3375 → κ=9.4667
    校准 iter=4: G=0.7188 → κ=7.3167
    校准 iter=5: G=0.4094 → κ=3.8167
    校准 iter=6: G=0.2547 → κ=2.5000
    校准 iter=7: G=0.1773 → κ=1.5667
    校准 iter=8: G=0.1387 → κ=1.4167
    校准 iter=9: G=0.1193 → κ=1.1833
    校准 iter=10: G=0.1097 → κ=0.9333
    ✅ 校准成功: G=0.1097, κ=0.9333
  校准结果: G=0.1097, κ=0.9333

  [Human_HCP|seed=7] 记录阶段开始（10000步，G=0.1097）...
    记录 step=0/10000 | σ=8.07 | n_act=2 | t=8s
    记录 step=2000/10000 | σ=8.07 | n_act=2 | t=8s
    记录 step=4000/10000 | σ=8.07 | n_act=55 | t=8s
    记录 step=6000/10000 | σ=8.07 | n_act=5 | t=8s
    记录 step=8000/10000 | σ=8.07 | n_act=1 | t=9s

  激活统计 [Human_HCP|seed=7]:
    总记录步: 10000 | 零值帧: 80.0% | 最大激活: 112
    平均激活: 1.833

============================================================
  结果 [Human_HCP|seed=7|3-r] G=0.110
  零值帧: 80.0% ✓
  雪崩数: 2000 | 平均尺寸: 9.2 | 最大: 112 ✓
  τ_size=1.954 R²=0.866 ✓
  τ_dur=1.500 R²=0.000 ✗
  κ=0.0000 ✗
  PSD=0.000 R²=0.000 ✗
  得分: 3/6
  ============================================================


→ 运行: Human_HCP | seed=13 | 3-rules
  [Human_HCP|seed=13] 学习阶段开始（8000步）...
    学习 step=0/8000 | σ=12.73 | edges=3994 | t=0s
    学习 step=2000/8000 | σ=11.17 | edges=3994 | t=2s
    学习 step=4000/8000 | σ=9.58 | edges=3994 | t=4s
    学习 step=6000/8000 | σ=7.94 | edges=3984 | t=6s

  [Human_HCP|seed=13] 临界点校准中...
    校准 iter=1: G=5.0500 → κ=9.5333
    校准 iter=2: G=2.5750 → κ=9.3167
    校准 iter=3: G=1.3375 → κ=9.4500
    校准 iter=4: G=0.7188 → κ=7.1833
    校准 iter=5: G=0.4094 → κ=4.0167
    校准 iter=6: G=0.2547 → κ=2.5500
    校准 iter=7: G=0.1773 → κ=1.8833
    校准 iter=8: G=0.1387 → κ=1.3500
    校准 iter=9: G=0.1193 → κ=1.2333
    校准 iter=10: G=0.1097 → κ=1.0833
    ✅ 校准成功: G=0.1097, κ=1.0833
  校准结果: G=0.1097, κ=1.0833

  [Human_HCP|seed=13] 记录阶段开始（10000步，G=0.1097）...
    记录 step=0/10000 | σ=6.42 | n_act=1 | t=8s
    记录 step=2000/10000 | σ=6.42 | n_act=11 | t=8s
    记录 step=4000/10000 | σ=6.42 | n_act=2 | t=8s
    记录 step=6000/10000 | σ=6.42 | n_act=10 | t=8s
    记录 step=8000/10000 | σ=6.42 | n_act=8 | t=9s

  激活统计 [Human_HCP|seed=13]:
    总记录步: 10000 | 零值帧: 80.0% | 最大激活: 124
    平均激活: 1.989

============================================================
  结果 [Human_HCP|seed=13|3-r] G=0.110
  零值帧: 80.0% ✓
  雪崩数: 2000 | 平均尺寸: 9.9 | 最大: 124 ✓
  τ_size=1.956 R²=0.883 ✓
  τ_dur=1.500 R²=0.000 ✗
  κ=0.0000 ✗
  PSD=0.012 R²=0.000 ✗
  得分: 3/6
  ============================================================


→ 运行: WS_Control | seed=42 | 3-rules
  [WS_Control|seed=42] 学习阶段开始（8000步）...
    学习 step=0/8000 | σ=10.86 | edges=2222 | t=0s
    学习 step=2000/8000 | σ=8.61 | edges=2222 | t=1s
    学习 step=4000/8000 | σ=7.25 | edges=2221 | t=2s
    学习 step=6000/8000 | σ=5.77 | edges=2202 | t=4s

  [WS_Control|seed=42] 临界点校准中...
    校准 iter=1: G=5.0500 → κ=7.1667
    校准 iter=2: G=2.5750 → κ=7.1167
    校准 iter=3: G=1.3375 → κ=6.7000
    校准 iter=4: G=0.7188 → κ=5.0667
    校准 iter=5: G=0.4094 → κ=3.1833
    校准 iter=6: G=0.2547 → κ=1.9833
    校准 iter=7: G=0.1773 → κ=1.2833
    校准 iter=8: G=0.1387 → κ=0.7667
    校准 iter=9: G=0.1580 → κ=1.1000
    ✅ 校准成功: G=0.1580, κ=1.1000
  校准结果: G=0.1580, κ=1.1000

  [WS_Control|seed=42] 记录阶段开始（10000步，G=0.1580）...
    记录 step=0/10000 | σ=4.67 | n_act=3 | t=5s
    记录 step=2000/10000 | σ=4.67 | n_act=38 | t=5s
    记录 step=4000/10000 | σ=4.67 | n_act=65 | t=5s
    记录 step=6000/10000 | σ=4.67 | n_act=60 | t=6s
    记录 step=8000/10000 | σ=4.67 | n_act=45 | t=6s

  激活统计 [WS_Control|seed=42]:
    总记录步: 10000 | 零值帧: 80.0% | 最大激活: 137
    平均激活: 3.275

============================================================
  结果 [WS_Control|seed=42|3-r] G=0.158
  零值帧: 80.0% ✓
  雪崩数: 2000 | 平均尺寸: 16.4 | 最大: 137 ✓
  τ_size=1.629 R²=0.786 ✓
  τ_dur=1.500 R²=0.000 ✗
  κ=0.0000 ✗
  PSD=0.002 R²=0.000 ✗
  得分: 3/6
  ============================================================


→ 运行: WS_Control | seed=7 | 3-rules
  [WS_Control|seed=7] 学习阶段开始（8000步）...
    学习 step=0/8000 | σ=10.95 | edges=2222 | t=0s
    学习 step=2000/8000 | σ=8.86 | edges=2222 | t=1s
    学习 step=4000/8000 | σ=7.48 | edges=2216 | t=2s
    学习 step=6000/8000 | σ=5.99 | edges=2201 | t=4s

  [WS_Control|seed=7] 临界点校准中...
    校准 iter=1: G=5.0500 → κ=6.9833
    校准 iter=2: G=2.5750 → κ=7.2167
    校准 iter=3: G=1.3375 → κ=7.2667
    校准 iter=4: G=0.7188 → κ=5.5000
    校准 iter=5: G=0.4094 → κ=2.9833
    校准 iter=6: G=0.2547 → κ=1.7833
    校准 iter=7: G=0.1773 → κ=1.2833
    校准 iter=8: G=0.1387 → κ=1.1167
    校准 iter=9: G=0.1193 → κ=0.9333
    ✅ 校准成功: G=0.1193, κ=0.9333
  校准结果: G=0.1193, κ=0.9333

  [WS_Control|seed=7] 记录阶段开始（10000步，G=0.1193）...
    记录 step=0/10000 | σ=5.05 | n_act=1 | t=5s
    记录 step=2000/10000 | σ=5.05 | n_act=6 | t=5s
    记录 step=4000/10000 | σ=5.05 | n_act=1 | t=5s
    记录 step=6000/10000 | σ=5.05 | n_act=2 | t=5s
    记录 step=8000/10000 | σ=5.05 | n_act=1 | t=5s

  激活统计 [WS_Control|seed=7]:
    总记录步: 10000 | 零值帧: 80.0% | 最大激活: 76
    平均激活: 0.996

============================================================
  结果 [WS_Control|seed=7|3-r] G=0.119
  零值帧: 80.0% ✓
  雪崩数: 2000 | 平均尺寸: 5.0 | 最大: 76 ✓
  τ_size=2.256 R²=0.936 ✗
  τ_dur=1.500 R²=0.000 ✗
  κ=0.0000 ✗
  PSD=-0.013 R²=0.000 ✗
  得分: 2/6
  ============================================================


→ 运行: WS_Control | seed=13 | 3-rules
  [WS_Control|seed=13] 学习阶段开始（8000步）...
    学习 step=0/8000 | σ=10.84 | edges=2228 | t=0s
    学习 step=2000/8000 | σ=8.84 | edges=2228 | t=1s
    学习 step=4000/8000 | σ=7.02 | edges=2226 | t=2s
    学习 step=6000/8000 | σ=5.85 | edges=2204 | t=4s

  [WS_Control|seed=13] 临界点校准中...
    校准 iter=1: G=5.0500 → κ=7.2500
    校准 iter=2: G=2.5750 → κ=7.2667
    校准 iter=3: G=1.3375 → κ=6.9500
    校准 iter=4: G=0.7188 → κ=5.4833
    校准 iter=5: G=0.4094 → κ=2.9500
    校准 iter=6: G=0.2547 → κ=1.9500
    校准 iter=7: G=0.1773 → κ=1.4500
    校准 iter=8: G=0.1387 → κ=1.0167
    ✅ 校准成功: G=0.1387, κ=1.0167
  校准结果: G=0.1387, κ=1.0167

  [WS_Control|seed=13] 记录阶段开始（10000步，G=0.1387）...
    记录 step=0/10000 | σ=4.88 | n_act=1 | t=5s
    记录 step=2000/10000 | σ=4.88 | n_act=1 | t=5s
    记录 step=4000/10000 | σ=4.88 | n_act=7 | t=5s
    记录 step=6000/10000 | σ=4.88 | n_act=16 | t=5s
    记录 step=8000/10000 | σ=4.88 | n_act=2 | t=6s

  激活统计 [WS_Control|seed=13]:
    总记录步: 10000 | 零值帧: 80.0% | 最大激活: 101
    平均激活: 1.724

============================================================
  结果 [WS_Control|seed=13|3-r] G=0.139
  零值帧: 80.0% ✓
  雪崩数: 2000 | 平均尺寸: 8.6 | 最大: 101 ✓
  τ_size=1.980 R²=0.851 ✓
  τ_dur=1.500 R²=0.000 ✗
  κ=0.0000 ✗
  PSD=0.003 R²=0.000 ✗
  得分: 3/6
  ============================================================


【4规则体系】

→ 运行: C.elegans | seed=42 | 4-rules
  [C.elegans|seed=42] 学习阶段开始（8000步）...
    学习 step=0/8000 | σ=12.39 | edges=2226 | t=0s
    学习 step=2000/8000 | σ=11.64 | edges=1444 | t=1s
    学习 step=4000/8000 | σ=11.60 | edges=1061 | t=2s
    学习 step=6000/8000 | σ=9.99 | edges=900 | t=3s

  [C.elegans|seed=42] 临界点校准中...
    校准 iter=1: G=5.0500 → κ=2.9333
    校准 iter=2: G=2.5750 → κ=2.9000
    校准 iter=3: G=1.3375 → κ=2.9000
    校准 iter=4: G=0.7188 → κ=2.2333
    校准 iter=5: G=0.4094 → κ=1.2333
    校准 iter=6: G=0.2547 → κ=0.7167
    校准 iter=7: G=0.3320 → κ=0.8500
    校准 iter=8: G=0.3707 → κ=1.1000
    ✅ 校准成功: G=0.3707, κ=1.1000
  校准结果: G=0.3707, κ=1.1000

  [C.elegans|seed=42] 记录阶段开始（10000步，G=0.3707）...
    记录 step=0/10000 | σ=9.99 | n_act=1 | t=5s
    记录 step=2000/10000 | σ=9.99 | n_act=1 | t=5s
    记录 step=4000/10000 | σ=9.99 | n_act=2 | t=5s
    记录 step=6000/10000 | σ=9.99 | n_act=7 | t=5s
    记录 step=8000/10000 | σ=9.99 | n_act=3 | t=5s

  激活统计 [C.elegans|seed=42]:
    总记录步: 10000 | 零值帧: 80.0% | 最大激活: 99
    平均激活: 1.994

============================================================
  结果 [C.elegans|seed=42|4-r] G=0.371
  零值帧: 80.0% ✓
  雪崩数: 2000 | 平均尺寸: 10.0 | 最大: 99 ✓
  τ_size=2.237 R²=0.885 ✗
  τ_dur=1.500 R²=0.000 ✗
  κ=0.0000 ✗
  PSD=0.016 R²=0.000 ✗
  得分: 2/6
  ============================================================


→ 运行: C.elegans | seed=7 | 4-rules
  [C.elegans|seed=7] 学习阶段开始（8000步）...
    学习 step=0/8000 | σ=12.21 | edges=2228 | t=0s
    学习 step=2000/8000 | σ=12.47 | edges=1470 | t=1s
    学习 step=4000/8000 | σ=11.42 | edges=1074 | t=2s
    学习 step=6000/8000 | σ=8.83 | edges=904 | t=3s

  [C.elegans|seed=7] 临界点校准中...
    校准 iter=1: G=5.0500 → κ=2.8833
    校准 iter=2: G=2.5750 → κ=2.9500
    校准 iter=3: G=1.3375 → κ=2.9500
    校准 iter=4: G=0.7188 → κ=2.3000
    校准 iter=5: G=0.4094 → κ=1.2000
    校准 iter=6: G=0.2547 → κ=0.7167
    校准 iter=7: G=0.3320 → κ=0.9667
    ✅ 校准成功: G=0.3320, κ=0.9667
  校准结果: G=0.3320, κ=0.9667

  [C.elegans|seed=7] 记录阶段开始（10000步，G=0.3320）...
    记录 step=0/10000 | σ=9.16 | n_act=5 | t=5s
    记录 step=2000/10000 | σ=9.16 | n_act=1 | t=5s
    记录 step=4000/10000 | σ=9.16 | n_act=5 | t=5s
    记录 step=6000/10000 | σ=9.16 | n_act=1 | t=5s
    记录 step=8000/10000 | σ=9.16 | n_act=1 | t=5s

  激活统计 [C.elegans|seed=7]:
    总记录步: 10000 | 零值帧: 80.0% | 最大激活: 71
    平均激活: 1.305

============================================================
  结果 [C.elegans|seed=7|4-r] G=0.332
  零值帧: 80.0% ✓
  雪崩数: 2000 | 平均尺寸: 6.5 | 最大: 71 ✓
  τ_size=2.355 R²=0.911 ✗
  τ_dur=1.500 R²=0.000 ✗
  κ=0.0000 ✗
  PSD=-0.005 R²=0.000 ✗
  得分: 2/6
  ============================================================


→ 运行: C.elegans | seed=13 | 4-rules
  [C.elegans|seed=13] 学习阶段开始（8000步）...
    学习 step=0/8000 | σ=12.05 | edges=2226 | t=0s
    学习 step=2000/8000 | σ=12.66 | edges=1450 | t=1s
    学习 step=4000/8000 | σ=10.96 | edges=1060 | t=2s
    学习 step=6000/8000 | σ=10.64 | edges=893 | t=3s

  [C.elegans|seed=13] 临界点校准中...
    校准 iter=1: G=5.0500 → κ=2.7500
    校准 iter=2: G=2.5750 → κ=2.8500
    校准 iter=3: G=1.3375 → κ=2.8167
    校准 iter=4: G=0.7188 → κ=2.2500
    校准 iter=5: G=0.4094 → κ=1.1833
    校准 iter=6: G=0.2547 → κ=0.8833
    校准 iter=7: G=0.3320 → κ=1.1167
    校准 iter=8: G=0.2934 → κ=0.9167
    ✅ 校准成功: G=0.2934, κ=0.9167
  校准结果: G=0.2934, κ=0.9167

  [C.elegans|seed=13] 记录阶段开始（10000步，G=0.2934）...
    记录 step=0/10000 | σ=9.18 | n_act=3 | t=5s
    记录 step=2000/10000 | σ=9.18 | n_act=2 | t=5s
    记录 step=4000/10000 | σ=9.18 | n_act=3 | t=5s
    记录 step=6000/10000 | σ=9.18 | n_act=11 | t=5s
    记录 step=8000/10000 | σ=9.18 | n_act=5 | t=5s

  激活统计 [C.elegans|seed=13]:
    总记录步: 10000 | 零值帧: 80.0% | 最大激活: 43
    平均激活: 0.802

============================================================
  结果 [C.elegans|seed=13|4-r] G=0.293
  零值帧: 80.0% ✓
  雪崩数: 2000 | 平均尺寸: 4.0 | 最大: 43 ✓
  τ_size=2.688 R²=0.979 ✗
  τ_dur=1.500 R²=0.000 ✗
  κ=0.0000 ✗
  PSD=-0.022 R²=0.000 ✗
  得分: 2/6
  ============================================================


→ 运行: Human_HCP | seed=42 | 4-rules
  [Human_HCP|seed=42] 学习阶段开始（8000步）...
    学习 step=0/8000 | σ=13.71 | edges=3992 | t=0s
    学习 step=2000/8000 | σ=14.24 | edges=2469 | t=2s
    学习 step=4000/8000 | σ=14.51 | edges=1661 | t=3s
    学习 step=6000/8000 | σ=10.58 | edges=1303 | t=5s

  [Human_HCP|seed=42] 临界点校准中...
    校准 iter=1: G=5.0500 → κ=2.8833
    校准 iter=2: G=2.5750 → κ=2.7667
    校准 iter=3: G=1.3375 → κ=2.8500
    校准 iter=4: G=0.7188 → κ=2.0833
    校准 iter=5: G=0.4094 → κ=1.4000
    校准 iter=6: G=0.2547 → κ=0.6833
    校准 iter=7: G=0.3320 → κ=0.9000
    ✅ 校准成功: G=0.3320, κ=0.9000
  校准结果: G=0.3320, κ=0.9000

  [Human_HCP|seed=42] 记录阶段开始（10000步，G=0.3320）...
    记录 step=0/10000 | σ=7.39 | n_act=5 | t=7s
    记录 step=2000/10000 | σ=7.39 | n_act=1 | t=7s
    记录 step=4000/10000 | σ=7.39 | n_act=25 | t=7s
    记录 step=6000/10000 | σ=7.39 | n_act=24 | t=7s
    记录 step=8000/10000 | σ=7.39 | n_act=2 | t=7s

  激活统计 [Human_HCP|seed=42]:
    总记录步: 10000 | 零值帧: 80.0% | 最大激活: 80
    平均激活: 1.215

============================================================
  结果 [Human_HCP|seed=42|4-r] G=0.332
  零值帧: 80.0% ✓
  雪崩数: 2000 | 平均尺寸: 6.1 | 最大: 80 ✓
  τ_size=2.430 R²=0.963 ✗
  τ_dur=1.500 R²=0.000 ✗
  κ=0.0000 ✗
  PSD=-0.003 R²=0.000 ✗
  得分: 2/6
  ============================================================


→ 运行: Human_HCP | seed=7 | 4-rules
  [Human_HCP|seed=7] 学习阶段开始（8000步）...
    学习 step=0/8000 | σ=13.52 | edges=3996 | t=0s
    学习 step=2000/8000 | σ=13.91 | edges=2504 | t=2s
    学习 step=4000/8000 | σ=12.44 | edges=1636 | t=3s
    学习 step=6000/8000 | σ=11.68 | edges=1312 | t=5s

  [Human_HCP|seed=7] 临界点校准中...
    校准 iter=1: G=5.0500 → κ=2.8667
    校准 iter=2: G=2.5750 → κ=2.7500
    校准 iter=3: G=1.3375 → κ=2.8167
    校准 iter=4: G=0.7188 → κ=2.2167
    校准 iter=5: G=0.4094 → κ=1.2667
    校准 iter=6: G=0.2547 → κ=0.7500
    校准 iter=7: G=0.3320 → κ=0.9667
    ✅ 校准成功: G=0.3320, κ=0.9667
  校准结果: G=0.3320, κ=0.9667

  [Human_HCP|seed=7] 记录阶段开始（10000步，G=0.3320）...
    记录 step=0/10000 | σ=10.81 | n_act=5 | t=7s
    记录 step=2000/10000 | σ=10.81 | n_act=1 | t=7s
    记录 step=4000/10000 | σ=10.81 | n_act=2 | t=7s
    记录 step=6000/10000 | σ=10.81 | n_act=5 | t=7s
    记录 step=8000/10000 | σ=10.81 | n_act=5 | t=7s

  激活统计 [Human_HCP|seed=7]:
    总记录步: 10000 | 零值帧: 80.0% | 最大激活: 77
    平均激活: 1.348

============================================================
  结果 [Human_HCP|seed=7|4-r] G=0.332
  零值帧: 80.0% ✓
  雪崩数: 2000 | 平均尺寸: 6.7 | 最大: 77 ✓
  τ_size=2.213 R²=0.939 ✗
  τ_dur=1.500 R²=0.000 ✗
  κ=0.0000 ✗
  PSD=-0.012 R²=0.000 ✗
  得分: 2/6
  ============================================================


→ 运行: Human_HCP | seed=13 | 4-rules
  [Human_HCP|seed=13] 学习阶段开始（8000步）...
    学习 step=0/8000 | σ=12.73 | edges=3994 | t=0s
    学习 step=2000/8000 | σ=12.50 | edges=2507 | t=2s
    学习 step=4000/8000 | σ=11.21 | edges=1694 | t=4s
    学习 step=6000/8000 | σ=10.53 | edges=1318 | t=5s

  [Human_HCP|seed=13] 临界点校准中...
    校准 iter=1: G=5.0500 → κ=2.9667
    校准 iter=2: G=2.5750 → κ=2.8333
    校准 iter=3: G=1.3375 → κ=2.9500
    校准 iter=4: G=0.7188 → κ=2.4000
    校准 iter=5: G=0.4094 → κ=1.1667
    校准 iter=6: G=0.2547 → κ=0.9000
    ✅ 校准成功: G=0.2547, κ=0.9000
  校准结果: G=0.2547, κ=0.9000

  [Human_HCP|seed=13] 记录阶段开始（10000步，G=0.2547）...
    记录 step=0/10000 | σ=10.91 | n_act=1 | t=7s
    记录 step=2000/10000 | σ=10.91 | n_act=1 | t=7s
    记录 step=4000/10000 | σ=10.91 | n_act=1 | t=7s
    记录 step=6000/10000 | σ=10.91 | n_act=2 | t=7s
    记录 step=8000/10000 | σ=10.91 | n_act=1 | t=7s

  激活统计 [Human_HCP|seed=13]:
    总记录步: 10000 | 零值帧: 80.0% | 最大激活: 31
    平均激活: 0.663

============================================================
  结果 [Human_HCP|seed=13|4-r] G=0.255
  零值帧: 80.0% ✓
  雪崩数: 2000 | 平均尺寸: 3.3 | 最大: 31 ✓
  τ_size=2.742 R²=0.908 ✗
  τ_dur=1.500 R²=0.000 ✗
  κ=0.0000 ✗
  PSD=0.006 R²=0.000 ✗
  得分: 2/6
  ============================================================


→ 运行: WS_Control | seed=42 | 4-rules
  [WS_Control|seed=42] 学习阶段开始（8000步）...
    学习 step=0/8000 | σ=10.86 | edges=2222 | t=0s
    学习 step=2000/8000 | σ=8.87 | edges=1432 | t=1s
    学习 step=4000/8000 | σ=8.21 | edges=1053 | t=2s
    学习 step=6000/8000 | σ=6.12 | edges=896 | t=3s

  [WS_Control|seed=42] 临界点校准中...
    校准 iter=1: G=5.0500 → κ=2.8667
    校准 iter=2: G=2.5750 → κ=2.7833
    校准 iter=3: G=1.3375 → κ=2.8667
    校准 iter=4: G=0.7188 → κ=2.1500
    校准 iter=5: G=0.4094 → κ=1.3833
    校准 iter=6: G=0.2547 → κ=0.7333
    校准 iter=7: G=0.3320 → κ=0.9000
    ✅ 校准成功: G=0.3320, κ=0.9000
  校准结果: G=0.3320, κ=0.9000

  [WS_Control|seed=42] 记录阶段开始（10000步，G=0.3320）...
    记录 step=0/10000 | σ=4.60 | n_act=1 | t=5s
    记录 step=2000/10000 | σ=4.60 | n_act=2 | t=5s
    记录 step=4000/10000 | σ=4.60 | n_act=1 | t=5s
    记录 step=6000/10000 | σ=4.60 | n_act=4 | t=5s
    记录 step=8000/10000 | σ=4.60 | n_act=7 | t=5s

  激活统计 [WS_Control|seed=42]:
    总记录步: 10000 | 零值帧: 80.0% | 最大激活: 69
    平均激活: 1.357

============================================================
  结果 [WS_Control|seed=42|4-r] G=0.332
  零值帧: 80.0% ✓
  雪崩数: 2000 | 平均尺寸: 6.8 | 最大: 69 ✓
  τ_size=2.478 R²=0.895 ✗
  τ_dur=1.500 R²=0.000 ✗
  κ=0.0000 ✗
  PSD=-0.001 R²=0.000 ✗
  得分: 2/6
  ============================================================


→ 运行: WS_Control | seed=7 | 4-rules
  [WS_Control|seed=7] 学习阶段开始（8000步）...
    学习 step=0/8000 | σ=10.95 | edges=2222 | t=0s
    学习 step=2000/8000 | σ=9.18 | edges=1441 | t=1s
    学习 step=4000/8000 | σ=8.93 | edges=1047 | t=2s
    学习 step=6000/8000 | σ=8.22 | edges=884 | t=3s

  [WS_Control|seed=7] 临界点校准中...
    校准 iter=1: G=5.0500 → κ=2.7833
    校准 iter=2: G=2.5750 → κ=2.8000
    校准 iter=3: G=1.3375 → κ=2.8667
    校准 iter=4: G=0.7188 → κ=2.1833
    校准 iter=5: G=0.4094 → κ=1.2667
    校准 iter=6: G=0.2547 → κ=0.8167
    校准 iter=7: G=0.3320 → κ=0.9333
    ✅ 校准成功: G=0.3320, κ=0.9333
  校准结果: G=0.3320, κ=0.9333

  [WS_Control|seed=7] 记录阶段开始（10000步，G=0.3320）...
    记录 step=0/10000 | σ=5.88 | n_act=1 | t=5s
    记录 step=2000/10000 | σ=5.88 | n_act=1 | t=5s
    记录 step=4000/10000 | σ=5.88 | n_act=1 | t=5s
    记录 step=6000/10000 | σ=5.88 | n_act=8 | t=5s
    记录 step=8000/10000 | σ=5.88 | n_act=1 | t=5s

  激活统计 [WS_Control|seed=7]:
    总记录步: 10000 | 零值帧: 80.0% | 最大激活: 73
    平均激活: 1.328

============================================================
  结果 [WS_Control|seed=7|4-r] G=0.332
  零值帧: 80.0% ✓
  雪崩数: 2000 | 平均尺寸: 6.6 | 最大: 73 ✓
  τ_size=2.322 R²=0.924 ✗
  τ_dur=1.500 R²=0.000 ✗
  κ=0.0000 ✗
  PSD=-0.000 R²=0.000 ✗
  得分: 2/6
  ============================================================


→ 运行: WS_Control | seed=13 | 4-rules
  [WS_Control|seed=13] 学习阶段开始（8000步）...
    学习 step=0/8000 | σ=10.84 | edges=2228 | t=0s
    学习 step=2000/8000 | σ=10.14 | edges=1422 | t=1s
    学习 step=4000/8000 | σ=8.86 | edges=1036 | t=2s
    学习 step=6000/8000 | σ=7.85 | edges=884 | t=3s

  [WS_Control|seed=13] 临界点校准中...
    校准 iter=1: G=5.0500 → κ=2.8667
    校准 iter=2: G=2.5750 → κ=2.8833
    校准 iter=3: G=1.3375 → κ=2.9167
    校准 iter=4: G=0.7188 → κ=2.2500
    校准 iter=5: G=0.4094 → κ=1.2000
    校准 iter=6: G=0.2547 → κ=0.8667
    校准 iter=7: G=0.3320 → κ=1.0333
    ✅ 校准成功: G=0.3320, κ=1.0333
  校准结果: G=0.3320, κ=1.0333

  [WS_Control|seed=13] 记录阶段开始（10000步，G=0.3320）...
    记录 step=0/10000 | σ=6.74 | n_act=1 | t=5s
    记录 step=2000/10000 | σ=6.74 | n_act=31 | t=5s
    记录 step=4000/10000 | σ=6.74 | n_act=31 | t=5s
    记录 step=6000/10000 | σ=6.74 | n_act=2 | t=5s
    记录 step=8000/10000 | σ=6.74 | n_act=15 | t=5s

  激活统计 [WS_Control|seed=13]:
    总记录步: 10000 | 零值帧: 80.0% | 最大激活: 78
    平均激活: 1.321

============================================================
  结果 [WS_Control|seed=13|4-r] G=0.332
  零值帧: 80.0% ✓
  雪崩数: 2000 | 平均尺寸: 6.6 | 最大: 78 ✓
  τ_size=2.230 R²=0.959 ✗
  τ_dur=1.500 R²=0.000 ✗
  κ=0.0000 ✗
  PSD=-0.000 R²=0.000 ✗
  得分: 2/6
  ============================================================

/home/work/.openclaw/workspace/sdi_sim/sdi_experiment5_v3.py:704: UserWarning: No artists with labels found to put in legend.  Note that artists whose label start with an underscore are ignored when legend() is called with no argument.
  ax2.legend(fontsize=5)
/home/work/.openclaw/workspace/sdi_sim/sdi_experiment5_v3.py:706: UserWarning: Glyph 28608 (\N{CJK UNIFIED IDEOGRAPH-6FC0}) missing from font(s) DejaVu Sans.
  plt.savefig(f'{OUT}/exp5_v3_avalanche_results.png', dpi=150, bbox_inches='tight')
/home/work/.openclaw/workspace/sdi_sim/sdi_experiment5_v3.py:706: UserWarning: Glyph 27963 (\N{CJK UNIFIED IDEOGRAPH-6D3B}) missing from font(s) DejaVu Sans.
  plt.savefig(f'{OUT}/exp5_v3_avalanche_results.png', dpi=150, bbox_inches='tight')
/home/work/.openclaw/workspace/sdi_sim/sdi_experiment5_v3.py:706: UserWarning: Glyph 25968 (\N{CJK UNIFIED IDEOGRAPH-6570}) missing from font(s) DejaVu Sans.
  plt.savefig(f'{OUT}/exp5_v3_avalanche_results.png', dpi=150, bbox_inches='tight')
/home/work/.openclaw/workspace/sdi_sim/sdi_experiment5_v3.py:706: UserWarning: Glyph 38646 (\N{CJK UNIFIED IDEOGRAPH-96F6}) missing from font(s) DejaVu Sans.
  plt.savefig(f'{OUT}/exp5_v3_avalanche_results.png', dpi=150, bbox_inches='tight')
/home/work/.openclaw/workspace/sdi_sim/sdi_experiment5_v3.py:706: UserWarning: Glyph 24103 (\N{CJK UNIFIED IDEOGRAPH-5E27}) missing from font(s) DejaVu Sans.
  plt.savefig(f'{OUT}/exp5_v3_avalanche_results.png', dpi=150, bbox_inches='tight')
/home/work/.openclaw/workspace/sdi_sim/sdi_experiment5_v3.py:706: UserWarning: Glyph 27493 (\N{CJK UNIFIED IDEOGRAPH-6B65}) missing from font(s) DejaVu Sans.
  plt.savefig(f'{OUT}/exp5_v3_avalanche_results.png', dpi=150, bbox_inches='tight')
/home/work/.openclaw/workspace/sdi_sim/sdi_experiment5_v3.py:706: UserWarning: Glyph 39057 (\N{CJK UNIFIED IDEOGRAPH-9891}) missing from font(s) DejaVu Sans.
  plt.savefig(f'{OUT}/exp5_v3_avalanche_results.png', dpi=150, bbox_inches='tight')
/home/work/.openclaw/workspace/sdi_sim/sdi_experiment5_v3.py:706: UserWarning: Glyph 29575 (\N{CJK UNIFIED IDEOGRAPH-7387}) missing from font(s) DejaVu Sans.
  plt.savefig(f'{OUT}/exp5_v3_avalanche_results.png', dpi=150, bbox_inches='tight')
/home/work/.openclaw/workspace/sdi_sim/sdi_experiment5_v3.py:706: UserWarning: Glyph 38634 (\N{CJK UNIFIED IDEOGRAPH-96EA}) missing from font(s) DejaVu Sans.
  plt.savefig(f'{OUT}/exp5_v3_avalanche_results.png', dpi=150, bbox_inches='tight')
/home/work/.openclaw/workspace/sdi_sim/sdi_experiment5_v3.py:706: UserWarning: Glyph 23849 (\N{CJK UNIFIED IDEOGRAPH-5D29}) missing from font(s) DejaVu Sans.
  plt.savefig(f'{OUT}/exp5_v3_avalanche_results.png', dpi=150, bbox_inches='tight')
/home/work/.openclaw/workspace/sdi_sim/sdi_experiment5_v3.py:706: UserWarning: Glyph 23610 (\N{CJK UNIFIED IDEOGRAPH-5C3A}) missing from font(s) DejaVu Sans.
  plt.savefig(f'{OUT}/exp5_v3_avalanche_results.png', dpi=150, bbox_inches='tight')
/home/work/.openclaw/workspace/sdi_sim/sdi_experiment5_v3.py:706: UserWarning: Glyph 23544 (\N{CJK UNIFIED IDEOGRAPH-5BF8}) missing from font(s) DejaVu Sans.
  plt.savefig(f'{OUT}/exp5_v3_avalanche_results.png', dpi=150, bbox_inches='tight')
/home/work/.openclaw/workspace/sdi_sim/sdi_experiment5_v3.py:706: UserWarning: Glyph 23454 (\N{CJK UNIFIED IDEOGRAPH-5B9E}) missing from font(s) DejaVu Sans.
  plt.savefig(f'{OUT}/exp5_v3_avalanche_results.png', dpi=150, bbox_inches='tight')
/home/work/.openclaw/workspace/sdi_sim/sdi_experiment5_v3.py:706: UserWarning: Glyph 39564 (\N{CJK UNIFIED IDEOGRAPH-9A8C}) missing from font(s) DejaVu Sans.
  plt.savefig(f'{OUT}/exp5_v3_avalanche_results.png', dpi=150, bbox_inches='tight')
/home/work/.openclaw/workspace/sdi_sim/sdi_experiment5_v3.py:706: UserWarning: Glyph 20116 (\N{CJK UNIFIED IDEOGRAPH-4E94}) missing from font(s) DejaVu Sans.
  plt.savefig(f'{OUT}/exp5_v3_avalanche_results.png', dpi=150, bbox_inches='tight')
/home/work/.openclaw/workspace/sdi_sim/sdi_experiment5_v3.py:706: UserWarning: Glyph 65306 (\N{FULLWIDTH COLON}) missing from font(s) DejaVu Sans.
  plt.savefig(f'{OUT}/exp5_v3_avalanche_results.png', dpi=150, bbox_inches='tight')
/home/work/.openclaw/workspace/sdi_sim/sdi_experiment5_v3.py:706: UserWarning: Glyph 31070 (\N{CJK UNIFIED IDEOGRAPH-795E}) missing from font(s) DejaVu Sans.
  plt.savefig(f'{OUT}/exp5_v3_avalanche_results.png', dpi=150, bbox_inches='tight')
/home/work/.openclaw/workspace/sdi_sim/sdi_experiment5_v3.py:706: UserWarning: Glyph 32463 (\N{CJK UNIFIED IDEOGRAPH-7ECF}) missing from font(s) DejaVu Sans.
  plt.savefig(f'{OUT}/exp5_v3_avalanche_results.png', dpi=150, bbox_inches='tight')
/home/work/.openclaw/workspace/sdi_sim/sdi_experiment5_v3.py:706: UserWarning: Glyph 21160 (\N{CJK UNIFIED IDEOGRAPH-52A8}) missing from font(s) DejaVu Sans.
  plt.savefig(f'{OUT}/exp5_v3_avalanche_results.png', dpi=150, bbox_inches='tight')
/home/work/.openclaw/workspace/sdi_sim/sdi_experiment5_v3.py:706: UserWarning: Glyph 21147 (\N{CJK UNIFIED IDEOGRAPH-529B}) missing from font(s) DejaVu Sans.
  plt.savefig(f'{OUT}/exp5_v3_avalanche_results.png', dpi=150, bbox_inches='tight')
/home/work/.openclaw/workspace/sdi_sim/sdi_experiment5_v3.py:706: UserWarning: Glyph 23398 (\N{CJK UNIFIED IDEOGRAPH-5B66}) missing from font(s) DejaVu Sans.
  plt.savefig(f'{OUT}/exp5_v3_avalanche_results.png', dpi=150, bbox_inches='tight')
/home/work/.openclaw/workspace/sdi_sim/sdi_experiment5_v3.py:706: UserWarning: Glyph 35777 (\N{CJK UNIFIED IDEOGRAPH-8BC1}) missing from font(s) DejaVu Sans.
  plt.savefig(f'{OUT}/exp5_v3_avalanche_results.png', dpi=150, bbox_inches='tight')
/home/work/.openclaw/workspace/sdi_sim/sdi_experiment5_v3.py:706: UserWarning: Glyph 20004 (\N{CJK UNIFIED IDEOGRAPH-4E24}) missing from font(s) DejaVu Sans.
  plt.savefig(f'{OUT}/exp5_v3_avalanche_results.png', dpi=150, bbox_inches='tight')
/home/work/.openclaw/workspace/sdi_sim/sdi_experiment5_v3.py:706: UserWarning: Glyph 38454 (\N{CJK UNIFIED IDEOGRAPH-9636}) missing from font(s) DejaVu Sans.
  plt.savefig(f'{OUT}/exp5_v3_avalanche_results.png', dpi=150, bbox_inches='tight')
/home/work/.openclaw/workspace/sdi_sim/sdi_experiment5_v3.py:706: UserWarning: Glyph 27573 (\N{CJK UNIFIED IDEOGRAPH-6BB5}) missing from font(s) DejaVu Sans.
  plt.savefig(f'{OUT}/exp5_v3_avalanche_results.png', dpi=150, bbox_inches='tight')
/home/work/.openclaw/workspace/sdi_sim/sdi_experiment5_v3.py:706: UserWarning: Glyph 21327 (\N{CJK UNIFIED IDEOGRAPH-534F}) missing from font(s) DejaVu Sans.
  plt.savefig(f'{OUT}/exp5_v3_avalanche_results.png', dpi=150, bbox_inches='tight')
/home/work/.openclaw/workspace/sdi_sim/sdi_experiment5_v3.py:706: UserWarning: Glyph 35758 (\N{CJK UNIFIED IDEOGRAPH-8BAE}) missing from font(s) DejaVu Sans.
  plt.savefig(f'{OUT}/exp5_v3_avalanche_results.png', dpi=150, bbox_inches='tight')
/home/work/.openclaw/workspace/sdi_sim/sdi_experiment5_v3.py:706: UserWarning: Glyph 20064 (\N{CJK UNIFIED IDEOGRAPH-4E60}) missing from font(s) DejaVu Sans.
  plt.savefig(f'{OUT}/exp5_v3_avalanche_results.png', dpi=150, bbox_inches='tight')
/home/work/.openclaw/workspace/sdi_sim/sdi_experiment5_v3.py:706: UserWarning: Glyph 20020 (\N{CJK UNIFIED IDEOGRAPH-4E34}) missing from font(s) DejaVu Sans.
  plt.savefig(f'{OUT}/exp5_v3_avalanche_results.png', dpi=150, bbox_inches='tight')
/home/work/.openclaw/workspace/sdi_sim/sdi_experiment5_v3.py:706: UserWarning: Glyph 30028 (\N{CJK UNIFIED IDEOGRAPH-754C}) missing from font(s) DejaVu Sans.
  plt.savefig(f'{OUT}/exp5_v3_avalanche_results.png', dpi=150, bbox_inches='tight')
/home/work/.openclaw/workspace/sdi_sim/sdi_experiment5_v3.py:706: UserWarning: Glyph 28857 (\N{CJK UNIFIED IDEOGRAPH-70B9}) missing from font(s) DejaVu Sans.
  plt.savefig(f'{OUT}/exp5_v3_avalanche_results.png', dpi=150, bbox_inches='tight')
/home/work/.openclaw/workspace/sdi_sim/sdi_experiment5_v3.py:706: UserWarning: Glyph 26657 (\N{CJK UNIFIED IDEOGRAPH-6821}) missing from font(s) DejaVu Sans.
  plt.savefig(f'{OUT}/exp5_v3_avalanche_results.png', dpi=150, bbox_inches='tight')
/home/work/.openclaw/workspace/sdi_sim/sdi_experiment5_v3.py:706: UserWarning: Glyph 20934 (\N{CJK UNIFIED IDEOGRAPH-51C6}) missing from font(s) DejaVu Sans.
  plt.savefig(f'{OUT}/exp5_v3_avalanche_results.png', dpi=150, bbox_inches='tight')
/home/work/.openclaw/workspace/sdi_sim/sdi_experiment5_v3.py:706: UserWarning: Glyph 24930 (\N{CJK UNIFIED IDEOGRAPH-6162}) missing from font(s) DejaVu Sans.
  plt.savefig(f'{OUT}/exp5_v3_avalanche_results.png', dpi=150, bbox_inches='tight')
/home/work/.openclaw/workspace/sdi_sim/sdi_experiment5_v3.py:706: UserWarning: Glyph 39537 (\N{CJK UNIFIED IDEOGRAPH-9A71}) missing from font(s) DejaVu Sans.
  plt.savefig(f'{OUT}/exp5_v3_avalanche_results.png', dpi=150, bbox_inches='tight')
/home/work/.openclaw/workspace/sdi_sim/sdi_experiment5_v3.py:706: UserWarning: Glyph 35760 (\N{CJK UNIFIED IDEOGRAPH-8BB0}) missing from font(s) DejaVu Sans.
  plt.savefig(f'{OUT}/exp5_v3_avalanche_results.png', dpi=150, bbox_inches='tight')
/home/work/.openclaw/workspace/sdi_sim/sdi_experiment5_v3.py:706: UserWarning: Glyph 24405 (\N{CJK UNIFIED IDEOGRAPH-5F55}) missing from font(s) DejaVu Sans.
  plt.savefig(f'{OUT}/exp5_v3_avalanche_results.png', dpi=150, bbox_inches='tight')

✅ 结果已保存: /home/work/.openclaw/workspace/sdi_sim/exp5_v3_avalanche_results.json
✅ 图表已保存: /home/work/.openclaw/workspace/sdi_sim/exp5_v3_avalanche_results.png

======================================================================
实验五v3汇总
======================================================================

网络+规则                        G       零帧%     雪崩数      τ_sz    τ_du    κ        PSD     分    
----------------------------------------------------------------------------------------
Traceback (most recent call last):
  File "/home/work/.openclaw/workspace/sdi_sim/sdi_experiment5_v3.py", line 807, in <module>
    main()
  File "/home/work/.openclaw/workspace/sdi_sim/sdi_experiment5_v3.py", line 789, in main
    f"{np.mean(ts):.2f if ts else 'N/A':<7} "
      ^^^^^^^^^^^^^^^^^^^^^^^^^^^^^^^^^^^^^
ValueError: Invalid format specifier '.2f if ts else 'N/A':<7' for object of type 'float'
