======================================================================
SDI Experiment 5 v12 — Soft-Saturation STDP (物理第一性) + Dual-G Calibration
  ★ 软饱和STDP: dw_eff = dw×(1-w/W_MAX),  W_MAX=0.9
  ★ 文献依据: Bhatt 2009 Neuron + BCM 1982
  Phase1 Adapt  : 8000步 | λ_stim=0.25 T_on=80 + 软饱和STDP
  Phase2 Decode : 2000步 | Poisson + 弱STDP + motor记录
  Phase3 Record : 20000步 | 纯BTW + 极弱STDP
  Phase2 Decode : 2000步 | Poisson + STDP(mid) + motor record
  Phase3 Record : 20000步 | BTW only + STDP(weak)
  Calibration   : κ二分法 → 尺寸校准（目标mean_size∈[5,80]）
======================================================================

[3-rules]

-> C.elegans | seed=42 | 3-rules
  [C.elegans|42] N=279 E=224 I=55 | 感觉=60 运动=108
  λ_stim=0.25 T_on=80 | 适应8000→解码2000→记录20000
    [adapt] 0/10000 σ=12.54 edges=1686 w_mean=0.183 n_act=3 t=0s
    [adapt] 4000/10000 σ=9.92 edges=1686 w_mean=0.803 n_act=6 t=3s
    [decode] 8000/10000 σ=7.77 edges=1673 w_mean=0.999 n_act=1 t=5s

  三阶段完成: edges=1654 σ=7.09 w_mean=0.999
  输出解码: 0.5213 (✓)
  ★ 稳态权重归一化: 0.999 → 0.012 (缩放0.501倍)  文献: Turrigiano 2012

  步骤1: κ校准...
    κ校准 iter=1: G=2.00050 → κ=0.9706
    ✅ G=2.00050, κ=0.9706

  步骤2: 雪崩尺寸校准...

    ★ 尺寸校准（目标mean_size∈[5,80]）
    尺寸校准 iter=1: G=2.00050 → mean_size=47.7 zero=35% n_av=44
    ✅ 尺寸达标: G=2.00050, mean_size=47.7
  最终G=2.00050, 校准mean_size=47.7

  ★ 记录阶段（20000步，G_final=2.0005）...
    [记录] 0/20000 wave=0 σ=7.09 t=7s
    [记录] 4000/20000 wave=1 σ=7.09 t=9s
    [记录] 8000/20000 wave=6 σ=7.09 t=11s
    [记录] 12000/20000 wave=4 σ=7.09 t=13s
    [记录] 16000/20000 wave=0 σ=7.09 t=15s

  雪崩统计: 零帧=31.7% max=36 mean=4.411

=================================================================
  [C.elegans|42|3r] G=2.0005 w_mean=0.999
  零帧: 31.7% ✓
  雪崩数: 1558 | 均尺寸: 56.6 | 均时长: 8.8 ✓
  多步雪崩: 52.3% ✓
  τ_size=1.522 R²=0.012 p=0.00 ✗
  τ_dur=1.712 R²=0.080 (理论=1.261 误差=36%) ✗
  τ缩放: ✗ (误差36%)
  κ=1.0609±0.444 ✓
  PSD=-1.431 R²=0.428 ✓
  解码=0.5213 ✓
  LR(PL>LN)=535.5
  得分: 6/9
  =================================================================


-> C.elegans | seed=7 | 3-rules
  [C.elegans|7] N=279 E=224 I=55 | 感觉=60 运动=108
  λ_stim=0.25 T_on=80 | 适应8000→解码2000→记录20000
    [adapt] 0/10000 σ=13.05 edges=1668 w_mean=0.184 n_act=2 t=0s
    [adapt] 4000/10000 σ=11.39 edges=1668 w_mean=0.818 n_act=3 t=3s
    [decode] 8000/10000 σ=8.43 edges=1649 w_mean=0.999 n_act=4 t=5s

  三阶段完成: edges=1631 σ=7.48 w_mean=0.999
  输出解码: 0.4907 (✓)
  ★ 稳态权重归一化: 0.999 → 0.011 (缩放0.501倍)  文献: Turrigiano 2012

  步骤1: κ校准...
    κ校准 iter=1: G=2.00050 → κ=0.9751
    ✅ G=2.00050, κ=0.9751

  步骤2: 雪崩尺寸校准...

    ★ 尺寸校准（目标mean_size∈[5,80]）
    尺寸校准 iter=1: G=2.00050 → mean_size=62.9 zero=33% n_av=34
    ✅ 尺寸达标: G=2.00050, mean_size=62.9
  最终G=2.00050, 校准mean_size=62.9

  ★ 记录阶段（20000步，G_final=2.0005）...
    [记录] 0/20000 wave=0 σ=7.48 t=7s
    [记录] 4000/20000 wave=4 σ=7.48 t=9s
    [记录] 8000/20000 wave=3 σ=7.48 t=11s
    [记录] 12000/20000 wave=11 σ=7.48 t=13s
    [记录] 16000/20000 wave=4 σ=7.48 t=15s

  雪崩统计: 零帧=32.2% max=29 mean=4.357

=================================================================
  [C.elegans|7|3r] G=2.0005 w_mean=0.999
  零帧: 32.2% ✓
  雪崩数: 1596 | 均尺寸: 54.6 | 均时长: 8.5 ✓
  多步雪崩: 51.9% ✓
  τ_size=1.527 R²=0.065 p=0.00 ✗
  τ_dur=1.718 R²=0.047 (理论=1.263 误差=36%) ✗
  τ缩放: ✗ (误差36%)
  κ=1.0902±0.436 ✓
  PSD=-1.428 R²=0.431 ✓
  解码=0.4907 ✓
  LR(PL>LN)=543.9
  得分: 6/9
  =================================================================


-> C.elegans | seed=13 | 3-rules
  [C.elegans|13] N=279 E=224 I=55 | 感觉=60 运动=108
  λ_stim=0.25 T_on=80 | 适应8000→解码2000→记录20000
    [adapt] 0/10000 σ=12.38 edges=1675 w_mean=0.184 n_act=3 t=0s
    [adapt] 4000/10000 σ=10.57 edges=1674 w_mean=0.846 n_act=7 t=3s
    [decode] 8000/10000 σ=8.51 edges=1649 w_mean=1.000 n_act=3 t=5s

  三阶段完成: edges=1621 σ=6.43 w_mean=0.999
  输出解码: 0.5901 (✓)
  ★ 稳态权重归一化: 0.999 → 0.011 (缩放0.500倍)  文献: Turrigiano 2012

  步骤1: κ校准...
    κ校准 iter=1: G=2.00050 → κ=0.9592
    ✅ G=2.00050, κ=0.9592

  步骤2: 雪崩尺寸校准...

    ★ 尺寸校准（目标mean_size∈[5,80]）
    尺寸校准 iter=1: G=2.00050 → mean_size=38.7 zero=34% n_av=45
    ✅ 尺寸达标: G=2.00050, mean_size=38.7
  最终G=2.00050, 校准mean_size=38.7

  ★ 记录阶段（20000步，G_final=2.0005）...
    [记录] 0/20000 wave=0 σ=6.43 t=7s
    [记录] 4000/20000 wave=0 σ=6.43 t=9s
    [记录] 8000/20000 wave=2 σ=6.43 t=11s
    [记录] 12000/20000 wave=13 σ=6.43 t=13s
    [记录] 16000/20000 wave=0 σ=6.43 t=15s

  雪崩统计: 零帧=32.7% max=31 mean=4.281

=================================================================
  [C.elegans|13|3r] G=2.0005 w_mean=0.999
  零帧: 32.7% ✓
  雪崩数: 1610 | 均尺寸: 53.2 | 均时长: 8.4 ✓
  多步雪崩: 48.8% ✓
  τ_size=1.542 R²=0.030 p=0.00 ✗
  τ_dur=1.693 R²=0.142 (理论=1.271 误差=33%) ✗
  τ缩放: ✗ (误差33%)
  κ=1.0669±0.425 ✓
  PSD=-1.443 R²=0.428 ✓
  解码=0.5901 ✓
  LR(PL>LN)=576.9
  得分: 6/9
  =================================================================


-> Human_HCP | seed=42 | 3-rules
  [Human_HCP|42] N=400 E=320 I=80 | 感觉=60 运动=108
  λ_stim=0.25 T_on=80 | 适应8000→解码2000→记录20000
    [adapt] 0/10000 σ=14.14 edges=3035 w_mean=0.183 n_act=3 t=0s
    [adapt] 4000/10000 σ=13.09 edges=3033 w_mean=0.849 n_act=6 t=5s
    [decode] 8000/10000 σ=10.25 edges=3002 w_mean=1.000 n_act=3 t=9s

  三阶段完成: edges=2974 σ=8.47 w_mean=0.999
  输出解码: 0.3526 (✓)
  ★ 稳态权重归一化: 0.999 → 0.010 (缩放0.500倍)  文献: Turrigiano 2012

  步骤1: κ校准...
    κ校准 iter=1: G=2.00050 → κ=0.9874
    ✅ G=2.00050, κ=0.9874

  步骤2: 雪崩尺寸校准...

    ★ 尺寸校准（目标mean_size∈[5,80]）
    尺寸校准 iter=1: G=2.00050 → mean_size=124.6 zero=36% n_av=30
    尺寸校准 iter=2: G=1.33367 → mean_size=62.7 zero=26% n_av=39
    ✅ 尺寸达标: G=1.33367, mean_size=62.7
  最终G=1.33367, 校准mean_size=62.7

  ★ 记录阶段（20000步，G_final=1.3337）...
    [记录] 0/20000 wave=0 σ=8.47 t=14s
    [记录] 4000/20000 wave=1 σ=8.47 t=17s
    [记录] 8000/20000 wave=2 σ=8.47 t=20s
    [记录] 12000/20000 wave=0 σ=8.47 t=23s
    [记录] 16000/20000 wave=0 σ=8.47 t=26s

  雪崩统计: 零帧=31.4% max=33 mean=4.568

=================================================================
  [Human_HCP|42|3r] G=1.3337 w_mean=0.999
  零帧: 31.4% ✓
  雪崩数: 1527 | 均尺寸: 59.8 | 均时长: 9.0 ✓
  多步雪崩: 51.9% ✓
  τ_size=1.483 R²=0.016 p=0.00 ✗
  τ_dur=1.740 R²=0.210 (理论=1.241 误差=40%) ✗
  τ缩放: ✗ (误差40%)
  κ=1.0523±0.398 ✓
  PSD=-1.472 R²=0.446 ✓
  解码=0.3526 ✓
  LR(PL>LN)=309.8
  得分: 6/9
  =================================================================


-> Human_HCP | seed=7 | 3-rules
  [Human_HCP|7] N=400 E=320 I=80 | 感觉=60 运动=108
  λ_stim=0.25 T_on=80 | 适应8000→解码2000→记录20000
    [adapt] 0/10000 σ=14.39 edges=2973 w_mean=0.183 n_act=2 t=0s
    [adapt] 4000/10000 σ=12.12 edges=2972 w_mean=0.860 n_act=5 t=4s
    [decode] 8000/10000 σ=7.49 edges=2936 w_mean=1.000 n_act=4 t=9s

  三阶段完成: edges=2911 σ=5.82 w_mean=0.999
  输出解码: 0.5015 (✓)
  ★ 稳态权重归一化: 0.999 → 0.010 (缩放0.500倍)  文献: Turrigiano 2012

  步骤1: κ校准...
    κ校准 iter=1: G=2.00050 → κ=0.9879
    ✅ G=2.00050, κ=0.9879

  步骤2: 雪崩尺寸校准...

    ★ 尺寸校准（目标mean_size∈[5,80]）
    尺寸校准 iter=1: G=2.00050 → mean_size=119.9 zero=33% n_av=34
    尺寸校准 iter=2: G=1.33367 → mean_size=83.4 zero=23% n_av=28
    尺寸校准 iter=3: G=0.88911 → mean_size=8.0 zero=59% n_av=68
    ✅ 尺寸达标: G=0.88911, mean_size=8.0
  最终G=0.88911, 校准mean_size=8.0

  ★ 记录阶段（20000步，G_final=0.8891）...
    [记录] 0/20000 wave=0 σ=5.82 t=14s
    [记录] 4000/20000 wave=3 σ=5.82 t=17s
    [记录] 8000/20000 wave=4 σ=5.82 t=19s
    [记录] 12000/20000 wave=0 σ=5.82 t=22s
    [记录] 16000/20000 wave=0 σ=5.82 t=24s

  雪崩统计: 零帧=53.7% max=15 mean=1.017

=================================================================
  [Human_HCP|7|3r] G=0.8891 w_mean=0.999
  零帧: 53.7% ✓
  雪崩数: 2928 | 均尺寸: 6.9 | 均时长: 3.2 ✓
  多步雪崩: 44.0% ✓
  τ_size=2.079 R²=0.942 p=0.00 ✗
  τ_dur=2.435 R²=0.937 (理论=1.540 误差=58%) ✓
  τ缩放: ✗ (误差58%)
  κ=1.0828±0.508 ✓
  PSD=-1.184 R²=0.382 ✓
  解码=0.5015 ✓
  LR(PL>LN)=597.2
  得分: 7/9
  =================================================================


-> Human_HCP | seed=13 | 3-rules
  [Human_HCP|13] N=400 E=320 I=80 | 感觉=60 运动=108
  λ_stim=0.25 T_on=80 | 适应8000→解码2000→记录20000
    [adapt] 0/10000 σ=14.13 edges=3019 w_mean=0.183 n_act=3 t=0s
    [adapt] 4000/10000 σ=13.34 edges=3019 w_mean=0.835 n_act=6 t=4s
    [decode] 8000/10000 σ=10.35 edges=2990 w_mean=0.999 n_act=1 t=9s

  三阶段完成: edges=2965 σ=8.45 w_mean=0.999
  输出解码: 0.5078 (✓)
  ★ 稳态权重归一化: 0.999 → 0.010 (缩放0.500倍)  文献: Turrigiano 2012

  步骤1: κ校准...
    κ校准 iter=1: G=2.00050 → κ=0.9876
    ✅ G=2.00050, κ=0.9876

  步骤2: 雪崩尺寸校准...

    ★ 尺寸校准（目标mean_size∈[5,80]）
    尺寸校准 iter=1: G=2.00050 → mean_size=121.5 zero=31% n_av=34
    尺寸校准 iter=2: G=1.33367 → mean_size=62.3 zero=33% n_av=39
    ✅ 尺寸达标: G=1.33367, mean_size=62.3
  最终G=1.33367, 校准mean_size=62.3

  ★ 记录阶段（20000步，G_final=1.3337）...
    [记录] 0/20000 wave=0 σ=8.45 t=14s
    [记录] 4000/20000 wave=0 σ=8.45 t=17s
    [记录] 8000/20000 wave=0 σ=8.45 t=20s
    [记录] 12000/20000 wave=9 σ=8.45 t=23s
    [记录] 16000/20000 wave=0 σ=8.45 t=26s

  雪崩统计: 零帧=31.6% max=30 mean=4.434

=================================================================
  [Human_HCP|13|3r] G=1.3337 w_mean=0.999
  零帧: 31.6% ✓
  雪崩数: 1678 | 均尺寸: 52.9 | 均时长: 8.1 ✓
  多步雪崩: 51.0% ✓
  τ_size=1.515 R²=0.032 p=0.00 ✗
  τ_dur=1.803 R²=0.126 (理论=1.258 误差=43%) ✗
  τ缩放: ✗ (误差43%)
  κ=1.0776±0.478 ✓
  PSD=-1.489 R²=0.457 ✓
  解码=0.5078 ✓
  LR(PL>LN)=365.1
  得分: 6/9
  =================================================================


-> WS_Control | seed=42 | 3-rules
  [WS_Control|42] N=279 E=224 I=55 | 感觉=60 运动=108
  λ_stim=0.25 T_on=80 | 适应8000→解码2000→记录20000
    [adapt] 0/10000 σ=12.21 edges=1701 w_mean=0.184 n_act=3 t=0s
    [adapt] 4000/10000 σ=9.17 edges=1701 w_mean=0.853 n_act=3 t=3s
    [decode] 8000/10000 σ=6.57 edges=1684 w_mean=0.999 n_act=2 t=5s

  三阶段完成: edges=1667 σ=5.37 w_mean=0.999
  输出解码: 0.4645 (✓)
  ★ 稳态权重归一化: 0.999 → 0.012 (缩放0.500倍)  文献: Turrigiano 2012

  步骤1: κ校准...
    κ校准 iter=1: G=2.00050 → κ=0.9776
    ✅ G=2.00050, κ=0.9776

  步骤2: 雪崩尺寸校准...

    ★ 尺寸校准（目标mean_size∈[5,80]）
    尺寸校准 iter=1: G=2.00050 → mean_size=61.1 zero=32% n_av=40
    ✅ 尺寸达标: G=2.00050, mean_size=61.1
  最终G=2.00050, 校准mean_size=61.1

  ★ 记录阶段（20000步，G_final=2.0005）...
    [记录] 0/20000 wave=0 σ=5.37 t=7s
    [记录] 4000/20000 wave=19 σ=5.37 t=9s
    [记录] 8000/20000 wave=7 σ=5.37 t=11s
    [记录] 12000/20000 wave=0 σ=5.37 t=13s
    [记录] 16000/20000 wave=16 σ=5.37 t=16s

  雪崩统计: 零帧=34.9% max=33 mean=4.739

=================================================================
  [WS_Control|42|3r] G=2.0005 w_mean=0.999
  零帧: 34.9% ✓
  雪崩数: 1567 | 均尺寸: 60.5 | 均时长: 8.3 ✓
  多步雪崩: 49.9% ✓
  τ_size=1.493 R²=0.077 p=0.00 ✗
  τ_dur=1.690 R²=0.013 (理论=1.247 误差=36%) ✗
  τ缩放: ✗ (误差36%)
  κ=1.0655±0.368 ✓
  PSD=-1.488 R²=0.432 ✓
  解码=0.4645 ✓
  LR(PL>LN)=492.7
  得分: 6/9
  =================================================================


-> WS_Control | seed=7 | 3-rules
  [WS_Control|7] N=279 E=224 I=55 | 感觉=60 运动=108
  λ_stim=0.25 T_on=80 | 适应8000→解码2000→记录20000
    [adapt] 0/10000 σ=11.13 edges=1672 w_mean=0.182 n_act=2 t=0s
    [adapt] 4000/10000 σ=8.23 edges=1670 w_mean=0.814 n_act=2 t=3s
    [decode] 8000/10000 σ=5.80 edges=1651 w_mean=0.999 n_act=4 t=5s

  三阶段完成: edges=1634 σ=4.70 w_mean=0.999
  输出解码: 0.5175 (✓)
  ★ 稳态权重归一化: 0.999 → 0.011 (缩放0.501倍)  文献: Turrigiano 2012

  步骤1: κ校准...
    κ校准 iter=1: G=2.00050 → κ=0.9698
    ✅ G=2.00050, κ=0.9698

  步骤2: 雪崩尺寸校准...

    ★ 尺寸校准（目标mean_size∈[5,80]）
    尺寸校准 iter=1: G=2.00050 → mean_size=46.1 zero=37% n_av=43
    ✅ 尺寸达标: G=2.00050, mean_size=46.1
  最终G=2.00050, 校准mean_size=46.1

  ★ 记录阶段（20000步，G_final=2.0005）...
    [记录] 0/20000 wave=0 σ=4.70 t=7s
    [记录] 4000/20000 wave=4 σ=4.70 t=9s
    [记录] 8000/20000 wave=5 σ=4.70 t=11s
    [记录] 12000/20000 wave=0 σ=4.70 t=13s
    [记录] 16000/20000 wave=0 σ=4.70 t=15s

  雪崩统计: 零帧=33.3% max=31 mean=4.679

=================================================================
  [WS_Control|7|3r] G=2.0005 w_mean=0.999
  零帧: 33.3% ✓
  雪崩数: 1528 | 均尺寸: 61.2 | 均时长: 8.7 ✓
  多步雪崩: 52.2% ✓
  τ_size=1.498 R²=0.014 p=0.00 ✗
  τ_dur=1.684 R²=0.100 (理论=1.249 误差=35%) ✗
  τ缩放: ✗ (误差35%)
  κ=1.0671±0.425 ✓
  PSD=-1.482 R²=0.426 ✓
  解码=0.5175 ✓
  LR(PL>LN)=498.3
  得分: 6/9
  =================================================================


-> WS_Control | seed=13 | 3-rules
  [WS_Control|13] N=279 E=224 I=55 | 感觉=60 运动=108
  λ_stim=0.25 T_on=80 | 适应8000→解码2000→记录20000
    [adapt] 0/10000 σ=11.26 edges=1656 w_mean=0.184 n_act=3 t=0s
    [adapt] 4000/10000 σ=9.65 edges=1656 w_mean=0.818 n_act=11 t=3s
    [decode] 8000/10000 σ=7.16 edges=1632 w_mean=0.999 n_act=2 t=5s

  三阶段完成: edges=1612 σ=5.54 w_mean=0.999
  输出解码: 0.4528 (✓)
  ★ 稳态权重归一化: 0.999 → 0.011 (缩放0.501倍)  文献: Turrigiano 2012

  步骤1: κ校准...
    κ校准 iter=1: G=2.00050 → κ=0.9669
    ✅ G=2.00050, κ=0.9669

  步骤2: 雪崩尺寸校准...

    ★ 尺寸校准（目标mean_size∈[5,80]）
    尺寸校准 iter=1: G=2.00050 → mean_size=49.4 zero=30% n_av=39
    ✅ 尺寸达标: G=2.00050, mean_size=49.4
  最终G=2.00050, 校准mean_size=49.4

  ★ 记录阶段（20000步，G_final=2.0005）...
    [记录] 0/20000 wave=0 σ=5.54 t=7s
    [记录] 4000/20000 wave=6 σ=5.54 t=9s
    [记录] 8000/20000 wave=0 σ=5.54 t=11s
    [记录] 12000/20000 wave=21 σ=5.54 t=13s
    [记录] 16000/20000 wave=0 σ=5.54 t=15s

  雪崩统计: 零帧=33.0% max=29 mean=4.223

=================================================================
  [WS_Control|13|3r] G=2.0005 w_mean=0.999
  零帧: 33.0% ✓
  雪崩数: 1639 | 均尺寸: 51.5 | 均时长: 8.2 ✓
  多步雪崩: 51.0% ✓
  τ_size=1.547 R²=0.033 p=0.00 ✗
  τ_dur=1.741 R²=0.047 (理论=1.273 误差=37%) ✗
  τ缩放: ✗ (误差37%)
  κ=1.0831±0.423 ✓
  PSD=-1.399 R²=0.417 ✓
  解码=0.4528 ✓
  LR(PL>LN)=579.5
  得分: 6/9
  =================================================================


[4-rules]

-> C.elegans | seed=42 | 4-rules
  [C.elegans|42] N=279 E=224 I=55 | 感觉=60 运动=108
  λ_stim=0.25 T_on=80 | 适应8000→解码2000→记录20000
    [adapt] 0/10000 σ=12.54 edges=1686 w_mean=0.183 n_act=3 t=0s
    [adapt] 4000/10000 σ=13.25 edges=1047 w_mean=0.840 n_act=3 t=3s
    [decode] 8000/10000 σ=11.32 edges=994 w_mean=1.000 n_act=3 t=5s

  三阶段完成: edges=992 σ=10.75 w_mean=0.999
  输出解码: 0.5380 (✓)
  ★ 稳态权重归一化: 0.999 → 0.007 (缩放0.501倍)  文献: Turrigiano 2012

  步骤1: κ校准...
    κ校准 iter=1: G=2.00050 → κ=0.5892
    κ校准 iter=2: G=3.00025 → κ=0.9163
    ✅ G=3.00025, κ=0.9163

  步骤2: 雪崩尺寸校准...

    ★ 尺寸校准（目标mean_size∈[5,80]）
    尺寸校准 iter=1: G=3.00025 → mean_size=21.5 zero=33% n_av=55
    ✅ 尺寸达标: G=3.00025, mean_size=21.5
  最终G=3.00025, 校准mean_size=21.5

  ★ 记录阶段（20000步，G_final=3.0003）...
    [记录] 0/20000 wave=0 σ=10.75 t=8s
    [记录] 4000/20000 wave=0 σ=10.75 t=10s
    [记录] 8000/20000 wave=1 σ=10.75 t=13s
    [记录] 12000/20000 wave=3 σ=10.75 t=16s
    [记录] 16000/20000 wave=0 σ=10.75 t=18s

  雪崩统计: 零帧=31.1% max=19 mean=2.663

=================================================================
  [C.elegans|42|4r] G=3.0003 w_mean=0.999
  零帧: 31.1% ✓
  雪崩数: 2043 | 均尺寸: 26.1 | 均时长: 6.7 ✓
  多步雪崩: 53.9% ✓
  τ_size=1.596 R²=0.086 p=0.00 ✗
  τ_dur=1.838 R²=0.239 (理论=1.298 误差=42%) ✗
  τ缩放: ✗ (误差42%)
  κ=1.1401±0.537 ✓
  PSD=-1.197 R²=0.350 ✓
  解码=0.5380 ✓
  LR(PL>LN)=280.9
  得分: 6/9
  =================================================================


-> C.elegans | seed=7 | 4-rules
  [C.elegans|7] N=279 E=224 I=55 | 感觉=60 运动=108
  λ_stim=0.25 T_on=80 | 适应8000→解码2000→记录20000
    [adapt] 0/10000 σ=13.05 edges=1668 w_mean=0.184 n_act=2 t=0s
    [adapt] 4000/10000 σ=12.14 edges=1037 w_mean=0.853 n_act=2 t=3s
    [decode] 8000/10000 σ=9.85 edges=985 w_mean=0.999 n_act=3 t=5s

  三阶段完成: edges=983 σ=9.51 w_mean=0.999
  输出解码: 0.4139 (✓)
  ★ 稳态权重归一化: 0.999 → 0.007 (缩放0.500倍)  文献: Turrigiano 2012

  步骤1: κ校准...
    κ校准 iter=1: G=2.00050 → κ=0.5899
    κ校准 iter=2: G=3.00025 → κ=0.9059
    ✅ G=3.00025, κ=0.9059

  步骤2: 雪崩尺寸校准...

    ★ 尺寸校准（目标mean_size∈[5,80]）
    尺寸校准 iter=1: G=3.00025 → mean_size=17.9 zero=36% n_av=62
    ✅ 尺寸达标: G=3.00025, mean_size=17.9
  最终G=3.00025, 校准mean_size=17.9

  ★ 记录阶段（20000步，G_final=3.0003）...
    [记录] 0/20000 wave=0 σ=9.51 t=8s
    [记录] 4000/20000 wave=4 σ=9.51 t=10s
    [记录] 8000/20000 wave=0 σ=9.51 t=13s
    [记录] 12000/20000 wave=2 σ=9.51 t=16s
    [记录] 16000/20000 wave=0 σ=9.51 t=19s

  雪崩统计: 零帧=32.7% max=19 mean=2.606

=================================================================
  [C.elegans|7|4r] G=3.0003 w_mean=0.999
  零帧: 32.7% ✓
  雪崩数: 2163 | 均尺寸: 24.1 | 均时长: 6.2 ✓
  多步雪崩: 54.1% ✓
  τ_size=1.626 R²=0.069 p=0.00 ✗
  τ_dur=1.988 R²=0.471 (理论=1.313 误差=51%) ✗
  τ缩放: ✗ (误差51%)
  κ=1.0928±0.499 ✓
  PSD=-1.221 R²=0.363 ✓
  解码=0.4139 ✓
  LR(PL>LN)=310.4
  得分: 6/9
  =================================================================


-> C.elegans | seed=13 | 4-rules
  [C.elegans|13] N=279 E=224 I=55 | 感觉=60 运动=108
  λ_stim=0.25 T_on=80 | 适应8000→解码2000→记录20000
    [adapt] 0/10000 σ=12.38 edges=1675 w_mean=0.184 n_act=3 t=0s
    [adapt] 4000/10000 σ=12.95 edges=1039 w_mean=0.835 n_act=5 t=3s
    [decode] 8000/10000 σ=10.30 edges=997 w_mean=0.999 n_act=3 t=5s

  三阶段完成: edges=994 σ=9.24 w_mean=0.999
  输出解码: 0.5501 (✓)
  ★ 稳态权重归一化: 0.999 → 0.007 (缩放0.500倍)  文献: Turrigiano 2012

  步骤1: κ校准...
    κ校准 iter=1: G=2.00050 → κ=0.6706
    κ校准 iter=2: G=3.00025 → κ=0.9239
    ✅ G=3.00025, κ=0.9239

  步骤2: 雪崩尺寸校准...

    ★ 尺寸校准（目标mean_size∈[5,80]）
    尺寸校准 iter=1: G=3.00025 → mean_size=30.4 zero=29% n_av=45
    ✅ 尺寸达标: G=3.00025, mean_size=30.4
  最终G=3.00025, 校准mean_size=30.4

  ★ 记录阶段（20000步，G_final=3.0003）...
    [记录] 0/20000 wave=0 σ=9.24 t=8s
    [记录] 4000/20000 wave=0 σ=9.24 t=10s
    [记录] 8000/20000 wave=8 σ=9.24 t=13s
    [记录] 12000/20000 wave=10 σ=9.24 t=16s
    [记录] 16000/20000 wave=3 σ=9.24 t=20s

  雪崩统计: 零帧=32.1% max=21 mean=2.918

=================================================================
  [C.elegans|13|4r] G=3.0003 w_mean=0.999
  零帧: 32.1% ✓
  雪崩数: 1902 | 均尺寸: 30.7 | 均时长: 7.1 ✓
  多步雪崩: 49.9% ✓
  τ_size=1.525 R²=0.007 p=0.00 ✗
  τ_dur=1.804 R²=0.128 (理论=1.262 误差=43%) ✗
  τ缩放: ✗ (误差43%)
  κ=1.0925±0.504 ✓
  PSD=-1.273 R²=0.397 ✓
  解码=0.5501 ✓
  LR(PL>LN)=194.3
  得分: 6/9
  =================================================================


-> Human_HCP | seed=42 | 4-rules
  [Human_HCP|42] N=400 E=320 I=80 | 感觉=60 运动=108
  λ_stim=0.25 T_on=80 | 适应8000→解码2000→记录20000
    [adapt] 0/10000 σ=14.14 edges=3035 w_mean=0.183 n_act=3 t=0s
    [adapt] 4000/10000 σ=15.98 edges=1683 w_mean=0.836 n_act=4 t=5s
    [decode] 8000/10000 σ=15.16 edges=1560 w_mean=1.000 n_act=3 t=9s

  三阶段完成: edges=1556 σ=14.59 w_mean=0.999
  输出解码: 0.4893 (✓)
  ★ 稳态权重归一化: 0.999 → 0.006 (缩放0.501倍)  文献: Turrigiano 2012

  步骤1: κ校准...
    κ校准 iter=1: G=2.00050 → κ=0.6699
    κ校准 iter=2: G=3.00025 → κ=0.9407
    ✅ G=3.00025, κ=0.9407

  步骤2: 雪崩尺寸校准...

    ★ 尺寸校准（目标mean_size∈[5,80]）
    尺寸校准 iter=1: G=3.00025 → mean_size=33.5 zero=31% n_av=48
    ✅ 尺寸达标: G=3.00025, mean_size=33.5
  最终G=3.00025, 校准mean_size=33.5

  ★ 记录阶段（20000步，G_final=3.0003）...
    [记录] 0/20000 wave=0 σ=14.59 t=14s
    [记录] 4000/20000 wave=3 σ=14.59 t=19s
    [记录] 8000/20000 wave=2 σ=14.59 t=24s
    [记录] 12000/20000 wave=1 σ=14.59 t=29s
    [记录] 16000/20000 wave=1 σ=14.59 t=35s

  雪崩统计: 零帧=29.0% max=23 mean=3.570

=================================================================
  [Human_HCP|42|4r] G=3.0003 w_mean=0.999
  零帧: 29.0% ✗
  雪崩数: 1805 | 均尺寸: 39.6 | 均时长: 7.9 ✓
  多步雪崩: 50.6% ✓
  τ_size=1.516 R²=0.013 p=0.00 ✗
  τ_dur=1.855 R²=0.176 (理论=1.258 误差=47%) ✗
  τ缩放: ✗ (误差47%)
  κ=1.0955±0.518 ✓
  PSD=-1.334 R²=0.411 ✓
  解码=0.4893 ✓
  LR(PL>LN)=232.6
  得分: 5/9
  =================================================================


-> Human_HCP | seed=7 | 4-rules
  [Human_HCP|7] N=400 E=320 I=80 | 感觉=60 运动=108
  λ_stim=0.25 T_on=80 | 适应8000→解码2000→记录20000
    [adapt] 0/10000 σ=14.39 edges=2973 w_mean=0.183 n_act=2 t=0s
    [adapt] 4000/10000 σ=12.55 edges=1685 w_mean=0.850 n_act=1 t=5s
    [decode] 8000/10000 σ=9.74 edges=1527 w_mean=1.000 n_act=2 t=9s

  三阶段完成: edges=1522 σ=8.77 w_mean=0.999
  输出解码: 0.4991 (✓)
  ★ 稳态权重归一化: 0.999 → 0.006 (缩放0.500倍)  文献: Turrigiano 2012

  步骤1: κ校准...
    κ校准 iter=1: G=2.00050 → κ=0.5564
    κ校准 iter=2: G=3.00025 → κ=0.9356
    ✅ G=3.00025, κ=0.9356

  步骤2: 雪崩尺寸校准...

    ★ 尺寸校准（目标mean_size∈[5,80]）
    尺寸校准 iter=1: G=3.00025 → mean_size=34.8 zero=27% n_av=48
    ✅ 尺寸达标: G=3.00025, mean_size=34.8
  最终G=3.00025, 校准mean_size=34.8

  ★ 记录阶段（20000步，G_final=3.0003）...
    [记录] 0/20000 wave=0 σ=8.77 t=14s
    [记录] 4000/20000 wave=9 σ=8.77 t=19s
    [记录] 8000/20000 wave=0 σ=8.77 t=24s
    [记录] 12000/20000 wave=6 σ=8.77 t=29s
    [记录] 16000/20000 wave=0 σ=8.77 t=34s

  雪崩统计: 零帧=30.8% max=23 mean=3.382

=================================================================
  [Human_HCP|7|4r] G=3.0003 w_mean=0.999
  零帧: 30.8% ✓
  雪崩数: 1810 | 均尺寸: 37.4 | 均时长: 7.6 ✓
  多步雪崩: 47.3% ✓
  τ_size=1.504 R²=0.003 p=0.00 ✗
  τ_dur=1.827 R²=0.147 (理论=1.252 误差=46%) ✗
  τ缩放: ✗ (误差46%)
  κ=1.0812±0.485 ✓
  PSD=-1.295 R²=0.396 ✓
  解码=0.4991 ✓
  LR(PL>LN)=202.2
  得分: 6/9
  =================================================================


-> Human_HCP | seed=13 | 4-rules
  [Human_HCP|13] N=400 E=320 I=80 | 感觉=60 运动=108
  λ_stim=0.25 T_on=80 | 适应8000→解码2000→记录20000
    [adapt] 0/10000 σ=14.13 edges=3019 w_mean=0.183 n_act=3 t=0s
    [adapt] 4000/10000 σ=15.84 edges=1667 w_mean=0.889 n_act=4 t=5s
    [decode] 8000/10000 σ=16.18 edges=1527 w_mean=0.999 n_act=0 t=9s

  三阶段完成: edges=1522 σ=15.49 w_mean=0.999
  输出解码: 0.4625 (✓)
  ★ 稳态权重归一化: 0.999 → 0.006 (缩放0.500倍)  文献: Turrigiano 2012

  步骤1: κ校准...
    κ校准 iter=1: G=2.00050 → κ=0.7049
    κ校准 iter=2: G=3.00025 → κ=0.9417
    ✅ G=3.00025, κ=0.9417

  步骤2: 雪崩尺寸校准...

    ★ 尺寸校准（目标mean_size∈[5,80]）
    尺寸校准 iter=1: G=3.00025 → mean_size=33.2 zero=23% n_av=49
    ✅ 尺寸达标: G=3.00025, mean_size=33.2
  最终G=3.00025, 校准mean_size=33.2

  ★ 记录阶段（20000步，G_final=3.0003）...
    [记录] 0/20000 wave=0 σ=15.49 t=14s
    [记录] 4000/20000 wave=5 σ=15.49 t=19s
    [记录] 8000/20000 wave=6 σ=15.49 t=24s
    [记录] 12000/20000 wave=0 σ=15.49 t=29s
    [记录] 16000/20000 wave=7 σ=15.49 t=34s

  雪崩统计: 零帧=30.7% max=25 mean=3.320

=================================================================
  [Human_HCP|13|4r] G=3.0003 w_mean=0.999
  零帧: 30.7% ✓
  雪崩数: 1874 | 均尺寸: 35.4 | 均时长: 7.4 ✓
  多步雪崩: 50.2% ✓
  τ_size=1.527 R²=0.043 p=0.00 ✗
  τ_dur=1.880 R²=0.242 (理论=1.263 误差=49%) ✗
  τ缩放: ✗ (误差49%)
  κ=1.1172±0.517 ✓
  PSD=-1.330 R²=0.405 ✓
  解码=0.4625 ✓
  LR(PL>LN)=228.6
  得分: 6/9
  =================================================================


-> WS_Control | seed=42 | 4-rules
  [WS_Control|42] N=279 E=224 I=55 | 感觉=60 运动=108
  λ_stim=0.25 T_on=80 | 适应8000→解码2000→记录20000
    [adapt] 0/10000 σ=12.21 edges=1701 w_mean=0.184 n_act=3 t=0s
    [adapt] 4000/10000 σ=11.04 edges=1051 w_mean=0.838 n_act=3 t=3s
    [decode] 8000/10000 σ=8.94 edges=994 w_mean=1.000 n_act=1 t=5s

  三阶段完成: edges=992 σ=8.32 w_mean=0.999
  输出解码: 0.5161 (✓)
  ★ 稳态权重归一化: 0.999 → 0.007 (缩放0.500倍)  文献: Turrigiano 2012

  步骤1: κ校准...
    κ校准 iter=1: G=2.00050 → κ=0.6440
    κ校准 iter=2: G=3.00025 → κ=0.9378
    ✅ G=3.00025, κ=0.9378

  步骤2: 雪崩尺寸校准...

    ★ 尺寸校准（目标mean_size∈[5,80]）
    尺寸校准 iter=1: G=3.00025 → mean_size=40.7 zero=29% n_av=40
    ✅ 尺寸达标: G=3.00025, mean_size=40.7
  最终G=3.00025, 校准mean_size=40.7

  ★ 记录阶段（20000步，G_final=3.0003）...
    [记录] 0/20000 wave=0 σ=8.32 t=8s
    [记录] 4000/20000 wave=5 σ=8.32 t=11s
    [记录] 8000/20000 wave=0 σ=8.32 t=14s
    [记录] 12000/20000 wave=12 σ=8.32 t=17s
    [记录] 16000/20000 wave=7 σ=8.32 t=21s

  雪崩统计: 零帧=32.3% max=21 mean=3.156

=================================================================
  [WS_Control|42|4r] G=3.0003 w_mean=0.999
  零帧: 32.3% ✓
  雪崩数: 1863 | 均尺寸: 33.9 | 均时长: 7.3 ✓
  多步雪崩: 49.2% ✓
  τ_size=1.576 R²=0.017 p=0.00 ✗
  τ_dur=1.767 R²=0.058 (理论=1.288 误差=37%) ✗
  τ缩放: ✗ (误差37%)
  κ=1.1107±0.481 ✓
  PSD=-1.298 R²=0.394 ✓
  解码=0.5161 ✓
  LR(PL>LN)=400.6
  得分: 6/9
  =================================================================


-> WS_Control | seed=7 | 4-rules
  [WS_Control|7] N=279 E=224 I=55 | 感觉=60 运动=108
  λ_stim=0.25 T_on=80 | 适应8000→解码2000→记录20000
    [adapt] 0/10000 σ=11.13 edges=1672 w_mean=0.182 n_act=2 t=0s
    [adapt] 4000/10000 σ=10.29 edges=1030 w_mean=0.800 n_act=1 t=3s
    [decode] 8000/10000 σ=8.84 edges=991 w_mean=0.998 n_act=4 t=5s

  三阶段完成: edges=991 σ=7.74 w_mean=0.999
  输出解码: 0.5330 (✓)
  ★ 稳态权重归一化: 0.999 → 0.007 (缩放0.500倍)  文献: Turrigiano 2012

  步骤1: κ校准...
    κ校准 iter=1: G=2.00050 → κ=0.6581
    κ校准 iter=2: G=3.00025 → κ=0.9287
    ✅ G=3.00025, κ=0.9287

  步骤2: 雪崩尺寸校准...

    ★ 尺寸校准（目标mean_size∈[5,80]）
    尺寸校准 iter=1: G=3.00025 → mean_size=35.7 zero=42% n_av=35
    ✅ 尺寸达标: G=3.00025, mean_size=35.7
  最终G=3.00025, 校准mean_size=35.7

  ★ 记录阶段（20000步，G_final=3.0003）...
    [记录] 0/20000 wave=0 σ=7.74 t=8s
    [记录] 4000/20000 wave=5 σ=7.74 t=10s
    [记录] 8000/20000 wave=0 σ=7.74 t=13s
    [记录] 12000/20000 wave=4 σ=7.74 t=16s
    [记录] 16000/20000 wave=3 σ=7.74 t=20s

  雪崩统计: 零帧=33.2% max=22 mean=3.083

=================================================================
  [WS_Control|7|4r] G=3.0003 w_mean=0.999
  零帧: 33.2% ✓
  雪崩数: 1768 | 均尺寸: 34.9 | 均时长: 7.6 ✓
  多步雪崩: 51.3% ✓
  τ_size=1.549 R²=0.003 p=0.00 ✗
  τ_dur=1.811 R²=0.161 (理论=1.274 误差=42%) ✗
  τ缩放: ✗ (误差42%)
  κ=1.0775±0.433 ✓
  PSD=-1.326 R²=0.401 ✓
  解码=0.5330 ✓
  LR(PL>LN)=355.6
  得分: 6/9
  =================================================================


-> WS_Control | seed=13 | 4-rules
  [WS_Control|13] N=279 E=224 I=55 | 感觉=60 运动=108
  λ_stim=0.25 T_on=80 | 适应8000→解码2000→记录20000
    [adapt] 0/10000 σ=11.26 edges=1656 w_mean=0.184 n_act=3 t=0s
    [adapt] 4000/10000 σ=10.07 edges=1013 w_mean=0.863 n_act=5 t=3s
    [decode] 8000/10000 σ=7.69 edges=977 w_mean=0.999 n_act=2 t=5s

  三阶段完成: edges=977 σ=7.19 w_mean=0.999
  输出解码: 0.3795 (✓)
  ★ 稳态权重归一化: 0.999 → 0.007 (缩放0.501倍)  文献: Turrigiano 2012

  步骤1: κ校准...
    κ校准 iter=1: G=2.00050 → κ=0.6634
    κ校准 iter=2: G=3.00025 → κ=0.9498
    ✅ G=3.00025, κ=0.9498

  步骤2: 雪崩尺寸校准...

    ★ 尺寸校准（目标mean_size∈[5,80]）
    尺寸校准 iter=1: G=3.00025 → mean_size=26.5 zero=31% n_av=51
    ✅ 尺寸达标: G=3.00025, mean_size=26.5
  最终G=3.00025, 校准mean_size=26.5

  ★ 记录阶段（20000步，G_final=3.0003）...
    [记录] 0/20000 wave=0 σ=7.19 t=8s
    [记录] 4000/20000 wave=0 σ=7.19 t=11s
    [记录] 8000/20000 wave=0 σ=7.19 t=13s
    [记录] 12000/20000 wave=3 σ=7.19 t=16s
    [记录] 16000/20000 wave=5 σ=7.19 t=19s

  雪崩统计: 零帧=33.6% max=21 mean=2.766

=================================================================
  [WS_Control|13|4r] G=3.0003 w_mean=0.999
  零帧: 33.6% ✓
  雪崩数: 1989 | 均尺寸: 27.8 | 均时长: 6.7 ✓
  多步雪崩: 50.8% ✓
  τ_size=1.545 R²=0.028 p=0.00 ✗
  τ_dur=1.932 R²=0.261 (理论=1.273 误差=52%) ✗
  τ缩放: ✗ (误差52%)
  κ=1.0905±0.483 ✓
  PSD=-1.250 R²=0.368 ✓
  解码=0.3795 ✓
  LR(PL>LN)=220.2
  得分: 6/9
  =================================================================

/home/work/.openclaw/workspace/sdi_sim/sdi_experiment5_v12.py:1000: UserWarning: No artists with labels found to put in legend.  Note that artists whose label start with an underscore are ignored when legend() is called with no argument.
  ax2.tick_params(labelsize=6); ax2.legend(fontsize=5)

Saved: /home/work/.openclaw/workspace/sdi_sim/exp5_v12_avalanche_results.json
Figure: /home/work/.openclaw/workspace/sdi_sim/exp5_v12_avalanche_results.png

======================================================================
Summary v12
======================================================================

Group                        G_f    ms     κ      τ_s    τ_d    se%    PSD    dec    zero   Score
----------------------------------------------------------------------------------------------------
C.elegans_3-rules            2.001  54.8   1.073  1.53   1.71   35%  -1.43  0.534  32%   6.0/9
C.elegans_4-rules            3.000  26.9   1.108  1.58   1.88   45%  -1.23  0.501  32%   6.0/9
Human_HCP_3-rules            1.185  39.9   1.071  1.69   1.99   47%  -1.38  0.454  39%   6.3/9
Human_HCP_4-rules            3.000  37.5   1.098  1.52   1.85   47%  -1.32  0.484  30%   5.7/9
WS_Control_3-rules           2.001  57.8   1.072  1.51   1.70   36%  -1.46  0.478  34%   6.0/9
WS_Control_4-rules           3.000  32.2   1.093  1.56   1.84   44%  -1.29  0.476  33%   6.0/9

Best: Human_HCP | 3-rules | seed=7
  tau_s=2.079  tau_d=2.435  kappa=1.083
  G_final=0.8891  mean_size=6.9
  decode=0.5015  score=7/9

Total: 449s (7.5min)
v12 complete.
