======================================================================
SDI Experiment 5 v6: Full Bio (E/I Balance + STD + Delays)
  E/I: 80% excitatory / 20% inhibitory
  STD: U0=0.5, USE_FACTOR=0.4, TAU_STD=20.0
  Delay: max=3 steps
======================================================================

[3-rules]

-> C.elegans | seed=42 | 3-rules
  [C.elegans|seed=42] N=279, E=224(80%), I=55(20%)
  [C.elegans|seed=42] 学习阶段（8000步）...
    学习 0/8000 σ=12.28 edges=2226 t=0s
    学习 4000/8000 σ=11.05 edges=2215 t=3s

  学习后: edges=1984, σ=8.29

  [C.elegans|seed=42] 临界点校准（真实BTW+E/I+STD条件）...
    校准 iter=1: G=1.50050 → κ=1.7292
    校准 iter=2: G=0.75075 → κ=1.3014
    校准 iter=3: G=0.37587 → κ=0.4375
    校准 iter=4: G=0.56331 → κ=1.0128
    ✅ G=0.56331, κ=1.0128
  校准结果: G=0.56331, κ=1.0128

  [C.elegans|seed=42] 记录阶段（20000步，G=0.5633）...
    记录 0/20000 wave=0 σ=8.29 t=7s
    记录 4000/20000 wave=0 σ=8.29 t=8s
    记录 8000/20000 wave=1 σ=8.29 t=8s
    记录 12000/20000 wave=1 σ=8.29 t=9s
    记录 16000/20000 wave=1 σ=8.29 t=9s

  激活统计: 零帧=83.6% 最大=12 平均=0.322
  尺寸统计（步级）: 中位数=2 最大=12

============================================================
  结果 [C.elegans|seed=42|3-r|E/I+STD] G=0.5633
  零值帧: 83.6% ✓
  雪崩数: 1133 | 均尺寸: 5.7 | 均时长: 2.9 ✓
  多步雪崩: 61.3% ✓
  τ_size=2.371 (R²=0.948) ✗
  τ_dur=2.759 (R²=0.941) ✗
  κ内部=0.9870 ✓
  PSD=-0.809 (R²=0.242) ✓
  得分: 5/7
  ============================================================


-> C.elegans | seed=7 | 3-rules
  [C.elegans|seed=7] N=279, E=224(80%), I=55(20%)
  [C.elegans|seed=7] 学习阶段（8000步）...
    学习 0/8000 σ=12.24 edges=2228 t=0s
    学习 4000/8000 σ=10.74 edges=2210 t=3s

  学习后: edges=1982, σ=7.84

  [C.elegans|seed=7] 临界点校准（真实BTW+E/I+STD条件）...
    校准 iter=1: G=1.50050 → κ=2.4419
    校准 iter=2: G=0.75075 → κ=1.3562
    校准 iter=3: G=0.37587 → κ=0.4500
    校准 iter=4: G=0.56331 → κ=0.7564
    校准 iter=5: G=0.65703 → κ=1.1806
    校准 iter=6: G=0.61017 → κ=1.0513
    ✅ G=0.61017, κ=1.0513
  校准结果: G=0.61017, κ=1.0513

  [C.elegans|seed=7] 记录阶段（20000步，G=0.6102）...
    记录 0/20000 wave=0 σ=7.84 t=7s
    记录 4000/20000 wave=2 σ=7.84 t=8s
    记录 8000/20000 wave=2 σ=7.84 t=9s
    记录 12000/20000 wave=0 σ=7.84 t=9s
    记录 16000/20000 wave=2 σ=7.84 t=10s

  激活统计: 零帧=80.5% 最大=12 平均=0.415
  尺寸统计（步级）: 中位数=2 最大=12

============================================================
  结果 [C.elegans|seed=7|3-r|E/I+STD] G=0.6102
  零值帧: 80.5% ✓
  雪崩数: 1160 | 均尺寸: 7.1 | 均时长: 3.4 ✓
  多步雪崩: 65.1% ✓
  τ_size=2.407 (R²=0.900) ✗
  τ_dur=3.253 (R²=0.948) ✗
  κ内部=1.0121 ✓
  PSD=-0.887 (R²=0.288) ✓
  得分: 5/7
  ============================================================


-> C.elegans | seed=13 | 3-rules
  [C.elegans|seed=13] N=279, E=224(80%), I=55(20%)
  [C.elegans|seed=13] 学习阶段（8000步）...
    学习 0/8000 σ=11.87 edges=2226 t=0s
    学习 4000/8000 σ=10.42 edges=2208 t=3s

  学习后: edges=1962, σ=7.87

  [C.elegans|seed=13] 临界点校准（真实BTW+E/I+STD条件）...
    校准 iter=1: G=1.50050 → κ=2.5000
    校准 iter=2: G=0.75075 → κ=1.3056
    校准 iter=3: G=0.37587 → κ=0.5625
    校准 iter=4: G=0.56331 → κ=0.7848
    校准 iter=5: G=0.65703 → κ=0.9079
    ✅ G=0.65703, κ=0.9079
  校准结果: G=0.65703, κ=0.9079

  [C.elegans|seed=13] 记录阶段（20000步，G=0.6570）...
    记录 0/20000 wave=0 σ=7.87 t=7s
    记录 4000/20000 wave=0 σ=7.87 t=8s
    记录 8000/20000 wave=3 σ=7.87 t=8s
    记录 12000/20000 wave=3 σ=7.87 t=9s
    记录 16000/20000 wave=1 σ=7.87 t=10s

  激活统计: 零帧=79.2% 最大=13 平均=0.476
  尺寸统计（步级）: 中位数=2 最大=13

============================================================
  结果 [C.elegans|seed=13|3-r|E/I+STD] G=0.6570
  零值帧: 79.2% ✓
  雪崩数: 1172 | 均尺寸: 8.1 | 均时长: 3.5 ✓
  多步雪崩: 68.3% ✓
  τ_size=2.393 (R²=0.919) ✗
  τ_dur=3.161 (R²=0.935) ✗
  κ内部=1.0008 ✓
  PSD=-0.890 (R²=0.269) ✓
  得分: 5/7
  ============================================================


-> Human_HCP | seed=42 | 3-rules
  [Human_HCP|seed=42] N=400, E=320(80%), I=80(20%)
  [Human_HCP|seed=42] 学习阶段（8000步）...
    学习 0/8000 σ=13.93 edges=3992 t=0s
    学习 4000/8000 σ=11.83 edges=3982 t=5s

  学习后: edges=3846, σ=8.59

  [Human_HCP|seed=42] 临界点校准（真实BTW+E/I+STD条件）...
    校准 iter=1: G=1.50050 → κ=2.7917
    校准 iter=2: G=0.75075 → κ=1.4545
    校准 iter=3: G=0.37587 → κ=0.6625
    校准 iter=4: G=0.56331 → κ=1.5000
    校准 iter=5: G=0.46959 → κ=0.9870
    ✅ G=0.46959, κ=0.9870
  校准结果: G=0.46959, κ=0.9870

  [Human_HCP|seed=42] 记录阶段（20000步，G=0.4696）...
    记录 0/20000 wave=2 σ=8.59 t=12s
    记录 4000/20000 wave=1 σ=8.59 t=13s
    记录 8000/20000 wave=0 σ=8.59 t=15s
    记录 12000/20000 wave=1 σ=8.59 t=16s
    记录 16000/20000 wave=0 σ=8.59 t=17s

  激活统计: 零帧=76.2% 最大=14 平均=0.598
  尺寸统计（步级）: 中位数=2 最大=14

============================================================
  结果 [Human_HCP|seed=42|3-r|E/I+STD] G=0.4696
  零值帧: 76.2% ✓
  雪崩数: 1174 | 均尺寸: 10.2 | 均时长: 4.0 ✓
  多步雪崩: 70.4% ✓
  τ_size=2.301 (R²=0.948) ✗
  τ_dur=2.892 (R²=0.917) ✗
  κ内部=0.9943 ✓
  PSD=-1.078 (R²=0.359) ✓
  得分: 5/7
  ============================================================


-> Human_HCP | seed=7 | 3-rules
  [Human_HCP|seed=7] N=400, E=320(80%), I=80(20%)
  [Human_HCP|seed=7] 学习阶段（8000步）...
    学习 0/8000 σ=13.77 edges=3996 t=0s
    学习 4000/8000 σ=11.72 edges=3989 t=5s

  学习后: edges=3821, σ=9.24

  [Human_HCP|seed=7] 临界点校准（真实BTW+E/I+STD条件）...
    校准 iter=1: G=1.50050 → κ=3.4091
    校准 iter=2: G=0.75075 → κ=1.9487
    校准 iter=3: G=0.37587 → κ=0.9241
    ✅ G=0.37587, κ=0.9241
  校准结果: G=0.37587, κ=0.9241

  [Human_HCP|seed=7] 记录阶段（20000步，G=0.3759）...
    记录 0/20000 wave=0 σ=9.24 t=11s
    记录 4000/20000 wave=1 σ=9.24 t=12s
    记录 8000/20000 wave=0 σ=9.24 t=14s
    记录 12000/20000 wave=0 σ=9.24 t=15s
    记录 16000/20000 wave=1 σ=9.24 t=16s

  激活统计: 零帧=84.3% 最大=10 平均=0.309
  尺寸统计（步级）: 中位数=2 最大=10

============================================================
  结果 [Human_HCP|seed=7|3-r|E/I+STD] G=0.3759
  零值帧: 84.3% ✓
  雪崩数: 1038 | 均尺寸: 6.0 | 均时长: 3.0 ✓
  多步雪崩: 62.2% ✓
  τ_size=2.475 (R²=0.888) ✗
  τ_dur=3.084 (R²=0.939) ✗
  κ内部=1.0057 ✓
  PSD=-0.826 (R²=0.255) ✓
  得分: 5/7
  ============================================================


-> Human_HCP | seed=13 | 3-rules
  [Human_HCP|seed=13] N=400, E=320(80%), I=80(20%)
  [Human_HCP|seed=13] 学习阶段（8000步）...
    学习 0/8000 σ=12.76 edges=3994 t=0s
    学习 4000/8000 σ=10.16 edges=3987 t=5s

  学习后: edges=3836, σ=7.96

  [Human_HCP|seed=13] 临界点校准（真实BTW+E/I+STD条件）...
    校准 iter=1: G=1.50050 → κ=3.3778
    校准 iter=2: G=0.75075 → κ=1.7500
    校准 iter=3: G=0.37587 → κ=0.8684
    校准 iter=4: G=0.56331 → κ=1.2623
    校准 iter=5: G=0.46959 → κ=1.1250
    校准 iter=6: G=0.42273 → κ=0.9067
    ✅ G=0.42273, κ=0.9067
  校准结果: G=0.42273, κ=0.9067

  [Human_HCP|seed=13] 记录阶段（20000步，G=0.4227）...
    记录 0/20000 wave=1 σ=7.96 t=12s
    记录 4000/20000 wave=2 σ=7.96 t=13s
    记录 8000/20000 wave=1 σ=7.96 t=15s
    记录 12000/20000 wave=0 σ=7.96 t=16s
    记录 16000/20000 wave=3 σ=7.96 t=17s

  激活统计: 零帧=81.0% 最大=13 平均=0.427
  尺寸统计（步级）: 中位数=2 最大=13

============================================================
  结果 [Human_HCP|seed=13|3-r|E/I+STD] G=0.4227
  零值帧: 81.0% ✓
  雪崩数: 1100 | 均尺寸: 7.8 | 均时长: 3.5 ✓
  多步雪崩: 67.6% ✓
  τ_size=2.246 (R²=0.899) ✗
  τ_dur=3.198 (R²=0.943) ✗
  κ内部=1.0178 ✓
  PSD=-0.895 (R²=0.282) ✓
  得分: 5/7
  ============================================================


-> WS_Control | seed=42 | 3-rules
  [WS_Control|seed=42] N=279, E=224(80%), I=55(20%)
  [WS_Control|seed=42] 学习阶段（8000步）...
    学习 0/8000 σ=10.78 edges=2222 t=0s
    学习 4000/8000 σ=8.95 edges=2207 t=3s

  学习后: edges=2023, σ=6.77

  [WS_Control|seed=42] 临界点校准（真实BTW+E/I+STD条件）...
    校准 iter=1: G=1.50050 → κ=2.6818
    校准 iter=2: G=0.75075 → κ=1.3134
    校准 iter=3: G=0.37587 → κ=0.4750
    校准 iter=4: G=0.56331 → κ=0.8734
    校准 iter=5: G=0.65703 → κ=1.1571
    校准 iter=6: G=0.61017 → κ=0.8947
    校准 iter=7: G=0.63360 → κ=1.0658
    ✅ G=0.63360, κ=1.0658
  校准结果: G=0.63360, κ=1.0658

  [WS_Control|seed=42] 记录阶段（20000步，G=0.6336）...
    记录 0/20000 wave=0 σ=6.77 t=8s
    记录 4000/20000 wave=2 σ=6.77 t=9s
    记录 8000/20000 wave=1 σ=6.77 t=9s
    记录 12000/20000 wave=0 σ=6.77 t=10s
    记录 16000/20000 wave=0 σ=6.77 t=11s

  激活统计: 零帧=76.4% 最大=17 平均=0.593
  尺寸统计（步级）: 中位数=2 最大=17

============================================================
  结果 [WS_Control|seed=42|3-r|E/I+STD] G=0.6336
  零值帧: 76.4% ✓
  雪崩数: 1125 | 均尺寸: 10.5 | 均时长: 4.2 ✓
  多步雪崩: 70.0% ✓
  τ_size=2.106 (R²=0.914) ✓
  τ_dur=2.781 (R²=0.853) ✗
  κ内部=0.9650 ✓
  PSD=-1.020 (R²=0.325) ✓
  得分: 6/7
  ============================================================


-> WS_Control | seed=7 | 3-rules
  [WS_Control|seed=7] N=279, E=224(80%), I=55(20%)
  [WS_Control|seed=7] 学习阶段（8000步）...
    学习 0/8000 σ=10.86 edges=2222 t=0s
    学习 4000/8000 σ=8.51 edges=2200 t=3s

  学习后: edges=1975, σ=6.20

  [WS_Control|seed=7] 临界点校准（真实BTW+E/I+STD条件）...
    校准 iter=1: G=1.50050 → κ=1.9167
    校准 iter=2: G=0.75075 → κ=1.5000
    校准 iter=3: G=0.37587 → κ=0.6000
    校准 iter=4: G=0.56331 → κ=0.8718
    校准 iter=5: G=0.65703 → κ=0.9577
    ✅ G=0.65703, κ=0.9577
  校准结果: G=0.65703, κ=0.9577

  [WS_Control|seed=7] 记录阶段（20000步，G=0.6570）...
    记录 0/20000 wave=0 σ=6.20 t=8s
    记录 4000/20000 wave=2 σ=6.20 t=8s
    记录 8000/20000 wave=0 σ=6.20 t=9s
    记录 12000/20000 wave=1 σ=6.20 t=10s
    记录 16000/20000 wave=1 σ=6.20 t=10s

  激活统计: 零帧=77.6% 最大=14 平均=0.569
  尺寸统计（步级）: 中位数=2 最大=14

============================================================
  结果 [WS_Control|seed=7|3-r|E/I+STD] G=0.6570
  零值帧: 77.6% ✓
  雪崩数: 1123 | 均尺寸: 10.1 | 均时长: 4.0 ✓
  多步雪崩: 67.9% ✓
  τ_size=2.176 (R²=0.849) ✓
  τ_dur=2.852 (R²=0.889) ✗
  κ内部=0.9966 ✓
  PSD=-1.073 (R²=0.350) ✓
  得分: 6/7
  ============================================================


-> WS_Control | seed=13 | 3-rules
  [WS_Control|seed=13] N=279, E=224(80%), I=55(20%)
  [WS_Control|seed=13] 学习阶段（8000步）...
    学习 0/8000 σ=10.82 edges=2228 t=0s
    学习 4000/8000 σ=8.70 edges=2210 t=3s

  学习后: edges=1988, σ=6.65

  [WS_Control|seed=13] 临界点校准（真实BTW+E/I+STD条件）...
    校准 iter=1: G=1.50050 → κ=2.6818
    校准 iter=2: G=0.75075 → κ=1.2754
    校准 iter=3: G=0.37587 → κ=0.5000
    校准 iter=4: G=0.56331 → κ=0.9333
    ✅ G=0.56331, κ=0.9333
  校准结果: G=0.56331, κ=0.9333

  [WS_Control|seed=13] 记录阶段（20000步，G=0.5633）...
    记录 0/20000 wave=1 σ=6.65 t=8s
    记录 4000/20000 wave=1 σ=6.65 t=8s
    记录 8000/20000 wave=4 σ=6.65 t=9s
    记录 12000/20000 wave=1 σ=6.65 t=10s
    记录 16000/20000 wave=1 σ=6.65 t=10s

  激活统计: 零帧=81.9% 最大=12 平均=0.390
  尺寸统计（步级）: 中位数=2 最大=12

============================================================
  结果 [WS_Control|seed=13|3-r|E/I+STD] G=0.5633
  零值帧: 81.9% ✓
  雪崩数: 1107 | 均尺寸: 7.1 | 均时长: 3.3 ✓
  多步雪崩: 66.7% ✓
  τ_size=2.387 (R²=0.936) ✗
  τ_dur=3.518 (R²=0.899) ✗
  κ内部=0.9858 ✓
  PSD=-0.929 (R²=0.284) ✓
  得分: 5/7
  ============================================================


[4-rules]

-> C.elegans | seed=42 | 4-rules
  [C.elegans|seed=42] N=279, E=224(80%), I=55(20%)
  [C.elegans|seed=42] 学习阶段（8000步）...
    学习 0/8000 σ=12.28 edges=2226 t=0s
    学习 4000/8000 σ=13.12 edges=1307 t=3s

  学习后: edges=1107, σ=11.65

  [C.elegans|seed=42] 临界点校准（真实BTW+E/I+STD条件）...
    校准 iter=1: G=1.50050 → κ=1.0667
    ✅ G=1.50050, κ=1.0667
  校准结果: G=1.50050, κ=1.0667

  [C.elegans|seed=42] 记录阶段（20000步，G=1.5005）...
    记录 0/20000 wave=0 σ=11.65 t=6s
    记录 4000/20000 wave=3 σ=11.65 t=7s
    记录 8000/20000 wave=1 σ=11.65 t=7s
    记录 12000/20000 wave=0 σ=11.65 t=8s
    记录 16000/20000 wave=1 σ=11.65 t=8s

  激活统计: 零帧=71.1% 最大=14 平均=0.678
  尺寸统计（步级）: 中位数=2 最大=14

============================================================
  结果 [C.elegans|seed=42|4-r|E/I+STD] G=1.5005
  零值帧: 71.1% ✓
  雪崩数: 1228 | 均尺寸: 11.0 | 均时长: 4.7 ✓
  多步雪崩: 77.1% ✓
  τ_size=2.337 (R²=0.902) ✗
  τ_dur=2.760 (R²=0.937) ✗
  κ内部=0.9807 ✓
  PSD=-1.103 (R²=0.359) ✓
  得分: 5/7
  ============================================================


-> C.elegans | seed=7 | 4-rules
  [C.elegans|seed=7] N=279, E=224(80%), I=55(20%)
  [C.elegans|seed=7] 学习阶段（8000步）...
    学习 0/8000 σ=12.24 edges=2228 t=0s
    学习 4000/8000 σ=11.68 edges=1336 t=3s

  学习后: edges=1128, σ=10.70

  [C.elegans|seed=7] 临界点校准（真实BTW+E/I+STD条件）...
    校准 iter=1: G=1.50050 → κ=1.2361
    校准 iter=2: G=0.75075 → κ=0.6500
    校准 iter=3: G=1.12562 → κ=0.7500
    校准 iter=4: G=1.31306 → κ=1.0132
    ✅ G=1.31306, κ=1.0132
  校准结果: G=1.31306, κ=1.0132

  [C.elegans|seed=7] 记录阶段（20000步，G=1.3131）...
    记录 0/20000 wave=1 σ=10.70 t=7s
    记录 4000/20000 wave=3 σ=10.70 t=7s
    记录 8000/20000 wave=0 σ=10.70 t=8s
    记录 12000/20000 wave=2 σ=10.70 t=8s
    记录 16000/20000 wave=1 σ=10.70 t=9s

  激活统计: 零帧=76.5% 最大=14 平均=0.462
  尺寸统计（步级）: 中位数=2 最大=14

============================================================
  结果 [C.elegans|seed=7|4-r|E/I+STD] G=1.3131
  零值帧: 76.5% ✓
  雪崩数: 1258 | 均尺寸: 7.3 | 均时长: 3.7 ✓
  多步雪崩: 74.0% ✓
  τ_size=2.565 (R²=0.909) ✗
  τ_dur=1.987 (R²=0.878) ✓
  κ内部=0.9926 ✓
  PSD=-0.920 (R²=0.290) ✓
  得分: 6/7
  ============================================================


-> C.elegans | seed=13 | 4-rules
  [C.elegans|seed=13] N=279, E=224(80%), I=55(20%)
  [C.elegans|seed=13] 学习阶段（8000步）...
    学习 0/8000 σ=11.87 edges=2226 t=0s
    学习 4000/8000 σ=9.86 edges=1317 t=3s

  学习后: edges=1126, σ=9.15

  [C.elegans|seed=13] 临界点校准（真实BTW+E/I+STD条件）...
    校准 iter=1: G=1.50050 → κ=1.0000
    ✅ G=1.50050, κ=1.0000
  校准结果: G=1.50050, κ=1.0000

  [C.elegans|seed=13] 记录阶段（20000步，G=1.5005）...
    记录 0/20000 wave=2 σ=9.15 t=6s
    记录 4000/20000 wave=1 σ=9.15 t=7s
    记录 8000/20000 wave=2 σ=9.15 t=7s
    记录 12000/20000 wave=0 σ=9.15 t=8s
    记录 16000/20000 wave=1 σ=9.15 t=8s

  激活统计: 零帧=71.4% 最大=18 平均=0.634
  尺寸统计（步级）: 中位数=2 最大=18

============================================================
  结果 [C.elegans|seed=13|4-r|E/I+STD] G=1.5005
  零值帧: 71.4% ✓
  雪崩数: 1266 | 均尺寸: 10.0 | 均时长: 4.5 ✓
  多步雪崩: 76.1% ✓
  τ_size=2.460 (R²=0.945) ✗
  τ_dur=2.894 (R²=0.903) ✗
  κ内部=0.9973 ✓
  PSD=-1.031 (R²=0.338) ✓
  得分: 5/7
  ============================================================


-> Human_HCP | seed=42 | 4-rules
  [Human_HCP|seed=42] N=400, E=320(80%), I=80(20%)
  [Human_HCP|seed=42] 学习阶段（8000步）...
    学习 0/8000 σ=13.93 edges=3992 t=0s
    学习 4000/8000 σ=13.61 edges=2191 t=5s

  学习后: edges=1793, σ=14.22

  [Human_HCP|seed=42] 临界点校准（真实BTW+E/I+STD条件）...
    校准 iter=1: G=1.50050 → κ=1.1587
    校准 iter=2: G=0.75075 → κ=0.6625
    校准 iter=3: G=1.12562 → κ=0.7949
    校准 iter=4: G=1.31306 → κ=1.0405
    ✅ G=1.31306, κ=1.0405
  校准结果: G=1.31306, κ=1.0405

  [Human_HCP|seed=42] 记录阶段（20000步，G=1.3131）...
    记录 0/20000 wave=0 σ=14.22 t=11s
    记录 4000/20000 wave=2 σ=14.22 t=12s
    记录 8000/20000 wave=2 σ=14.22 t=12s
    记录 12000/20000 wave=2 σ=14.22 t=13s
    记录 16000/20000 wave=2 σ=14.22 t=14s

  激活统计: 零帧=75.0% 最大=14 平均=0.551
  尺寸统计（步级）: 中位数=2 最大=14

============================================================
  结果 [Human_HCP|seed=42|4-r|E/I+STD] G=1.3131
  零值帧: 75.0% ✓
  雪崩数: 1188 | 均尺寸: 9.3 | 均时长: 4.2 ✓
  多步雪崩: 70.9% ✓
  τ_size=2.117 (R²=0.954) ✓
  τ_dur=2.536 (R²=0.898) ✗
  κ内部=1.0040 ✓
  PSD=-1.058 (R²=0.359) ✓
  得分: 6/7
  ============================================================


-> Human_HCP | seed=7 | 4-rules
  [Human_HCP|seed=7] N=400, E=320(80%), I=80(20%)
  [Human_HCP|seed=7] 学习阶段（8000步）...
    学习 0/8000 σ=13.77 edges=3996 t=0s
    学习 4000/8000 σ=14.57 edges=2178 t=5s

  学习后: edges=1764, σ=14.55

  [Human_HCP|seed=7] 临界点校准（真实BTW+E/I+STD条件）...
    校准 iter=1: G=1.50050 → κ=1.2027
    校准 iter=2: G=0.75075 → κ=0.5000
    校准 iter=3: G=1.12562 → κ=0.9114
    ✅ G=1.12562, κ=0.9114
  校准结果: G=1.12562, κ=0.9114

  [Human_HCP|seed=7] 记录阶段（20000步，G=1.1256）...
    记录 0/20000 wave=1 σ=14.55 t=10s
    记录 4000/20000 wave=1 σ=14.55 t=11s
    记录 8000/20000 wave=3 σ=14.55 t=12s
    记录 12000/20000 wave=1 σ=14.55 t=13s
    记录 16000/20000 wave=3 σ=14.55 t=14s

  激活统计: 零帧=82.5% 最大=8 平均=0.289
  尺寸统计（步级）: 中位数=1 最大=8

============================================================
  结果 [Human_HCP|seed=7|4-r|E/I+STD] G=1.1256
  零值帧: 82.5% ✓
  雪崩数: 1195 | 均尺寸: 4.8 | 均时长: 2.9 ✓
  多步雪崩: 67.5% ✓
  τ_size=2.668 (R²=0.902) ✗
  τ_dur=2.220 (R²=0.886) ✓
  κ内部=1.0190 ✓
  PSD=-0.740 (R²=0.205) ✓
  得分: 6/7
  ============================================================


-> Human_HCP | seed=13 | 4-rules
  [Human_HCP|seed=13] N=400, E=320(80%), I=80(20%)
  [Human_HCP|seed=13] 学习阶段（8000步）...
    学习 0/8000 σ=12.76 edges=3994 t=0s
    学习 4000/8000 σ=13.00 edges=2134 t=5s

  学习后: edges=1781, σ=13.28

  [Human_HCP|seed=13] 临界点校准（真实BTW+E/I+STD条件）...
    校准 iter=1: G=1.50050 → κ=1.2424
    校准 iter=2: G=0.75075 → κ=0.8000
    校准 iter=3: G=1.12562 → κ=0.7867
    校准 iter=4: G=1.31306 → κ=1.0897
    ✅ G=1.31306, κ=1.0897
  校准结果: G=1.31306, κ=1.0897

  [Human_HCP|seed=13] 记录阶段（20000步，G=1.3131）...
    记录 0/20000 wave=0 σ=13.28 t=11s
    记录 4000/20000 wave=1 σ=13.28 t=12s
    记录 8000/20000 wave=1 σ=13.28 t=13s
    记录 12000/20000 wave=0 σ=13.28 t=13s
    记录 16000/20000 wave=0 σ=13.28 t=14s

  激活统计: 零帧=74.6% 最大=14 平均=0.544
  尺寸统计（步级）: 中位数=2 最大=14

============================================================
  结果 [Human_HCP|seed=13|4-r|E/I+STD] G=1.3131
  零值帧: 74.6% ✓
  雪崩数: 1185 | 均尺寸: 9.2 | 均时长: 4.3 ✓
  多步雪崩: 72.8% ✓
  τ_size=2.564 (R²=0.962) ✗
  τ_dur=2.524 (R²=0.934) ✗
  κ内部=1.0068 ✓
  PSD=-1.085 (R²=0.361) ✓
  得分: 5/7
  ============================================================


-> WS_Control | seed=42 | 4-rules
  [WS_Control|seed=42] N=279, E=224(80%), I=55(20%)
  [WS_Control|seed=42] 学习阶段（8000步）...
    学习 0/8000 σ=10.78 edges=2222 t=0s
    学习 4000/8000 σ=9.73 edges=1293 t=3s

  学习后: edges=1119, σ=7.65

  [WS_Control|seed=42] 临界点校准（真实BTW+E/I+STD条件）...
    校准 iter=1: G=1.50050 → κ=0.9857
    ✅ G=1.50050, κ=0.9857
  校准结果: G=1.50050, κ=0.9857

  [WS_Control|seed=42] 记录阶段（20000步，G=1.5005）...
    记录 0/20000 wave=1 σ=7.65 t=6s
    记录 4000/20000 wave=0 σ=7.65 t=7s
    记录 8000/20000 wave=0 σ=7.65 t=7s
    记录 12000/20000 wave=0 σ=7.65 t=8s
    记录 16000/20000 wave=1 σ=7.65 t=9s

  激活统计: 零帧=65.4% 最大=17 平均=0.904
  尺寸统计（步级）: 中位数=2 最大=17

============================================================
  结果 [WS_Control|seed=42|4-r|E/I+STD] G=1.5005
  零值帧: 65.4% ✓
  雪崩数: 1176 | 均尺寸: 15.4 | 均时长: 5.9 ✓
  多步雪崩: 77.9% ✓
  τ_size=1.826 (R²=0.936) ✓
  τ_dur=2.175 (R²=0.843) ✓
  κ内部=1.0120 ✓
  PSD=-1.185 (R²=0.400) ✓
  得分: 7/7
  ============================================================


-> WS_Control | seed=7 | 4-rules
  [WS_Control|seed=7] N=279, E=224(80%), I=55(20%)
  [WS_Control|seed=7] 学习阶段（8000步）...
    学习 0/8000 σ=10.86 edges=2222 t=0s
    学习 4000/8000 σ=7.61 edges=1308 t=3s

  学习后: edges=1128, σ=7.33

  [WS_Control|seed=7] 临界点校准（真实BTW+E/I+STD条件）...
    校准 iter=1: G=1.50050 → κ=0.9315
    ✅ G=1.50050, κ=0.9315
  校准结果: G=1.50050, κ=0.9315

  [WS_Control|seed=7] 记录阶段（20000步，G=1.5005）...
    记录 0/20000 wave=1 σ=7.33 t=6s
    记录 4000/20000 wave=2 σ=7.33 t=7s
    记录 8000/20000 wave=1 σ=7.33 t=7s
    记录 12000/20000 wave=5 σ=7.33 t=8s
    记录 16000/20000 wave=0 σ=7.33 t=8s

  激活统计: 零帧=65.5% 最大=16 平均=0.919
  尺寸统计（步级）: 中位数=2 最大=16

============================================================
  结果 [WS_Control|seed=7|4-r|E/I+STD] G=1.5005
  零值帧: 65.5% ✓
  雪崩数: 1175 | 均尺寸: 15.6 | 均时长: 5.9 ✓
  多步雪崩: 79.5% ✓
  τ_size=1.701 (R²=0.837) ✓
  τ_dur=3.070 (R²=0.864) ✗
  κ内部=1.0021 ✓
  PSD=-1.187 (R²=0.389) ✓
  得分: 6/7
  ============================================================


-> WS_Control | seed=13 | 4-rules
  [WS_Control|seed=13] N=279, E=224(80%), I=55(20%)
  [WS_Control|seed=13] 学习阶段（8000步）...
    学习 0/8000 σ=10.82 edges=2228 t=0s
    学习 4000/8000 σ=9.03 edges=1290 t=3s

  学习后: edges=1123, σ=7.25

  [WS_Control|seed=13] 临界点校准（真实BTW+E/I+STD条件）...
    校准 iter=1: G=1.50050 → κ=1.1692
    校准 iter=2: G=0.75075 → κ=0.4875
    校准 iter=3: G=1.12562 → κ=0.9615
    ✅ G=1.12562, κ=0.9615
  校准结果: G=1.12562, κ=0.9615

  [WS_Control|seed=13] 记录阶段（20000步，G=1.1256）...
    记录 0/20000 wave=0 σ=7.25 t=6s
    记录 4000/20000 wave=0 σ=7.25 t=7s
    记录 8000/20000 wave=0 σ=7.25 t=8s
    记录 12000/20000 wave=1 σ=7.25 t=8s
    记录 16000/20000 wave=0 σ=7.25 t=9s

  激活统计: 零帧=82.5% 最大=11 平均=0.300
  尺寸统计（步级）: 中位数=1 最大=11

============================================================
  结果 [WS_Control|seed=13|4-r|E/I+STD] G=1.1256
  零值帧: 82.5% ✓
  雪崩数: 1158 | 均尺寸: 5.2 | 均时长: 3.0 ✓
  多步雪崩: 65.7% ✓
  τ_size=2.496 (R²=0.887) ✗
  τ_dur=3.281 (R²=0.934) ✗
  κ内部=0.9820 ✓
  PSD=-0.828 (R²=0.250) ✓
  得分: 5/7
  ============================================================


Saved: /home/work/.openclaw/workspace/sdi_sim/exp5_v6_avalanche_results.json
Figure: /home/work/.openclaw/workspace/sdi_sim/exp5_v6_avalanche_results.png

======================================================================
Summary v6
======================================================================

Group                        G      kappa   tau_s   tau_d   multi PSD    Score
--------------------------------------------------------------------------------
C.elegans_3-rules            0.6102 1.000  2.39   3.06   65% -0.86  5.0/7
C.elegans_4-rules            1.4380 0.990  2.45   2.55   76% -1.02  5.3/7
Human_HCP_3-rules            0.4227 1.006  2.34   3.06   67% -0.93  5.0/7
Human_HCP_4-rules            1.2506 1.010  2.45   2.43   70% -0.96  5.7/7
WS_Control_3-rules           0.6180 0.982  2.22   3.05   68% -1.01  5.7/7
WS_Control_4-rules           1.3755 0.999  2.01   2.84   74% -1.07  6.0/7

Best: WS_Control | 4-rules | seed=42
  tau=1.826, kappa=1.012, score=7/7
  G=1.5005

Total: 221s (3.7min)
v6 complete.
