======================================================================
SDI Experiment 5 v10 — Dual-Calibration + Enhanced Adaptation
  Phase1 Adapt  : 8000步 | λ_stim=0.4 T_on=80 + STDP(strong)
  Phase2 Decode : 2000步 | Poisson + STDP(mid) + motor record
  Phase3 Record : 20000步 | BTW only + STDP(weak)
  Calibration   : κ二分法 → 尺寸校准（目标mean_size∈[5,80]）
======================================================================

[3-rules]

-> C.elegans | seed=42 | 3-rules
  [C.elegans|42] N=279 E=224 I=55 | 感觉=60 运动=108
  λ_stim=0.4 T_on=80 | 适应8000→解码2000→记录20000
    [adapt] 0/30000 σ=12.57 edges=1686 w_mean=0.183 n_act=4 t=0s
    [adapt] 4000/30000 σ=10.87 edges=1686 w_mean=0.803 n_act=3 t=3s
    [decode] 8000/30000 σ=8.56 edges=1663 w_mean=1.000 n_act=2 t=5s
    [record] 12000/30000 σ=6.92 edges=1642 w_mean=1.000 n_act=1 t=8s
    [record] 16000/30000 σ=6.21 edges=1642 w_mean=1.000 n_act=1 t=10s
    [record] 20000/30000 σ=5.44 edges=1641 w_mean=1.000 n_act=1 t=12s
    [record] 24000/30000 σ=5.02 edges=1640 w_mean=1.000 n_act=1 t=14s
    [record] 28000/30000 σ=4.31 edges=1640 w_mean=1.000 n_act=1 t=16s

  三阶段完成: edges=1640 σ=4.23 w_mean=1.000
  输出解码: 0.6018 (✓)

  步骤1: κ校准...
    κ校准 iter=1: G=2.00050 → κ=0.9862
    ✅ G=2.00050, κ=0.9862

  步骤2: 雪崩尺寸校准...

    ★ 尺寸校准（目标mean_size∈[5,80]）
    尺寸校准 iter=1: G=2.00050 → mean_size=127.7 zero=41% n_av=32
    尺寸校准 iter=2: G=1.33367 → mean_size=113.0 zero=35% n_av=30
    尺寸校准 iter=3: G=0.88911 → mean_size=50.5 zero=30% n_av=40
    ✅ 尺寸达标: G=0.88911, mean_size=50.5
  最终G=0.88911, 校准mean_size=50.5

  雪崩统计: 零帧=74.6% max=5 mean=0.329

=================================================================
  [C.elegans|42|3r] G=0.8891 w_mean=1.000
  零帧: 74.6% ✓
  雪崩数: 2754 | 均尺寸: 2.4 | 均时长: 1.8 ✓
  多步雪崩: 47.9% ✓
  τ_size=3.085 R²=0.742 p=0.00 ✗
  τ_dur=4.613 R²=0.000 (理论=2.043 误差=126%) ✗
  τ缩放: ✗ (误差126%)
  κ=1.3063±0.634 ✗
  PSD=-0.031 R²=0.000 ✗
  解码=0.6018 ✓
  LR(PL>LN)=283.2
  得分: 4/9
  =================================================================


-> C.elegans | seed=7 | 3-rules
  [C.elegans|7] N=279 E=224 I=55 | 感觉=60 运动=108
  λ_stim=0.4 T_on=80 | 适应8000→解码2000→记录20000
    [adapt] 0/30000 σ=13.04 edges=1668 w_mean=0.184 n_act=6 t=0s
    [adapt] 4000/30000 σ=11.21 edges=1668 w_mean=0.849 n_act=6 t=3s
    [decode] 8000/30000 σ=8.13 edges=1650 w_mean=1.000 n_act=5 t=5s
    [record] 12000/30000 σ=6.56 edges=1630 w_mean=1.000 n_act=1 t=8s
    [record] 16000/30000 σ=5.93 edges=1629 w_mean=1.000 n_act=1 t=10s
    [record] 20000/30000 σ=4.91 edges=1629 w_mean=1.000 n_act=1 t=12s
    [record] 24000/30000 σ=4.50 edges=1629 w_mean=1.000 n_act=1 t=14s
    [record] 28000/30000 σ=4.15 edges=1629 w_mean=1.000 n_act=1 t=16s

  三阶段完成: edges=1628 σ=3.85 w_mean=1.000
  输出解码: 0.5582 (✓)

  步骤1: κ校准...
    κ校准 iter=1: G=2.00050 → κ=0.9851
    ✅ G=2.00050, κ=0.9851

  步骤2: 雪崩尺寸校准...

    ★ 尺寸校准（目标mean_size∈[5,80]）
    尺寸校准 iter=1: G=2.00050 → mean_size=157.2 zero=44% n_av=26
    尺寸校准 iter=2: G=1.33367 → mean_size=82.1 zero=36% n_av=41
    尺寸校准 iter=3: G=0.88911 → mean_size=47.7 zero=39% n_av=42
    ✅ 尺寸达标: G=0.88911, mean_size=47.7
  最终G=0.88911, 校准mean_size=47.7

  雪崩统计: 零帧=74.8% max=5 mean=0.328

=================================================================
  [C.elegans|7|3r] G=0.8891 w_mean=1.000
  零帧: 74.8% ✓
  雪崩数: 2784 | 均尺寸: 2.4 | 均时长: 1.8 ✓
  多步雪崩: 45.8% ✓
  τ_size=3.069 R²=0.625 p=0.00 ✗
  τ_dur=4.559 R²=0.000 (理论=2.034 误差=124%) ✗
  τ缩放: ✗ (误差124%)
  κ=1.2674±0.571 ✗
  PSD=-0.063 R²=0.002 ✗
  解码=0.5582 ✓
  LR(PL>LN)=305.0
  得分: 4/9
  =================================================================


-> C.elegans | seed=13 | 3-rules
  [C.elegans|13] N=279 E=224 I=55 | 感觉=60 运动=108
  λ_stim=0.4 T_on=80 | 适应8000→解码2000→记录20000
    [adapt] 0/30000 σ=12.36 edges=1675 w_mean=0.184 n_act=4 t=0s
    [adapt] 4000/30000 σ=11.21 edges=1674 w_mean=0.859 n_act=8 t=3s
    [decode] 8000/30000 σ=8.28 edges=1640 w_mean=1.000 n_act=3 t=5s
    [record] 12000/30000 σ=5.12 edges=1608 w_mean=1.000 n_act=1 t=8s
    [record] 16000/30000 σ=4.58 edges=1607 w_mean=1.000 n_act=1 t=10s
    [record] 20000/30000 σ=3.91 edges=1607 w_mean=1.000 n_act=1 t=12s
    [record] 24000/30000 σ=3.69 edges=1607 w_mean=1.000 n_act=1 t=14s
    [record] 28000/30000 σ=3.49 edges=1607 w_mean=1.000 n_act=1 t=16s

  三阶段完成: edges=1607 σ=3.46 w_mean=1.000
  输出解码: 0.5706 (✓)

  步骤1: κ校准...
    κ校准 iter=1: G=2.00050 → κ=0.9823
    ✅ G=2.00050, κ=0.9823

  步骤2: 雪崩尺寸校准...

    ★ 尺寸校准（目标mean_size∈[5,80]）
    尺寸校准 iter=1: G=2.00050 → mean_size=112.5 zero=43% n_av=35
    尺寸校准 iter=2: G=1.33367 → mean_size=92.4 zero=39% n_av=34
    尺寸校准 iter=3: G=0.88911 → mean_size=47.6 zero=34% n_av=41
    ✅ 尺寸达标: G=0.88911, mean_size=47.6
  最终G=0.88911, 校准mean_size=47.6

  雪崩统计: 零帧=75.1% max=5 mean=0.321

=================================================================
  [C.elegans|13|3r] G=0.8891 w_mean=1.000
  零帧: 75.1% ✓
  雪崩数: 2792 | 均尺寸: 2.3 | 均时长: 1.8 ✓
  多步雪崩: 44.8% ✓
  τ_size=3.174 R²=0.746 p=0.00 ✗
  τ_dur=4.673 R²=0.000 (理论=2.087 误差=124%) ✗
  τ缩放: ✗ (误差124%)
  κ=1.3269±0.636 ✗
  PSD=-0.055 R²=0.002 ✗
  解码=0.5706 ✓
  LR(PL>LN)=369.3
  得分: 4/9
  =================================================================


-> Human_HCP | seed=42 | 3-rules
  [Human_HCP|42] N=400 E=320 I=80 | 感觉=60 运动=108
  λ_stim=0.4 T_on=80 | 适应8000→解码2000→记录20000
    [adapt] 0/30000 σ=14.14 edges=3035 w_mean=0.183 n_act=4 t=0s
    [adapt] 4000/30000 σ=13.81 edges=3032 w_mean=0.849 n_act=8 t=5s
    [decode] 8000/30000 σ=9.79 edges=2991 w_mean=1.000 n_act=4 t=9s
    [record] 12000/30000 σ=7.16 edges=2960 w_mean=1.000 n_act=1 t=14s
    [record] 16000/30000 σ=6.12 edges=2958 w_mean=1.000 n_act=1 t=18s
    [record] 20000/30000 σ=5.30 edges=2955 w_mean=1.000 n_act=1 t=22s
    [record] 24000/30000 σ=5.02 edges=2955 w_mean=1.000 n_act=1 t=27s
    [record] 28000/30000 σ=4.48 edges=2955 w_mean=1.000 n_act=1 t=31s

  三阶段完成: edges=2955 σ=4.07 w_mean=1.000
  输出解码: 0.2910 (✓)

  步骤1: κ校准...
    κ校准 iter=1: G=2.00050 → κ=0.9886
    ✅ G=2.00050, κ=0.9886

  步骤2: 雪崩尺寸校准...

    ★ 尺寸校准（目标mean_size∈[5,80]）
    尺寸校准 iter=1: G=2.00050 → mean_size=263.0 zero=47% n_av=24
    尺寸校准 iter=2: G=1.33367 → mean_size=207.4 zero=36% n_av=28
    尺寸校准 iter=3: G=0.88911 → mean_size=107.2 zero=36% n_av=37
    尺寸校准 iter=4: G=0.59274 → mean_size=43.2 zero=30% n_av=46
    ✅ 尺寸达标: G=0.59274, mean_size=43.2
  最终G=0.59274, 校准mean_size=43.2

  雪崩统计: 零帧=72.8% max=6 mean=0.395

=================================================================
  [Human_HCP|42|3r] G=0.5927 w_mean=1.000
  零帧: 72.8% ✓
  雪崩数: 2651 | 均尺寸: 3.0 | 均时长: 2.1 ✓
  多步雪崩: 53.0% ✓
  τ_size=2.520 R²=0.535 p=0.00 ✗
  τ_dur=3.813 R²=0.000 (理论=1.760 误差=117%) ✗
  τ缩放: ✗ (误差117%)
  κ=1.3849±0.684 ✗
  PSD=-0.086 R²=0.004 ✗
  解码=0.2910 ✓
  LR(PL>LN)=-37.7
  得分: 4/9
  =================================================================


-> Human_HCP | seed=7 | 3-rules
  [Human_HCP|7] N=400 E=320 I=80 | 感觉=60 运动=108
  λ_stim=0.4 T_on=80 | 适应8000→解码2000→记录20000
    [adapt] 0/30000 σ=14.40 edges=2973 w_mean=0.183 n_act=6 t=0s
    [adapt] 4000/30000 σ=12.18 edges=2973 w_mean=0.832 n_act=2 t=5s
    [decode] 8000/30000 σ=8.45 edges=2929 w_mean=1.000 n_act=4 t=9s
    [record] 12000/30000 σ=5.69 edges=2896 w_mean=1.000 n_act=1 t=14s
    [record] 16000/30000 σ=4.23 edges=2895 w_mean=1.000 n_act=1 t=18s
    [record] 20000/30000 σ=3.18 edges=2895 w_mean=1.000 n_act=1 t=22s
    [record] 24000/30000 σ=3.11 edges=2895 w_mean=1.000 n_act=1 t=27s
    [record] 28000/30000 σ=2.64 edges=2894 w_mean=1.000 n_act=1 t=31s

  三阶段完成: edges=2894 σ=2.54 w_mean=1.000
  输出解码: 0.6033 (✓)

  步骤1: κ校准...
    κ校准 iter=1: G=2.00050 → κ=0.9906
    ✅ G=2.00050, κ=0.9906

  步骤2: 雪崩尺寸校准...

    ★ 尺寸校准（目标mean_size∈[5,80]）
    尺寸校准 iter=1: G=2.00050 → mean_size=196.6 zero=43% n_av=33
    尺寸校准 iter=2: G=1.33367 → mean_size=207.6 zero=40% n_av=26
    尺寸校准 iter=3: G=0.88911 → mean_size=95.8 zero=34% n_av=40
    尺寸校准 iter=4: G=0.59274 → mean_size=51.3 zero=36% n_av=38
    ✅ 尺寸达标: G=0.59274, mean_size=51.3
  最终G=0.59274, 校准mean_size=51.3

  雪崩统计: 零帧=73.0% max=5 mean=0.387

=================================================================
  [Human_HCP|7|3r] G=0.5927 w_mean=1.000
  零帧: 73.0% ✓
  雪崩数: 2674 | 均尺寸: 2.9 | 均时长: 2.0 ✓
  多步雪崩: 52.1% ✓
  τ_size=2.605 R²=0.624 p=0.00 ✗
  τ_dur=3.904 R²=0.000 (理论=1.802 误差=117%) ✗
  τ缩放: ✗ (误差117%)
  κ=1.3739±0.671 ✗
  PSD=-0.074 R²=0.003 ✗
  解码=0.6033 ✓
  LR(PL>LN)=73.0
  得分: 4/9
  =================================================================


-> Human_HCP | seed=13 | 3-rules
  [Human_HCP|13] N=400 E=320 I=80 | 感觉=60 运动=108
  λ_stim=0.4 T_on=80 | 适应8000→解码2000→记录20000
    [adapt] 0/30000 σ=14.14 edges=3019 w_mean=0.183 n_act=4 t=0s
    [adapt] 4000/30000 σ=12.63 edges=3019 w_mean=0.850 n_act=6 t=5s
    [decode] 8000/30000 σ=9.32 edges=2985 w_mean=1.000 n_act=7 t=9s
    [record] 12000/30000 σ=6.22 edges=2954 w_mean=1.000 n_act=1 t=14s
    [record] 16000/30000 σ=5.68 edges=2954 w_mean=1.000 n_act=1 t=18s
    [record] 20000/30000 σ=5.10 edges=2953 w_mean=1.000 n_act=1 t=22s
    [record] 24000/30000 σ=4.53 edges=2953 w_mean=1.000 n_act=1 t=27s
    [record] 28000/30000 σ=3.83 edges=2953 w_mean=1.000 n_act=1 t=31s

  三阶段完成: edges=2953 σ=3.72 w_mean=1.000
  输出解码: 0.4767 (✓)

  步骤1: κ校准...
    κ校准 iter=1: G=2.00050 → κ=0.9890
    ✅ G=2.00050, κ=0.9890

  步骤2: 雪崩尺寸校准...

    ★ 尺寸校准（目标mean_size∈[5,80]）
    尺寸校准 iter=1: G=2.00050 → mean_size=253.0 zero=47% n_av=25
    尺寸校准 iter=2: G=1.33367 → mean_size=201.4 zero=35% n_av=27
    尺寸校准 iter=3: G=0.88911 → mean_size=80.8 zero=38% n_av=45
    尺寸校准 iter=4: G=0.59274 → mean_size=50.3 zero=31% n_av=37
    ✅ 尺寸达标: G=0.59274, mean_size=50.3
  最终G=0.59274, 校准mean_size=50.3

  雪崩统计: 零帧=72.8% max=7 mean=0.390

=================================================================
  [Human_HCP|13|3r] G=0.5927 w_mean=1.000
  零帧: 72.8% ✓
  雪崩数: 2640 | 均尺寸: 3.0 | 均时长: 2.1 ✓
  多步雪崩: 53.2% ✓
  τ_size=3.469 R²=0.727 p=0.00 ✗
  τ_dur=3.810 R²=0.000 (理论=2.235 误差=70%) ✗
  τ缩放: ✗ (误差70%)
  κ=1.3532±0.639 ✗
  PSD=-0.079 R²=0.003 ✗
  解码=0.4767 ✓
  LR(PL>LN)=173.3
  得分: 4/9
  =================================================================


-> WS_Control | seed=42 | 3-rules
  [WS_Control|42] N=279 E=224 I=55 | 感觉=60 运动=108
  λ_stim=0.4 T_on=80 | 适应8000→解码2000→记录20000
    [adapt] 0/30000 σ=12.22 edges=1701 w_mean=0.184 n_act=4 t=0s
    [adapt] 4000/30000 σ=8.94 edges=1700 w_mean=0.839 n_act=6 t=3s
    [decode] 8000/30000 σ=6.59 edges=1682 w_mean=1.000 n_act=1 t=5s
    [record] 12000/30000 σ=5.11 edges=1663 w_mean=1.000 n_act=1 t=8s
    [record] 16000/30000 σ=4.60 edges=1661 w_mean=1.000 n_act=1 t=10s
    [record] 20000/30000 σ=4.37 edges=1661 w_mean=1.000 n_act=1 t=13s
    [record] 24000/30000 σ=4.05 edges=1661 w_mean=1.000 n_act=1 t=15s
    [record] 28000/30000 σ=3.40 edges=1659 w_mean=1.000 n_act=1 t=17s

  三阶段完成: edges=1659 σ=3.10 w_mean=1.000
  输出解码: 0.4935 (✓)

  步骤1: κ校准...
    κ校准 iter=1: G=2.00050 → κ=0.9824
    ✅ G=2.00050, κ=0.9824

  步骤2: 雪崩尺寸校准...

    ★ 尺寸校准（目标mean_size∈[5,80]）
    尺寸校准 iter=1: G=2.00050 → mean_size=124.8 zero=43% n_av=35
    尺寸校准 iter=2: G=1.33367 → mean_size=120.5 zero=39% n_av=28
    尺寸校准 iter=3: G=0.88911 → mean_size=50.0 zero=37% n_av=41
    ✅ 尺寸达标: G=0.88911, mean_size=50.0
  最终G=0.88911, 校准mean_size=50.0

  雪崩统计: 零帧=74.2% max=6 mean=0.337

=================================================================
  [WS_Control|42|3r] G=0.8891 w_mean=1.000
  零帧: 74.2% ✓
  雪崩数: 2729 | 均尺寸: 2.5 | 均时长: 1.9 ✓
  多步雪崩: 49.7% ✓
  τ_size=3.027 R²=0.636 p=0.00 ✗
  τ_dur=4.504 R²=0.000 (理论=2.013 误差=124%) ✗
  τ缩放: ✗ (误差124%)
  κ=1.3413±0.664 ✗
  PSD=-0.057 R²=0.002 ✗
  解码=0.4935 ✓
  LR(PL>LN)=303.4
  得分: 4/9
  =================================================================


-> WS_Control | seed=7 | 3-rules
  [WS_Control|7] N=279 E=224 I=55 | 感觉=60 运动=108
  λ_stim=0.4 T_on=80 | 适应8000→解码2000→记录20000
    [adapt] 0/30000 σ=11.15 edges=1672 w_mean=0.182 n_act=6 t=0s
    [adapt] 4000/30000 σ=8.85 edges=1671 w_mean=0.871 n_act=2 t=3s
    [decode] 8000/30000 σ=6.07 edges=1642 w_mean=1.000 n_act=2 t=5s
    [record] 12000/30000 σ=5.17 edges=1622 w_mean=1.000 n_act=1 t=8s
    [record] 16000/30000 σ=4.51 edges=1622 w_mean=1.000 n_act=1 t=10s
    [record] 20000/30000 σ=4.05 edges=1622 w_mean=1.000 n_act=1 t=12s
    [record] 24000/30000 σ=3.53 edges=1622 w_mean=1.000 n_act=1 t=15s
    [record] 28000/30000 σ=3.14 edges=1621 w_mean=1.000 n_act=1 t=17s

  三阶段完成: edges=1619 σ=2.90 w_mean=1.000
  输出解码: 0.5057 (✓)

  步骤1: κ校准...
    κ校准 iter=1: G=2.00050 → κ=0.9852
    ✅ G=2.00050, κ=0.9852

  步骤2: 雪崩尺寸校准...

    ★ 尺寸校准（目标mean_size∈[5,80]）
    尺寸校准 iter=1: G=2.00050 → mean_size=174.3 zero=49% n_av=22
    尺寸校准 iter=2: G=1.33367 → mean_size=108.4 zero=36% n_av=32
    尺寸校准 iter=3: G=0.88911 → mean_size=47.3 zero=35% n_av=42
    ✅ 尺寸达标: G=0.88911, mean_size=47.3
  最终G=0.88911, 校准mean_size=47.3

  雪崩统计: 零帧=74.7% max=6 mean=0.329

=================================================================
  [WS_Control|7|3r] G=0.8891 w_mean=1.000
  零帧: 74.7% ✓
  雪崩数: 2732 | 均尺寸: 2.4 | 均时长: 1.9 ✓
  多步雪崩: 46.8% ✓
  τ_size=2.994 R²=0.689 p=0.00 ✗
  τ_dur=4.310 R²=0.000 (理论=1.997 误差=116%) ✗
  τ缩放: ✗ (误差116%)
  κ=1.3219±0.621 ✗
  PSD=-0.041 R²=0.001 ✗
  解码=0.5057 ✓
  LR(PL>LN)=229.7
  得分: 4/9
  =================================================================


-> WS_Control | seed=13 | 3-rules
  [WS_Control|13] N=279 E=224 I=55 | 感觉=60 运动=108
  λ_stim=0.4 T_on=80 | 适应8000→解码2000→记录20000
    [adapt] 0/30000 σ=11.25 edges=1656 w_mean=0.184 n_act=4 t=0s
    [adapt] 4000/30000 σ=10.37 edges=1656 w_mean=0.859 n_act=5 t=3s
    [decode] 8000/30000 σ=7.25 edges=1628 w_mean=1.000 n_act=6 t=5s
    [record] 12000/30000 σ=5.37 edges=1605 w_mean=1.000 n_act=1 t=8s
    [record] 16000/30000 σ=4.67 edges=1605 w_mean=1.000 n_act=1 t=10s
    [record] 20000/30000 σ=4.25 edges=1605 w_mean=1.000 n_act=1 t=12s
    [record] 24000/30000 σ=4.01 edges=1605 w_mean=1.000 n_act=1 t=15s
    [record] 28000/30000 σ=3.65 edges=1605 w_mean=1.000 n_act=1 t=17s

  三阶段完成: edges=1605 σ=3.39 w_mean=1.000
  输出解码: 0.6251 (✓)

  步骤1: κ校准...
    κ校准 iter=1: G=2.00050 → κ=0.9862
    ✅ G=2.00050, κ=0.9862

  步骤2: 雪崩尺寸校准...

    ★ 尺寸校准（目标mean_size∈[5,80]）
    尺寸校准 iter=1: G=2.00050 → mean_size=141.4 zero=51% n_av=25
    尺寸校准 iter=2: G=1.33367 → mean_size=116.6 zero=38% n_av=29
    尺寸校准 iter=3: G=0.88911 → mean_size=78.6 zero=42% n_av=22
    ✅ 尺寸达标: G=0.88911, mean_size=78.6
  最终G=0.88911, 校准mean_size=78.6

  雪崩统计: 零帧=74.6% max=5 mean=0.329

=================================================================
  [WS_Control|13|3r] G=0.8891 w_mean=1.000
  零帧: 74.6% ✓
  雪崩数: 2813 | 均尺寸: 2.3 | 均时长: 1.8 ✓
  多步雪崩: 46.5% ✓
  τ_size=3.143 R²=0.662 p=0.00 ✗
  τ_dur=4.715 R²=0.000 (理论=2.071 误差=128%) ✗
  τ缩放: ✗ (误差128%)
  κ=1.3049±0.613 ✗
  PSD=-0.047 R²=0.001 ✗
  解码=0.6251 ✓
  LR(PL>LN)=344.7
  得分: 4/9
  =================================================================


[4-rules]

-> C.elegans | seed=42 | 4-rules
  [C.elegans|42] N=279 E=224 I=55 | 感觉=60 运动=108
  λ_stim=0.4 T_on=80 | 适应8000→解码2000→记录20000
    [adapt] 0/30000 σ=12.57 edges=1686 w_mean=0.183 n_act=4 t=0s
    [adapt] 4000/30000 σ=13.00 edges=1030 w_mean=0.767 n_act=5 t=3s
    [decode] 8000/30000 σ=11.20 edges=994 w_mean=1.000 n_act=2 t=5s
    [record] 12000/30000 σ=10.93 edges=992 w_mean=1.000 n_act=1 t=7s
    [record] 16000/30000 σ=9.13 edges=992 w_mean=1.000 n_act=1 t=9s
    [record] 20000/30000 σ=8.35 edges=992 w_mean=1.000 n_act=1 t=11s
    [record] 24000/30000 σ=7.34 edges=992 w_mean=1.000 n_act=1 t=13s
    [record] 28000/30000 σ=6.26 edges=992 w_mean=1.000 n_act=1 t=16s

  三阶段完成: edges=992 σ=6.20 w_mean=1.000
  输出解码: 0.5471 (✓)

  步骤1: κ校准...
    κ校准 iter=1: G=2.00050 → κ=0.9728
    ✅ G=2.00050, κ=0.9728

  步骤2: 雪崩尺寸校准...

    ★ 尺寸校准（目标mean_size∈[5,80]）
    尺寸校准 iter=1: G=2.00050 → mean_size=47.4 zero=39% n_av=50
    ✅ 尺寸达标: G=2.00050, mean_size=47.4
  最终G=2.00050, 校准mean_size=47.4

  雪崩统计: 零帧=80.0% max=3 mean=0.218

=================================================================
  [C.elegans|42|4r] G=2.0005 w_mean=1.000
  零帧: 80.0% ✓
  雪崩数: 2834 | 均尺寸: 1.5 | 均时长: 1.4 ✓
  多步雪崩: 32.4% ✓
  τ_size=4.097 R²=0.955 p=0.00 ✗
  τ_dur=4.868 R²=0.933 (理论=2.548 误差=91%) ✗
  τ缩放: ✗ (误差91%)
  κ=1.1629±0.417 ✗
  PSD=0.072 R²=0.003 ✗
  解码=0.5471 ✓
  LR(PL>LN)=2076.4
  得分: 4/9
  =================================================================


-> C.elegans | seed=7 | 4-rules
  [C.elegans|7] N=279 E=224 I=55 | 感觉=60 运动=108
  λ_stim=0.4 T_on=80 | 适应8000→解码2000→记录20000
    [adapt] 0/30000 σ=13.04 edges=1668 w_mean=0.184 n_act=6 t=0s
    [adapt] 4000/30000 σ=13.88 edges=1017 w_mean=0.818 n_act=2 t=3s
    [decode] 8000/30000 σ=12.91 edges=983 w_mean=1.000 n_act=5 t=5s
    [record] 12000/30000 σ=10.09 edges=983 w_mean=1.000 n_act=1 t=7s
    [record] 16000/30000 σ=8.42 edges=983 w_mean=1.000 n_act=1 t=9s
    [record] 20000/30000 σ=5.99 edges=983 w_mean=1.000 n_act=1 t=11s
    [record] 24000/30000 σ=5.95 edges=983 w_mean=1.000 n_act=1 t=14s
    [record] 28000/30000 σ=6.18 edges=983 w_mean=1.000 n_act=1 t=16s

  三阶段完成: edges=983 σ=5.59 w_mean=1.000
  输出解码: 0.6222 (✓)

  步骤1: κ校准...
    κ校准 iter=1: G=2.00050 → κ=0.9699
    ✅ G=2.00050, κ=0.9699

  步骤2: 雪崩尺寸校准...

    ★ 尺寸校准（目标mean_size∈[5,80]）
    尺寸校准 iter=1: G=2.00050 → mean_size=77.9 zero=35% n_av=33
    ✅ 尺寸达标: G=2.00050, mean_size=77.9
  最终G=2.00050, 校准mean_size=77.9

  雪崩统计: 零帧=80.1% max=4 mean=0.217

=================================================================
  [C.elegans|7|4r] G=2.0005 w_mean=1.000
  零帧: 80.1% ✓
  雪崩数: 2906 | 均尺寸: 1.5 | 均时长: 1.4 ✓
  多步雪崩: 28.8% ✓
  τ_size=4.406 R²=0.693 p=0.00 ✗
  τ_dur=5.313 R²=0.958 (理论=2.703 误差=97%) ✗
  τ缩放: ✗ (误差97%)
  κ=1.1365±0.375 ✓
  PSD=0.019 R²=0.000 ✗
  解码=0.6222 ✓
  LR(PL>LN)=2329.2
  得分: 5/9
  =================================================================


-> C.elegans | seed=13 | 4-rules
  [C.elegans|13] N=279 E=224 I=55 | 感觉=60 运动=108
  λ_stim=0.4 T_on=80 | 适应8000→解码2000→记录20000
    [adapt] 0/30000 σ=12.36 edges=1675 w_mean=0.184 n_act=4 t=0s
    [adapt] 4000/30000 σ=9.89 edges=1039 w_mean=0.802 n_act=7 t=3s
    [decode] 8000/30000 σ=9.31 edges=996 w_mean=0.999 n_act=2 t=5s
    [record] 12000/30000 σ=8.22 edges=995 w_mean=1.000 n_act=1 t=7s
    [record] 16000/30000 σ=7.67 edges=995 w_mean=1.000 n_act=1 t=9s
    [record] 20000/30000 σ=6.28 edges=995 w_mean=1.000 n_act=1 t=11s
    [record] 24000/30000 σ=4.96 edges=995 w_mean=1.000 n_act=1 t=13s
    [record] 28000/30000 σ=4.98 edges=995 w_mean=1.000 n_act=1 t=16s

  三阶段完成: edges=995 σ=4.78 w_mean=1.000
  输出解码: 0.4137 (✓)

  步骤1: κ校准...
    κ校准 iter=1: G=2.00050 → κ=0.9665
    ✅ G=2.00050, κ=0.9665

  步骤2: 雪崩尺寸校准...

    ★ 尺寸校准（目标mean_size∈[5,80]）
    尺寸校准 iter=1: G=2.00050 → mean_size=82.1 zero=32% n_av=34
    尺寸校准 iter=2: G=1.33367 → mean_size=22.3 zero=35% n_av=49
    ✅ 尺寸达标: G=1.33367, mean_size=22.3
  最终G=1.33367, 校准mean_size=22.3

  雪崩统计: 零帧=79.6% max=3 mean=0.224

=================================================================
  [C.elegans|13|4r] G=1.3337 w_mean=1.000
  零帧: 79.6% ✓
  雪崩数: 2924 | 均尺寸: 1.5 | 均时长: 1.4 ✓
  多步雪崩: 29.4% ✓
  τ_size=6.264 R²=0.000 p=0.00 ✗
  τ_dur=5.125 R²=0.959 (理论=3.632 误差=41%) ✗
  τ缩放: ✗ (误差41%)
  κ=1.1510±0.405 ✗
  PSD=0.096 R²=0.005 ✗
  解码=0.4137 ✓
  LR(PL>LN)=727.3
  得分: 4/9
  =================================================================


-> Human_HCP | seed=42 | 4-rules
  [Human_HCP|42] N=400 E=320 I=80 | 感觉=60 运动=108
  λ_stim=0.4 T_on=80 | 适应8000→解码2000→记录20000
    [adapt] 0/30000 σ=14.14 edges=3035 w_mean=0.183 n_act=4 t=0s
    [adapt] 4000/30000 σ=14.76 edges=1689 w_mean=0.830 n_act=4 t=5s
    [decode] 8000/30000 σ=12.81 edges=1554 w_mean=1.000 n_act=2 t=9s
    [record] 12000/30000 σ=12.87 edges=1552 w_mean=1.000 n_act=1 t=13s
    [record] 16000/30000 σ=12.08 edges=1552 w_mean=1.000 n_act=1 t=17s
    [record] 20000/30000 σ=11.39 edges=1552 w_mean=1.000 n_act=1 t=21s
    [record] 24000/30000 σ=10.52 edges=1552 w_mean=1.000 n_act=1 t=25s
    [record] 28000/30000 σ=10.04 edges=1552 w_mean=1.000 n_act=1 t=29s

  三阶段完成: edges=1552 σ=9.95 w_mean=1.000
  输出解码: 0.4179 (✓)

  步骤1: κ校准...
    κ校准 iter=1: G=2.00050 → κ=0.9848
    ✅ G=2.00050, κ=0.9848

  步骤2: 雪崩尺寸校准...

    ★ 尺寸校准（目标mean_size∈[5,80]）
    尺寸校准 iter=1: G=2.00050 → mean_size=92.1 zero=33% n_av=37
    尺寸校准 iter=2: G=1.33367 → mean_size=28.2 zero=31% n_av=55
    ✅ 尺寸达标: G=1.33367, mean_size=28.2
  最终G=1.33367, 校准mean_size=28.2

  雪崩统计: 零帧=80.0% max=4 mean=0.219

=================================================================
  [Human_HCP|42|4r] G=1.3337 w_mean=1.000
  零帧: 80.0% ✓
  雪崩数: 2887 | 均尺寸: 1.5 | 均时长: 1.4 ✓
  多步雪崩: 30.1% ✓
  τ_size=6.712 R²=0.000 p=0.00 ✗
  τ_dur=5.117 R²=0.915 (理论=3.856 误差=33%) ✗
  τ缩放: ✗ (误差33%)
  κ=1.1466±0.397 ✓
  PSD=0.070 R²=0.003 ✗
  解码=0.4179 ✓
  LR(PL>LN)=744.4
  得分: 5/9
  =================================================================


-> Human_HCP | seed=7 | 4-rules
  [Human_HCP|7] N=400 E=320 I=80 | 感觉=60 运动=108
  λ_stim=0.4 T_on=80 | 适应8000→解码2000→记录20000
    [adapt] 0/30000 σ=14.40 edges=2973 w_mean=0.183 n_act=6 t=0s
    [adapt] 4000/30000 σ=11.11 edges=1685 w_mean=0.835 n_act=1 t=5s
    [decode] 8000/30000 σ=8.83 edges=1519 w_mean=1.000 n_act=1 t=9s
    [record] 12000/30000 σ=7.89 edges=1516 w_mean=1.000 n_act=1 t=13s
    [record] 16000/30000 σ=7.65 edges=1516 w_mean=1.000 n_act=1 t=17s
    [record] 20000/30000 σ=7.34 edges=1516 w_mean=1.000 n_act=1 t=21s
    [record] 24000/30000 σ=6.38 edges=1516 w_mean=1.000 n_act=1 t=25s
    [record] 28000/30000 σ=4.31 edges=1516 w_mean=1.000 n_act=1 t=29s

  三阶段完成: edges=1516 σ=4.00 w_mean=1.000
  输出解码: 0.4605 (✓)

  步骤1: κ校准...
    κ校准 iter=1: G=2.00050 → κ=0.9812
    ✅ G=2.00050, κ=0.9812

  步骤2: 雪崩尺寸校准...

    ★ 尺寸校准（目标mean_size∈[5,80]）
    尺寸校准 iter=1: G=2.00050 → mean_size=97.6 zero=33% n_av=36
    尺寸校准 iter=2: G=1.33367 → mean_size=32.4 zero=33% n_av=46
    ✅ 尺寸达标: G=1.33367, mean_size=32.4
  最终G=1.33367, 校准mean_size=32.4

  雪崩统计: 零帧=80.3% max=5 mean=0.215

=================================================================
  [Human_HCP|7|4r] G=1.3337 w_mean=1.000
  零帧: 80.3% ✓
  雪崩数: 2896 | 均尺寸: 1.5 | 均时长: 1.4 ✓
  多步雪崩: 28.1% ✓
  τ_size=4.472 R²=0.924 p=0.00 ✗
  τ_dur=5.414 R²=0.954 (理论=2.736 误差=98%) ✗
  τ缩放: ✗ (误差98%)
  κ=1.1461±0.394 ✓
  PSD=0.016 R²=0.000 ✗
  解码=0.4605 ✓
  LR(PL>LN)=2394.5
  得分: 5/9
  =================================================================


-> Human_HCP | seed=13 | 4-rules
  [Human_HCP|13] N=400 E=320 I=80 | 感觉=60 运动=108
  λ_stim=0.4 T_on=80 | 适应8000→解码2000→记录20000
    [adapt] 0/30000 σ=14.14 edges=3019 w_mean=0.183 n_act=4 t=0s
    [adapt] 4000/30000 σ=16.51 edges=1674 w_mean=0.863 n_act=5 t=4s
    [decode] 8000/30000 σ=16.47 edges=1528 w_mean=1.000 n_act=1 t=9s
    [record] 12000/30000 σ=14.16 edges=1524 w_mean=1.000 n_act=1 t=13s
    [record] 16000/30000 σ=13.91 edges=1524 w_mean=1.000 n_act=1 t=17s
    [record] 20000/30000 σ=12.68 edges=1524 w_mean=1.000 n_act=1 t=21s
    [record] 24000/30000 σ=11.99 edges=1524 w_mean=1.000 n_act=1 t=25s
    [record] 28000/30000 σ=11.11 edges=1524 w_mean=1.000 n_act=1 t=29s

  三阶段完成: edges=1524 σ=11.02 w_mean=1.000
  输出解码: 0.5268 (✓)

  步骤1: κ校准...
    κ校准 iter=1: G=2.00050 → κ=0.9830
    ✅ G=2.00050, κ=0.9830

  步骤2: 雪崩尺寸校准...

    ★ 尺寸校准（目标mean_size∈[5,80]）
    尺寸校准 iter=1: G=2.00050 → mean_size=147.3 zero=24% n_av=26
    尺寸校准 iter=2: G=1.33367 → mean_size=32.8 zero=36% n_av=45
    ✅ 尺寸达标: G=1.33367, mean_size=32.8
  最终G=1.33367, 校准mean_size=32.8

  雪崩统计: 零帧=80.4% max=3 mean=0.214

=================================================================
  [Human_HCP|13|4r] G=1.3337 w_mean=1.000
  零帧: 80.4% ✓
  雪崩数: 2831 | 均尺寸: 1.5 | 均时长: 1.4 ✓
  多步雪崩: 29.4% ✓
  τ_size=4.334 R²=0.960 p=0.00 ✗
  τ_dur=5.171 R²=0.951 (理论=2.667 误差=94%) ✗
  τ缩放: ✗ (误差94%)
  κ=1.1849±0.440 ✗
  PSD=0.058 R²=0.002 ✗
  解码=0.5268 ✓
  LR(PL>LN)=2286.2
  得分: 4/9
  =================================================================


-> WS_Control | seed=42 | 4-rules
  [WS_Control|42] N=279 E=224 I=55 | 感觉=60 运动=108
  λ_stim=0.4 T_on=80 | 适应8000→解码2000→记录20000
    [adapt] 0/30000 σ=12.22 edges=1701 w_mean=0.184 n_act=4 t=0s
    [adapt] 4000/30000 σ=11.95 edges=1038 w_mean=0.840 n_act=4 t=3s
    [decode] 8000/30000 σ=10.47 edges=989 w_mean=1.000 n_act=3 t=5s
    [record] 12000/30000 σ=9.99 edges=988 w_mean=1.000 n_act=1 t=7s
    [record] 16000/30000 σ=9.60 edges=988 w_mean=1.000 n_act=1 t=9s
    [record] 20000/30000 σ=8.78 edges=988 w_mean=1.000 n_act=1 t=11s
    [record] 24000/30000 σ=7.99 edges=988 w_mean=1.000 n_act=1 t=14s
    [record] 28000/30000 σ=7.68 edges=988 w_mean=1.000 n_act=1 t=16s

  三阶段完成: edges=988 σ=7.51 w_mean=1.000
  输出解码: 0.4733 (✓)

  步骤1: κ校准...
    κ校准 iter=1: G=2.00050 → κ=0.9702
    ✅ G=2.00050, κ=0.9702

  步骤2: 雪崩尺寸校准...

    ★ 尺寸校准（目标mean_size∈[5,80]）
    尺寸校准 iter=1: G=2.00050 → mean_size=57.9 zero=42% n_av=36
    ✅ 尺寸达标: G=2.00050, mean_size=57.9
  最终G=2.00050, 校准mean_size=57.9

  雪崩统计: 零帧=80.7% max=3 mean=0.212

=================================================================
  [WS_Control|42|4r] G=2.0005 w_mean=1.000
  零帧: 80.7% ✓
  雪崩数: 2840 | 均尺寸: 1.5 | 均时长: 1.4 ✓
  多步雪崩: 28.8% ✓
  τ_size=4.390 R²=0.781 p=0.00 ✗
  τ_dur=5.374 R²=0.949 (理论=2.695 误差=99%) ✗
  τ缩放: ✗ (误差99%)
  κ=1.1778±0.432 ✗
  PSD=0.044 R²=0.001 ✗
  解码=0.4733 ✓
  LR(PL>LN)=2298.8
  得分: 4/9
  =================================================================


-> WS_Control | seed=7 | 4-rules
  [WS_Control|7] N=279 E=224 I=55 | 感觉=60 运动=108
  λ_stim=0.4 T_on=80 | 适应8000→解码2000→记录20000
    [adapt] 0/30000 σ=11.15 edges=1672 w_mean=0.182 n_act=6 t=0s
    [adapt] 4000/30000 σ=11.12 edges=1043 w_mean=0.843 n_act=3 t=3s
    [decode] 8000/30000 σ=8.95 edges=990 w_mean=1.000 n_act=5 t=5s
    [record] 12000/30000 σ=8.10 edges=988 w_mean=1.000 n_act=1 t=7s
    [record] 16000/30000 σ=5.77 edges=988 w_mean=1.000 n_act=1 t=9s
    [record] 20000/30000 σ=5.10 edges=988 w_mean=1.000 n_act=1 t=12s
    [record] 24000/30000 σ=3.52 edges=988 w_mean=1.000 n_act=1 t=14s
    [record] 28000/30000 σ=3.13 edges=988 w_mean=1.000 n_act=1 t=16s

  三阶段完成: edges=988 σ=3.24 w_mean=1.000
  输出解码: 0.5331 (✓)

  步骤1: κ校准...
    κ校准 iter=1: G=2.00050 → κ=0.9687
    ✅ G=2.00050, κ=0.9687

  步骤2: 雪崩尺寸校准...

    ★ 尺寸校准（目标mean_size∈[5,80]）
    尺寸校准 iter=1: G=2.00050 → mean_size=73.8 zero=32% n_av=36
    ✅ 尺寸达标: G=2.00050, mean_size=73.8
  最终G=2.00050, 校准mean_size=73.8

  雪崩统计: 零帧=80.0% max=4 mean=0.218

=================================================================
  [WS_Control|7|4r] G=2.0005 w_mean=1.000
  零帧: 80.0% ✓
  雪崩数: 2891 | 均尺寸: 1.5 | 均时长: 1.4 ✓
  多步雪崩: 29.0% ✓
  τ_size=4.308 R²=0.847 p=0.00 ✗
  τ_dur=5.223 R²=0.963 (理论=2.654 误差=97%) ✗
  τ缩放: ✗ (误差97%)
  κ=1.1397±0.385 ✓
  PSD=0.049 R²=0.001 ✗
  解码=0.5331 ✓
  LR(PL>LN)=2295.4
  得分: 5/9
  =================================================================


-> WS_Control | seed=13 | 4-rules
  [WS_Control|13] N=279 E=224 I=55 | 感觉=60 运动=108
  λ_stim=0.4 T_on=80 | 适应8000→解码2000→记录20000
    [adapt] 0/30000 σ=11.25 edges=1656 w_mean=0.184 n_act=4 t=0s
    [adapt] 4000/30000 σ=10.35 edges=1021 w_mean=0.846 n_act=5 t=3s
    [decode] 8000/30000 σ=8.31 edges=988 w_mean=1.000 n_act=3 t=5s
    [record] 12000/30000 σ=7.45 edges=987 w_mean=1.000 n_act=1 t=7s
    [record] 16000/30000 σ=5.49 edges=987 w_mean=1.000 n_act=1 t=10s
    [record] 20000/30000 σ=5.42 edges=987 w_mean=1.000 n_act=1 t=12s
    [record] 24000/30000 σ=5.24 edges=987 w_mean=1.000 n_act=1 t=14s
    [record] 28000/30000 σ=4.20 edges=987 w_mean=1.000 n_act=1 t=16s

  三阶段完成: edges=987 σ=4.07 w_mean=1.000
  输出解码: 0.4339 (✓)

  步骤1: κ校准...
    κ校准 iter=1: G=2.00050 → κ=0.9644
    ✅ G=2.00050, κ=0.9644

  步骤2: 雪崩尺寸校准...

    ★ 尺寸校准（目标mean_size∈[5,80]）
    尺寸校准 iter=1: G=2.00050 → mean_size=53.5 zero=35% n_av=44
    ✅ 尺寸达标: G=2.00050, mean_size=53.5
  最终G=2.00050, 校准mean_size=53.5

  雪崩统计: 零帧=80.1% max=3 mean=0.219

=================================================================
  [WS_Control|13|4r] G=2.0005 w_mean=1.000
  零帧: 80.1% ✓
  雪崩数: 2911 | 均尺寸: 1.5 | 均时长: 1.4 ✓
  多步雪崩: 28.5% ✓
  τ_size=4.306 R²=0.946 p=0.00 ✗
  τ_dur=5.368 R²=0.945 (理论=2.653 误差=102%) ✗
  τ缩放: ✗ (误差102%)
  κ=1.1283±0.369 ✓
  PSD=0.048 R²=0.001 ✗
  解码=0.4339 ✓
  LR(PL>LN)=2261.8
  得分: 5/9
  =================================================================

/home/work/.openclaw/workspace/sdi_sim/sdi_experiment5_v10.py:900: UserWarning: No artists with labels found to put in legend.  Note that artists whose label start with an underscore are ignored when legend() is called with no argument.
  ax2.tick_params(labelsize=6); ax2.legend(fontsize=5)

Saved: /home/work/.openclaw/workspace/sdi_sim/exp5_v10_avalanche_results.json
Figure: /home/work/.openclaw/workspace/sdi_sim/exp5_v10_avalanche_results.png

======================================================================
Summary v10
======================================================================

Group                        G_f    ms     κ      τ_s    τ_d    se%    PSD    dec    zero   Score
----------------------------------------------------------------------------------------------------
C.elegans_3-rules            0.889  2.3    1.300  3.11   4.62   125%  -0.05  0.577  75%   4.0/9
C.elegans_4-rules            1.778  1.5    1.150  4.92   5.10   76%  0.06   0.528  80%   4.3/9
Human_HCP_3-rules            0.593  2.9    1.371  2.86   3.84   101%  -0.08  0.457  73%   4.0/9
Human_HCP_4-rules            1.334  1.5    1.159  5.17   5.23   75%  0.05   0.468  80%   4.7/9
WS_Control_3-rules           0.889  2.4    1.323  3.05   4.51   122%  -0.05  0.541  74%   4.0/9
WS_Control_4-rules           2.001  1.5    1.149  4.33   5.32   100%  0.05   0.480  80%   4.7/9

Best: C.elegans | 4-rules | seed=7
  tau_s=4.406  tau_d=5.313  kappa=1.136
  G_final=2.0005  mean_size=1.5
  decode=0.6222  score=5/9

Total: 420s (7.0min)
v10 complete.
