======================================================================
SDI 实验六：真实C.elegans连接组验证（Varshney 2011）
  化学突触 + 电突触（E-L键）+ 63感觉/105中间/111运动
  v12协议：软饱和STDP + 稳态权重归一化 + 双重G校准
  新增对比：真实connectome初始σ vs 演化后σ
======================================================================

加载真实C.elegans connectome...
Varshney 2011 connectome: N=279, 突触=2991
初始σ=8.63（真实connectome的小世界系数）
感觉=63 中间=105 运动=111
抑制性神经元=11/279 (3.9%)
感觉模态: 化学=21 气味=20 温度=13 机械=9

[3-rules]

-> C.elegans_real | seed=42 | 3-rules
  [C.elegans_real|seed=42] N=279 E=268 I=11
  真实connectome: 化学突触=2991 电突触E-L=997
  初始σ=8.63 (vs WS随机初始σ≈12)
  感觉=63 运动=111
    [adapt] 0/10000 σ=8.42 edges=2991 w_mean=0.125 t=0s
    [adapt] 4000/10000 σ=3.60 edges=2991 w_mean=0.581 t=3s
    [decode] 8000/10000 σ=2.85 edges=2991 w_mean=0.900 t=7s

  学习后: σ=2.72 (初始8.63, Δσ=-5.91)
  w_mean=0.900 | 解码=0.1991
  ★ 稳态权重归一化: 0.900→0.020 (×0.556)

  步骤1: κ校准...
    κ校准 iter=1: G=2.00050 → κ=0.9917
    ✅ G=2.00050, κ=0.9917

  步骤2: 尺寸校准...

    ★ 尺寸校准（目标mean_size∈[5,80]）
    尺寸校准 iter=1: G=2.00050 → mean_size=134.8 zero=40% n=36
    尺寸校准 iter=2: G=1.33367 → mean_size=88.8 zero=40% n=40
    尺寸校准 iter=3: G=0.88911 → mean_size=60.0 zero=33% n=40
    ✅ G=0.88911, mean_size=60.0
  G_final=0.88911, mean_size_calib=60.0

  记录阶段（20000步, G=0.8891）...
    [记录] 0/20000 wave=0 σ=2.72 t=11s
    [记录] 4000/20000 wave=18 σ=2.72 t=13s
    [记录] 8000/20000 wave=13 σ=2.72 t=15s
    [记录] 12000/20000 wave=3 σ=2.72 t=17s
    [记录] 16000/20000 wave=14 σ=2.72 t=19s

  雪崩: 零帧=39.2% max=35 mean=4.820

=================================================================
  [C.elegans_real|seed=42|3r]
  σ初始=8.63 → σ最终=2.72 (Δ=-5.91)
  G_final=0.8891
  零帧: 39.2% ✓
  雪崩数: 1676 | 均尺寸: 57.5 | 均时长: 7.3 ✓
  多步雪崩: 46.0% ✓
  τ_size=1.453 R²=0.008 p=0.00 ✗
  τ_dur=1.666 R²=0.004 (理论=1.227 误差=36%) ✗
  τ缩放: ✗ (误差36%)
  κ=1.0572±0.389 ✓
  PSD=-1.533 R²=0.431 ✗
  解码=0.1991 ✓
  LR(PL>LN)=408.0
  得分: 5/9
  =================================================================


-> C.elegans_real | seed=7 | 3-rules
  [C.elegans_real|seed=7] N=279 E=268 I=11
  真实connectome: 化学突触=2991 电突触E-L=997
  初始σ=8.63 (vs WS随机初始σ≈12)
  感觉=63 运动=111
    [adapt] 0/10000 σ=8.44 edges=2991 w_mean=0.125 t=0s
    [adapt] 4000/10000 σ=3.93 edges=2991 w_mean=0.664 t=3s
    [decode] 8000/10000 σ=3.53 edges=2991 w_mean=0.900 t=7s

  学习后: σ=3.30 (初始8.63, Δσ=-5.33)
  w_mean=0.900 | 解码=0.2012
  ★ 稳态权重归一化: 0.900→0.020 (×0.556)

  步骤1: κ校准...
    κ校准 iter=1: G=2.00050 → κ=0.9793
    ✅ G=2.00050, κ=0.9793

  步骤2: 尺寸校准...

    ★ 尺寸校准（目标mean_size∈[5,80]）
    尺寸校准 iter=1: G=2.00050 → mean_size=153.2 zero=45% n=30
    尺寸校准 iter=2: G=1.33367 → mean_size=101.9 zero=36% n=37
    尺寸校准 iter=3: G=0.88911 → mean_size=47.9 zero=37% n=49
    ✅ G=0.88911, mean_size=47.9
  G_final=0.88911, mean_size_calib=47.9

  记录阶段（20000步, G=0.8891）...
    [记录] 0/20000 wave=0 σ=3.30 t=10s
    [记录] 4000/20000 wave=10 σ=3.30 t=12s
    [记录] 8000/20000 wave=4 σ=3.30 t=15s
    [记录] 12000/20000 wave=9 σ=3.30 t=17s
    [记录] 16000/20000 wave=10 σ=3.30 t=19s

  雪崩: 零帧=39.6% max=35 mean=4.880

=================================================================
  [C.elegans_real|seed=7|3r]
  σ初始=8.63 → σ最终=3.30 (Δ=-5.33)
  G_final=0.8891
  零帧: 39.6% ✓
  雪崩数: 1687 | 均尺寸: 57.9 | 均时长: 7.2 ✓
  多步雪崩: 45.1% ✓
  τ_size=1.445 R²=0.050 p=0.00 ✗
  τ_dur=1.656 R²=0.004 (理论=1.223 误差=35%) ✗
  τ缩放: ✗ (误差35%)
  κ=1.0610±0.413 ✓
  PSD=-1.567 R²=0.427 ✗
  解码=0.2012 ✓
  LR(PL>LN)=389.2
  得分: 5/9
  =================================================================


-> C.elegans_real | seed=13 | 3-rules
  [C.elegans_real|seed=13] N=279 E=268 I=11
  真实connectome: 化学突触=2991 电突触E-L=997
  初始σ=8.63 (vs WS随机初始σ≈12)
  感觉=63 运动=111
    [adapt] 0/10000 σ=8.45 edges=2991 w_mean=0.125 t=0s
    [adapt] 4000/10000 σ=3.85 edges=2991 w_mean=0.664 t=3s
    [decode] 8000/10000 σ=3.17 edges=2991 w_mean=0.900 t=7s

  学习后: σ=2.84 (初始8.63, Δσ=-5.79)
  w_mean=0.900 | 解码=0.2042
  ★ 稳态权重归一化: 0.900→0.020 (×0.556)

  步骤1: κ校准...
    κ校准 iter=1: G=2.00050 → κ=0.9840
    ✅ G=2.00050, κ=0.9840

  步骤2: 尺寸校准...

    ★ 尺寸校准（目标mean_size∈[5,80]）
    尺寸校准 iter=1: G=2.00050 → mean_size=134.1 zero=46% n=34
    尺寸校准 iter=2: G=1.33367 → mean_size=94.5 zero=40% n=40
    尺寸校准 iter=3: G=0.88911 → mean_size=60.3 zero=39% n=42
    ✅ G=0.88911, mean_size=60.3
  G_final=0.88911, mean_size_calib=60.3

  记录阶段（20000步, G=0.8891）...
    [记录] 0/20000 wave=0 σ=2.84 t=10s
    [记录] 4000/20000 wave=0 σ=2.84 t=12s
    [记录] 8000/20000 wave=0 σ=2.84 t=14s
    [记录] 12000/20000 wave=11 σ=2.84 t=17s
    [记录] 16000/20000 wave=0 σ=2.84 t=19s

  雪崩: 零帧=40.1% max=36 mean=4.917

=================================================================
  [C.elegans_real|seed=13|3r]
  σ初始=8.63 → σ最终=2.84 (Δ=-5.79)
  G_final=0.8891
  零帧: 40.1% ✓
  雪崩数: 1640 | 均尺寸: 60.0 | 均时长: 7.3 ✓
  多步雪崩: 45.4% ✓
  τ_size=1.427 R²=0.002 p=0.00 ✗
  τ_dur=1.642 R²=0.020 (理论=1.213 误差=35%) ✗
  τ缩放: ✗ (误差35%)
  κ=1.0418±0.392 ✓
  PSD=-1.566 R²=0.437 ✗
  解码=0.2042 ✓
  LR(PL>LN)=334.6
  得分: 5/9
  =================================================================


[4-rules]

-> C.elegans_real | seed=42 | 4-rules
  [C.elegans_real|seed=42] N=279 E=268 I=11
  真实connectome: 化学突触=2991 电突触E-L=997
  初始σ=8.63 (vs WS随机初始σ≈12)
  感觉=63 运动=111
    [adapt] 0/10000 σ=8.42 edges=2991 w_mean=0.125 t=0s
    [adapt] 4000/10000 σ=5.26 edges=1321 w_mean=0.586 t=3s
    [decode] 8000/10000 σ=2.84 edges=907 w_mean=0.900 t=6s

  学习后: σ=2.60 (初始8.63, Δσ=-6.03)
  w_mean=0.900 | 解码=0.4468
  ★ 稳态权重归一化: 0.900→0.007 (×0.556)

  步骤1: κ校准...
    κ校准 iter=1: G=2.00050 → κ=0.8032
    κ校准 iter=2: G=3.00025 → κ=0.9490
    ✅ G=3.00025, κ=0.9490

  步骤2: 尺寸校准...

    ★ 尺寸校准（目标mean_size∈[5,80]）
    尺寸校准 iter=1: G=3.00025 → mean_size=41.9 zero=33% n=43
    ✅ G=3.00025, mean_size=41.9
  G_final=3.00025, mean_size_calib=41.9

  记录阶段（20000步, G=3.0003）...
    [记录] 0/20000 wave=0 σ=2.60 t=8s
    [记录] 4000/20000 wave=11 σ=2.60 t=11s
    [记录] 8000/20000 wave=0 σ=2.60 t=13s
    [记录] 12000/20000 wave=0 σ=2.60 t=17s
    [记录] 16000/20000 wave=1 σ=2.60 t=20s

  雪崩: 零帧=33.2% max=27 mean=3.957

=================================================================
  [C.elegans_real|seed=42|4r]
  σ初始=8.63 → σ最终=2.60 (Δ=-6.03)
  G_final=3.0003
  零帧: 33.2% ✓
  雪崩数: 1857 | 均尺寸: 42.6 | 均时长: 7.2 ✓
  多步雪崩: 46.0% ✓
  τ_size=1.542 R²=0.004 p=0.00 ✗
  τ_dur=1.717 R²=0.110 (理论=1.271 误差=35%) ✗
  τ缩放: ✗ (误差35%)
  κ=1.0651±0.387 ✓
  PSD=-1.315 R²=0.347 ✓
  解码=0.4468 ✓
  LR(PL>LN)=588.9
  得分: 6/9
  =================================================================


-> C.elegans_real | seed=7 | 4-rules
  [C.elegans_real|seed=7] N=279 E=268 I=11
  真实connectome: 化学突触=2991 电突触E-L=997
  初始σ=8.63 (vs WS随机初始σ≈12)
  感觉=63 运动=111
    [adapt] 0/10000 σ=8.44 edges=2991 w_mean=0.125 t=0s
    [adapt] 4000/10000 σ=5.00 edges=1311 w_mean=0.671 t=3s
    [decode] 8000/10000 σ=2.21 edges=900 w_mean=0.900 t=6s

  学习后: σ=1.84 (初始8.63, Δσ=-6.79)
  w_mean=0.900 | 解码=0.3463
  ★ 稳态权重归一化: 0.900→0.006 (×0.556)

  步骤1: κ校准...
    κ校准 iter=1: G=2.00050 → κ=0.8058
    κ校准 iter=2: G=3.00025 → κ=0.9492
    ✅ G=3.00025, κ=0.9492

  步骤2: 尺寸校准...

    ★ 尺寸校准（目标mean_size∈[5,80]）
    尺寸校准 iter=1: G=3.00025 → mean_size=42.6 zero=30% n=43
    ✅ G=3.00025, mean_size=42.6
  G_final=3.00025, mean_size_calib=42.6

  记录阶段（20000步, G=3.0003）...
    [记录] 0/20000 wave=0 σ=1.84 t=8s
    [记录] 4000/20000 wave=13 σ=1.84 t=11s
    [记录] 8000/20000 wave=0 σ=1.84 t=13s
    [记录] 12000/20000 wave=6 σ=1.84 t=16s
    [记录] 16000/20000 wave=10 σ=1.84 t=20s

  雪崩: 零帧=32.3% max=28 mean=3.797

=================================================================
  [C.elegans_real|seed=7|4r]
  σ初始=8.63 → σ最终=1.84 (Δ=-6.79)
  G_final=3.0003
  零帧: 32.3% ✓
  雪崩数: 1916 | 均尺寸: 39.6 | 均时长: 7.1 ✓
  多步雪崩: 48.4% ✓
  τ_size=1.572 R²=0.030 p=0.00 ✗
  τ_dur=1.777 R²=0.057 (理论=1.286 误差=38%) ✗
  τ缩放: ✗ (误差38%)
  κ=1.0891±0.495 ✓
  PSD=-1.296 R²=0.351 ✓
  解码=0.3463 ✓
  LR(PL>LN)=642.1
  得分: 6/9
  =================================================================


-> C.elegans_real | seed=13 | 4-rules
  [C.elegans_real|seed=13] N=279 E=268 I=11
  真实connectome: 化学突触=2991 电突触E-L=997
  初始σ=8.63 (vs WS随机初始σ≈12)
  感觉=63 运动=111
    [adapt] 0/10000 σ=8.45 edges=2991 w_mean=0.125 t=0s
    [adapt] 4000/10000 σ=4.23 edges=1323 w_mean=0.631 t=3s
    [decode] 8000/10000 σ=2.76 edges=908 w_mean=0.900 t=6s

  学习后: σ=2.13 (初始8.63, Δσ=-6.50)
  w_mean=0.900 | 解码=0.4219
  ★ 稳态权重归一化: 0.900→0.007 (×0.556)

  步骤1: κ校准...
    κ校准 iter=1: G=2.00050 → κ=0.7616
    κ校准 iter=2: G=3.00025 → κ=0.9538
    ✅ G=3.00025, κ=0.9538

  步骤2: 尺寸校准...

    ★ 尺寸校准（目标mean_size∈[5,80]）
    尺寸校准 iter=1: G=3.00025 → mean_size=39.0 zero=33% n=46
    ✅ G=3.00025, mean_size=39.0
  G_final=3.00025, mean_size_calib=39.0

  记录阶段（20000步, G=3.0003）...
    [记录] 0/20000 wave=0 σ=2.13 t=9s
    [记录] 4000/20000 wave=15 σ=2.13 t=11s
    [记录] 8000/20000 wave=0 σ=2.13 t=13s
    [记录] 12000/20000 wave=0 σ=2.13 t=17s
    [记录] 16000/20000 wave=4 σ=2.13 t=20s

  雪崩: 零帧=32.1% max=28 mean=3.901

=================================================================
  [C.elegans_real|seed=13|4r]
  σ初始=8.63 → σ最终=2.13 (Δ=-6.50)
  G_final=3.0003
  零帧: 32.1% ✓
  雪崩数: 1842 | 均尺寸: 42.4 | 均时长: 7.4 ✓
  多步雪崩: 44.7% ✓
  τ_size=1.538 R²=0.035 p=0.00 ✗
  τ_dur=1.688 R²=0.016 (理论=1.269 误差=33%) ✗
  τ缩放: ✗ (误差33%)
  κ=1.0721±0.378 ✓
  PSD=-1.294 R²=0.347 ✓
  解码=0.4219 ✓
  LR(PL>LN)=581.9
  得分: 6/9
  =================================================================

/home/work/.openclaw/workspace/sdi_sim/sdi_experiment6_real_connectome.py:870: UserWarning: Glyph 21021 (\N{CJK UNIFIED IDEOGRAPH-521D}) missing from font(s) DejaVu Sans.
  plt.savefig(f'{OUT}/exp6_real_connectome_results.png', dpi=150, bbox_inches='tight')
/home/work/.openclaw/workspace/sdi_sim/sdi_experiment6_real_connectome.py:870: UserWarning: Glyph 22987 (\N{CJK UNIFIED IDEOGRAPH-59CB}) missing from font(s) DejaVu Sans.
  plt.savefig(f'{OUT}/exp6_real_connectome_results.png', dpi=150, bbox_inches='tight')

Saved: /home/work/.openclaw/workspace/sdi_sim/exp6_real_connectome_results.json
Figure: /home/work/.openclaw/workspace/sdi_sim/exp6_real_connectome_results.png

======================================================================
Summary 实验六
======================================================================

规则           σ_init  σ_final  Δσ    κ      τ_s    τ_d    PSD    decode  Score
----------------------------------------------------------------------------------------
Traceback (most recent call last):
  File "/home/work/.openclaw/workspace/sdi_sim/sdi_experiment6_real_connectome.py", line 977, in <module>
    main()
  File "/home/work/.openclaw/workspace/sdi_sim/sdi_experiment6_real_connectome.py", line 957, in main
    f"{np.mean(tsl):.2f if tsl else 'N/A':<7}"
      ^^^^^^^^^^^^^^^^^^^^^^^^^^^^^^^^^^^^^^^
ValueError: Invalid format specifier '.2f if tsl else 'N/A':<7' for object of type 'float'
