
=======================================================
C.elegans  N=279  [neuron]
=======================================================
  [C.elegans] N=279 edges=2212 ŌÉ‚āÄ=1.56 C‚āÄ=0.050 BA k_avg‚Čą7.9
  seed=42: ŌÉ=5.101 C=0.309 L=1.946 őĪ=3.386 EL=22.7% av=2418(őľ=636.3) (123.9s)
  [C.elegans] N=279 edges=2212 ŌÉ‚āÄ=1.40 C‚āÄ=0.045 BA k_avg‚Čą7.9
  seed=7: ŌÉ=5.047 C=0.254 L=1.952 őĪ=3.545 EL=23.8% av=2254(őľ=584.7) (97.6s)
  [C.elegans] N=279 edges=2212 ŌÉ‚āÄ=1.68 C‚āÄ=0.054 BA k_avg‚Čą7.9
  seed=13: ŌÉ=5.014 C=0.304 L=1.951 őĪ=3.425 EL=22.6% av=2349(őľ=652.2) (122.1s)
  [C.elegans] N=279 edges=2212 ŌÉ‚āÄ=1.42 C‚āÄ=0.046 BA k_avg‚Čą7.9
  seed=99: ŌÉ=5.075 C=0.322 L=1.947 őĪ=3.472 EL=23.1% av=2390(őľ=672.2) (129.6s)
  [C.elegans] N=279 edges=2212 ŌÉ‚āÄ=1.26 C‚āÄ=0.041 BA k_avg‚Čą7.9
  seed=2024: ŌÉ=5.217 C=0.274 L=1.951 őĪ=3.343 EL=23.5% av=2234(őľ=605.6) (101.9s)

--- C.elegans SUMMARY (5 seeds) ---
  ‚úÖ sigma : 5.091¬Ī0.070  (‚Č•4.0)
  ‚úÖ C     : 0.293¬Ī0.025  (‚Č•0.25)
  ‚ĚĆ L     : 1.949¬Ī0.002  ([2.0,3.5])
  ‚ĚĆ alpha : 3.434¬Ī0.070  ([1.5,2.5])
  ‚úÖ el    : 0.232¬Ī0.005  ([0.15,0.28])
  SCORE: 3/5  [neuron]

=======================================================
Larval_Drosophila  N=321  [neuron]
=======================================================
  [Larval_Drosophila] N=321 edges=2548 ŌÉ‚āÄ=1.76 C‚āÄ=0.049 BA k_avg‚Čą7.9
  seed=42: ŌÉ=6.079 C=0.302 L=1.960 őĪ=3.448 EL=24.5% av=2445(őľ=736.7) (141.0s)
  [Larval_Drosophila] N=321 edges=2548 ŌÉ‚āÄ=1.52 C‚āÄ=0.043 BA k_avg‚Čą7.9
  seed=7: ŌÉ=5.916 C=0.268 L=1.961 őĪ=3.443 EL=22.9% av=2355(őľ=754.2) (135.1s)
  [Larval_Drosophila] N=321 edges=2548 ŌÉ‚āÄ=1.78 C‚āÄ=0.049 BA k_avg‚Čą7.9
  seed=13: ŌÉ=6.074 C=0.300 L=1.961 őĪ=3.412 EL=23.6% av=2453(őľ=759.5) (148.1s)
  [Larval_Drosophila] N=321 edges=2548 ŌÉ‚āÄ=1.43 C‚āÄ=0.040 BA k_avg‚Čą7.9
  seed=99: ŌÉ=6.041 C=0.299 L=1.960 őĪ=3.464 EL=24.3% av=2420(őľ=778.1) (147.7s)
  [Larval_Drosophila] N=321 edges=2548 ŌÉ‚āÄ=1.32 C‚āÄ=0.037 BA k_avg‚Čą7.9
  seed=2024: ŌÉ=5.883 C=0.248 L=1.963 őĪ=3.391 EL=22.9% av=2157(őľ=663.5) (105.1s)

--- Larval_Drosophila SUMMARY (5 seeds) ---
  ‚úÖ sigma : 5.999¬Ī0.083  (‚Č•3.0)
  ‚úÖ C     : 0.283¬Ī0.022  (‚Č•0.2)
  ‚úÖ L     : 1.961¬Ī0.001  ([1.5,3.5])
  ‚ĚĆ alpha : 3.432¬Ī0.026  ([1.5,2.5])
  ‚úÖ el    : 0.237¬Ī0.007  ([0.15,0.28])
  SCORE: 4/5  [neuron]

=======================================================
Macaque_Cortex  N=242  [neuron]
=======================================================
  [Macaque_Cortex] N=242 edges=1916 ŌÉ‚āÄ=1.41 C‚āÄ=0.054 BA k_avg‚Čą7.9
  seed=42: ŌÉ=4.674 C=0.286 L=1.944 őĪ=3.360 EL=24.5% av=2151(őľ=500.3) (81.8s)
  [Macaque_Cortex] N=242 edges=1916 ŌÉ‚āÄ=1.36 C‚āÄ=0.053 BA k_avg‚Čą7.9
  seed=7: ŌÉ=4.460 C=0.306 L=1.946 őĪ=3.282 EL=24.8% av=2292(őľ=541.8) (96.7s)
  [Macaque_Cortex] N=242 edges=1916 ŌÉ‚āÄ=1.69 C‚āÄ=0.064 BA k_avg‚Čą7.9
  seed=13: ŌÉ=4.397 C=0.324 L=1.940 őĪ=3.177 EL=22.6% av=2283(őľ=506.7) (92.0s)
  [Macaque_Cortex] N=242 edges=1916 ŌÉ‚āÄ=1.29 C‚āÄ=0.050 BA k_avg‚Čą7.9
  seed=99: ŌÉ=4.306 C=0.259 L=1.944 őĪ=3.374 EL=22.7% av=2096(őľ=456.1) (70.6s)
  [Macaque_Cortex] N=242 edges=1916 ŌÉ‚āÄ=1.13 C‚āÄ=0.044 BA k_avg‚Čą7.9
  seed=2024: ŌÉ=1.291 C=0.052 L=2.371 őĪ=7.465 EL=24.8% av=1560(őľ=254.7) (24.7s)

--- Macaque_Cortex SUMMARY (5 seeds) ---
  ‚úÖ sigma : 3.826¬Ī1.273  (‚Č•3.0)
  ‚ĚĆ C     : 0.246¬Ī0.099  (‚Č•0.25)
  ‚úÖ L     : 2.029¬Ī0.171  ([2.0,3.5])
  ‚ĚĆ alpha : 4.131¬Ī1.668  ([1.5,2.5])
  ‚úÖ el    : 0.239¬Ī0.010  ([0.15,0.28])
  SCORE: 3/5  [neuron]

=======================================================
Rat_Cortex‚ėÖ  N=73  [mesoscale]
=======================================================
  [Rat_Cortex‚ėÖ] N=73 edges=426 ŌÉ‚āÄ=0.91 C‚āÄ=0.096 BA k_avg‚Čą5.8
  seed=42: ŌÉ=1.277 C=0.405 L=1.760 őĪ=4.158 EL=24.8% av=1689(őľ=91.6) (9.6s)
  [Rat_Cortex‚ėÖ] N=73 edges=426 ŌÉ‚āÄ=0.92 C‚āÄ=0.097 BA k_avg‚Čą5.8
  seed=7: ŌÉ=1.141 C=0.129 L=2.293 őĪ=3.541 EL=25.9% av=1510(őľ=59.4) (4.1s)
  [Rat_Cortex‚ėÖ] N=73 edges=426 ŌÉ‚āÄ=1.58 C‚āÄ=0.160 BA k_avg‚Čą5.8
  seed=13: ŌÉ=1.697 C=0.201 L=2.066 őĪ=3.792 EL=24.6% av=1571(őľ=61.7) (4.8s)
  [Rat_Cortex‚ėÖ] N=73 edges=426 ŌÉ‚āÄ=0.92 C‚āÄ=0.099 BA k_avg‚Čą5.8
  seed=99: ŌÉ=0.918 C=0.103 L=2.399 őĪ=10.893 EL=26.3% av=1508(őľ=68.1) (4.9s)
  [Rat_Cortex‚ėÖ] N=73 edges=426 ŌÉ‚āÄ=0.88 C‚āÄ=0.093 BA k_avg‚Čą5.8
  seed=2024: ŌÉ=0.884 C=0.093 L=2.369 őĪ=3.111 EL=26.8% av=1504(őľ=65.2) (4.6s)

--- Rat_Cortex‚ėÖ SUMMARY (5 seeds) ---
  ‚ĚĆ sigma : 1.183¬Ī0.295  (‚Č•1.2)
  ‚ĚĆ C     : 0.186¬Ī0.115  (‚Č•0.25)
  ‚úÖ L     : 2.178¬Ī0.239  ([1.5,3.0])
  ‚ĚĆ alpha : 5.099¬Ī2.917  ([1.5,2.5])
  ‚úÖ el    : 0.257¬Ī0.008  ([0.15,0.28])
  SCORE: 2/5  [mesoscale]

=======================================================
Mouse_Cortex‚ėÖ  N=112  [mesoscale]
=======================================================
  [Mouse_Cortex‚ėÖ] N=112 edges=660 ŌÉ‚āÄ=1.05 C‚āÄ=0.070 BA k_avg‚Čą5.9
  seed=42: ŌÉ=1.149 C=0.079 L=2.495 őĪ=17.079 EL=23.9% av=1511(őľ=104.9) (7.6s)
  [Mouse_Cortex‚ėÖ] N=112 edges=660 ŌÉ‚āÄ=1.09 C‚āÄ=0.074 BA k_avg‚Čą5.9
  seed=7: ŌÉ=1.232 C=0.087 L=2.482 őĪ=3.593 EL=23.0% av=1510(őľ=101.2) (7.3s)
  [Mouse_Cortex‚ėÖ] N=112 edges=660 ŌÉ‚āÄ=1.49 C‚āÄ=0.100 BA k_avg‚Čą5.9
  seed=13: ŌÉ=1.593 C=0.113 L=2.496 őĪ=9.188 EL=23.0% av=1511(őľ=100.4) (7.2s)
  [Mouse_Cortex‚ėÖ] N=112 edges=660 ŌÉ‚āÄ=0.94 C‚āÄ=0.065 BA k_avg‚Čą5.9
  seed=99: ŌÉ=2.656 C=0.334 L=1.882 őĪ=4.470 EL=23.9% av=1909(őľ=174.4) (21.8s)
  [Mouse_Cortex‚ėÖ] N=112 edges=660 ŌÉ‚āÄ=1.11 C‚āÄ=0.075 BA k_avg‚Čą5.9
  seed=2024: ŌÉ=1.296 C=0.093 L=2.437 őĪ=3.593 EL=22.8% av=1521(őľ=104.2) (7.8s)

--- Mouse_Cortex‚ėÖ SUMMARY (5 seeds) ---
  ‚úÖ sigma : 1.585¬Ī0.556  (‚Č•1.5)
  ‚ĚĆ C     : 0.141¬Ī0.097  (‚Č•0.22)
  ‚úÖ L     : 2.358¬Ī0.239  ([1.5,3.0])
  ‚ĚĆ alpha : 7.584¬Ī5.182  ([1.5,2.5])
  ‚úÖ el    : 0.233¬Ī0.005  ([0.15,0.28])
  SCORE: 3/5  [mesoscale]

=======================================================
Chimpanzee‚ėÖ  N=200  [mesoscale]
=======================================================
  [Chimpanzee‚ėÖ] N=200 edges=1580 ŌÉ‚āÄ=1.26 C‚āÄ=0.062 BA k_avg‚Čą7.9
  seed=42: ŌÉ=3.642 C=0.343 L=1.934 őĪ=3.403 EL=24.8% av=2233(őľ=392.6) (70.7s)
  [Chimpanzee‚ėÖ] N=200 edges=1580 ŌÉ‚āÄ=1.19 C‚āÄ=0.058 BA k_avg‚Čą7.9
  seed=7: ŌÉ=3.648 C=0.262 L=1.943 őĪ=3.568 EL=23.5% av=2015(őľ=377.1) (56.2s)
  [Chimpanzee‚ėÖ] N=200 edges=1580 ŌÉ‚āÄ=1.34 C‚āÄ=0.065 BA k_avg‚Čą7.9
  seed=13: ŌÉ=3.520 C=0.345 L=1.932 őĪ=3.101 EL=23.7% av=2108(őľ=393.5) (65.9s)
  [Chimpanzee‚ėÖ] N=200 edges=1580 ŌÉ‚āÄ=1.23 C‚āÄ=0.060 BA k_avg‚Čą7.9
  seed=99: ŌÉ=3.785 C=0.305 L=1.936 őĪ=3.227 EL=23.4% av=2190(őľ=408.0) (68.6s)
  [Chimpanzee‚ėÖ] N=200 edges=1580 ŌÉ‚āÄ=0.99 C‚āÄ=0.049 BA k_avg‚Čą7.9
  seed=2024: ŌÉ=3.714 C=0.247 L=1.944 őĪ=3.367 EL=23.3% av=2171(őľ=391.2) (62.0s)

--- Chimpanzee‚ėÖ SUMMARY (5 seeds) ---
  ‚úÖ sigma : 3.662¬Ī0.088  (‚Č•1.5)
  ‚úÖ C     : 0.300¬Ī0.041  (‚Č•0.12)
  ‚úÖ L     : 1.938¬Ī0.005  ([1.5,3.5])
  ‚ĚĆ alpha : 3.333¬Ī0.159  ([1.5,2.5])
  ‚úÖ el    : 0.237¬Ī0.005  ([0.15,0.28])
  SCORE: 4/5  [mesoscale]

=======================================================
Human_HCP‚ėÖ  N=400  [mesoscale]
=======================================================
  [Human_HCP‚ėÖ] N=400 edges=3180 ŌÉ‚āÄ=1.90 C‚āÄ=0.039 BA k_avg‚Čą8.0
  seed=42: ŌÉ=7.798 C=0.247 L=1.965 őĪ=3.117 EL=24.3% av=2331(őľ=892.9) (159.3s)
  [Human_HCP‚ėÖ] N=400 edges=3180 ŌÉ‚āÄ=1.79 C‚āÄ=0.036 BA k_avg‚Čą8.0
  seed=7: ŌÉ=8.158 C=0.248 L=1.965 őĪ=3.224 EL=23.1% av=2299(őľ=930.6) (163.5s)
  [Human_HCP‚ėÖ] N=400 edges=3180 ŌÉ‚āÄ=2.04 C‚āÄ=0.042 BA k_avg‚Čą8.0
  seed=13: ŌÉ=7.971 C=0.248 L=1.967 őĪ=3.208 EL=24.9% av=2405(őľ=860.9) (159.8s)
  [Human_HCP‚ėÖ] N=400 edges=3180 ŌÉ‚āÄ=1.49 C‚āÄ=0.031 BA k_avg‚Čą8.0
  seed=99: ŌÉ=7.491 C=0.248 L=1.965 őĪ=3.392 EL=23.6% av=2368(őľ=924.2) (170.0s)
  [Human_HCP‚ėÖ] N=400 edges=3180 ŌÉ‚āÄ=1.51 C‚āÄ=0.032 BA k_avg‚Čą8.0
  seed=2024: ŌÉ=7.108 C=0.211 L=1.970 őĪ=3.076 EL=23.9% av=2357(őľ=886.0) (156.5s)
/home/work/.openclaw/workspace/sdi_sim/sdi_experiment1_v16.py:547: UserWarning: Glyph 20107 (\N{CJK UNIFIED IDEOGRAPH-4E8B}) missing from font(s) DejaVu Sans.
  plt.tight_layout()
/home/work/.openclaw/workspace/sdi_sim/sdi_experiment1_v16.py:547: UserWarning: Glyph 20214 (\N{CJK UNIFIED IDEOGRAPH-4EF6}) missing from font(s) DejaVu Sans.
  plt.tight_layout()
/home/work/.openclaw/workspace/sdi_sim/sdi_experiment1_v16.py:547: UserWarning: Glyph 39537 (\N{CJK UNIFIED IDEOGRAPH-9A71}) missing from font(s) DejaVu Sans.
  plt.tight_layout()
/home/work/.openclaw/workspace/sdi_sim/sdi_experiment1_v16.py:547: UserWarning: Glyph 21160 (\N{CJK UNIFIED IDEOGRAPH-52A8}) missing from font(s) DejaVu Sans.
  plt.tight_layout()
/home/work/.openclaw/workspace/sdi_sim/sdi_experiment1_v16.py:547: UserWarning: Glyph 21021 (\N{CJK UNIFIED IDEOGRAPH-521D}) missing from font(s) DejaVu Sans.
  plt.tight_layout()
/home/work/.openclaw/workspace/sdi_sim/sdi_experiment1_v16.py:547: UserWarning: Glyph 22987 (\N{CJK UNIFIED IDEOGRAPH-59CB}) missing from font(s) DejaVu Sans.
  plt.tight_layout()
/home/work/.openclaw/workspace/sdi_sim/sdi_experiment1_v16.py:547: UserWarning: Glyph 22270 (\N{CJK UNIFIED IDEOGRAPH-56FE}) missing from font(s) DejaVu Sans.
  plt.tight_layout()
/home/work/.openclaw/workspace/sdi_sim/sdi_experiment1_v16.py:547: UserWarning: Glyph 19977 (\N{CJK UNIFIED IDEOGRAPH-4E09}) missing from font(s) DejaVu Sans.
  plt.tight_layout()
/home/work/.openclaw/workspace/sdi_sim/sdi_experiment1_v16.py:547: UserWarning: Glyph 20803 (\N{CJK UNIFIED IDEOGRAPH-5143}) missing from font(s) DejaVu Sans.
  plt.tight_layout()
/home/work/.openclaw/workspace/sdi_sim/sdi_experiment1_v16.py:547: UserWarning: Glyph 38381 (\N{CJK UNIFIED IDEOGRAPH-95ED}) missing from font(s) DejaVu Sans.
  plt.tight_layout()
/home/work/.openclaw/workspace/sdi_sim/sdi_experiment1_v16.py:547: UserWarning: Glyph 21512 (\N{CJK UNIFIED IDEOGRAPH-5408}) missing from font(s) DejaVu Sans.
  plt.tight_layout()
/home/work/.openclaw/workspace/sdi_sim/sdi_experiment1_v16.py:547: UserWarning: Glyph 20223 (\N{CJK UNIFIED IDEOGRAPH-4EFF}) missing from font(s) DejaVu Sans.
  plt.tight_layout()
/home/work/.openclaw/workspace/sdi_sim/sdi_experiment1_v16.py:547: UserWarning: Glyph 30495 (\N{CJK UNIFIED IDEOGRAPH-771F}) missing from font(s) DejaVu Sans.
  plt.tight_layout()
/home/work/.openclaw/workspace/sdi_sim/sdi_experiment1_v16.py:547: UserWarning: Glyph 38543 (\N{CJK UNIFIED IDEOGRAPH-968F}) missing from font(s) DejaVu Sans.
  plt.tight_layout()
/home/work/.openclaw/workspace/sdi_sim/sdi_experiment1_v16.py:547: UserWarning: Glyph 26426 (\N{CJK UNIFIED IDEOGRAPH-673A}) missing from font(s) DejaVu Sans.
  plt.tight_layout()
/home/work/.openclaw/workspace/sdi_sim/sdi_experiment1_v16.py:547: UserWarning: Glyph 35268 (\N{CJK UNIFIED IDEOGRAPH-89C4}) missing from font(s) DejaVu Sans.
  plt.tight_layout()
/home/work/.openclaw/workspace/sdi_sim/sdi_experiment1_v16.py:547: UserWarning: Glyph 21017 (\N{CJK UNIFIED IDEOGRAPH-5219}) missing from font(s) DejaVu Sans.
  plt.tight_layout()
/home/work/.openclaw/workspace/sdi_sim/sdi_experiment1_v16.py:547: UserWarning: Glyph 28436 (\N{CJK UNIFIED IDEOGRAPH-6F14}) missing from font(s) DejaVu Sans.
  plt.tight_layout()
/home/work/.openclaw/workspace/sdi_sim/sdi_experiment1_v16.py:547: UserWarning: Glyph 21270 (\N{CJK UNIFIED IDEOGRAPH-5316}) missing from font(s) DejaVu Sans.
  plt.tight_layout()
/home/work/.openclaw/workspace/sdi_sim/sdi_experiment1_v16.py:547: UserWarning: Glyph 29983 (\N{CJK UNIFIED IDEOGRAPH-751F}) missing from font(s) DejaVu Sans.
  plt.tight_layout()
/home/work/.openclaw/workspace/sdi_sim/sdi_experiment1_v16.py:547: UserWarning: Glyph 29289 (\N{CJK UNIFIED IDEOGRAPH-7269}) missing from font(s) DejaVu Sans.
  plt.tight_layout()
/home/work/.openclaw/workspace/sdi_sim/sdi_experiment1_v16.py:547: UserWarning: Glyph 22797 (\N{CJK UNIFIED IDEOGRAPH-590D}) missing from font(s) DejaVu Sans.
  plt.tight_layout()
/home/work/.openclaw/workspace/sdi_sim/sdi_experiment1_v16.py:547: UserWarning: Glyph 26434 (\N{CJK UNIFIED IDEOGRAPH-6742}) missing from font(s) DejaVu Sans.
  plt.tight_layout()
/home/work/.openclaw/workspace/sdi_sim/sdi_experiment1_v16.py:547: UserWarning: Glyph 32593 (\N{CJK UNIFIED IDEOGRAPH-7F51}) missing from font(s) DejaVu Sans.
  plt.tight_layout()
/home/work/.openclaw/workspace/sdi_sim/sdi_experiment1_v16.py:547: UserWarning: Glyph 32476 (\N{CJK UNIFIED IDEOGRAPH-7EDC}) missing from font(s) DejaVu Sans.
  plt.tight_layout()
/home/work/.openclaw/workspace/sdi_sim/sdi_experiment1_v16.py:547: UserWarning: Glyph 29305 (\N{CJK UNIFIED IDEOGRAPH-7279}) missing from font(s) DejaVu Sans.
  plt.tight_layout()
/home/work/.openclaw/workspace/sdi_sim/sdi_experiment1_v16.py:547: UserWarning: Glyph 24615 (\N{CJK UNIFIED IDEOGRAPH-6027}) missing from font(s) DejaVu Sans.
  plt.tight_layout()
/home/work/.openclaw/workspace/sdi_sim/sdi_experiment1_v16.py:548: UserWarning: Glyph 20107 (\N{CJK UNIFIED IDEOGRAPH-4E8B}) missing from font(s) DejaVu Sans.
  plt.savefig(f'{OUT}/exp1_v16_convergence.png',dpi=130,bbox_inches='tight')
/home/work/.openclaw/workspace/sdi_sim/sdi_experiment1_v16.py:548: UserWarning: Glyph 20214 (\N{CJK UNIFIED IDEOGRAPH-4EF6}) missing from font(s) DejaVu Sans.
  plt.savefig(f'{OUT}/exp1_v16_convergence.png',dpi=130,bbox_inches='tight')
/home/work/.openclaw/workspace/sdi_sim/sdi_experiment1_v16.py:548: UserWarning: Glyph 39537 (\N{CJK UNIFIED IDEOGRAPH-9A71}) missing from font(s) DejaVu Sans.
  plt.savefig(f'{OUT}/exp1_v16_convergence.png',dpi=130,bbox_inches='tight')
/home/work/.openclaw/workspace/sdi_sim/sdi_experiment1_v16.py:548: UserWarning: Glyph 21160 (\N{CJK UNIFIED IDEOGRAPH-52A8}) missing from font(s) DejaVu Sans.
  plt.savefig(f'{OUT}/exp1_v16_convergence.png',dpi=130,bbox_inches='tight')
/home/work/.openclaw/workspace/sdi_sim/sdi_experiment1_v16.py:548: UserWarning: Glyph 21021 (\N{CJK UNIFIED IDEOGRAPH-521D}) missing from font(s) DejaVu Sans.
  plt.savefig(f'{OUT}/exp1_v16_convergence.png',dpi=130,bbox_inches='tight')
/home/work/.openclaw/workspace/sdi_sim/sdi_experiment1_v16.py:548: UserWarning: Glyph 22987 (\N{CJK UNIFIED IDEOGRAPH-59CB}) missing from font(s) DejaVu Sans.
  plt.savefig(f'{OUT}/exp1_v16_convergence.png',dpi=130,bbox_inches='tight')
/home/work/.openclaw/workspace/sdi_sim/sdi_experiment1_v16.py:548: UserWarning: Glyph 22270 (\N{CJK UNIFIED IDEOGRAPH-56FE}) missing from font(s) DejaVu Sans.
  plt.savefig(f'{OUT}/exp1_v16_convergence.png',dpi=130,bbox_inches='tight')
/home/work/.openclaw/workspace/sdi_sim/sdi_experiment1_v16.py:548: UserWarning: Glyph 19977 (\N{CJK UNIFIED IDEOGRAPH-4E09}) missing from font(s) DejaVu Sans.
  plt.savefig(f'{OUT}/exp1_v16_convergence.png',dpi=130,bbox_inches='tight')
/home/work/.openclaw/workspace/sdi_sim/sdi_experiment1_v16.py:548: UserWarning: Glyph 20803 (\N{CJK UNIFIED IDEOGRAPH-5143}) missing from font(s) DejaVu Sans.
  plt.savefig(f'{OUT}/exp1_v16_convergence.png',dpi=130,bbox_inches='tight')
/home/work/.openclaw/workspace/sdi_sim/sdi_experiment1_v16.py:548: UserWarning: Glyph 38381 (\N{CJK UNIFIED IDEOGRAPH-95ED}) missing from font(s) DejaVu Sans.
  plt.savefig(f'{OUT}/exp1_v16_convergence.png',dpi=130,bbox_inches='tight')
/home/work/.openclaw/workspace/sdi_sim/sdi_experiment1_v16.py:548: UserWarning: Glyph 21512 (\N{CJK UNIFIED IDEOGRAPH-5408}) missing from font(s) DejaVu Sans.
  plt.savefig(f'{OUT}/exp1_v16_convergence.png',dpi=130,bbox_inches='tight')
/home/work/.openclaw/workspace/sdi_sim/sdi_experiment1_v16.py:548: UserWarning: Glyph 20223 (\N{CJK UNIFIED IDEOGRAPH-4EFF}) missing from font(s) DejaVu Sans.
  plt.savefig(f'{OUT}/exp1_v16_convergence.png',dpi=130,bbox_inches='tight')
/home/work/.openclaw/workspace/sdi_sim/sdi_experiment1_v16.py:548: UserWarning: Glyph 30495 (\N{CJK UNIFIED IDEOGRAPH-771F}) missing from font(s) DejaVu Sans.
  plt.savefig(f'{OUT}/exp1_v16_convergence.png',dpi=130,bbox_inches='tight')
/home/work/.openclaw/workspace/sdi_sim/sdi_experiment1_v16.py:548: UserWarning: Glyph 38543 (\N{CJK UNIFIED IDEOGRAPH-968F}) missing from font(s) DejaVu Sans.
  plt.savefig(f'{OUT}/exp1_v16_convergence.png',dpi=130,bbox_inches='tight')
/home/work/.openclaw/workspace/sdi_sim/sdi_experiment1_v16.py:548: UserWarning: Glyph 26426 (\N{CJK UNIFIED IDEOGRAPH-673A}) missing from font(s) DejaVu Sans.
  plt.savefig(f'{OUT}/exp1_v16_convergence.png',dpi=130,bbox_inches='tight')
/home/work/.openclaw/workspace/sdi_sim/sdi_experiment1_v16.py:548: UserWarning: Glyph 35268 (\N{CJK UNIFIED IDEOGRAPH-89C4}) missing from font(s) DejaVu Sans.
  plt.savefig(f'{OUT}/exp1_v16_convergence.png',dpi=130,bbox_inches='tight')
/home/work/.openclaw/workspace/sdi_sim/sdi_experiment1_v16.py:548: UserWarning: Glyph 21017 (\N{CJK UNIFIED IDEOGRAPH-5219}) missing from font(s) DejaVu Sans.
  plt.savefig(f'{OUT}/exp1_v16_convergence.png',dpi=130,bbox_inches='tight')
/home/work/.openclaw/workspace/sdi_sim/sdi_experiment1_v16.py:548: UserWarning: Glyph 28436 (\N{CJK UNIFIED IDEOGRAPH-6F14}) missing from font(s) DejaVu Sans.
  plt.savefig(f'{OUT}/exp1_v16_convergence.png',dpi=130,bbox_inches='tight')
/home/work/.openclaw/workspace/sdi_sim/sdi_experiment1_v16.py:548: UserWarning: Glyph 21270 (\N{CJK UNIFIED IDEOGRAPH-5316}) missing from font(s) DejaVu Sans.
  plt.savefig(f'{OUT}/exp1_v16_convergence.png',dpi=130,bbox_inches='tight')
/home/work/.openclaw/workspace/sdi_sim/sdi_experiment1_v16.py:548: UserWarning: Glyph 29983 (\N{CJK UNIFIED IDEOGRAPH-751F}) missing from font(s) DejaVu Sans.
  plt.savefig(f'{OUT}/exp1_v16_convergence.png',dpi=130,bbox_inches='tight')
/home/work/.openclaw/workspace/sdi_sim/sdi_experiment1_v16.py:548: UserWarning: Glyph 29289 (\N{CJK UNIFIED IDEOGRAPH-7269}) missing from font(s) DejaVu Sans.
  plt.savefig(f'{OUT}/exp1_v16_convergence.png',dpi=130,bbox_inches='tight')
/home/work/.openclaw/workspace/sdi_sim/sdi_experiment1_v16.py:548: UserWarning: Glyph 22797 (\N{CJK UNIFIED IDEOGRAPH-590D}) missing from font(s) DejaVu Sans.
  plt.savefig(f'{OUT}/exp1_v16_convergence.png',dpi=130,bbox_inches='tight')
/home/work/.openclaw/workspace/sdi_sim/sdi_experiment1_v16.py:548: UserWarning: Glyph 26434 (\N{CJK UNIFIED IDEOGRAPH-6742}) missing from font(s) DejaVu Sans.
  plt.savefig(f'{OUT}/exp1_v16_convergence.png',dpi=130,bbox_inches='tight')
/home/work/.openclaw/workspace/sdi_sim/sdi_experiment1_v16.py:548: UserWarning: Glyph 32593 (\N{CJK UNIFIED IDEOGRAPH-7F51}) missing from font(s) DejaVu Sans.
  plt.savefig(f'{OUT}/exp1_v16_convergence.png',dpi=130,bbox_inches='tight')
/home/work/.openclaw/workspace/sdi_sim/sdi_experiment1_v16.py:548: UserWarning: Glyph 32476 (\N{CJK UNIFIED IDEOGRAPH-7EDC}) missing from font(s) DejaVu Sans.
  plt.savefig(f'{OUT}/exp1_v16_convergence.png',dpi=130,bbox_inches='tight')
/home/work/.openclaw/workspace/sdi_sim/sdi_experiment1_v16.py:548: UserWarning: Glyph 29305 (\N{CJK UNIFIED IDEOGRAPH-7279}) missing from font(s) DejaVu Sans.
  plt.savefig(f'{OUT}/exp1_v16_convergence.png',dpi=130,bbox_inches='tight')
/home/work/.openclaw/workspace/sdi_sim/sdi_experiment1_v16.py:548: UserWarning: Glyph 24615 (\N{CJK UNIFIED IDEOGRAPH-6027}) missing from font(s) DejaVu Sans.
  plt.savefig(f'{OUT}/exp1_v16_convergence.png',dpi=130,bbox_inches='tight')

--- Human_HCP‚ėÖ SUMMARY (5 seeds) ---
  ‚úÖ sigma : 7.705¬Ī0.371  (‚Č•2.5)
  ‚úÖ C     : 0.241¬Ī0.015  (‚Č•0.15)
  ‚ĚĆ L     : 1.966¬Ī0.002  ([2.0,4.0])
  ‚ĚĆ alpha : 3.203¬Ī0.109  ([1.5,2.5])
  ‚úÖ el    : 0.240¬Ī0.006  ([0.15,0.28])
  SCORE: 3/5  [mesoscale]

============================================================
ALL DONE 2831.9s
============================================================
ÁČ©Áßć                     ÁļßŚąę         ŚąÜ      ŌÉ       C      L     őĪ      EL
---------------------------------------------------------------------------
C.elegans              neuron     3/5  5.09¬Ī0.07  0.293  1.95  3.43  23.2%
Larval_Drosophila      neuron     4/5  6.00¬Ī0.08  0.283  1.96  3.43  23.7%
Macaque_Cortex         neuron     3/5  3.83¬Ī1.27  0.246  2.03  4.13  23.9%
Rat_Cortex‚ėÖ            ‚ėÖmeso      2/5  1.18¬Ī0.29  0.186  2.18  5.10  25.7%
Mouse_Cortex‚ėÖ          ‚ėÖmeso      3/5  1.59¬Ī0.56  0.141  2.36  7.58  23.3%
Chimpanzee‚ėÖ            ‚ėÖmeso      4/5  3.66¬Ī0.09  0.300  1.94  3.33  23.7%
Human_HCP‚ėÖ             ‚ėÖmeso      3/5  7.71¬Ī0.37  0.241  1.97  3.20  24.0%
Results ‚Üí exp1_v16_results.json
Plot ‚Üí exp1_v16_convergence.png
DONE
