
=======================================================
C.elegans  N=279
=======================================================
  [C.elegans] N=279 k_init=8 p=0.05 σ₀=7.63 C₀=0.263 e=2232
    200: σ=7.631 C=0.262 L=3.411 α=1.697 EL=0.0% e=1786
    400: σ=7.631 C=0.262 L=3.411 α=1.698 EL=0.0% e=1786
    600: σ=7.631 C=0.262 L=3.411 α=1.728 EL=0.0% e=1786
    800: σ=7.631 C=0.262 L=3.411 α=1.757 EL=0.8% e=1786
   1000: σ=7.631 C=0.262 L=3.411 α=1.797 EL=5.0% e=1786
   1200: σ=7.631 C=0.262 L=3.411 α=1.848 EL=12.4% e=1786
   1400: σ=7.631 C=0.262 L=3.411 α=1.776 EL=20.3% e=1786
   1600: σ=7.631 C=0.262 L=3.411 α=1.695 EL=24.9% e=1786
   1800: σ=7.631 C=0.262 L=3.411 α=1.898 EL=24.3% e=1786
   2000: σ=7.631 C=0.262 L=3.411 α=1.916 EL=23.8% e=1786
   2200: σ=7.631 C=0.262 L=3.411 α=1.944 EL=23.2% e=1786
   2400: σ=7.631 C=0.262 L=3.411 α=1.799 EL=24.9% e=1786
   2600: σ=7.631 C=0.262 L=3.411 α=1.841 EL=22.6% e=1786
   2800: σ=7.631 C=0.262 L=3.411 α=2.003 EL=23.0% e=1786
   3000: σ=7.631 C=0.262 L=3.411 α=1.810 EL=24.5% e=1786
   3200: σ=7.631 C=0.262 L=3.411 α=1.937 EL=24.7% e=1786
   3400: σ=7.631 C=0.262 L=3.411 α=2.129 EL=24.7% e=1786
   3600: σ=7.631 C=0.262 L=3.411 α=2.034 EL=24.7% e=1786
   3800: σ=7.631 C=0.262 L=3.411 α=2.050 EL=23.9% e=1786
   4000: σ=7.631 C=0.262 L=3.411 α=2.006 EL=22.9% e=1786
   4200: σ=7.631 C=0.262 L=3.411 α=2.177 EL=24.5% e=1786
   4400: σ=7.633 C=0.261 L=3.380 α=1.929 EL=24.5% e=1786
   4600: σ=7.633 C=0.261 L=3.380 α=1.957 EL=23.8% e=1786
   4800: σ=7.633 C=0.261 L=3.380 α=2.006 EL=24.0% e=1786

--- C.elegans (5.5s) ---
  ✅ sigma=7.633  (4.0, None)
  ✅ C=0.261  (0.25, None)
  ✅ L=3.380  (2.0, 3.5)
  ✅ alpha=1.955  (1.5, 2.5)
  ✅ EL=0.239  (0.15, 0.28)
  SCORE: 5/5

=======================================================
Larval_Droso  N=321
=======================================================
  [Larval_Droso] N=321 k_init=8 p=0.05 σ₀=9.06 C₀=0.268 e=2568
    200: σ=9.061 C=0.268 L=3.483 α=1.826 EL=0.0% e=2033
    400: σ=9.061 C=0.268 L=3.483 α=1.968 EL=0.0% e=2033
    600: σ=9.061 C=0.268 L=3.483 α=1.844 EL=0.0% e=2033
    800: σ=9.061 C=0.268 L=3.483 α=1.877 EL=1.2% e=2033
   1000: σ=9.061 C=0.268 L=3.483 α=1.850 EL=5.2% e=2033
   1200: σ=9.061 C=0.268 L=3.483 α=2.009 EL=10.4% e=2033
   1400: σ=9.061 C=0.268 L=3.483 α=1.875 EL=19.2% e=2033
   1600: σ=9.061 C=0.268 L=3.483 α=1.900 EL=22.6% e=2033
   1800: σ=9.061 C=0.268 L=3.483 α=1.966 EL=24.1% e=2033
   2000: σ=9.061 C=0.268 L=3.483 α=1.894 EL=23.8% e=2033
   2200: σ=9.061 C=0.268 L=3.483 α=1.968 EL=23.0% e=2033
   2400: σ=9.061 C=0.268 L=3.483 α=2.219 EL=23.1% e=2033
   2600: σ=9.061 C=0.268 L=3.483 α=2.132 EL=24.3% e=2033
   2800: σ=9.061 C=0.268 L=3.483 α=2.023 EL=22.6% e=2033
   3000: σ=9.061 C=0.268 L=3.483 α=2.083 EL=23.9% e=2033
   3200: σ=9.061 C=0.268 L=3.483 α=2.003 EL=24.9% e=2033
   3400: σ=9.061 C=0.268 L=3.483 α=2.022 EL=23.3% e=2033
   3600: σ=9.061 C=0.268 L=3.483 α=2.014 EL=22.8% e=2033
   3800: σ=9.061 C=0.268 L=3.483 α=2.203 EL=24.9% e=2033
   4000: σ=9.061 C=0.268 L=3.483 α=2.180 EL=23.7% e=2033
   4200: σ=9.061 C=0.268 L=3.483 α=1.988 EL=24.1% e=2033
   4400: σ=9.061 C=0.268 L=3.483 α=2.052 EL=24.4% e=2033
   4600: σ=9.061 C=0.268 L=3.483 α=2.208 EL=24.5% e=2033
   4800: σ=9.061 C=0.268 L=3.483 α=2.078 EL=24.9% e=2033

--- Larval_Droso (5.8s) ---
  ✅ sigma=9.061  (3.0, None)
  ✅ C=0.268  (0.2, None)
  ✅ L=3.483  (1.5, 3.5)
  ✅ alpha=2.157  (1.5, 2.5)
  ✅ EL=0.243  (0.15, 0.28)
  SCORE: 5/5

=======================================================
Rat_Cortex  N=73
=======================================================
  [Rat_Cortex] N=73 k_init=6 p=0.12 σ₀=1.37 C₀=0.107 e=426
    200: σ=1.370 C=0.107 L=2.519 α=1.471 EL=0.0% e=344
    400: σ=1.370 C=0.107 L=2.519 α=1.633 EL=1.7% e=344
    600: σ=1.370 C=0.107 L=2.519 α=1.456 EL=19.2% e=344
    800: σ=1.370 C=0.107 L=2.519 α=1.616 EL=23.8% e=344
   1000: σ=1.370 C=0.107 L=2.519 α=1.654 EL=23.3% e=344
   1200: σ=1.370 C=0.107 L=2.519 α=1.652 EL=23.5% e=344
   1400: σ=1.370 C=0.107 L=2.519 α=1.645 EL=25.0% e=344
   1600: σ=1.370 C=0.107 L=2.519 α=1.586 EL=23.5% e=344
   1800: σ=1.370 C=0.107 L=2.519 α=1.666 EL=23.3% e=344
   2000: σ=1.370 C=0.107 L=2.519 α=1.659 EL=23.8% e=344
   2200: σ=1.370 C=0.107 L=2.519 α=1.661 EL=23.8% e=344
   2400: σ=1.370 C=0.107 L=2.519 α=1.465 EL=23.0% e=344
   2600: σ=1.370 C=0.107 L=2.519 α=1.655 EL=23.8% e=344
   2800: σ=1.370 C=0.107 L=2.519 α=1.668 EL=24.4% e=344
   3000: σ=1.370 C=0.107 L=2.519 α=1.644 EL=24.7% e=344
   3200: σ=1.370 C=0.107 L=2.519 α=1.638 EL=24.1% e=344
   3400: σ=1.370 C=0.107 L=2.519 α=1.615 EL=24.4% e=344
   3600: σ=1.370 C=0.107 L=2.519 α=1.622 EL=24.4% e=344
   3800: σ=1.370 C=0.107 L=2.519 α=1.597 EL=24.7% e=344
   4000: σ=1.370 C=0.107 L=2.519 α=1.617 EL=24.7% e=344
   4200: σ=1.370 C=0.107 L=2.519 α=1.620 EL=23.5% e=344
   4400: σ=1.370 C=0.107 L=2.519 α=1.638 EL=24.4% e=344
   4600: σ=1.370 C=0.107 L=2.519 α=1.879 EL=24.1% e=344
   4800: σ=1.370 C=0.107 L=2.519 α=1.627 EL=23.3% e=344

--- Rat_Cortex (3.1s) ---
  ❌ sigma=1.370  (2.5, None)
  ❌ C=0.107  (0.3, None)
  ✅ L=2.519  (1.5, 3.0)
  ✅ alpha=1.633  (1.5, 2.5)
  ✅ EL=0.235  (0.15, 0.28)
  SCORE: 3/5

=======================================================
Mouse_Cortex  N=112
=======================================================
  [Mouse_Cortex] N=112 k_init=6 p=0.12 σ₀=1.10 C₀=0.055 e=660
    200: σ=1.107 C=0.056 L=2.727 α=1.460 EL=0.0% e=506
    400: σ=1.107 C=0.056 L=2.727 α=1.448 EL=2.0% e=506
    600: σ=1.107 C=0.056 L=2.727 α=1.444 EL=15.4% e=506
    800: σ=1.107 C=0.056 L=2.727 α=1.623 EL=23.5% e=506
   1000: σ=1.107 C=0.056 L=2.727 α=1.620 EL=23.1% e=506
   1200: σ=1.107 C=0.056 L=2.727 α=1.605 EL=24.5% e=506
   1400: σ=1.107 C=0.056 L=2.727 α=1.623 EL=23.9% e=506
   1600: σ=1.107 C=0.056 L=2.727 α=1.647 EL=23.9% e=506
   1800: σ=1.107 C=0.056 L=2.727 α=1.451 EL=24.1% e=506
   2000: σ=1.107 C=0.056 L=2.727 α=1.638 EL=24.1% e=506
   2200: σ=1.107 C=0.056 L=2.727 α=1.639 EL=24.9% e=506
   2400: σ=1.107 C=0.056 L=2.727 α=1.627 EL=22.7% e=506
   2600: σ=1.107 C=0.056 L=2.727 α=1.642 EL=24.1% e=506
   2800: σ=1.099 C=0.056 L=2.725 α=1.653 EL=22.7% e=506
   3000: σ=1.099 C=0.056 L=2.725 α=1.632 EL=24.5% e=506
   3200: σ=1.099 C=0.056 L=2.725 α=1.646 EL=24.1% e=506
   3400: σ=1.095 C=0.056 L=2.721 α=1.635 EL=24.9% e=506
   3600: σ=1.095 C=0.056 L=2.721 α=1.644 EL=22.7% e=506
   3800: σ=1.095 C=0.056 L=2.721 α=1.656 EL=24.9% e=506
   4000: σ=1.095 C=0.056 L=2.721 α=1.652 EL=23.7% e=506
   4200: σ=1.095 C=0.056 L=2.721 α=1.637 EL=23.7% e=506
   4400: σ=1.095 C=0.056 L=2.721 α=1.625 EL=24.1% e=506
   4600: σ=1.095 C=0.056 L=2.721 α=1.621 EL=23.3% e=506
   4800: σ=1.095 C=0.056 L=2.721 α=1.620 EL=22.9% e=506

--- Mouse_Cortex (4.5s) ---
  ❌ sigma=1.095  (2.5, None)
  ❌ C=0.056  (0.35, None)
  ✅ L=2.721  (1.5, 3.0)
  ✅ alpha=1.618  (1.5, 2.5)
  ✅ EL=0.247  (0.15, 0.28)
  SCORE: 3/5

=======================================================
Macaque_Cortex  N=242
=======================================================
  [Macaque_Cortex] N=242 k_init=14 p=0.1 σ₀=3.88 C₀=0.254 e=3388
    200: σ=3.870 C=0.254 L=2.449 α=1.527 EL=0.0% e=2746
    400: σ=3.870 C=0.254 L=2.449 α=1.516 EL=0.0% e=2746
    600: σ=3.870 C=0.254 L=2.449 α=1.663 EL=2.8% e=2746
    800: σ=3.870 C=0.254 L=2.449 α=1.623 EL=17.5% e=2746
   1000: σ=3.870 C=0.254 L=2.449 α=1.632 EL=22.6% e=2746
   1200: σ=3.870 C=0.254 L=2.449 α=2.076 EL=22.8% e=2746
   1400: σ=3.870 C=0.254 L=2.449 α=1.880 EL=22.9% e=2746
   1600: σ=3.870 C=0.254 L=2.449 α=1.859 EL=24.5% e=2746
   1800: σ=3.870 C=0.254 L=2.449 α=1.998 EL=23.2% e=2746
   2000: σ=3.870 C=0.254 L=2.449 α=2.076 EL=24.9% e=2746
   2200: σ=3.870 C=0.254 L=2.449 α=2.469 EL=23.5% e=2746
   2400: σ=3.870 C=0.254 L=2.449 α=2.053 EL=22.9% e=2746
   2600: σ=3.870 C=0.254 L=2.449 α=1.954 EL=22.5% e=2746
   2800: σ=3.870 C=0.254 L=2.449 α=1.919 EL=24.6% e=2746
   3000: σ=3.870 C=0.254 L=2.449 α=1.989 EL=22.6% e=2746
   3200: σ=3.870 C=0.254 L=2.449 α=1.919 EL=23.2% e=2746
   3400: σ=3.870 C=0.254 L=2.449 α=1.825 EL=24.6% e=2746
   3600: σ=3.865 C=0.253 L=2.448 α=1.772 EL=22.9% e=2746
   3800: σ=3.865 C=0.253 L=2.448 α=1.711 EL=23.1% e=2746
   4000: σ=3.865 C=0.253 L=2.448 α=1.910 EL=24.5% e=2746
   4200: σ=3.865 C=0.253 L=2.448 α=1.897 EL=24.3% e=2746
   4400: σ=3.864 C=0.253 L=2.443 α=1.949 EL=22.5% e=2746
   4600: σ=3.864 C=0.253 L=2.443 α=1.950 EL=24.3% e=2746
   4800: σ=3.864 C=0.253 L=2.443 α=2.026 EL=23.5% e=2746

--- Macaque_Cortex (5.6s) ---
  ✅ sigma=3.864  (3.0, None)
  ✅ C=0.253  (0.25, None)
  ✅ L=2.443  (2.0, 3.5)
  ✅ alpha=2.069  (1.5, 2.5)
  ✅ EL=0.227  (0.15, 0.28)
  SCORE: 5/5

=======================================================
ALL DONE 24.7s
=======================================================
  C.elegans: 5/5  σ=7.63 C=0.261 L=3.38 α=1.9545304642109012 EL=23.9%
  Larval_Droso: 5/5  σ=9.06 C=0.268 L=3.48 α=2.1570183215511065 EL=24.3%
  Rat_Cortex: 3/5  σ=1.37 C=0.107 L=2.52 α=1.6329014190767714 EL=23.5%
  Mouse_Cortex: 3/5  σ=1.09 C=0.056 L=2.72 α=1.6184145725846193 EL=24.7%
  Macaque_Cortex: 5/5  σ=3.86 C=0.253 L=2.44 α=2.0694228728298376 EL=22.7%
Plot saved: exp1_v5_convergence.png
DONE
