
============================================================
SPECIES: C.elegans  (N=279, k_avg=16.4)
============================================================
  [init] C.elegans: N=279, k_avg=16.4, p_er=0.0590, n_edges~4575
  [init] chem=4311 elec=215
  step    0: sigma=0.176 C=0.053 L=1.918 alpha=N/A EL=0.0%
  step  100: sigma=0.176 C=0.053 L=1.917 alpha=3.959 EL=2.8%
  step  200: sigma=0.176 C=0.053 L=1.915 alpha=4.100 EL=6.0%
  step  300: sigma=0.176 C=0.053 L=1.919 alpha=4.146 EL=9.3%
  step  400: sigma=0.176 C=0.053 L=1.918 alpha=4.084 EL=12.1%
  step  500: sigma=0.175 C=0.053 L=1.929 alpha=4.522 EL=15.3%
  step  600: sigma=0.175 C=0.053 L=1.923 alpha=4.485 EL=18.6%
  step  700: sigma=0.176 C=0.053 L=1.919 alpha=4.443 EL=21.3%
  step  800: sigma=0.176 C=0.053 L=1.915 alpha=4.429 EL=24.6%
  step  900: sigma=0.176 C=0.053 L=1.919 alpha=4.407 EL=27.8%

--- C.elegans FINAL (4.8s) ---
  sigma=0.175  PASS=False  (target>=4.0)
  C=0.053  PASS=False  (target>=0.3)
  L=1.929  PASS=False  (target (2.0, 3.5))
  alpha=4.371  PASS=False  (target (1.5, 2.5))
  EL=30.6%  PASS=False  (target (0.15, 0.28))
  SCORE: 0/5

============================================================
SPECIES: Larval_Drosophila  (N=321, k_avg=51.6)
============================================================
  [init] Larval_Drosophila: N=321, k_avg=51.6, p_er=0.1613, n_edges~16563
  [init] chem=15050 elec=752
  step    0: sigma=0.173 C=0.145 L=1.726 alpha=N/A EL=0.0%
  step  100: sigma=0.171 C=0.145 L=1.738 alpha=3.746 EL=0.8%
  step  200: sigma=0.172 C=0.145 L=1.733 alpha=3.830 EL=1.7%
  step  300: sigma=0.173 C=0.145 L=1.726 alpha=3.832 EL=2.7%
  step  400: sigma=0.172 C=0.145 L=1.729 alpha=4.059 EL=3.5%
  step  500: sigma=0.172 C=0.145 L=1.729 alpha=4.036 EL=4.4%
  step  600: sigma=0.173 C=0.145 L=1.724 alpha=3.995 EL=5.3%
  step  700: sigma=0.172 C=0.145 L=1.728 alpha=3.952 EL=6.1%
  step  800: sigma=0.173 C=0.145 L=1.726 alpha=3.921 EL=7.0%
  step  900: sigma=0.172 C=0.145 L=1.733 alpha=3.896 EL=8.0%

--- Larval_Drosophila FINAL (8.4s) ---
  sigma=0.173  PASS=False  (target>=3.0)
  C=0.145  PASS=False  (target>=0.2)
  L=1.726  PASS=False  (target (2.0, 4.0))
  alpha=3.879  PASS=False  (target (1.5, 2.5))
  EL=8.8%  PASS=False  (target (0.15, 0.28))
  SCORE: 0/5

============================================================
SPECIES: Mouse_Cortex  (N=112, k_avg=58.4)
============================================================
  [init] Mouse_Cortex: N=112, k_avg=58.4, p_er=0.5261, n_edges~6540
  [init] chem=5009 elec=250
  step    0: sigma=0.219 C=0.399 L=1.346 alpha=N/A EL=0.0%
  step  100: sigma=0.216 C=0.399 L=1.362 alpha=2.315 EL=2.4%
  step  200: sigma=0.217 C=0.399 L=1.354 alpha=2.668 EL=5.2%
  step  300: sigma=0.218 C=0.399 L=1.351 alpha=2.670 EL=8.0%
  step  400: sigma=0.218 C=0.399 L=1.350 alpha=2.655 EL=10.4%
  step  500: sigma=0.217 C=0.399 L=1.356 alpha=2.636 EL=13.2%
  step  600: sigma=0.219 C=0.399 L=1.346 alpha=2.625 EL=16.0%
  step  700: sigma=0.217 C=0.399 L=1.356 alpha=2.612 EL=18.4%
  step  800: sigma=0.216 C=0.399 L=1.360 alpha=2.605 EL=21.2%
  step  900: sigma=0.217 C=0.399 L=1.355 alpha=2.593 EL=24.0%

--- Mouse_Cortex FINAL (3.5s) ---
  sigma=0.218  PASS=False  (target>=2.5)
  C=0.399  PASS=True  (target>=0.35)
  L=1.351  PASS=False  (target (1.5, 3.0))
  alpha=2.589  PASS=False  (target (1.5, 2.5))
  EL=26.4%  PASS=True  (target (0.15, 0.28))
  SCORE: 2/5

============================================================
SPECIES: Rat_Cortex  (N=73, k_avg=26.3)
============================================================
  [init] Rat_Cortex: N=73, k_avg=26.3, p_er=0.3653, n_edges~1919
  [init] chem=1568 elec=78
  step    0: sigma=0.194 C=0.291 L=1.486 alpha=N/A EL=0.0%
  step  100: sigma=0.192 C=0.291 L=1.502 alpha=2.298 EL=7.7%
  step  200: sigma=0.192 C=0.291 L=1.507 alpha=2.334 EL=16.6%
  step  300: sigma=0.192 C=0.291 L=1.501 alpha=2.363 EL=25.5%
  step  400: sigma=0.192 C=0.291 L=1.503 alpha=2.356 EL=33.2%
  step  500: sigma=0.191 C=0.291 L=1.513 alpha=2.348 EL=38.8%
  step  600: sigma=0.191 C=0.291 L=1.511 alpha=2.339 EL=43.4%
  step  700: sigma=0.192 C=0.291 L=1.500 alpha=2.327 EL=43.8%
  step  800: sigma=0.193 C=0.291 L=1.497 alpha=2.325 EL=34.2%
  step  900: sigma=0.193 C=0.291 L=1.498 alpha=2.323 EL=37.6%

--- Rat_Cortex FINAL (2.1s) ---
  sigma=0.192  PASS=False  (target>=2.5)
  C=0.291  PASS=False  (target>=0.3)
  L=1.503  PASS=True  (target (1.5, 3.0))
  alpha=2.321  PASS=True  (target (1.5, 2.5))
  EL=39.3%  PASS=False  (target (0.15, 0.28))
  SCORE: 2/5

============================================================
SPECIES: Macaque_Cortex  (N=242, k_avg=16.9)
============================================================
  [init] Macaque_Cortex: N=242, k_avg=16.9, p_er=0.0701, n_edges~4089
  [init] chem=3731 elec=186
  step    0: sigma=0.181 C=0.063 L=1.899 alpha=N/A EL=0.0%
  step  100: sigma=0.181 C=0.063 L=1.893 alpha=3.813 EL=3.2%
  step  200: sigma=0.181 C=0.063 L=1.898 alpha=4.268 EL=7.0%
  step  300: sigma=0.180 C=0.063 L=1.902 alpha=4.245 EL=10.7%
  step  400: sigma=0.181 C=0.063 L=1.893 alpha=4.227 EL=13.9%
  step  500: sigma=0.180 C=0.063 L=1.907 alpha=4.182 EL=17.7%
  step  600: sigma=0.181 C=0.063 L=1.893 alpha=4.162 EL=21.4%
  step  700: sigma=0.181 C=0.063 L=1.896 alpha=4.132 EL=24.7%
  step  800: sigma=0.181 C=0.063 L=1.895 alpha=4.113 EL=28.4%
  step  900: sigma=0.181 C=0.063 L=1.900 alpha=4.076 EL=32.2%

--- Macaque_Cortex FINAL (4.2s) ---
  sigma=0.181  PASS=False  (target>=3.0)
  C=0.063  PASS=False  (target>=0.4)
  L=1.897  PASS=False  (target (2.0, 3.5))
  alpha=4.047  PASS=False  (target (1.5, 2.5))
  EL=35.4%  PASS=False  (target (0.15, 0.28))
  SCORE: 0/5

============================================================
ALL SPECIES DONE. Total time: 23.1s
============================================================
  C.elegans: 0/5
  Larval_Drosophila: 0/5
  Mouse_Cortex: 2/5
  Rat_Cortex: 2/5
  Macaque_Cortex: 0/5
Results saved.
Plot saved: experiment1_convergence.png
DONE
