
=======================================================
C.elegans  N=279  [neuron]
=======================================================
  [C.elegans] N=279 e=2232 σ₀=7.63 C₀=0.263
  seed=42: σ=7.656 C=0.261 L=3.378 α=N/A EL=22.7% av=1(μ=529791.0) (3.9s)
  [C.elegans] N=279 e=2232 σ₀=7.52 C₀=0.273
  seed=7: σ=7.523 C=0.271 L=3.576 α=N/A EL=23.1% av=1(μ=540107.0) (3.9s)
  [C.elegans] N=279 e=2232 σ₀=7.62 C₀=0.260
  seed=13: σ=7.650 C=0.254 L=3.309 α=N/A EL=24.0% av=12(μ=39873.3) (3.6s)
  [C.elegans] N=279 e=2232 σ₀=7.32 C₀=0.279
  seed=99: σ=7.320 C=0.277 L=3.742 α=N/A EL=22.9% av=1(μ=539538.0) (3.9s)
  [C.elegans] N=279 e=2232 σ₀=7.57 C₀=0.273
  seed=2024: σ=7.572 C=0.273 L=3.537 α=N/A EL=23.0% av=1(μ=534185.0) (3.9s)

--- C.elegans SUMMARY (5 seeds) ---
  ✅ sigma : 7.544±0.123  (target ≥4.0)
  ✅ C     : 0.267±0.009  (target ≥0.25)
  ❌ L     : 3.508±0.153  (target [2.0,3.5])
  ❌ alpha : N/A  (target [1.5,2.5])
  ✅ el    : 0.231±0.004  (target [0.15,0.28])
  SCORE: 3/5  [neuron]

=======================================================
Larval_Drosophila  N=321  [neuron]
=======================================================
  [Larval_Drosophila] N=321 e=2568 σ₀=9.06 C₀=0.266
  seed=42: σ=9.127 C=0.265 L=3.373 α=N/A EL=23.0% av=1(μ=612863.0) (4.1s)
  [Larval_Drosophila] N=321 e=2568 σ₀=9.44 C₀=0.265
  seed=7: σ=9.482 C=0.264 L=3.355 α=N/A EL=23.4% av=1(μ=610359.0) (4.1s)
  [Larval_Drosophila] N=321 e=2568 σ₀=9.20 C₀=0.268
  seed=13: σ=9.349 C=0.263 L=3.290 α=N/A EL=23.0% av=1(μ=613215.0) (4.1s)
  [Larval_Drosophila] N=321 e=2568 σ₀=8.85 C₀=0.276
  seed=99: σ=8.995 C=0.274 L=3.525 α=N/A EL=23.0% av=1(μ=619573.0) (4.1s)
  [Larval_Drosophila] N=321 e=2568 σ₀=9.25 C₀=0.270
  seed=2024: σ=9.267 C=0.269 L=3.434 α=N/A EL=24.6% av=1(μ=610522.0) (4.1s)

--- Larval_Drosophila SUMMARY (5 seeds) ---
  ✅ sigma : 9.244±0.170  (target ≥3.0)
  ✅ C     : 0.267±0.004  (target ≥0.2)
  ✅ L     : 3.395±0.079  (target [1.5,3.5])
  ❌ alpha : N/A  (target [1.5,2.5])
  ✅ el    : 0.234±0.006  (target [0.15,0.28])
  SCORE: 4/5  [neuron]

=======================================================
Macaque_Cortex  N=242  [neuron]
=======================================================
  [Macaque_Cortex] N=242 e=3388 σ₀=3.79 C₀=0.240
  seed=42: σ=3.786 C=0.240 L=2.395 α=N/A EL=23.6% av=3(μ=158626.0) (4.5s)
  [Macaque_Cortex] N=242 e=3388 σ₀=3.91 C₀=0.255
  seed=7: σ=3.904 C=0.254 L=2.446 α=N/A EL=23.5% av=1(μ=481232.0) (4.5s)
  [Macaque_Cortex] N=242 e=3388 σ₀=3.90 C₀=0.250
  seed=13: σ=3.903 C=0.250 L=2.420 α=N/A EL=23.5% av=1(μ=481272.0) (4.5s)
  [Macaque_Cortex] N=242 e=3388 σ₀=3.96 C₀=0.257
  seed=99: σ=3.961 C=0.257 L=2.445 α=N/A EL=25.0% av=2(μ=238054.0) (4.4s)
  [Macaque_Cortex] N=242 e=3388 σ₀=3.94 C₀=0.251
  seed=2024: σ=3.940 C=0.251 L=2.420 α=N/A EL=23.0% av=1(μ=481184.0) (4.5s)

--- Macaque_Cortex SUMMARY (5 seeds) ---
  ✅ sigma : 3.899±0.060  (target ≥3.0)
  ✅ C     : 0.250±0.006  (target ≥0.25)
  ✅ L     : 2.425±0.019  (target [2.0,3.5])
  ❌ alpha : N/A  (target [1.5,2.5])
  ✅ el    : 0.237±0.007  (target [0.15,0.28])
  SCORE: 4/5  [neuron]

=======================================================
Rat_Cortex★  N=73  [mesoscale]
=======================================================
  [Rat_Cortex★] N=73 e=876 σ₀=1.23 C₀=0.265
  seed=42: σ=1.227 C=0.264 L=2.369 α=N/A EL=24.3% av=2(μ=71929.5) (2.8s)
  [Rat_Cortex★] N=73 e=876 σ₀=1.27 C₀=0.284
  seed=7: σ=1.255 C=0.281 L=2.390 α=N/A EL=24.8% av=9(μ=14840.9) (2.7s)
  [Rat_Cortex★] N=73 e=876 σ₀=1.21 C₀=0.258
  seed=13: σ=1.202 C=0.258 L=2.311 α=N/A EL=22.8% av=1(μ=145148.0) (2.8s)
  [Rat_Cortex★] N=73 e=876 σ₀=1.22 C₀=0.281
  seed=99: σ=1.209 C=0.279 L=2.483 α=N/A EL=23.8% av=2(μ=71895.5) (2.8s)
  [Rat_Cortex★] N=73 e=876 σ₀=1.27 C₀=0.285
  seed=2024: σ=1.227 C=0.271 L=2.332 α=N/A EL=23.9% av=21(μ=5541.6) (2.4s)

--- Rat_Cortex★ SUMMARY (5 seeds) ---
  ✅ sigma : 1.224±0.018  (target ≥1.2)
  ✅ C     : 0.270±0.009  (target ≥0.25)
  ✅ L     : 2.377±0.060  (target [1.5,3.0])
  ❌ alpha : N/A  (target [1.5,2.5])
  ✅ el    : 0.239±0.006  (target [0.15,0.28])
  SCORE: 4/5  [mesoscale]

=======================================================
Mouse_Cortex★  N=112  [mesoscale]
=======================================================
  [Mouse_Cortex★] N=112 e=1344 σ₀=1.72 C₀=0.240
  seed=42: σ=1.722 C=0.240 L=2.583 α=N/A EL=23.4% av=1(μ=222401.0) (3.3s)
  [Mouse_Cortex★] N=112 e=1344 σ₀=1.78 C₀=0.256
  seed=7: σ=1.768 C=0.254 L=2.648 α=N/A EL=22.6% av=7(μ=30176.6) (3.1s)
  [Mouse_Cortex★] N=112 e=1344 σ₀=1.78 C₀=0.250
  seed=13: σ=1.778 C=0.249 L=2.585 α=N/A EL=24.6% av=3(μ=72819.0) (3.2s)
  [Mouse_Cortex★] N=112 e=1344 σ₀=1.78 C₀=0.263
  seed=99: σ=1.779 C=0.263 L=2.693 α=N/A EL=24.0% av=3(μ=73482.7) (3.2s)
  [Mouse_Cortex★] N=112 e=1344 σ₀=1.83 C₀=0.264
  seed=2024: σ=1.814 C=0.261 L=2.623 α=N/A EL=24.2% av=3(μ=72889.0) (3.2s)

--- Mouse_Cortex★ SUMMARY (5 seeds) ---
  ✅ sigma : 1.772±0.030  (target ≥1.5)
  ✅ C     : 0.253±0.008  (target ≥0.22)
  ✅ L     : 2.626±0.041  (target [1.5,3.0])
  ❌ alpha : N/A  (target [1.5,2.5])
  ✅ el    : 0.238±0.007  (target [0.15,0.28])
  SCORE: 4/5  [mesoscale]

=======================================================
Chimpanzee★  N=200  [mesoscale]
=======================================================
  [Chimpanzee★] N=200 e=2000 σ₀=4.32 C₀=0.253
  seed=42: σ=4.274 C=0.249 L=2.795 α=N/A EL=23.0% av=11(μ=32181.3) (3.4s)
  [Chimpanzee★] N=200 e=2000 σ₀=4.38 C₀=0.252
  seed=7: σ=4.341 C=0.249 L=2.755 α=N/A EL=24.6% av=9(μ=40475.3) (3.4s)
  [Chimpanzee★] N=200 e=2000 σ₀=4.21 C₀=0.249
  seed=13: σ=4.087 C=0.238 L=2.745 α=3.186 EL=25.0% av=31(μ=8895.2) (2.9s)
  [Chimpanzee★] N=200 e=2000 σ₀=4.21 C₀=0.265
  seed=99: σ=4.126 C=0.251 L=2.857 α=2.853 EL=24.3% av=31(μ=8834.9) (2.9s)
  [Chimpanzee★] N=200 e=2000 σ₀=4.32 C₀=0.271
  seed=2024: σ=4.321 C=0.268 L=2.940 α=N/A EL=24.2% av=11(μ=32393.3) (3.5s)

--- Chimpanzee★ SUMMARY (5 seeds) ---
  ✅ sigma : 4.230±0.104  (target ≥1.5)
  ✅ C     : 0.251±0.010  (target ≥0.12)
  ✅ L     : 2.818±0.073  (target [1.5,3.5])
  ❌ alpha : 3.019±0.166  (target [1.5,2.5])
  ✅ el    : 0.242±0.007  (target [0.15,0.28])
  SCORE: 4/5  [mesoscale]

=======================================================
Human_HCP★  N=400  [mesoscale]
=======================================================
  [Human_HCP★] N=400 e=4000 σ₀=10.19 C₀=0.270
  seed=42: σ=10.190 C=0.270 L=2.911 α=N/A EL=24.8% av=2(μ=393881.5) (4.9s)
  [Human_HCP★] N=400 e=4000 σ₀=10.00 C₀=0.264
  seed=7: σ=10.020 C=0.264 L=2.906 α=N/A EL=23.6% av=1(μ=786315.0) (4.9s)
  [Human_HCP★] N=400 e=4000 σ₀=9.94 C₀=0.273
  seed=13: σ=9.929 C=0.272 L=3.043 α=N/A EL=23.7% av=4(μ=191574.5) (4.9s)
  [Human_HCP★] N=400 e=4000 σ₀=10.05 C₀=0.273
  seed=99: σ=10.051 C=0.272 L=2.959 α=N/A EL=23.3% av=2(μ=392081.5) (4.9s)
  [Human_HCP★] N=400 e=4000 σ₀=10.00 C₀=0.277
  seed=2024: σ=9.993 C=0.277 L=3.035 α=N/A EL=23.4% av=7(μ=106182.3) (4.7s)
/home/work/.openclaw/workspace/sdi_sim/sdi_experiment1_v12b.py:502: UserWarning: Glyph 34701 (\N{CJK UNIFIED IDEOGRAPH-878D}) missing from font(s) DejaVu Sans.
  plt.tight_layout()
/home/work/.openclaw/workspace/sdi_sim/sdi_experiment1_v12b.py:502: UserWarning: Glyph 21512 (\N{CJK UNIFIED IDEOGRAPH-5408}) missing from font(s) DejaVu Sans.
  plt.tight_layout()
/home/work/.openclaw/workspace/sdi_sim/sdi_experiment1_v12b.py:502: UserWarning: Glyph 21270 (\N{CJK UNIFIED IDEOGRAPH-5316}) missing from font(s) DejaVu Sans.
  plt.tight_layout()
/home/work/.openclaw/workspace/sdi_sim/sdi_experiment1_v12b.py:502: UserWarning: Glyph 38190 (\N{CJK UNIFIED IDEOGRAPH-952E}) missing from font(s) DejaVu Sans.
  plt.tight_layout()
/home/work/.openclaw/workspace/sdi_sim/sdi_experiment1_v12b.py:502: UserWarning: Glyph 30495 (\N{CJK UNIFIED IDEOGRAPH-771F}) missing from font(s) DejaVu Sans.
  plt.tight_layout()
/home/work/.openclaw/workspace/sdi_sim/sdi_experiment1_v12b.py:502: UserWarning: Glyph 27491 (\N{CJK UNIFIED IDEOGRAPH-6B63}) missing from font(s) DejaVu Sans.
  plt.tight_layout()
/home/work/.openclaw/workspace/sdi_sim/sdi_experiment1_v12b.py:502: UserWarning: Glyph 24130 (\N{CJK UNIFIED IDEOGRAPH-5E42}) missing from font(s) DejaVu Sans.
  plt.tight_layout()
/home/work/.openclaw/workspace/sdi_sim/sdi_experiment1_v12b.py:502: UserWarning: Glyph 24459 (\N{CJK UNIFIED IDEOGRAPH-5F8B}) missing from font(s) DejaVu Sans.
  plt.tight_layout()
/home/work/.openclaw/workspace/sdi_sim/sdi_experiment1_v12b.py:502: UserWarning: Glyph 38634 (\N{CJK UNIFIED IDEOGRAPH-96EA}) missing from font(s) DejaVu Sans.
  plt.tight_layout()
/home/work/.openclaw/workspace/sdi_sim/sdi_experiment1_v12b.py:502: UserWarning: Glyph 23849 (\N{CJK UNIFIED IDEOGRAPH-5D29}) missing from font(s) DejaVu Sans.
  plt.tight_layout()
/home/work/.openclaw/workspace/sdi_sim/sdi_experiment1_v12b.py:502: UserWarning: Glyph 65288 (\N{FULLWIDTH LEFT PARENTHESIS}) missing from font(s) DejaVu Sans.
  plt.tight_layout()
/home/work/.openclaw/workspace/sdi_sim/sdi_experiment1_v12b.py:502: UserWarning: Glyph 65289 (\N{FULLWIDTH RIGHT PARENTHESIS}) missing from font(s) DejaVu Sans.
  plt.tight_layout()
/home/work/.openclaw/workspace/sdi_sim/sdi_experiment1_v12b.py:503: UserWarning: Glyph 34701 (\N{CJK UNIFIED IDEOGRAPH-878D}) missing from font(s) DejaVu Sans.
  plt.savefig(f'{OUT}/exp1_v12b_convergence.png',dpi=130,bbox_inches='tight')
/home/work/.openclaw/workspace/sdi_sim/sdi_experiment1_v12b.py:503: UserWarning: Glyph 21512 (\N{CJK UNIFIED IDEOGRAPH-5408}) missing from font(s) DejaVu Sans.
  plt.savefig(f'{OUT}/exp1_v12b_convergence.png',dpi=130,bbox_inches='tight')
/home/work/.openclaw/workspace/sdi_sim/sdi_experiment1_v12b.py:503: UserWarning: Glyph 21270 (\N{CJK UNIFIED IDEOGRAPH-5316}) missing from font(s) DejaVu Sans.
  plt.savefig(f'{OUT}/exp1_v12b_convergence.png',dpi=130,bbox_inches='tight')
/home/work/.openclaw/workspace/sdi_sim/sdi_experiment1_v12b.py:503: UserWarning: Glyph 38190 (\N{CJK UNIFIED IDEOGRAPH-952E}) missing from font(s) DejaVu Sans.
  plt.savefig(f'{OUT}/exp1_v12b_convergence.png',dpi=130,bbox_inches='tight')
/home/work/.openclaw/workspace/sdi_sim/sdi_experiment1_v12b.py:503: UserWarning: Glyph 30495 (\N{CJK UNIFIED IDEOGRAPH-771F}) missing from font(s) DejaVu Sans.
  plt.savefig(f'{OUT}/exp1_v12b_convergence.png',dpi=130,bbox_inches='tight')
/home/work/.openclaw/workspace/sdi_sim/sdi_experiment1_v12b.py:503: UserWarning: Glyph 27491 (\N{CJK UNIFIED IDEOGRAPH-6B63}) missing from font(s) DejaVu Sans.
  plt.savefig(f'{OUT}/exp1_v12b_convergence.png',dpi=130,bbox_inches='tight')
/home/work/.openclaw/workspace/sdi_sim/sdi_experiment1_v12b.py:503: UserWarning: Glyph 24130 (\N{CJK UNIFIED IDEOGRAPH-5E42}) missing from font(s) DejaVu Sans.
  plt.savefig(f'{OUT}/exp1_v12b_convergence.png',dpi=130,bbox_inches='tight')
/home/work/.openclaw/workspace/sdi_sim/sdi_experiment1_v12b.py:503: UserWarning: Glyph 24459 (\N{CJK UNIFIED IDEOGRAPH-5F8B}) missing from font(s) DejaVu Sans.
  plt.savefig(f'{OUT}/exp1_v12b_convergence.png',dpi=130,bbox_inches='tight')
/home/work/.openclaw/workspace/sdi_sim/sdi_experiment1_v12b.py:503: UserWarning: Glyph 38634 (\N{CJK UNIFIED IDEOGRAPH-96EA}) missing from font(s) DejaVu Sans.
  plt.savefig(f'{OUT}/exp1_v12b_convergence.png',dpi=130,bbox_inches='tight')
/home/work/.openclaw/workspace/sdi_sim/sdi_experiment1_v12b.py:503: UserWarning: Glyph 23849 (\N{CJK UNIFIED IDEOGRAPH-5D29}) missing from font(s) DejaVu Sans.
  plt.savefig(f'{OUT}/exp1_v12b_convergence.png',dpi=130,bbox_inches='tight')
/home/work/.openclaw/workspace/sdi_sim/sdi_experiment1_v12b.py:503: UserWarning: Glyph 65288 (\N{FULLWIDTH LEFT PARENTHESIS}) missing from font(s) DejaVu Sans.
  plt.savefig(f'{OUT}/exp1_v12b_convergence.png',dpi=130,bbox_inches='tight')
/home/work/.openclaw/workspace/sdi_sim/sdi_experiment1_v12b.py:503: UserWarning: Glyph 65289 (\N{FULLWIDTH RIGHT PARENTHESIS}) missing from font(s) DejaVu Sans.
  plt.savefig(f'{OUT}/exp1_v12b_convergence.png',dpi=130,bbox_inches='tight')

--- Human_HCP★ SUMMARY (5 seeds) ---
  ✅ sigma : 10.037±0.087  (target ≥2.5)
  ✅ C     : 0.271±0.004  (target ≥0.15)
  ✅ L     : 2.971±0.059  (target [2.0,4.0])
  ❌ alpha : N/A  (target [1.5,2.5])
  ✅ el    : 0.238±0.005  (target [0.15,0.28])
  SCORE: 4/5  [mesoscale]

============================================================
ALL DONE  133.9s  (5 seeds × 7 species)
============================================================
物种                     级别         得分     σ        C       L      α      EL
------------------------------------------------------------------------------
C.elegans              neuron     3/5  7.54±0.12  0.267  3.51  0.00±0.00  23.1%
Larval_Drosophila      neuron     4/5  9.24±0.17  0.267  3.40  0.00±0.00  23.4%
Macaque_Cortex         neuron     4/5  3.90±0.06  0.250  2.43  0.00±0.00  23.7%
Rat_Cortex★            ★meso      4/5  1.22±0.02  0.270  2.38  0.00±0.00  23.9%
Mouse_Cortex★          ★meso      4/5  1.77±0.03  0.253  2.63  0.00±0.00  23.8%
Chimpanzee★            ★meso      4/5  4.23±0.10  0.251  2.82  3.02±0.17  24.2%
Human_HCP★             ★meso      4/5  10.04±0.09  0.271  2.97  0.00±0.00  23.8%

【LTC+SDI融合说明】
  神经元动力学：LTC（Liquid Time-Constant）连续时间积分
  雪崩检测：T_bin=4ms 时间窗口（与Beggs&Plenz 2003一致）
  STDP：精确spike时刻（0.5ms分辨率），而非离散步序号
  液态时间常数耦合：E-L键τ_syn=3ms < E-S键τ_syn=8ms
  → 固化骨架快响应，可塑通道慢响应（液态拓扑的物理意义）
Results → exp1_v12b_results.json
Plot → exp1_v12b_convergence.png
DONE
