
=======================================================
C.elegans  N=279  [neuron]
=======================================================
  [C.elegans] N=279 e=2232 ПғвӮҖ=7.63 CвӮҖ=0.263
  seed=42: Пғ=7.626 C=0.263 L=3.424 Оұ=N/A EL=0.0% av=0(Ој=0.0) (1.2s)
  [C.elegans] N=279 e=2232 ПғвӮҖ=7.52 CвӮҖ=0.273
  seed=7: Пғ=7.516 C=0.273 L=3.621 Оұ=N/A EL=0.0% av=0(Ој=0.0) (1.2s)
  [C.elegans] N=279 e=2232 ПғвӮҖ=7.62 CвӮҖ=0.260
  seed=13: Пғ=7.621 C=0.260 L=3.437 Оұ=N/A EL=0.0% av=0(Ој=0.0) (1.2s)
  [C.elegans] N=279 e=2232 ПғвӮҖ=7.32 CвӮҖ=0.279
  seed=99: Пғ=7.316 C=0.279 L=3.772 Оұ=N/A EL=0.0% av=0(Ој=0.0) (1.2s)
  [C.elegans] N=279 e=2232 ПғвӮҖ=7.57 CвӮҖ=0.273
  seed=2024: Пғ=7.568 C=0.273 L=3.553 Оұ=N/A EL=0.0% av=0(Ој=0.0) (1.2s)

--- C.elegans SUMMARY (5 seeds) ---
  вң… sigma : 7.529Вұ0.114  (target вүҘ4.0)
  вң… C     : 0.269Вұ0.007  (target вүҘ0.25)
  вқҢ L     : 3.562Вұ0.128  (target [2.0,3.5])
  вқҢ alpha : N/A  (target [1.5,2.5])
  вқҢ el    : 0.000Вұ0.000  (target [0.15,0.28])
  SCORE: 2/5  [neuron]

=======================================================
Larval_Drosophila  N=321  [neuron]
=======================================================
  [Larval_Drosophila] N=321 e=2568 ПғвӮҖ=9.06 CвӮҖ=0.266
  seed=42: Пғ=9.059 C=0.266 L=3.418 Оұ=N/A EL=0.0% av=0(Ој=0.0) (1.2s)
  [Larval_Drosophila] N=321 e=2568 ПғвӮҖ=9.44 CвӮҖ=0.265
  seed=7: Пғ=9.436 C=0.265 L=3.388 Оұ=N/A EL=0.0% av=0(Ој=0.0) (1.2s)
  [Larval_Drosophila] N=321 e=2568 ПғвӮҖ=9.20 CвӮҖ=0.268
  seed=13: Пғ=9.202 C=0.268 L=3.424 Оұ=N/A EL=0.0% av=0(Ој=0.0) (1.2s)
  [Larval_Drosophila] N=321 e=2568 ПғвӮҖ=8.85 CвӮҖ=0.276
  seed=99: Пғ=8.850 C=0.276 L=3.632 Оұ=N/A EL=0.0% av=0(Ој=0.0) (1.2s)
  [Larval_Drosophila] N=321 e=2568 ПғвӮҖ=9.25 CвӮҖ=0.270
  seed=2024: Пғ=9.249 C=0.270 L=3.461 Оұ=N/A EL=0.0% av=0(Ој=0.0) (1.2s)

--- Larval_Drosophila SUMMARY (5 seeds) ---
  вң… sigma : 9.159Вұ0.196  (target вүҘ3.0)
  вң… C     : 0.269Вұ0.004  (target вүҘ0.2)
  вң… L     : 3.465Вұ0.087  (target [1.5,3.5])
  вқҢ alpha : N/A  (target [1.5,2.5])
  вқҢ el    : 0.000Вұ0.000  (target [0.15,0.28])
  SCORE: 3/5  [neuron]

=======================================================
Macaque_Cortex  N=242  [neuron]
=======================================================
  [Macaque_Cortex] N=242 e=3388 ПғвӮҖ=3.79 CвӮҖ=0.240
  seed=42: Пғ=3.794 C=0.240 L=2.395 Оұ=N/A EL=0.0% av=0(Ој=0.0) (1.3s)
  [Macaque_Cortex] N=242 e=3388 ПғвӮҖ=3.91 CвӮҖ=0.255
  seed=7: Пғ=3.908 C=0.255 L=2.447 Оұ=N/A EL=0.0% av=0(Ој=0.0) (1.3s)
  [Macaque_Cortex] N=242 e=3388 ПғвӮҖ=3.90 CвӮҖ=0.250
  seed=13: Пғ=3.903 C=0.250 L=2.420 Оұ=N/A EL=0.0% av=0(Ој=0.0) (1.3s)
  [Macaque_Cortex] N=242 e=3388 ПғвӮҖ=3.96 CвӮҖ=0.257
  seed=99: Пғ=3.961 C=0.257 L=2.445 Оұ=N/A EL=0.0% av=0(Ој=0.0) (1.3s)
  [Macaque_Cortex] N=242 e=3388 ПғвӮҖ=3.94 CвӮҖ=0.251
  seed=2024: Пғ=3.940 C=0.251 L=2.420 Оұ=N/A EL=0.0% av=0(Ој=0.0) (1.3s)

--- Macaque_Cortex SUMMARY (5 seeds) ---
  вң… sigma : 3.901Вұ0.058  (target вүҘ3.0)
  вң… C     : 0.251Вұ0.006  (target вүҘ0.25)
  вң… L     : 2.426Вұ0.019  (target [2.0,3.5])
  вқҢ alpha : N/A  (target [1.5,2.5])
  вқҢ el    : 0.000Вұ0.000  (target [0.15,0.28])
  SCORE: 3/5  [neuron]

=======================================================
Rat_Cortexвҳ…  N=73  [mesoscale]
=======================================================
  [Rat_Cortexвҳ…] N=73 e=876 ПғвӮҖ=1.23 CвӮҖ=0.265
  seed=42: Пғ=1.228 C=0.265 L=2.383 Оұ=N/A EL=0.0% av=0(Ој=0.0) (0.9s)
  [Rat_Cortexвҳ…] N=73 e=876 ПғвӮҖ=1.27 CвӮҖ=0.284
  seed=7: Пғ=1.268 C=0.284 L=2.415 Оұ=N/A EL=0.0% av=0(Ој=0.0) (0.9s)
  [Rat_Cortexвҳ…] N=73 e=876 ПғвӮҖ=1.21 CвӮҖ=0.258
  seed=13: Пғ=1.206 C=0.258 L=2.319 Оұ=N/A EL=0.0% av=0(Ој=0.0) (0.9s)
  [Rat_Cortexвҳ…] N=73 e=876 ПғвӮҖ=1.22 CвӮҖ=0.281
  seed=99: Пғ=1.217 C=0.281 L=2.486 Оұ=N/A EL=0.0% av=0(Ој=0.0) (0.9s)
  [Rat_Cortexвҳ…] N=73 e=876 ПғвӮҖ=1.27 CвӮҖ=0.285
  seed=2024: Пғ=1.275 C=0.285 L=2.433 Оұ=N/A EL=0.0% av=0(Ој=0.0) (0.9s)

--- Rat_Cortexвҳ… SUMMARY (5 seeds) ---
  вң… sigma : 1.239Вұ0.028  (target вүҘ1.2)
  вң… C     : 0.275Вұ0.011  (target вүҘ0.25)
  вң… L     : 2.407Вұ0.055  (target [1.5,3.0])
  вқҢ alpha : N/A  (target [1.5,2.5])
  вқҢ el    : 0.000Вұ0.000  (target [0.15,0.28])
  SCORE: 3/5  [mesoscale]

=======================================================
Mouse_Cortexвҳ…  N=112  [mesoscale]
=======================================================
  [Mouse_Cortexвҳ…] N=112 e=1344 ПғвӮҖ=1.72 CвӮҖ=0.240
  seed=42: Пғ=1.722 C=0.240 L=2.583 Оұ=N/A EL=0.0% av=0(Ој=0.0) (1.0s)
  [Mouse_Cortexвҳ…] N=112 e=1344 ПғвӮҖ=1.78 CвӮҖ=0.256
  seed=7: Пғ=1.784 C=0.256 L=2.670 Оұ=N/A EL=0.0% av=0(Ој=0.0) (1.0s)
  [Mouse_Cortexвҳ…] N=112 e=1344 ПғвӮҖ=1.78 CвӮҖ=0.250
  seed=13: Пғ=1.784 C=0.250 L=2.597 Оұ=N/A EL=0.0% av=0(Ој=0.0) (1.0s)
  [Mouse_Cortexвҳ…] N=112 e=1344 ПғвӮҖ=1.78 CвӮҖ=0.263
  seed=99: Пғ=1.784 C=0.263 L=2.697 Оұ=N/A EL=0.0% av=0(Ој=0.0) (1.0s)
  [Mouse_Cortexвҳ…] N=112 e=1344 ПғвӮҖ=1.83 CвӮҖ=0.264
  seed=2024: Пғ=1.828 C=0.264 L=2.661 Оұ=N/A EL=0.0% av=0(Ој=0.0) (1.0s)

--- Mouse_Cortexвҳ… SUMMARY (5 seeds) ---
  вң… sigma : 1.780Вұ0.034  (target вүҘ1.5)
  вң… C     : 0.255Вұ0.009  (target вүҘ0.22)
  вң… L     : 2.642Вұ0.044  (target [1.5,3.0])
  вқҢ alpha : N/A  (target [1.5,2.5])
  вқҢ el    : 0.000Вұ0.000  (target [0.15,0.28])
  SCORE: 3/5  [mesoscale]

=======================================================
Chimpanzeeвҳ…  N=200  [mesoscale]
=======================================================
  [Chimpanzeeвҳ…] N=200 e=2000 ПғвӮҖ=4.32 CвӮҖ=0.253
  seed=42: Пғ=4.319 C=0.253 L=2.846 Оұ=N/A EL=0.0% av=0(Ој=0.0) (1.1s)
  [Chimpanzeeвҳ…] N=200 e=2000 ПғвӮҖ=4.38 CвӮҖ=0.252
  seed=7: Пғ=4.379 C=0.252 L=2.793 Оұ=N/A EL=0.0% av=0(Ој=0.0) (1.1s)
  [Chimpanzeeвҳ…] N=200 e=2000 ПғвӮҖ=4.21 CвӮҖ=0.249
  seed=13: Пғ=4.213 C=0.249 L=2.875 Оұ=N/A EL=0.0% av=0(Ој=0.0) (1.1s)
  [Chimpanzeeвҳ…] N=200 e=2000 ПғвӮҖ=4.21 CвӮҖ=0.265
  seed=99: Пғ=4.207 C=0.265 L=3.039 Оұ=N/A EL=0.0% av=0(Ој=0.0) (1.1s)
  [Chimpanzeeвҳ…] N=200 e=2000 ПғвӮҖ=4.32 CвӮҖ=0.271
  seed=2024: Пғ=4.324 C=0.271 L=2.990 Оұ=N/A EL=0.0% av=0(Ој=0.0) (1.1s)

--- Chimpanzeeвҳ… SUMMARY (5 seeds) ---
  вң… sigma : 4.288Вұ0.068  (target вүҘ1.5)
  вң… C     : 0.258Вұ0.009  (target вүҘ0.12)
  вң… L     : 2.909Вұ0.092  (target [1.5,3.5])
  вқҢ alpha : N/A  (target [1.5,2.5])
  вқҢ el    : 0.000Вұ0.000  (target [0.15,0.28])
  SCORE: 3/5  [mesoscale]

=======================================================
Human_HCPвҳ…  N=400  [mesoscale]
=======================================================
  [Human_HCPвҳ…] N=400 e=4000 ПғвӮҖ=10.19 CвӮҖ=0.270
  seed=42: Пғ=10.192 C=0.270 L=2.919 Оұ=N/A EL=0.0% av=0(Ој=0.0) (1.4s)
  [Human_HCPвҳ…] N=400 e=4000 ПғвӮҖ=10.00 CвӮҖ=0.264
  seed=7: Пғ=10.003 C=0.264 L=2.921 Оұ=N/A EL=0.0% av=0(Ој=0.0) (1.4s)
  [Human_HCPвҳ…] N=400 e=4000 ПғвӮҖ=9.94 CвӮҖ=0.273
  seed=13: Пғ=9.935 C=0.273 L=3.046 Оұ=N/A EL=0.0% av=0(Ој=0.0) (1.4s)
  [Human_HCPвҳ…] N=400 e=4000 ПғвӮҖ=10.05 CвӮҖ=0.273
  seed=99: Пғ=10.052 C=0.273 L=2.969 Оұ=N/A EL=0.0% av=0(Ој=0.0) (1.4s)
  [Human_HCPвҳ…] N=400 e=4000 ПғвӮҖ=10.00 CвӮҖ=0.277
  seed=2024: Пғ=9.999 C=0.277 L=3.042 Оұ=N/A EL=0.0% av=0(Ој=0.0) (1.4s)
/home/work/.openclaw/workspace/sdi_sim/sdi_experiment1_v12c.py:502: UserWarning: Glyph 34701 (\N{CJK UNIFIED IDEOGRAPH-878D}) missing from font(s) DejaVu Sans.
  plt.tight_layout()
/home/work/.openclaw/workspace/sdi_sim/sdi_experiment1_v12c.py:502: UserWarning: Glyph 21512 (\N{CJK UNIFIED IDEOGRAPH-5408}) missing from font(s) DejaVu Sans.
  plt.tight_layout()
/home/work/.openclaw/workspace/sdi_sim/sdi_experiment1_v12c.py:502: UserWarning: Glyph 21270 (\N{CJK UNIFIED IDEOGRAPH-5316}) missing from font(s) DejaVu Sans.
  plt.tight_layout()
/home/work/.openclaw/workspace/sdi_sim/sdi_experiment1_v12c.py:502: UserWarning: Glyph 38190 (\N{CJK UNIFIED IDEOGRAPH-952E}) missing from font(s) DejaVu Sans.
  plt.tight_layout()
/home/work/.openclaw/workspace/sdi_sim/sdi_experiment1_v12c.py:502: UserWarning: Glyph 30495 (\N{CJK UNIFIED IDEOGRAPH-771F}) missing from font(s) DejaVu Sans.
  plt.tight_layout()
/home/work/.openclaw/workspace/sdi_sim/sdi_experiment1_v12c.py:502: UserWarning: Glyph 27491 (\N{CJK UNIFIED IDEOGRAPH-6B63}) missing from font(s) DejaVu Sans.
  plt.tight_layout()
/home/work/.openclaw/workspace/sdi_sim/sdi_experiment1_v12c.py:502: UserWarning: Glyph 24130 (\N{CJK UNIFIED IDEOGRAPH-5E42}) missing from font(s) DejaVu Sans.
  plt.tight_layout()
/home/work/.openclaw/workspace/sdi_sim/sdi_experiment1_v12c.py:502: UserWarning: Glyph 24459 (\N{CJK UNIFIED IDEOGRAPH-5F8B}) missing from font(s) DejaVu Sans.
  plt.tight_layout()
/home/work/.openclaw/workspace/sdi_sim/sdi_experiment1_v12c.py:502: UserWarning: Glyph 38634 (\N{CJK UNIFIED IDEOGRAPH-96EA}) missing from font(s) DejaVu Sans.
  plt.tight_layout()
/home/work/.openclaw/workspace/sdi_sim/sdi_experiment1_v12c.py:502: UserWarning: Glyph 23849 (\N{CJK UNIFIED IDEOGRAPH-5D29}) missing from font(s) DejaVu Sans.
  plt.tight_layout()
/home/work/.openclaw/workspace/sdi_sim/sdi_experiment1_v12c.py:502: UserWarning: Glyph 65288 (\N{FULLWIDTH LEFT PARENTHESIS}) missing from font(s) DejaVu Sans.
  plt.tight_layout()
/home/work/.openclaw/workspace/sdi_sim/sdi_experiment1_v12c.py:502: UserWarning: Glyph 65289 (\N{FULLWIDTH RIGHT PARENTHESIS}) missing from font(s) DejaVu Sans.
  plt.tight_layout()
/home/work/.openclaw/workspace/sdi_sim/sdi_experiment1_v12c.py:503: UserWarning: Glyph 34701 (\N{CJK UNIFIED IDEOGRAPH-878D}) missing from font(s) DejaVu Sans.
  plt.savefig(f'{OUT}/exp1_v12c_convergence.png',dpi=130,bbox_inches='tight')
/home/work/.openclaw/workspace/sdi_sim/sdi_experiment1_v12c.py:503: UserWarning: Glyph 21512 (\N{CJK UNIFIED IDEOGRAPH-5408}) missing from font(s) DejaVu Sans.
  plt.savefig(f'{OUT}/exp1_v12c_convergence.png',dpi=130,bbox_inches='tight')
/home/work/.openclaw/workspace/sdi_sim/sdi_experiment1_v12c.py:503: UserWarning: Glyph 21270 (\N{CJK UNIFIED IDEOGRAPH-5316}) missing from font(s) DejaVu Sans.
  plt.savefig(f'{OUT}/exp1_v12c_convergence.png',dpi=130,bbox_inches='tight')
/home/work/.openclaw/workspace/sdi_sim/sdi_experiment1_v12c.py:503: UserWarning: Glyph 38190 (\N{CJK UNIFIED IDEOGRAPH-952E}) missing from font(s) DejaVu Sans.
  plt.savefig(f'{OUT}/exp1_v12c_convergence.png',dpi=130,bbox_inches='tight')
/home/work/.openclaw/workspace/sdi_sim/sdi_experiment1_v12c.py:503: UserWarning: Glyph 30495 (\N{CJK UNIFIED IDEOGRAPH-771F}) missing from font(s) DejaVu Sans.
  plt.savefig(f'{OUT}/exp1_v12c_convergence.png',dpi=130,bbox_inches='tight')
/home/work/.openclaw/workspace/sdi_sim/sdi_experiment1_v12c.py:503: UserWarning: Glyph 27491 (\N{CJK UNIFIED IDEOGRAPH-6B63}) missing from font(s) DejaVu Sans.
  plt.savefig(f'{OUT}/exp1_v12c_convergence.png',dpi=130,bbox_inches='tight')
/home/work/.openclaw/workspace/sdi_sim/sdi_experiment1_v12c.py:503: UserWarning: Glyph 24130 (\N{CJK UNIFIED IDEOGRAPH-5E42}) missing from font(s) DejaVu Sans.
  plt.savefig(f'{OUT}/exp1_v12c_convergence.png',dpi=130,bbox_inches='tight')
/home/work/.openclaw/workspace/sdi_sim/sdi_experiment1_v12c.py:503: UserWarning: Glyph 24459 (\N{CJK UNIFIED IDEOGRAPH-5F8B}) missing from font(s) DejaVu Sans.
  plt.savefig(f'{OUT}/exp1_v12c_convergence.png',dpi=130,bbox_inches='tight')
/home/work/.openclaw/workspace/sdi_sim/sdi_experiment1_v12c.py:503: UserWarning: Glyph 38634 (\N{CJK UNIFIED IDEOGRAPH-96EA}) missing from font(s) DejaVu Sans.
  plt.savefig(f'{OUT}/exp1_v12c_convergence.png',dpi=130,bbox_inches='tight')
/home/work/.openclaw/workspace/sdi_sim/sdi_experiment1_v12c.py:503: UserWarning: Glyph 23849 (\N{CJK UNIFIED IDEOGRAPH-5D29}) missing from font(s) DejaVu Sans.
  plt.savefig(f'{OUT}/exp1_v12c_convergence.png',dpi=130,bbox_inches='tight')
/home/work/.openclaw/workspace/sdi_sim/sdi_experiment1_v12c.py:503: UserWarning: Glyph 65288 (\N{FULLWIDTH LEFT PARENTHESIS}) missing from font(s) DejaVu Sans.
  plt.savefig(f'{OUT}/exp1_v12c_convergence.png',dpi=130,bbox_inches='tight')
/home/work/.openclaw/workspace/sdi_sim/sdi_experiment1_v12c.py:503: UserWarning: Glyph 65289 (\N{FULLWIDTH RIGHT PARENTHESIS}) missing from font(s) DejaVu Sans.
  plt.savefig(f'{OUT}/exp1_v12c_convergence.png',dpi=130,bbox_inches='tight')

--- Human_HCPвҳ… SUMMARY (5 seeds) ---
  вң… sigma : 10.036Вұ0.086  (target вүҘ2.5)
  вң… C     : 0.271Вұ0.004  (target вүҘ0.15)
  вң… L     : 2.979Вұ0.056  (target [2.0,4.0])
  вқҢ alpha : N/A  (target [1.5,2.5])
  вқҢ el    : 0.000Вұ0.000  (target [0.15,0.28])
  SCORE: 3/5  [mesoscale]

============================================================
ALL DONE  42.2s  (5 seeds Г— 7 species)
============================================================
зү©з§Қ                     зә§еҲ«         еҫ—еҲҶ     Пғ        C       L      Оұ      EL
------------------------------------------------------------------------------
C.elegans              neuron     2/5  7.53Вұ0.11  0.269  3.56  0.00Вұ0.00  0.0%
Larval_Drosophila      neuron     3/5  9.16Вұ0.20  0.269  3.46  0.00Вұ0.00  0.0%
Macaque_Cortex         neuron     3/5  3.90Вұ0.06  0.251  2.43  0.00Вұ0.00  0.0%
Rat_Cortexвҳ…            вҳ…meso      3/5  1.24Вұ0.03  0.275  2.41  0.00Вұ0.00  0.0%
Mouse_Cortexвҳ…          вҳ…meso      3/5  1.78Вұ0.03  0.255  2.64  0.00Вұ0.00  0.0%
Chimpanzeeвҳ…            вҳ…meso      3/5  4.29Вұ0.07  0.258  2.91  0.00Вұ0.00  0.0%
Human_HCPвҳ…             вҳ…meso      3/5  10.04Вұ0.09  0.271  2.98  0.00Вұ0.00  0.0%

гҖҗLTC+SDIиһҚеҗҲиҜҙжҳҺгҖ‘
  зҘһз»Ҹе…ғеҠЁеҠӣеӯҰпјҡLTCпјҲLiquid Time-Constantпјүиҝһз»ӯж—¶й—ҙз§ҜеҲҶ
  йӣӘеҙ©жЈҖжөӢпјҡT_bin=4ms ж—¶й—ҙзӘ—еҸЈпјҲдёҺBeggs&Plenz 2003дёҖиҮҙпјү
  STDPпјҡзІҫзЎ®spikeж—¶еҲ»пјҲ0.5msеҲҶиҫЁзҺҮпјүпјҢиҖҢйқһзҰ»ж•ЈжӯҘеәҸеҸ·
  ж¶ІжҖҒж—¶й—ҙеёёж•°иҖҰеҗҲпјҡE-Lй”®П„_syn=3ms < E-Sй”®П„_syn=8ms
  вҶ’ еӣәеҢ–йӘЁжһ¶еҝ«е“Қеә”пјҢеҸҜеЎ‘йҖҡйҒ“ж…ўе“Қеә”пјҲж¶ІжҖҒжӢ“жү‘зҡ„зү©зҗҶж„Ҹд№үпјү
Results вҶ’ exp1_v12c_results.json
Plot вҶ’ exp1_v12c_convergence.png
DONE
