
==========================================================
C.elegans  N=279  [neuron]
==========================================================
  seed=42: Пғ=7.638 C=0.262 L=3.398 Оұ=3.308 EL=25.0% (4.1s)
  seed=7: Пғ=7.561 C=0.271 L=3.556 Оұ=3.514 EL=23.5% (4.0s)
  seed=13: Пғ=7.654 C=0.259 L=3.413 Оұ=3.310 EL=24.2% (4.1s)
  seed=99: Пғ=7.321 C=0.278 L=3.758 Оұ=3.040 EL=24.3% (4.1s)
  seed=2024: Пғ=7.548 C=0.270 L=3.520 Оұ=3.136 EL=22.9% (4.1s)

  --- C.elegans SUMMARY (meanВұstd over 5 seeds) ---
  вң… sigma : 7.544Вұ0.119  (target вүҘ4.0)
  вң… C     : 0.268Вұ0.007  (target вүҘ0.25)
  вқҢ L     : 3.529Вұ0.129  (target [2.0,3.5])
  вқҢ alpha : 3.262Вұ0.163  (target [1.5,2.5])
  вң… el    : 0.240Вұ0.007  (target [0.15,0.28])
  SCORE: 3/5  [neuron]

==========================================================
Larval_Drosophila  N=321  [neuron]
==========================================================
  seed=42: Пғ=9.067 C=0.265 L=3.401 Оұ=3.038 EL=23.7% (4.5s)
  seed=7: Пғ=9.436 C=0.265 L=3.388 Оұ=3.354 EL=24.7% (4.5s)
  seed=13: Пғ=9.177 C=0.267 L=3.421 Оұ=3.335 EL=23.9% (4.5s)
  seed=99: Пғ=8.909 C=0.275 L=3.589 Оұ=3.313 EL=22.7% (4.5s)
  seed=2024: Пғ=9.249 C=0.270 L=3.461 Оұ=3.379 EL=24.0% (4.5s)

  --- Larval_Drosophila SUMMARY (meanВұstd over 5 seeds) ---
  вң… sigma : 9.168Вұ0.176  (target вүҘ3.0)
  вң… C     : 0.268Вұ0.004  (target вүҘ0.2)
  вң… L     : 3.452Вұ0.073  (target [1.5,3.5])
  вқҢ alpha : 3.284Вұ0.125  (target [1.5,2.5])
  вң… el    : 0.238Вұ0.006  (target [0.15,0.28])
  SCORE: 4/5  [neuron]

==========================================================
Macaque_Cortex  N=242  [neuron]
==========================================================
  seed=42: Пғ=3.786 C=0.240 L=2.395 Оұ=2.633 EL=24.8% (4.4s)
  seed=7: Пғ=3.893 C=0.254 L=2.443 Оұ=2.517 EL=23.6% (4.5s)
  seed=13: Пғ=3.903 C=0.250 L=2.420 Оұ=2.676 EL=24.3% (4.5s)
  seed=99: Пғ=3.944 C=0.256 L=2.444 Оұ=2.721 EL=23.0% (4.5s)
  seed=2024: Пғ=3.931 C=0.251 L=2.420 Оұ=2.641 EL=23.4% (4.5s)

  --- Macaque_Cortex SUMMARY (meanВұstd over 5 seeds) ---
  вң… sigma : 3.892Вұ0.056  (target вүҘ3.0)
  вң… C     : 0.250Вұ0.005  (target вүҘ0.25)
  вң… L     : 2.424Вұ0.018  (target [2.0,3.5])
  вқҢ alpha : 2.638Вұ0.068  (target [1.5,2.5])
  вң… el    : 0.238Вұ0.006  (target [0.15,0.28])
  SCORE: 4/5  [neuron]

==========================================================
Rat_Cortexвҳ…  N=73  [mesoscale]
==========================================================
  seed=42: Пғ=1.228 C=0.265 L=2.383 Оұ=3.691 EL=23.7% (2.6s)
  seed=7: Пғ=1.268 C=0.284 L=2.415 Оұ=3.676 EL=23.5% (2.5s)
  seed=13: Пғ=1.198 C=0.257 L=2.317 Оұ=3.605 EL=24.5% (2.5s)
  seed=99: Пғ=1.224 C=0.279 L=2.459 Оұ=3.637 EL=24.2% (2.5s)
  seed=2024: Пғ=1.275 C=0.285 L=2.433 Оұ=3.657 EL=23.8% (2.5s)

  --- Rat_Cortexвҳ… SUMMARY (meanВұstd over 5 seeds) ---
  вң… sigma : 1.239Вұ0.029  (target вүҘ1.2)
  вң… C     : 0.274Вұ0.011  (target вүҘ0.25)
  вң… L     : 2.401Вұ0.049  (target [1.5,3.0])
  вқҢ alpha : 3.653Вұ0.030  (target [1.5,2.5])
  вң… el    : 0.239Вұ0.004  (target [0.15,0.28])
  SCORE: 4/5  [mesoscale]

==========================================================
Mouse_Cortexвҳ…  N=112  [mesoscale]
==========================================================
  seed=42: Пғ=1.722 C=0.240 L=2.583 Оұ=3.034 EL=23.2% (2.9s)
  seed=7: Пғ=1.784 C=0.256 L=2.670 Оұ=3.160 EL=23.6% (3.0s)
  seed=13: Пғ=1.784 C=0.249 L=2.584 Оұ=3.136 EL=24.3% (2.9s)
  seed=99: Пғ=1.784 C=0.263 L=2.697 Оұ=3.096 EL=23.7% (2.9s)
  seed=2024: Пғ=1.828 C=0.264 L=2.661 Оұ=3.135 EL=23.3% (2.9s)

  --- Mouse_Cortexвҳ… SUMMARY (meanВұstd over 5 seeds) ---
  вң… sigma : 1.780Вұ0.034  (target вүҘ1.5)
  вң… C     : 0.255Вұ0.009  (target вүҘ0.22)
  вң… L     : 2.639Вұ0.047  (target [1.5,3.0])
  вқҢ alpha : 3.112Вұ0.044  (target [1.5,2.5])
  вң… el    : 0.236Вұ0.004  (target [0.15,0.28])
  SCORE: 4/5  [mesoscale]

==========================================================
Chimpanzeeвҳ…  N=200  [mesoscale]
==========================================================
  seed=42: Пғ=4.305 C=0.252 L=2.837 Оұ=2.889 EL=23.3% (3.8s)
  seed=7: Пғ=4.390 C=0.251 L=2.778 Оұ=3.213 EL=24.9% (3.9s)
  seed=13: Пғ=4.211 C=0.248 L=2.858 Оұ=3.153 EL=23.7% (3.8s)
  seed=99: Пғ=4.204 C=0.265 L=3.031 Оұ=2.546 EL=25.0% (3.9s)
  seed=2024: Пғ=4.324 C=0.271 L=2.990 Оұ=2.651 EL=23.8% (3.9s)

  --- Chimpanzeeвҳ… SUMMARY (meanВұstd over 5 seeds) ---
  вң… sigma : 4.287Вұ0.071  (target вүҘ1.5)
  вң… C     : 0.257Вұ0.009  (target вүҘ0.12)
  вң… L     : 2.899Вұ0.096  (target [1.5,3.5])
  вқҢ alpha : 2.891Вұ0.264  (target [1.5,2.5])
  вң… el    : 0.241Вұ0.007  (target [0.15,0.28])
  SCORE: 4/5  [mesoscale]

==========================================================
Human_HCPвҳ…  N=400  [mesoscale]
==========================================================
  seed=42: Пғ=10.167 C=0.269 L=2.916 Оұ=2.928 EL=22.8% (5.5s)
  seed=7: Пғ=9.979 C=0.263 L=2.916 Оұ=2.938 EL=24.1% (5.5s)
  seed=13: Пғ=9.955 C=0.272 L=3.034 Оұ=3.025 EL=24.2% (5.5s)
  seed=99: Пғ=10.013 C=0.271 L=2.959 Оұ=2.840 EL=24.6% (5.5s)
  seed=2024: Пғ=10.016 C=0.276 L=3.019 Оұ=2.985 EL=23.4% (5.5s)

  --- Human_HCPвҳ… SUMMARY (meanВұstd over 5 seeds) ---
  вң… sigma : 10.026Вұ0.074  (target вүҘ2.5)
  вң… C     : 0.270Вұ0.004  (target вүҘ0.15)
  вң… L     : 2.969Вұ0.050  (target [2.0,4.0])
  вқҢ alpha : 2.943Вұ0.062  (target [1.5,2.5])
  вң… el    : 0.238Вұ0.007  (target [0.15,0.28])
  SCORE: 4/5  [mesoscale]

==========================================================
ALL DONE  139.1s  (5 seeds Г— 7 species)
==========================================================
зү©з§Қ                     зә§еҲ«           еҫ—еҲҶ     Пғ        C        L        Оұ        EL      
--------------------------------------------------------------------------------
C.elegans              neuron       3/5   7.54Вұ0.12  0.268Вұ0.007  3.53Вұ0.13  3.26Вұ0.16  24.0%Вұ0.7%
Larval_Drosophila      neuron       4/5   9.17Вұ0.18  0.268Вұ0.004  3.45Вұ0.07  3.28Вұ0.12  23.8%Вұ0.6%
Macaque_Cortex         neuron       4/5   3.89Вұ0.06  0.250Вұ0.005  2.42Вұ0.02  2.64Вұ0.07  23.8%Вұ0.6%
Rat_Cortexвҳ…            вҳ…mesoscale   4/5   1.24Вұ0.03  0.274Вұ0.011  2.40Вұ0.05  3.65Вұ0.03  23.9%Вұ0.4%
Mouse_Cortexвҳ…          вҳ…mesoscale   4/5   1.78Вұ0.03  0.255Вұ0.009  2.64Вұ0.05  3.11Вұ0.04  23.6%Вұ0.4%
Chimpanzeeвҳ…            вҳ…mesoscale   4/5   4.29Вұ0.07  0.257Вұ0.009  2.90Вұ0.10  2.89Вұ0.26  24.1%Вұ0.7%
Human_HCPвҳ…             вҳ…mesoscale   4/5   10.03Вұ0.07  0.270Вұ0.004  2.97Вұ0.05  2.94Вұ0.06  23.8%Вұ0.7%

гҖҗж•°жҚ®иҜҡдҝЎиҜҙжҳҺгҖ‘
  1. жүҖжңүз»“жһңдёә5дёӘйҡҸжңәз§ҚеӯҗеқҮеҖјВұж ҮеҮҶе·®пјҢйқһеҚ•ж¬ЎиҝҗиЎҢ
  2. и„‘еҢәзә§(mesoscale)зү©з§Қж Үвҳ…пјҢзӣ®ж ҮеҖјжҢүзңҹе®һи„‘еҢәеӣҫз”ҹзү©еҖји®ҫе®ҡпјҢдёҚдёҺзҘһз»Ҹе…ғзә§ж··з”Ё
  3. зӣ®ж ҮеҖјжқҘжәҗе…ЁйғЁж ҮжіЁдәҺSPECIESе®ҡд№үзҡ„refеӯ—ж®ө
  4. alphaдҪҝз”ЁHill MLE + KSжңҖдјҳx_min (Clauset 2009)
  5. WSеҲқе§ӢеҸӮж•°(k_init, p_init)еӣәе®ҡпјҢдёҚдёәдҪҝз»“жһңиҫҫж ҮиҖҢдё“й—Ёи°ғж•ҙ

Results вҶ’ exp1_v11_results.json
Plot вҶ’ exp1_v11_convergence.png
DONE
