
==========================================================
C.elegans  N=279  [neuron]
==========================================================
  seed=42: Пғ=7.607 C=0.261 L=3.408 Оұ=3.121 EL=24.6% (3.9s)
  seed=7: Пғ=7.516 C=0.273 L=3.621 Оұ=3.712 EL=22.9% (3.9s)
  seed=13: Пғ=7.684 C=0.258 L=3.373 Оұ=3.330 EL=24.5% (3.9s)
  seed=99: Пғ=7.316 C=0.279 L=3.772 Оұ=3.733 EL=23.7% (3.9s)
  seed=2024: Пғ=7.613 C=0.273 L=3.522 Оұ=3.140 EL=22.6% (3.9s)

  --- C.elegans SUMMARY (meanВұstd over 5 seeds) ---
  вң… sigma : 7.547Вұ0.127  (target вүҘ4.0)
  вң… C     : 0.269Вұ0.008  (target вүҘ0.25)
  вқҢ L     : 3.539Вұ0.146  (target [2.0,3.5])
  вқҢ alpha : 3.407Вұ0.267  (target [1.5,2.5])
  вң… el    : 0.237Вұ0.008  (target [0.15,0.28])
  SCORE: 3/5  [neuron]

==========================================================
Larval_Drosophila  N=321  [neuron]
==========================================================
  seed=42: Пғ=9.173 C=0.265 L=3.366 Оұ=3.468 EL=23.6% (4.3s)
  seed=7: Пғ=9.439 C=0.264 L=3.379 Оұ=3.416 EL=23.4% (4.3s)
  seed=13: Пғ=9.257 C=0.266 L=3.375 Оұ=3.431 EL=23.0% (4.3s)
  seed=99: Пғ=8.862 C=0.275 L=3.597 Оұ=3.462 EL=24.1% (4.3s)
  seed=2024: Пғ=9.336 C=0.269 L=3.411 Оұ=3.469 EL=22.8% (4.3s)

  --- Larval_Drosophila SUMMARY (meanВұstd over 5 seeds) ---
  вң… sigma : 9.214Вұ0.196  (target вүҘ3.0)
  вң… C     : 0.268Вұ0.004  (target вүҘ0.2)
  вң… L     : 3.426Вұ0.087  (target [1.5,3.5])
  вқҢ alpha : 3.449Вұ0.022  (target [1.5,2.5])
  вң… el    : 0.234Вұ0.005  (target [0.15,0.28])
  SCORE: 4/5  [neuron]

==========================================================
Macaque_Cortex  N=242  [neuron]
==========================================================
  seed=42: Пғ=3.789 C=0.240 L=2.385 Оұ=2.571 EL=24.9% (4.6s)
  seed=7: Пғ=3.912 C=0.255 L=2.446 Оұ=2.595 EL=24.3% (4.5s)
  seed=13: Пғ=3.888 C=0.249 L=2.417 Оұ=2.517 EL=23.9% (4.5s)
  seed=99: Пғ=3.950 C=0.256 L=2.440 Оұ=2.574 EL=22.6% (4.5s)
  seed=2024: Пғ=3.916 C=0.250 L=2.418 Оұ=2.560 EL=22.7% (4.5s)

  --- Macaque_Cortex SUMMARY (meanВұstd over 5 seeds) ---
  вң… sigma : 3.891Вұ0.055  (target вүҘ3.0)
  вқҢ C     : 0.250Вұ0.006  (target вүҘ0.25)
  вң… L     : 2.421Вұ0.021  (target [2.0,3.5])
  вқҢ alpha : 2.564Вұ0.026  (target [1.5,2.5])
  вң… el    : 0.237Вұ0.009  (target [0.15,0.28])
  SCORE: 3/5  [neuron]

==========================================================
Rat_Cortexвҳ…  N=73  [mesoscale]
==========================================================
  seed=42: Пғ=1.224 C=0.264 L=2.385 Оұ=4.062 EL=23.8% (2.5s)
  seed=7: Пғ=1.264 C=0.281 L=2.398 Оұ=4.023 EL=24.0% (2.5s)
  seed=13: Пғ=1.200 C=0.257 L=2.303 Оұ=4.042 EL=24.3% (2.5s)
  seed=99: Пғ=1.217 C=0.281 L=2.486 Оұ=4.096 EL=23.7% (2.5s)
  seed=2024: Пғ=1.275 C=0.285 L=2.433 Оұ=3.965 EL=23.1% (2.5s)

  --- Rat_Cortexвҳ… SUMMARY (meanВұstd over 5 seeds) ---
  вң… sigma : 1.236Вұ0.028  (target вүҘ1.2)
  вң… C     : 0.274Вұ0.011  (target вүҘ0.25)
  вң… L     : 2.401Вұ0.060  (target [1.5,3.0])
  вқҢ alpha : 4.038Вұ0.044  (target [1.5,2.5])
  вң… el    : 0.238Вұ0.004  (target [0.15,0.28])
  SCORE: 4/5  [mesoscale]

==========================================================
Mouse_Cortexвҳ…  N=112  [mesoscale]
==========================================================
  seed=42: Пғ=1.715 C=0.239 L=2.580 Оұ=3.097 EL=23.4% (2.9s)
  seed=7: Пғ=1.776 C=0.255 L=2.645 Оұ=3.250 EL=24.8% (3.0s)
  seed=13: Пғ=1.784 C=0.250 L=2.597 Оұ=3.216 EL=23.3% (2.9s)
  seed=99: Пғ=1.784 C=0.263 L=2.697 Оұ=3.206 EL=23.0% (3.0s)
  seed=2024: Пғ=1.823 C=0.263 L=2.657 Оұ=3.170 EL=24.2% (2.9s)

  --- Mouse_Cortexвҳ… SUMMARY (meanВұstd over 5 seeds) ---
  вң… sigma : 1.776Вұ0.035  (target вүҘ1.5)
  вң… C     : 0.254Вұ0.009  (target вүҘ0.22)
  вң… L     : 2.635Вұ0.042  (target [1.5,3.0])
  вқҢ alpha : 3.188Вұ0.052  (target [1.5,2.5])
  вң… el    : 0.237Вұ0.007  (target [0.15,0.28])
  SCORE: 4/5  [mesoscale]

==========================================================
Chimpanzeeвҳ…  N=200  [mesoscale]
==========================================================
  seed=42: Пғ=4.299 C=0.252 L=2.837 Оұ=2.909 EL=22.9% (3.9s)
  seed=7: Пғ=4.379 C=0.252 L=2.793 Оұ=2.584 EL=24.5% (3.8s)
  seed=13: Пғ=4.213 C=0.249 L=2.875 Оұ=3.098 EL=23.1% (3.8s)
  seed=99: Пғ=4.207 C=0.265 L=3.039 Оұ=2.869 EL=23.7% (3.9s)
  seed=2024: Пғ=4.327 C=0.270 L=2.969 Оұ=3.069 EL=23.5% (3.9s)

  --- Chimpanzeeвҳ… SUMMARY (meanВұstd over 5 seeds) ---
  вң… sigma : 4.285Вұ0.067  (target вүҘ1.5)
  вң… C     : 0.258Вұ0.008  (target вүҘ0.12)
  вң… L     : 2.903Вұ0.090  (target [1.5,3.5])
  вқҢ alpha : 2.906Вұ0.184  (target [1.5,2.5])
  вң… el    : 0.235Вұ0.005  (target [0.15,0.28])
  SCORE: 4/5  [mesoscale]

==========================================================
Human_HCPвҳ…  N=400  [mesoscale]
==========================================================
  seed=42: Пғ=10.214 C=0.269 L=2.898 Оұ=2.935 EL=23.7% (5.4s)
  seed=7: Пғ=10.003 C=0.264 L=2.921 Оұ=2.889 EL=22.7% (5.4s)
  seed=13: Пғ=9.908 C=0.271 L=3.029 Оұ=2.943 EL=23.0% (5.4s)
  seed=99: Пғ=10.002 C=0.271 L=2.958 Оұ=3.038 EL=24.7% (5.4s)
  seed=2024: Пғ=10.007 C=0.276 L=3.030 Оұ=3.050 EL=24.9% (5.4s)

  --- Human_HCPвҳ… SUMMARY (meanВұstd over 5 seeds) ---
  вң… sigma : 10.027Вұ0.100  (target вүҘ2.5)
  вң… C     : 0.270Вұ0.004  (target вүҘ0.15)
  вң… L     : 2.967Вұ0.054  (target [2.0,4.0])
  вқҢ alpha : 2.971Вұ0.063  (target [1.5,2.5])
  вң… el    : 0.238Вұ0.009  (target [0.15,0.28])
  SCORE: 4/5  [mesoscale]

==========================================================
ALL DONE  137.2s  (5 seeds Г— 7 species)
==========================================================
зү©з§Қ                     зә§еҲ«           еҫ—еҲҶ     Пғ        C        L        Оұ        EL      
--------------------------------------------------------------------------------
C.elegans              neuron       3/5   7.55Вұ0.13  0.269Вұ0.008  3.54Вұ0.15  3.41Вұ0.27  23.7%Вұ0.8%
Larval_Drosophila      neuron       4/5   9.21Вұ0.20  0.268Вұ0.004  3.43Вұ0.09  3.45Вұ0.02  23.4%Вұ0.5%
Macaque_Cortex         neuron       3/5   3.89Вұ0.05  0.250Вұ0.006  2.42Вұ0.02  2.56Вұ0.03  23.7%Вұ0.9%
Rat_Cortexвҳ…            вҳ…mesoscale   4/5   1.24Вұ0.03  0.274Вұ0.011  2.40Вұ0.06  4.04Вұ0.04  23.8%Вұ0.4%
Mouse_Cortexвҳ…          вҳ…mesoscale   4/5   1.78Вұ0.03  0.254Вұ0.009  2.64Вұ0.04  3.19Вұ0.05  23.7%Вұ0.7%
Chimpanzeeвҳ…            вҳ…mesoscale   4/5   4.28Вұ0.07  0.258Вұ0.008  2.90Вұ0.09  2.91Вұ0.18  23.5%Вұ0.5%
Human_HCPвҳ…             вҳ…mesoscale   4/5   10.03Вұ0.10  0.270Вұ0.004  2.97Вұ0.05  2.97Вұ0.06  23.8%Вұ0.9%

гҖҗж•°жҚ®иҜҡдҝЎиҜҙжҳҺгҖ‘
  1. жүҖжңүз»“жһңдёә5дёӘйҡҸжңәз§ҚеӯҗеқҮеҖјВұж ҮеҮҶе·®пјҢйқһеҚ•ж¬ЎиҝҗиЎҢ
  2. и„‘еҢәзә§(mesoscale)зү©з§Қж Үвҳ…пјҢзӣ®ж ҮеҖјжҢүзңҹе®һи„‘еҢәеӣҫз”ҹзү©еҖји®ҫе®ҡпјҢдёҚдёҺзҘһз»Ҹе…ғзә§ж··з”Ё
  3. зӣ®ж ҮеҖјжқҘжәҗе…ЁйғЁж ҮжіЁдәҺSPECIESе®ҡд№үзҡ„refеӯ—ж®ө
  4. alphaдҪҝз”ЁHill MLE + KSжңҖдјҳx_min (Clauset 2009)
  5. WSеҲқе§ӢеҸӮж•°(k_init, p_init)еӣәе®ҡпјҢдёҚдёәдҪҝз»“жһңиҫҫж ҮиҖҢдё“й—Ёи°ғж•ҙ

Results вҶ’ exp1_v9_results.json
Plot вҶ’ exp1_v9_convergence.png
DONE
