
=======================================================
C.elegans  N=279
=======================================================
  [C.elegans] N=279 k_init=8 p=0.05 σ₀=7.63 C₀=0.263 e=2232
    200: σ=7.631 C=0.262 L=3.411 α=1.697 EL=0.0% e=1786
    400: σ=7.631 C=0.262 L=3.411 α=1.698 EL=0.0% e=1786
    600: σ=7.631 C=0.262 L=3.411 α=1.728 EL=0.0% e=1786
    800: σ=7.631 C=0.262 L=3.411 α=1.757 EL=0.8% e=1786
   1000: σ=7.631 C=0.262 L=3.411 α=1.797 EL=5.0% e=1786
   1200: σ=7.631 C=0.262 L=3.411 α=1.848 EL=12.4% e=1786
   1400: σ=7.631 C=0.262 L=3.411 α=1.776 EL=20.3% e=1786
   1600: σ=7.631 C=0.262 L=3.411 α=1.695 EL=24.9% e=1786
   1800: σ=7.631 C=0.262 L=3.411 α=1.898 EL=24.3% e=1786
   2000: σ=7.631 C=0.262 L=3.411 α=1.916 EL=23.8% e=1786
   2200: σ=7.631 C=0.262 L=3.411 α=1.944 EL=23.2% e=1786
   2400: σ=7.631 C=0.262 L=3.411 α=1.799 EL=24.9% e=1786
   2600: σ=7.631 C=0.262 L=3.411 α=1.841 EL=22.6% e=1786
   2800: σ=7.631 C=0.262 L=3.411 α=2.003 EL=23.0% e=1786
   3000: σ=7.631 C=0.262 L=3.411 α=1.810 EL=24.5% e=1786
   3200: σ=7.631 C=0.262 L=3.411 α=1.937 EL=24.7% e=1786
   3400: σ=7.631 C=0.262 L=3.411 α=2.129 EL=24.7% e=1786
   3600: σ=7.631 C=0.262 L=3.411 α=2.034 EL=24.7% e=1786
   3800: σ=7.631 C=0.262 L=3.411 α=2.050 EL=23.9% e=1786
   4000: σ=7.631 C=0.262 L=3.411 α=2.006 EL=22.9% e=1786
   4200: σ=7.631 C=0.262 L=3.411 α=2.177 EL=24.5% e=1786
   4400: σ=7.633 C=0.261 L=3.380 α=1.929 EL=24.5% e=1786
   4600: σ=7.633 C=0.261 L=3.380 α=1.957 EL=23.8% e=1786
   4800: σ=7.633 C=0.261 L=3.380 α=2.006 EL=24.0% e=1786

--- C.elegans (5.5s) ---
  ✅ sigma=7.633  (4.0, None)
  ✅ C=0.261  (0.25, None)
  ✅ L=3.380  (2.0, 3.5)
  ✅ alpha=1.955  (1.5, 2.5)
  ✅ EL=0.239  (0.15, 0.28)
  SCORE: 5/5

=======================================================
Larval_Droso  N=321
=======================================================
  [Larval_Droso] N=321 k_init=8 p=0.05 σ₀=9.06 C₀=0.268 e=2568
    200: σ=9.061 C=0.268 L=3.483 α=1.826 EL=0.0% e=2033
    400: σ=9.061 C=0.268 L=3.483 α=1.968 EL=0.0% e=2033
    600: σ=9.061 C=0.268 L=3.483 α=1.844 EL=0.0% e=2033
    800: σ=9.061 C=0.268 L=3.483 α=1.877 EL=1.2% e=2033
   1000: σ=9.061 C=0.268 L=3.483 α=1.850 EL=5.2% e=2033
   1200: σ=9.061 C=0.268 L=3.483 α=2.009 EL=10.4% e=2033
   1400: σ=9.061 C=0.268 L=3.483 α=1.875 EL=19.2% e=2033
   1600: σ=9.061 C=0.268 L=3.483 α=1.900 EL=22.6% e=2033
   1800: σ=9.061 C=0.268 L=3.483 α=1.966 EL=24.1% e=2033
   2000: σ=9.061 C=0.268 L=3.483 α=1.894 EL=23.8% e=2033
   2200: σ=9.061 C=0.268 L=3.483 α=1.968 EL=23.0% e=2033
   2400: σ=9.061 C=0.268 L=3.483 α=2.219 EL=23.1% e=2033
   2600: σ=9.061 C=0.268 L=3.483 α=2.132 EL=24.3% e=2033
   2800: σ=9.061 C=0.268 L=3.483 α=2.023 EL=22.6% e=2033
   3000: σ=9.061 C=0.268 L=3.483 α=2.083 EL=23.9% e=2033
   3200: σ=9.061 C=0.268 L=3.483 α=2.003 EL=24.9% e=2033
   3400: σ=9.061 C=0.268 L=3.483 α=2.022 EL=23.3% e=2033
   3600: σ=9.061 C=0.268 L=3.483 α=2.014 EL=22.8% e=2033
   3800: σ=9.061 C=0.268 L=3.483 α=2.203 EL=24.9% e=2033
   4000: σ=9.061 C=0.268 L=3.483 α=2.180 EL=23.7% e=2033
   4200: σ=9.061 C=0.268 L=3.483 α=1.988 EL=24.1% e=2033
   4400: σ=9.061 C=0.268 L=3.483 α=2.052 EL=24.4% e=2033
   4600: σ=9.061 C=0.268 L=3.483 α=2.208 EL=24.5% e=2033
   4800: σ=9.061 C=0.268 L=3.483 α=2.078 EL=24.9% e=2033

--- Larval_Droso (5.8s) ---
  ✅ sigma=9.061  (3.0, None)
  ✅ C=0.268  (0.2, None)
  ✅ L=3.483  (1.5, 3.5)
  ✅ alpha=2.157  (1.5, 2.5)
  ✅ EL=0.243  (0.15, 0.28)
  SCORE: 5/5

=======================================================
Rat_Cortex  N=73
=======================================================
  [Rat_Cortex] N=73 k_init=8 p=0.1 σ₀=1.66 C₀=0.244 e=584
    200: σ=1.657 C=0.244 L=2.886 α=1.568 EL=0.0% e=478
    400: σ=1.657 C=0.244 L=2.886 α=1.558 EL=0.0% e=478
    600: σ=1.657 C=0.244 L=2.886 α=1.522 EL=1.3% e=478
    800: σ=1.657 C=0.244 L=2.886 α=1.500 EL=11.7% e=478
   1000: σ=1.657 C=0.244 L=2.886 α=1.591 EL=24.9% e=478
   1200: σ=1.657 C=0.244 L=2.886 α=1.696 EL=23.2% e=478
   1400: σ=1.657 C=0.244 L=2.886 α=1.695 EL=23.6% e=478
   1600: σ=1.657 C=0.244 L=2.886 α=1.775 EL=24.5% e=478
   1800: σ=1.657 C=0.244 L=2.886 α=1.871 EL=24.1% e=478
   2000: σ=1.657 C=0.244 L=2.886 α=1.911 EL=23.6% e=478
   2200: σ=1.657 C=0.244 L=2.886 α=2.039 EL=23.4% e=478
   2400: σ=1.657 C=0.244 L=2.886 α=2.023 EL=23.0% e=478
   2600: σ=1.657 C=0.244 L=2.886 α=1.709 EL=24.5% e=478
   2800: σ=1.657 C=0.244 L=2.886 α=1.735 EL=22.6% e=478
   3000: σ=1.657 C=0.244 L=2.886 α=1.743 EL=22.6% e=478
   3200: σ=1.657 C=0.244 L=2.886 α=1.712 EL=24.9% e=478
   3400: σ=1.657 C=0.244 L=2.886 α=1.847 EL=24.1% e=478
   3600: σ=1.657 C=0.244 L=2.886 α=1.820 EL=24.7% e=478
   3800: σ=1.657 C=0.244 L=2.886 α=1.713 EL=24.1% e=478
   4000: σ=1.657 C=0.244 L=2.886 α=1.928 EL=23.6% e=478
   4200: σ=1.657 C=0.244 L=2.886 α=1.895 EL=22.8% e=478
   4400: σ=1.657 C=0.244 L=2.886 α=1.864 EL=23.4% e=478
   4600: σ=1.657 C=0.244 L=2.886 α=2.006 EL=24.1% e=478
   4800: σ=1.657 C=0.244 L=2.886 α=1.870 EL=22.8% e=478

--- Rat_Cortex (3.8s) ---
  ❌ sigma=1.657  (2.5, None)
  ❌ C=0.244  (0.3, None)
  ✅ L=2.886  (1.5, 3.0)
  ✅ alpha=1.875  (1.5, 2.5)
  ✅ EL=0.236  (0.15, 0.28)
  SCORE: 3/5

=======================================================
Mouse_Cortex  N=112
=======================================================
  [Mouse_Cortex] N=112 k_init=8 p=0.1 σ₀=2.43 C₀=0.245 e=896
    200: σ=2.434 C=0.244 L=3.292 α=1.550 EL=0.0% e=718
    400: σ=2.434 C=0.244 L=3.292 α=1.541 EL=0.0% e=718
    600: σ=2.434 C=0.244 L=3.292 α=1.621 EL=0.8% e=718
    800: σ=2.434 C=0.244 L=3.292 α=1.610 EL=5.2% e=718
   1000: σ=2.434 C=0.244 L=3.292 α=1.703 EL=17.5% e=718
   1200: σ=2.434 C=0.244 L=3.292 α=1.716 EL=23.5% e=718
   1400: σ=2.434 C=0.244 L=3.292 α=1.702 EL=24.9% e=718
   1600: σ=2.434 C=0.244 L=3.292 α=1.605 EL=24.1% e=718
   1800: σ=2.434 C=0.244 L=3.292 α=1.730 EL=23.0% e=718
   2000: σ=2.434 C=0.244 L=3.292 α=1.735 EL=23.7% e=718
   2200: σ=2.434 C=0.244 L=3.292 α=1.721 EL=22.7% e=718
   2400: σ=2.434 C=0.244 L=3.292 α=1.743 EL=22.8% e=718
   2600: σ=2.434 C=0.244 L=3.292 α=1.704 EL=23.8% e=718
   2800: σ=2.434 C=0.244 L=3.292 α=1.588 EL=22.6% e=718
   3000: σ=2.434 C=0.244 L=3.292 α=1.718 EL=24.4% e=718
   3200: σ=2.434 C=0.244 L=3.292 α=1.743 EL=23.4% e=718
   3400: σ=2.434 C=0.244 L=3.292 α=1.731 EL=22.8% e=718
   3600: σ=2.434 C=0.244 L=3.292 α=1.773 EL=24.5% e=718
   3800: σ=2.434 C=0.244 L=3.292 α=1.743 EL=22.8% e=718
   4000: σ=2.434 C=0.244 L=3.292 α=1.854 EL=23.8% e=718
   4200: σ=2.434 C=0.244 L=3.292 α=2.009 EL=23.7% e=718
   4400: σ=2.434 C=0.244 L=3.292 α=1.867 EL=23.5% e=718
   4600: σ=2.447 C=0.241 L=3.240 α=1.894 EL=23.8% e=718
   4800: σ=2.447 C=0.241 L=3.240 α=1.762 EL=22.8% e=718

--- Mouse_Cortex (5.1s) ---
  ❌ sigma=2.447  (2.5, None)
  ❌ C=0.241  (0.35, None)
  ❌ L=3.240  (1.5, 3.0)
  ✅ alpha=1.879  (1.5, 2.5)
  ✅ EL=0.248  (0.15, 0.28)
  SCORE: 2/5

=======================================================
Macaque_Cortex  N=242
=======================================================
  [Macaque_Cortex] N=242 k_init=8 p=0.05 σ₀=6.30 C₀=0.261 e=1936
    200: σ=6.297 C=0.261 L=3.536 α=1.637 EL=0.0% e=1538
    400: σ=6.297 C=0.261 L=3.536 α=1.750 EL=0.0% e=1538
    600: σ=6.297 C=0.261 L=3.536 α=1.724 EL=0.1% e=1538
    800: σ=6.297 C=0.261 L=3.536 α=1.636 EL=0.7% e=1538
   1000: σ=6.297 C=0.261 L=3.536 α=1.814 EL=5.1% e=1538
   1200: σ=6.297 C=0.261 L=3.536 α=1.798 EL=12.4% e=1538
   1400: σ=6.297 C=0.261 L=3.536 α=1.842 EL=20.6% e=1538
   1600: σ=6.297 C=0.261 L=3.536 α=1.842 EL=23.1% e=1538
   1800: σ=6.297 C=0.261 L=3.536 α=1.922 EL=24.8% e=1538
   2000: σ=6.297 C=0.261 L=3.536 α=1.940 EL=22.6% e=1538
   2200: σ=6.297 C=0.261 L=3.536 α=1.790 EL=24.3% e=1538
   2400: σ=6.297 C=0.261 L=3.536 α=1.714 EL=22.7% e=1538
   2600: σ=6.297 C=0.261 L=3.536 α=1.858 EL=23.3% e=1538
   2800: σ=6.297 C=0.261 L=3.536 α=1.945 EL=25.0% e=1538
   3000: σ=6.297 C=0.261 L=3.536 α=1.952 EL=24.4% e=1538
   3200: σ=6.297 C=0.261 L=3.536 α=1.886 EL=24.2% e=1538
   3400: σ=6.297 C=0.261 L=3.536 α=2.060 EL=23.9% e=1538
   3600: σ=6.297 C=0.261 L=3.536 α=2.030 EL=23.6% e=1538
   3800: σ=6.297 C=0.261 L=3.536 α=1.965 EL=23.1% e=1538
   4000: σ=6.297 C=0.261 L=3.536 α=2.033 EL=23.3% e=1538
   4200: σ=6.297 C=0.261 L=3.536 α=1.983 EL=22.8% e=1538
   4400: σ=6.297 C=0.261 L=3.536 α=2.071 EL=23.3% e=1538
   4600: σ=6.297 C=0.261 L=3.536 α=2.145 EL=24.3% e=1538
   4800: σ=6.297 C=0.261 L=3.536 α=2.027 EL=23.5% e=1538

--- Macaque_Cortex (5.3s) ---
  ✅ sigma=6.297  (3.0, None)
  ❌ C=0.261  (0.4, None)
  ❌ L=3.536  (2.0, 3.5)
  ✅ alpha=2.006  (1.5, 2.5)
  ✅ EL=0.231  (0.15, 0.28)
  SCORE: 3/5

=======================================================
ALL DONE 25.8s
=======================================================
  C.elegans: 5/5  σ=7.63 C=0.261 L=3.38 α=1.9545304642109012 EL=23.9%
  Larval_Droso: 5/5  σ=9.06 C=0.268 L=3.48 α=2.1570183215511065 EL=24.3%
  Rat_Cortex: 3/5  σ=1.66 C=0.244 L=2.89 α=1.8745599753128985 EL=23.6%
  Mouse_Cortex: 2/5  σ=2.45 C=0.241 L=3.24 α=1.879309111141519 EL=24.8%
  Macaque_Cortex: 3/5  σ=6.30 C=0.261 L=3.54 α=2.0057195984743794 EL=23.1%
Traceback (most recent call last):
  File "/home/work/.openclaw/workspace/sdi_sim/sdi_experiment1_v5.py", line 319, in <module>
    main()
  File "/home/work/.openclaw/workspace/sdi_sim/sdi_experiment1_v5.py", line 286, in main
    json.dump(fix({n:{k:v for k,v in r.items()} for n,r in all_r.items()}),f,indent=2)
  File "/usr/lib/python3.12/json/__init__.py", line 179, in dump
    for chunk in iterable:
  File "/usr/lib/python3.12/json/encoder.py", line 432, in _iterencode
    yield from _iterencode_dict(o, _current_indent_level)
  File "/usr/lib/python3.12/json/encoder.py", line 406, in _iterencode_dict
    yield from chunks
  File "/usr/lib/python3.12/json/encoder.py", line 406, in _iterencode_dict
    yield from chunks
  File "/usr/lib/python3.12/json/encoder.py", line 439, in _iterencode
    o = _default(o)
        ^^^^^^^^^^^
  File "/usr/lib/python3.12/json/encoder.py", line 180, in default
    raise TypeError(f'Object of type {o.__class__.__name__} '
TypeError: Object of type bool is not JSON serializable
