============================================================
SDI 实验三：零先验自演化
N=500, N_STEPS=8000, SEEDS=[42, 7, 13]
============================================================

========================================
起点: ER — Erdos-Renyi (p=0.02)
========================================
  开始仿真: ER, seed=42
    step=0/8000 (0.0s)
      σ=0.760  C=0.016  L=2.945  Q=0.284  modules=7  α=8.000
    step=500/8000 (0.8s)
      σ=6.778  C=0.682  L=1.717  Q=0.081  modules=8  α=4.073
    step=1000/8000 (2.9s)
      σ=6.544  C=0.800  L=1.570  Q=0.058  modules=6  α=3.208
    step=1500/8000 (5.2s)
      σ=6.448  C=0.853  L=1.502  Q=0.053  modules=6  α=2.978
    step=2000/8000 (7.6s)
      σ=6.761  C=0.873  L=1.500  Q=0.052  modules=6  α=3.293
    step=2500/8000 (9.9s)
      σ=6.797  C=0.885  L=1.484  Q=0.053  modules=7  α=3.030
    step=3000/8000 (12.1s)
      σ=7.230  C=0.899  L=1.495  Q=0.051  modules=7  α=2.935
    step=3500/8000 (14.2s)
      σ=7.450  C=0.905  L=1.491  Q=0.045  modules=9  α=3.194
    step=4000/8000 (16.2s)
      σ=8.065  C=0.937  L=1.492  Q=0.041  modules=12  α=2.880
    step=4500/8000 (18.2s)
      σ=8.661  C=0.952  L=1.493  Q=0.023  modules=3  α=2.673
    step=5000/8000 (20.4s)
      σ=8.833  C=0.953  L=1.498  Q=0.019  modules=2  α=3.812
    step=5500/8000 (23.1s)
      σ=9.091  C=0.956  L=1.509  Q=0.019  modules=2  α=5.869
    step=6000/8000 (25.8s)
      σ=9.122  C=0.956  L=1.510  Q=0.014  modules=3  α=6.189
    step=6500/8000 (28.7s)
      σ=9.034  C=0.956  L=1.506  Q=0.014  modules=2  α=6.458
    step=7000/8000 (31.4s)
      σ=9.054  C=0.957  L=1.507  Q=0.014  modules=2  α=7.039
    step=7500/8000 (34.2s)
      σ=9.212  C=0.957  L=1.514  Q=0.011  modules=3  α=5.591
    step=8000/8000 (37.2s)
      σ=9.343  C=0.957  L=1.519  Q=0.013  modules=2  α=3.951
  开始仿真: ER, seed=7
    step=0/8000 (0.0s)
      σ=0.945  C=0.021  L=2.911  Q=0.280  modules=7  α=8.000
    step=500/8000 (0.9s)
      σ=6.968  C=0.740  L=1.666  Q=0.069  modules=7  α=3.191
    step=1000/8000 (3.0s)
      σ=6.686  C=0.827  L=1.570  Q=0.055  modules=5  α=3.313
    step=1500/8000 (5.4s)
      σ=6.685  C=0.863  L=1.514  Q=0.053  modules=5  α=3.022
    step=2000/8000 (7.8s)
      σ=6.970  C=0.879  L=1.513  Q=0.050  modules=6  α=3.616
    step=2500/8000 (10.1s)
      σ=7.251  C=0.892  L=1.513  Q=0.049  modules=7  α=3.508
    step=3000/8000 (12.3s)
      σ=7.364  C=0.904  L=1.504  Q=0.046  modules=8  α=2.906
    step=3500/8000 (14.3s)
      σ=7.775  C=0.922  L=1.506  Q=0.044  modules=9  α=2.949
    step=4000/8000 (16.3s)
      σ=8.384  C=0.939  L=1.512  Q=0.039  modules=15  α=3.472
    step=4500/8000 (18.1s)
      σ=9.314  C=0.955  L=1.522  Q=0.016  modules=4  α=4.081
    step=5000/8000 (20.4s)
      σ=9.576  C=0.958  L=1.529  Q=0.011  modules=2  α=7.318
    step=5500/8000 (23.0s)
      σ=9.424  C=0.958  L=1.523  Q=0.008  modules=2  α=3.536
    step=6000/8000 (26.3s)
      σ=9.278  C=0.957  L=1.518  Q=0.009  modules=3  α=5.055
    step=6500/8000 (29.2s)
      σ=9.577  C=0.959  L=1.530  Q=0.007  modules=3  α=7.895
    step=7000/8000 (33.0s)
      σ=9.238  C=0.957  L=1.516  Q=0.007  modules=3  α=5.786
    step=7500/8000 (35.8s)
      σ=9.440  C=0.958  L=1.524  Q=0.010  modules=2  α=3.313
    step=8000/8000 (39.2s)
      σ=9.277  C=0.958  L=1.518  Q=0.007  modules=3  α=5.323
  开始仿真: ER, seed=13
    step=0/8000 (0.0s)
      σ=0.917  C=0.020  L=2.919  Q=0.273  modules=8  α=8.000
    step=500/8000 (0.8s)
      σ=6.564  C=0.711  L=1.732  Q=0.067  modules=6  α=3.946
    step=1000/8000 (3.0s)
      σ=6.743  C=0.815  L=1.592  Q=0.055  modules=7  α=3.289
    step=1500/8000 (5.3s)
      σ=6.774  C=0.852  L=1.536  Q=0.053  modules=5  α=3.379
    step=2000/8000 (7.8s)
      σ=6.893  C=0.884  L=1.507  Q=0.048  modules=6  α=3.222
    step=2500/8000 (10.3s)
      σ=7.108  C=0.898  L=1.505  Q=0.048  modules=6  α=3.230
    step=3000/8000 (12.4s)
      σ=7.434  C=0.912  L=1.506  Q=0.045  modules=7  α=3.126
    step=3500/8000 (14.4s)
      σ=7.937  C=0.923  L=1.515  Q=0.043  modules=10  α=2.992
    step=4000/8000 (16.4s)
      σ=8.483  C=0.942  L=1.515  Q=0.037  modules=14  α=3.375
    step=4500/8000 (18.2s)
      σ=9.090  C=0.956  L=1.512  Q=0.012  modules=3  α=2.928
    step=5000/8000 (20.4s)
      σ=9.246  C=0.957  L=1.517  Q=0.007  modules=2  α=5.713
    step=5500/8000 (23.3s)
      σ=9.282  C=0.958  L=1.518  Q=0.004  modules=2  α=5.633
    step=6000/8000 (26.2s)
      σ=9.357  C=0.958  L=1.521  Q=0.005  modules=2  α=4.673
    step=6500/8000 (29.2s)
      σ=9.347  C=0.958  L=1.521  Q=0.003  modules=2  α=5.048
    step=7000/8000 (32.0s)
      σ=9.141  C=0.958  L=1.512  Q=0.003  modules=2  α=7.438
    step=7500/8000 (35.0s)
      σ=9.098  C=0.957  L=1.510  Q=0.007  modules=2  α=7.453
    step=8000/8000 (38.2s)
      σ=9.062  C=0.957  L=1.509  Q=0.010  modules=2  α=7.366

  ER 汇总统计（3 seeds）:
    sigma: 9.227 ± 0.120  [min=9.062, max=9.343]
    C: 0.957 ± 0.000  [min=0.957, max=0.958]
    L: 1.515 ± 0.004  [min=1.509, max=1.519]
    Q: 0.010 ± 0.002  [min=0.007, max=0.013]
    n_modules: 2.333 ± 0.471  [min=2.000, max=3.000]
    alpha: 5.547 ± 1.403  [min=3.951, max=7.366]

========================================
起点: WS — Watts-Strogatz (k=6, p=0)
========================================
  开始仿真: WS, seed=42
    step=0/8000 (0.0s)
/home/work/.openclaw/workspace/sdi_sim/sdi_experiment3_emergence.py:197: RuntimeWarning: divide by zero encountered in scalar divide
  alpha = 1 + len(tail) / np.sum(np.log(tail / x_min))
      σ=4.121  C=0.600  L=42.000  Q=0.655  modules=3  α=8.000
    step=500/8000 (0.4s)
      σ=20.823  C=0.566  L=3.001  Q=0.611  modules=6  α=3.095
    step=1000/8000 (1.0s)
      σ=7.920  C=0.927  L=1.523  Q=0.098  modules=5  α=3.953
    step=1500/8000 (3.4s)
      σ=6.833  C=0.909  L=1.490  Q=0.113  modules=6  α=2.541
    step=2000/8000 (5.6s)
      σ=5.416  C=0.895  L=1.444  Q=0.128  modules=5  α=2.704
    step=2500/8000 (8.1s)
      σ=4.025  C=0.897  L=1.342  Q=0.084  modules=8  α=2.643
    step=3000/8000 (10.9s)
      σ=3.510  C=0.905  L=1.222  Q=0.055  modules=7  α=2.619
    step=3500/8000 (13.9s)
      σ=3.469  C=0.870  L=1.235  Q=0.081  modules=5  α=2.206
    step=4000/8000 (16.9s)
      σ=3.300  C=0.907  L=1.120  Q=0.036  modules=10  α=2.359
    step=4500/8000 (20.0s)
      σ=4.261  C=0.883  L=1.268  Q=0.099  modules=2  α=2.217
    step=5000/8000 (22.7s)
      σ=5.071  C=0.905  L=1.330  Q=0.082  modules=2  α=2.156
    step=5500/8000 (25.2s)
      σ=4.078  C=0.911  L=1.163  Q=0.044  modules=2  α=2.795
    step=6000/8000 (28.0s)
      σ=3.767  C=0.910  L=1.092  Q=0.039  modules=2  α=2.271
    step=6500/8000 (31.0s)
      σ=3.855  C=0.916  L=1.085  Q=0.036  modules=2  α=2.288
    step=7000/8000 (33.8s)
      σ=3.149  C=0.903  L=1.066  Q=0.043  modules=2  α=2.440
    step=7500/8000 (37.1s)
      σ=3.314  C=0.903  L=1.110  Q=0.046  modules=2  α=2.043
    step=8000/8000 (40.3s)
      σ=3.467  C=0.900  L=1.164  Q=0.057  modules=2  α=2.394
  开始仿真: WS, seed=7
    step=0/8000 (0.0s)
      σ=4.121  C=0.600  L=42.000  Q=0.655  modules=3  α=8.000
    step=500/8000 (0.4s)
      σ=9.560  C=0.601  L=7.395  Q=0.620  modules=3  α=7.167
    step=1000/8000 (0.9s)
      σ=8.032  C=0.882  L=1.552  Q=0.144  modules=7  α=2.997
    step=1500/8000 (3.2s)
      σ=5.499  C=0.907  L=1.356  Q=0.079  modules=6  α=2.921
    step=2000/8000 (5.9s)
      σ=4.699  C=0.906  L=1.262  Q=0.076  modules=9  α=2.494
    step=2500/8000 (8.8s)
      σ=3.811  C=0.891  L=1.196  Q=0.096  modules=4  α=2.213
    step=3000/8000 (12.1s)
      σ=3.552  C=0.892  L=1.187  Q=0.095  modules=4  α=2.280
    step=3500/8000 (15.1s)
      σ=3.486  C=0.871  L=1.244  Q=0.117  modules=4  α=2.097
    step=4000/8000 (18.0s)
      σ=3.469  C=0.891  L=1.198  Q=0.077  modules=5  α=2.320
    step=4500/8000 (21.1s)
      σ=3.556  C=0.902  L=1.162  Q=0.055  modules=2  α=2.055
    step=5000/8000 (24.1s)
      σ=3.460  C=0.900  L=1.175  Q=0.060  modules=2  α=2.740
    step=5500/8000 (27.2s)
      σ=3.506  C=0.906  L=1.156  Q=0.047  modules=2  α=2.777
    step=6000/8000 (30.3s)
      σ=3.558  C=0.908  L=1.140  Q=0.045  modules=2  α=2.336
    step=6500/8000 (33.4s)
      σ=3.478  C=0.907  L=1.132  Q=0.045  modules=2  α=2.511
    step=7000/8000 (36.4s)
      σ=3.624  C=0.913  L=1.126  Q=0.027  modules=2  α=3.471
    step=7500/8000 (39.6s)
      σ=3.479  C=0.908  L=1.126  Q=0.045  modules=2  α=2.449
    step=8000/8000 (42.6s)
      σ=3.424  C=0.908  L=1.124  Q=0.046  modules=2  α=2.206
  开始仿真: WS, seed=13
    step=0/8000 (0.0s)
      σ=4.121  C=0.600  L=42.000  Q=0.655  modules=3  α=8.000
    step=500/8000 (0.4s)
      σ=19.745  C=0.581  L=2.879  Q=0.578  modules=7  α=3.121
    step=1000/8000 (1.0s)
      σ=7.485  C=0.925  L=1.498  Q=0.098  modules=7  α=3.468
    step=1500/8000 (3.3s)
      σ=5.854  C=0.925  L=1.372  Q=0.073  modules=5  α=3.865
    step=2000/8000 (5.5s)
      σ=5.497  C=0.926  L=1.332  Q=0.067  modules=7  α=3.221
    step=2500/8000 (7.9s)
      σ=5.342  C=0.928  L=1.308  Q=0.059  modules=10  α=2.548
    step=3000/8000 (10.3s)
      σ=4.732  C=0.922  L=1.230  Q=0.051  modules=9  α=2.741
    step=3500/8000 (12.8s)
      σ=4.660  C=0.924  L=1.210  Q=0.046  modules=10  α=2.501
    step=4000/8000 (15.3s)
      σ=3.766  C=0.910  L=1.103  Q=0.066  modules=5  α=2.213
    step=4500/8000 (18.2s)
      σ=3.464  C=0.906  L=1.062  Q=0.064  modules=2  α=2.199
    step=5000/8000 (21.3s)
      σ=3.292  C=0.896  L=1.081  Q=0.072  modules=2  α=2.199
    step=5500/8000 (24.5s)
      σ=3.334  C=0.886  L=1.135  Q=0.083  modules=2  α=2.214
    step=6000/8000 (27.4s)
      σ=3.606  C=0.869  L=1.240  Q=0.151  modules=2  α=2.029
    step=6500/8000 (30.2s)
      σ=3.842  C=0.868  L=1.311  Q=0.172  modules=2  α=2.036
    step=7000/8000 (32.9s)
      σ=3.937  C=0.877  L=1.317  Q=0.140  modules=2  α=3.212
    step=7500/8000 (35.6s)
      σ=3.941  C=0.879  L=1.317  Q=0.130  modules=2  α=2.440
    step=8000/8000 (38.2s)
      σ=3.743  C=0.878  L=1.262  Q=0.121  modules=2  α=2.082

  WS 汇总统计（3 seeds）:
    sigma: 3.545 ± 0.141  [min=3.424, max=3.743]
    C: 0.895 ± 0.013  [min=0.878, max=0.908]
    L: 1.183 ± 0.058  [min=1.124, max=1.262]
    Q: 0.075 ± 0.033  [min=0.046, max=0.121]
    n_modules: 2.000 ± 0.000  [min=2.000, max=2.000]
    alpha: 2.227 ± 0.128  [min=2.082, max=2.394]

========================================
起点: BA — Barabasi-Albert (m=3)
========================================
  开始仿真: BA, seed=42
    step=0/8000 (0.0s)
      σ=5.114  C=0.056  L=2.704  Q=0.382  modules=13  α=3.217
    step=500/8000 (0.6s)
      σ=8.714  C=0.127  L=2.384  Q=0.308  modules=11  α=2.424
    step=1000/8000 (1.3s)
      σ=8.630  C=0.264  L=2.025  Q=0.195  modules=11  α=1.737
    step=1500/8000 (2.1s)
      σ=8.026  C=0.487  L=1.809  Q=0.135  modules=16  α=2.295
    step=2000/8000 (3.5s)
      σ=7.740  C=0.777  L=1.594  Q=0.136  modules=8  α=2.414
    step=2500/8000 (5.5s)
      σ=5.836  C=0.882  L=1.385  Q=0.089  modules=5  α=2.324
    step=3000/8000 (8.0s)
      σ=5.537  C=0.905  L=1.327  Q=0.090  modules=6  α=2.202
    step=3500/8000 (10.4s)
      σ=6.442  C=0.920  L=1.389  Q=0.081  modules=7  α=2.307
    step=4000/8000 (12.7s)
      σ=7.826  C=0.938  L=1.460  Q=0.062  modules=4  α=2.626
    step=4500/8000 (14.6s)
      σ=8.648  C=0.950  L=1.488  Q=0.042  modules=2  α=3.556
    step=5000/8000 (16.9s)
      σ=9.375  C=0.956  L=1.518  Q=0.027  modules=2  α=6.938
    step=5500/8000 (20.1s)
      σ=9.469  C=0.957  L=1.523  Q=0.018  modules=2  α=7.369
    step=6000/8000 (23.6s)
      σ=9.649  C=0.959  L=1.531  Q=0.007  modules=2  α=7.094
    step=6500/8000 (26.4s)
      σ=9.646  C=0.959  L=1.531  Q=0.009  modules=2  α=6.945
    step=7000/8000 (29.1s)
      σ=9.542  C=0.958  L=1.527  Q=0.011  modules=2  α=7.684
    step=7500/8000 (32.7s)
      σ=9.596  C=0.959  L=1.530  Q=0.005  modules=2  α=8.000
    step=8000/8000 (36.6s)
      σ=9.585  C=0.959  L=1.529  Q=0.006  modules=2  α=7.965
  开始仿真: BA, seed=7
    step=0/8000 (0.0s)
      σ=5.111  C=0.056  L=2.718  Q=0.378  modules=11  α=3.124
    step=500/8000 (0.6s)
      σ=8.181  C=0.122  L=2.379  Q=0.318  modules=11  α=2.368
    step=1000/8000 (1.3s)
      σ=8.717  C=0.287  L=2.006  Q=0.195  modules=18  α=1.755
    step=1500/8000 (2.3s)
      σ=8.276  C=0.530  L=1.786  Q=0.147  modules=15  α=2.462
    step=2000/8000 (3.7s)
      σ=7.025  C=0.893  L=1.463  Q=0.097  modules=6  α=2.366
    step=2500/8000 (6.0s)
      σ=7.018  C=0.921  L=1.440  Q=0.065  modules=5  α=2.359
    step=3000/8000 (8.2s)
      σ=7.424  C=0.931  L=1.455  Q=0.048  modules=6  α=2.451
    step=3500/8000 (10.2s)
      σ=8.193  C=0.939  L=1.489  Q=0.043  modules=10  α=2.870
    step=4000/8000 (12.1s)
      σ=8.830  C=0.948  L=1.510  Q=0.032  modules=10  α=3.016
    step=4500/8000 (13.8s)
      σ=9.411  C=0.956  L=1.523  Q=0.018  modules=2  α=3.054
    step=5000/8000 (16.2s)
      σ=9.661  C=0.958  L=1.532  Q=0.011  modules=2  α=6.516
    step=5500/8000 (18.9s)
      σ=9.543  C=0.958  L=1.528  Q=0.010  modules=2  α=7.687
    step=6000/8000 (22.3s)
      σ=9.565  C=0.959  L=1.528  Q=0.008  modules=2  α=7.822
    step=6500/8000 (26.0s)
      σ=9.590  C=0.959  L=1.530  Q=0.005  modules=2  α=7.991
    step=7000/8000 (29.8s)
      σ=9.564  C=0.958  L=1.528  Q=0.008  modules=2  α=7.858
    step=7500/8000 (33.6s)
      σ=9.568  C=0.959  L=1.529  Q=0.008  modules=2  α=7.880
    step=8000/8000 (37.4s)
      σ=9.450  C=0.958  L=1.524  Q=0.009  modules=2  α=3.325
  开始仿真: BA, seed=13
    step=0/8000 (0.0s)
      σ=3.895  C=0.043  L=2.745  Q=0.383  modules=13  α=3.003
    step=500/8000 (0.6s)
      σ=7.247  C=0.110  L=2.370  Q=0.302  modules=13  α=2.283
    step=1000/8000 (1.2s)
      σ=8.252  C=0.301  L=1.957  Q=0.233  modules=22  α=2.106
    step=1500/8000 (2.3s)
      σ=8.219  C=0.555  L=1.746  Q=0.139  modules=14  α=2.474
    step=2000/8000 (3.7s)
      σ=7.159  C=0.832  L=1.515  Q=0.108  modules=3  α=2.372
    step=2500/8000 (6.0s)
      σ=5.236  C=0.891  L=1.313  Q=0.100  modules=4  α=2.250
    step=3000/8000 (8.6s)
      σ=5.139  C=0.907  L=1.283  Q=0.070  modules=4  α=2.230
    step=3500/8000 (11.2s)
      σ=6.309  C=0.917  L=1.379  Q=0.077  modules=5  α=2.384
    step=4000/8000 (13.3s)
      σ=7.837  C=0.938  L=1.460  Q=0.062  modules=4  α=2.336
    step=4500/8000 (15.1s)
      σ=8.791  C=0.950  L=1.493  Q=0.044  modules=2  α=2.733
    step=5000/8000 (17.3s)
      σ=9.401  C=0.955  L=1.519  Q=0.031  modules=2  α=3.190
    step=5500/8000 (19.8s)
      σ=9.689  C=0.958  L=1.532  Q=0.016  modules=2  α=5.600
    step=6000/8000 (22.6s)
      σ=9.884  C=0.959  L=1.540  Q=0.012  modules=2  α=4.111
    step=6500/8000 (25.7s)
      σ=9.655  C=0.958  L=1.532  Q=0.017  modules=2  α=5.702
    step=7000/8000 (28.4s)
      σ=9.550  C=0.958  L=1.528  Q=0.014  modules=2  α=3.246
    step=7500/8000 (31.0s)
      σ=9.785  C=0.959  L=1.537  Q=0.007  modules=2  α=5.653
    step=8000/8000 (33.8s)
      σ=9.599  C=0.959  L=1.530  Q=0.008  modules=2  α=7.508

  BA 汇总统计（3 seeds）:
    sigma: 9.545 ± 0.067  [min=9.450, max=9.599]
    C: 0.958 ± 0.000  [min=0.958, max=0.959]
    L: 1.528 ± 0.002  [min=1.524, max=1.530]
    Q: 0.008 ± 0.001  [min=0.006, max=0.009]
    n_modules: 2.000 ± 0.000  [min=2.000, max=2.000]
    alpha: 6.266 ± 2.088  [min=3.325, max=7.965]

结果已保存: /home/work/.openclaw/workspace/sdi_sim/exp3_emergence_results.json

生成演化曲线图...
  保存: /home/work/.openclaw/workspace/sdi_sim/exp3_emergence_evolution.png
生成模块结构图...
  保存: /home/work/.openclaw/workspace/sdi_sim/exp3_module_structure.png

============================================================
实验三关键结论:
============================================================

起点          σ均值      Q均值      模块数      α均值    σ达标    Q达标
------------------------------------------------------------
ER        9.227    0.010      2.3    5.547      ✅      ❌
WS        3.545    0.075      2.0    2.227      ✅      ❌
BA        9.545    0.008      2.0    6.266      ✅      ❌

✅ 实验三完成!
