======================================================================
SDI 实验四：竞争性修剪规则——模块化涌现验证
N=500, N_STEPS=8000, SEEDS=[42, 7, 13]
PRUNE_INT=200, PRUNE_WINDOW=200, MIN_EDGES=3
======================================================================

============================================================
Part 1: 3种起点 × P_PRUNE=0.05 (标准修剪)
============================================================

--- ER: Erdos-Renyi (p=0.02) ---
  开始仿真: ER, seed=42, P_PRUNE=0.05
    step=0/8000 (0.0s) | σ=0.767 Q=0.284 mod=7 edges=4874
    step=500/8000 (0.7s) | σ=0.769 Q=0.278 mod=8 edges=4884
    step=1000/8000 (1.3s) | σ=0.782 Q=0.280 mod=7 edges=4894
      [修剪 t=1000] 删除 0 突触, 剩余 4895
    step=1500/8000 (2.0s) | σ=0.781 Q=0.279 mod=8 edges=4904
    step=2000/8000 (2.7s) | σ=0.764 Q=0.283 mod=7 edges=4914
      [修剪 t=2000] 删除 0 突触, 剩余 4915
    step=2500/8000 (3.3s) | σ=0.781 Q=0.280 mod=8 edges=4924
    step=3000/8000 (4.0s) | σ=0.790 Q=0.279 mod=6 edges=4934
      [修剪 t=3000] 删除 0 突触, 剩余 4935
    step=3500/8000 (4.6s) | σ=0.786 Q=0.289 mod=7 edges=4944
    step=4000/8000 (5.3s) | σ=0.784 Q=0.281 mod=8 edges=4954
      [修剪 t=4000] 删除 0 突触, 剩余 4955
    step=4500/8000 (6.0s) | σ=0.779 Q=0.287 mod=7 edges=4964
    step=5000/8000 (6.7s) | σ=0.788 Q=0.283 mod=6 edges=4974
      [修剪 t=5000] 删除 0 突触, 剩余 4975
    step=5500/8000 (7.3s) | σ=0.779 Q=0.282 mod=7 edges=4984
    step=6000/8000 (8.0s) | σ=0.787 Q=0.284 mod=7 edges=4992
      [修剪 t=6000] 删除 0 突触, 剩余 4993
    step=6500/8000 (8.7s) | σ=0.798 Q=0.285 mod=8 edges=5002
    step=7000/8000 (9.4s) | σ=0.771 Q=0.289 mod=9 edges=5012
      [修剪 t=7000] 删除 0 突触, 剩余 5013
    step=7500/8000 (10.1s) | σ=0.781 Q=0.282 mod=8 edges=5022
    step=8000/8000 (10.8s) | σ=0.765 Q=0.279 mod=6 edges=5032
  开始仿真: ER, seed=7, P_PRUNE=0.05
    step=0/8000 (0.0s) | σ=0.940 Q=0.280 mod=7 edges=5036
    step=500/8000 (0.7s) | σ=0.937 Q=0.281 mod=6 edges=5046
    step=1000/8000 (1.4s) | σ=0.938 Q=0.282 mod=7 edges=5056
      [修剪 t=1000] 删除 0 突触, 剩余 5057
    step=1500/8000 (2.1s) | σ=0.940 Q=0.279 mod=8 edges=5066
    step=2000/8000 (2.7s) | σ=0.944 Q=0.276 mod=7 edges=5076
      [修剪 t=2000] 删除 0 突触, 剩余 5077
    step=2500/8000 (3.4s) | σ=0.954 Q=0.275 mod=6 edges=5086
    step=3000/8000 (4.0s) | σ=0.963 Q=0.279 mod=8 edges=5096
      [修剪 t=3000] 删除 0 突触, 剩余 5097
    step=3500/8000 (4.7s) | σ=0.962 Q=0.281 mod=6 edges=5106
    step=4000/8000 (5.4s) | σ=0.964 Q=0.277 mod=7 edges=5116
      [修剪 t=4000] 删除 0 突触, 剩余 5117
    step=4500/8000 (6.1s) | σ=0.967 Q=0.278 mod=7 edges=5126
    step=5000/8000 (6.8s) | σ=0.966 Q=0.279 mod=8 edges=5136
      [修剪 t=5000] 删除 0 突触, 剩余 5137
    step=5500/8000 (7.5s) | σ=0.962 Q=0.279 mod=7 edges=5146
    step=6000/8000 (8.3s) | σ=0.975 Q=0.285 mod=7 edges=5156
      [修剪 t=6000] 删除 0 突触, 剩余 5157
    step=6500/8000 (9.0s) | σ=0.959 Q=0.274 mod=7 edges=5166
    step=7000/8000 (9.6s) | σ=0.956 Q=0.284 mod=7 edges=5176
      [修剪 t=7000] 删除 0 突触, 剩余 5177
    step=7500/8000 (10.3s) | σ=0.955 Q=0.274 mod=7 edges=5186
    step=8000/8000 (11.1s) | σ=0.949 Q=0.282 mod=7 edges=5196
  开始仿真: ER, seed=13, P_PRUNE=0.05
    step=0/8000 (0.0s) | σ=0.913 Q=0.273 mod=8 edges=5090
    step=500/8000 (0.6s) | σ=0.913 Q=0.273 mod=8 edges=5100
    step=1000/8000 (1.3s) | σ=0.916 Q=0.277 mod=9 edges=5110
      [修剪 t=1000] 删除 0 突触, 剩余 5111
    step=1500/8000 (1.9s) | σ=0.915 Q=0.272 mod=6 edges=5120
    step=2000/8000 (2.6s) | σ=0.890 Q=0.275 mod=7 edges=5130
      [修剪 t=2000] 删除 0 突触, 剩余 5131
    step=2500/8000 (3.3s) | σ=0.886 Q=0.278 mod=8 edges=5140
    step=3000/8000 (3.9s) | σ=0.877 Q=0.273 mod=7 edges=5149
      [修剪 t=3000] 删除 0 突触, 剩余 5150
    step=3500/8000 (4.6s) | σ=0.884 Q=0.273 mod=7 edges=5159
    step=4000/8000 (5.2s) | σ=0.887 Q=0.274 mod=8 edges=5168
      [修剪 t=4000] 删除 1 突触, 剩余 5168
    step=4500/8000 (5.9s) | σ=0.887 Q=0.273 mod=8 edges=5177
    step=5000/8000 (6.5s) | σ=0.884 Q=0.275 mod=7 edges=5187
      [修剪 t=5000] 删除 0 突触, 剩余 5188
    step=5500/8000 (7.2s) | σ=0.889 Q=0.275 mod=8 edges=5197
    step=6000/8000 (7.9s) | σ=0.899 Q=0.272 mod=8 edges=5207
      [修剪 t=6000] 删除 1 突触, 剩余 5207
    step=6500/8000 (8.5s) | σ=0.903 Q=0.270 mod=9 edges=5216
    step=7000/8000 (9.2s) | σ=0.880 Q=0.271 mod=8 edges=5226
      [修剪 t=7000] 删除 0 突触, 剩余 5227
    step=7500/8000 (9.9s) | σ=0.898 Q=0.270 mod=8 edges=5236
    step=8000/8000 (10.6s) | σ=0.893 Q=0.274 mod=6 edges=5246

--- WS: Watts-Strogatz (k=6,p=0) ---
  开始仿真: WS, seed=42, P_PRUNE=0.05
/home/work/.openclaw/workspace/sdi_sim/sdi_experiment4_modularity.py:192: RuntimeWarning: divide by zero encountered in scalar divide
  alpha = 1 + len(tail) / np.sum(np.log(tail / x_min))
    step=0/8000 (0.0s) | σ=4.129 Q=0.655 mod=3 edges=3000
    step=500/8000 (0.2s) | σ=4.129 Q=0.655 mod=3 edges=3010
    step=1000/8000 (0.4s) | σ=4.129 Q=0.655 mod=3 edges=3020
      [修剪 t=1000] 删除 0 突触, 剩余 3021
    step=1500/8000 (0.7s) | σ=4.129 Q=0.655 mod=3 edges=3029
    step=2000/8000 (0.9s) | σ=4.592 Q=0.674 mod=4 edges=3039
      [修剪 t=2000] 删除 0 突触, 剩余 3040
    step=2500/8000 (1.1s) | σ=4.129 Q=0.655 mod=3 edges=3049
    step=3000/8000 (1.3s) | σ=4.592 Q=0.674 mod=4 edges=3059
      [修剪 t=3000] 删除 0 突触, 剩余 3060
    step=3500/8000 (1.5s) | σ=5.192 Q=0.654 mod=3 edges=3069
    step=4000/8000 (1.8s) | σ=4.901 Q=0.662 mod=4 edges=3079
      [修剪 t=4000] 删除 0 突触, 剩余 3080
    step=4500/8000 (2.0s) | σ=4.227 Q=0.663 mod=4 edges=3089
    step=5000/8000 (2.2s) | σ=4.592 Q=0.674 mod=4 edges=3099
      [修剪 t=5000] 删除 0 突触, 剩余 3100
    step=5500/8000 (2.4s) | σ=4.136 Q=0.655 mod=3 edges=3109
    step=6000/8000 (2.6s) | σ=6.369 Q=0.655 mod=3 edges=3119
      [修剪 t=6000] 删除 1 突触, 剩余 3119
    step=6500/8000 (2.9s) | σ=6.374 Q=0.657 mod=4 edges=3128
    step=7000/8000 (3.1s) | σ=6.874 Q=0.657 mod=4 edges=3138
      [修剪 t=7000] 删除 0 突触, 剩余 3139
    step=7500/8000 (3.3s) | σ=5.215 Q=0.658 mod=4 edges=3148
    step=8000/8000 (3.6s) | σ=7.301 Q=0.665 mod=4 edges=3157
  开始仿真: WS, seed=7, P_PRUNE=0.05
    step=0/8000 (0.0s) | σ=4.129 Q=0.655 mod=3 edges=3000
    step=500/8000 (0.2s) | σ=4.129 Q=0.655 mod=3 edges=3010
    step=1000/8000 (0.5s) | σ=4.129 Q=0.655 mod=3 edges=3019
      [修剪 t=1000] 删除 0 突触, 剩余 3020
    step=1500/8000 (0.7s) | σ=4.129 Q=0.655 mod=3 edges=3029
    step=2000/8000 (0.9s) | σ=4.129 Q=0.655 mod=3 edges=3039
      [修剪 t=2000] 删除 0 突触, 剩余 3040
    step=2500/8000 (1.1s) | σ=4.129 Q=0.655 mod=3 edges=3049
    step=3000/8000 (1.3s) | σ=4.129 Q=0.655 mod=3 edges=3058
      [修剪 t=3000] 删除 0 突触, 剩余 3059
    step=3500/8000 (1.5s) | σ=4.129 Q=0.655 mod=3 edges=3068
    step=4000/8000 (1.8s) | σ=4.129 Q=0.655 mod=3 edges=3078
      [修剪 t=4000] 删除 0 突触, 剩余 3079
    step=4500/8000 (2.0s) | σ=4.544 Q=0.654 mod=3 edges=3087
    step=5000/8000 (2.2s) | σ=5.346 Q=0.655 mod=3 edges=3097
      [修剪 t=5000] 删除 1 突触, 剩余 3097
    step=5500/8000 (2.4s) | σ=4.129 Q=0.655 mod=3 edges=3106
    step=6000/8000 (2.7s) | σ=4.129 Q=0.655 mod=3 edges=3116
      [修剪 t=6000] 删除 1 突触, 剩余 3116
    step=6500/8000 (2.9s) | σ=4.568 Q=0.655 mod=3 edges=3125
    step=7000/8000 (3.1s) | σ=6.008 Q=0.669 mod=4 edges=3135
      [修剪 t=7000] 删除 0 突触, 剩余 3136
    step=7500/8000 (3.3s) | σ=6.015 Q=0.661 mod=4 edges=3145
    step=8000/8000 (3.6s) | σ=8.514 Q=0.673 mod=4 edges=3155
  开始仿真: WS, seed=13, P_PRUNE=0.05
    step=0/8000 (0.0s) | σ=4.129 Q=0.655 mod=3 edges=3000
    step=500/8000 (0.2s) | σ=4.129 Q=0.655 mod=3 edges=3010
    step=1000/8000 (0.4s) | σ=4.129 Q=0.655 mod=3 edges=3020
      [修剪 t=1000] 删除 0 突触, 剩余 3021
    step=1500/8000 (0.7s) | σ=4.129 Q=0.655 mod=3 edges=3030
    step=2000/8000 (0.9s) | σ=4.129 Q=0.655 mod=3 edges=3040
      [修剪 t=2000] 删除 0 突触, 剩余 3041
    step=2500/8000 (1.1s) | σ=4.125 Q=0.655 mod=3 edges=3050
    step=3000/8000 (1.3s) | σ=4.125 Q=0.655 mod=3 edges=3060
      [修剪 t=3000] 删除 0 突触, 剩余 3061
    step=3500/8000 (1.5s) | σ=4.125 Q=0.655 mod=3 edges=3070
    step=4000/8000 (1.8s) | σ=4.157 Q=0.655 mod=3 edges=3080
      [修剪 t=4000] 删除 0 突触, 剩余 3081
    step=4500/8000 (2.0s) | σ=4.129 Q=0.655 mod=3 edges=3090
    step=5000/8000 (2.2s) | σ=4.126 Q=0.655 mod=3 edges=3100
      [修剪 t=5000] 删除 0 突触, 剩余 3101
    step=5500/8000 (2.4s) | σ=4.129 Q=0.655 mod=3 edges=3110
    step=6000/8000 (2.6s) | σ=4.129 Q=0.655 mod=3 edges=3120
      [修剪 t=6000] 删除 0 突触, 剩余 3121
    step=6500/8000 (2.8s) | σ=7.030 Q=0.682 mod=4 edges=3130
    step=7000/8000 (3.1s) | σ=7.223 Q=0.668 mod=4 edges=3139
      [修剪 t=7000] 删除 0 突触, 剩余 3140
    step=7500/8000 (3.3s) | σ=7.273 Q=0.675 mod=4 edges=3149
    step=8000/8000 (3.5s) | σ=4.517 Q=0.654 mod=3 edges=3159

--- BA: Barabasi-Albert (m=3) ---
  开始仿真: BA, seed=42, P_PRUNE=0.05
    step=0/8000 (0.0s) | σ=5.776 Q=0.382 mod=13 edges=2982
    step=500/8000 (0.4s) | σ=5.776 Q=0.382 mod=13 edges=2992
    step=1000/8000 (0.8s) | σ=5.769 Q=0.381 mod=13 edges=3001
      [修剪 t=1000] 删除 0 突触, 剩余 3002
    step=1500/8000 (1.1s) | σ=5.771 Q=0.381 mod=13 edges=3011
    step=2000/8000 (1.5s) | σ=5.713 Q=0.379 mod=13 edges=3021
      [修剪 t=2000] 删除 0 突触, 剩余 3022
    step=2500/8000 (1.9s) | σ=5.642 Q=0.381 mod=10 edges=3031
    step=3000/8000 (2.3s) | σ=5.567 Q=0.382 mod=11 edges=3041
      [修剪 t=3000] 删除 0 突触, 剩余 3042
    step=3500/8000 (2.7s) | σ=5.596 Q=0.377 mod=12 edges=3051
    step=4000/8000 (3.1s) | σ=5.552 Q=0.380 mod=12 edges=3060
      [修剪 t=4000] 删除 0 突触, 剩余 3061
    step=4500/8000 (3.4s) | σ=5.529 Q=0.374 mod=13 edges=3069
    step=5000/8000 (3.8s) | σ=5.484 Q=0.375 mod=11 edges=3079
      [修剪 t=5000] 删除 0 突触, 剩余 3080
    step=5500/8000 (4.2s) | σ=5.393 Q=0.374 mod=10 edges=3089
    step=6000/8000 (4.6s) | σ=5.268 Q=0.370 mod=12 edges=3099
      [修剪 t=6000] 删除 0 突触, 剩余 3100
    step=6500/8000 (5.1s) | σ=5.240 Q=0.374 mod=13 edges=3109
    step=7000/8000 (5.5s) | σ=5.107 Q=0.372 mod=12 edges=3118
      [修剪 t=7000] 删除 0 突触, 剩余 3119
    step=7500/8000 (5.9s) | σ=5.065 Q=0.368 mod=11 edges=3127
    step=8000/8000 (6.3s) | σ=4.988 Q=0.363 mod=12 edges=3137
  开始仿真: BA, seed=7, P_PRUNE=0.05
    step=0/8000 (0.0s) | σ=5.729 Q=0.378 mod=11 edges=2982
    step=500/8000 (0.4s) | σ=5.729 Q=0.378 mod=11 edges=2992
    step=1000/8000 (0.8s) | σ=5.729 Q=0.378 mod=11 edges=3001
      [修剪 t=1000] 删除 0 突触, 剩余 3002
    step=1500/8000 (1.2s) | σ=5.719 Q=0.375 mod=13 edges=3011
    step=2000/8000 (1.6s) | σ=5.676 Q=0.376 mod=12 edges=3021
      [修剪 t=2000] 删除 0 突触, 剩余 3022
    step=2500/8000 (1.9s) | σ=5.649 Q=0.378 mod=11 edges=3031
    step=3000/8000 (2.3s) | σ=5.602 Q=0.378 mod=12 edges=3041
      [修剪 t=3000] 删除 0 突触, 剩余 3042
    step=3500/8000 (2.7s) | σ=5.561 Q=0.372 mod=12 edges=3051
    step=4000/8000 (3.1s) | σ=5.520 Q=0.375 mod=12 edges=3061
      [修剪 t=4000] 删除 0 突触, 剩余 3062
    step=4500/8000 (3.5s) | σ=5.429 Q=0.370 mod=12 edges=3071
    step=5000/8000 (3.9s) | σ=5.535 Q=0.371 mod=11 edges=3080
      [修剪 t=5000] 删除 0 突触, 剩余 3081
    step=5500/8000 (4.3s) | σ=5.484 Q=0.373 mod=11 edges=3090
    step=6000/8000 (4.7s) | σ=5.489 Q=0.372 mod=10 edges=3100
      [修剪 t=6000] 删除 0 突触, 剩余 3101
    step=6500/8000 (5.1s) | σ=5.413 Q=0.370 mod=10 edges=3109
    step=7000/8000 (5.5s) | σ=5.327 Q=0.369 mod=12 edges=3119
      [修剪 t=7000] 删除 0 突触, 剩余 3120
    step=7500/8000 (5.9s) | σ=5.371 Q=0.364 mod=11 edges=3129
    step=8000/8000 (6.3s) | σ=5.317 Q=0.364 mod=11 edges=3139
  开始仿真: BA, seed=13, P_PRUNE=0.05
    step=0/8000 (0.0s) | σ=4.377 Q=0.383 mod=13 edges=2982
    step=500/8000 (0.4s) | σ=4.377 Q=0.383 mod=13 edges=2992
    step=1000/8000 (0.8s) | σ=4.372 Q=0.382 mod=13 edges=3002
      [修剪 t=1000] 删除 0 突触, 剩余 3003
    step=1500/8000 (1.1s) | σ=4.368 Q=0.385 mod=11 edges=3012
    step=2000/8000 (1.5s) | σ=4.296 Q=0.379 mod=12 edges=3022
      [修剪 t=2000] 删除 0 突触, 剩余 3023
    step=2500/8000 (1.9s) | σ=4.249 Q=0.382 mod=10 edges=3032
    step=3000/8000 (2.3s) | σ=4.237 Q=0.380 mod=11 edges=3042
      [修剪 t=3000] 删除 0 突触, 剩余 3043
    step=3500/8000 (2.7s) | σ=4.172 Q=0.375 mod=10 edges=3052
    step=4000/8000 (3.1s) | σ=4.123 Q=0.379 mod=12 edges=3061
      [修剪 t=4000] 删除 0 突触, 剩余 3062
    step=4500/8000 (3.5s) | σ=4.042 Q=0.378 mod=11 edges=3071
    step=5000/8000 (3.9s) | σ=4.008 Q=0.377 mod=11 edges=3081
      [修剪 t=5000] 删除 0 突触, 剩余 3082
    step=5500/8000 (4.3s) | σ=3.916 Q=0.372 mod=10 edges=3091
    step=6000/8000 (4.7s) | σ=3.907 Q=0.366 mod=13 edges=3101
      [修剪 t=6000] 删除 0 突触, 剩余 3102
    step=6500/8000 (5.1s) | σ=3.907 Q=0.368 mod=14 edges=3111
    step=7000/8000 (5.5s) | σ=3.938 Q=0.371 mod=11 edges=3121
      [修剪 t=7000] 删除 0 突触, 剩余 3122
    step=7500/8000 (5.9s) | σ=3.933 Q=0.364 mod=11 edges=3131
    step=8000/8000 (6.3s) | σ=3.934 Q=0.366 mod=13 edges=3141

============================================================
Part 2: WS起点 × 3种修剪强度参数扫描
============================================================

--- WS P_PRUNE=0.02 ---
  开始仿真: WS, seed=42, P_PRUNE=0.02
    step=0/8000 (0.0s) | σ=4.129 Q=0.655 mod=3 edges=3000
    step=500/8000 (0.2s) | σ=4.129 Q=0.655 mod=3 edges=3010
    step=1000/8000 (0.4s) | σ=4.129 Q=0.655 mod=3 edges=3020
      [修剪 t=1000] 删除 0 突触, 剩余 3021
    step=1500/8000 (0.7s) | σ=4.129 Q=0.655 mod=3 edges=3030
    step=2000/8000 (0.9s) | σ=4.129 Q=0.655 mod=3 edges=3040
      [修剪 t=2000] 删除 0 突触, 剩余 3041
    step=2500/8000 (1.1s) | σ=4.129 Q=0.655 mod=3 edges=3050
    step=3000/8000 (1.3s) | σ=4.129 Q=0.655 mod=3 edges=3060
      [修剪 t=3000] 删除 0 突触, 剩余 3061
    step=3500/8000 (1.5s) | σ=4.125 Q=0.655 mod=3 edges=3070
    step=4000/8000 (1.8s) | σ=4.238 Q=0.655 mod=3 edges=3080
      [修剪 t=4000] 删除 0 突触, 剩余 3081
    step=4500/8000 (2.0s) | σ=4.125 Q=0.655 mod=3 edges=3090
    step=5000/8000 (2.2s) | σ=4.593 Q=0.661 mod=4 edges=3100
      [修剪 t=5000] 删除 0 突触, 剩余 3101
    step=5500/8000 (2.4s) | σ=5.745 Q=0.663 mod=4 edges=3110
    step=6000/8000 (2.6s) | σ=8.324 Q=0.654 mod=3 edges=3120
      [修剪 t=6000] 删除 0 突触, 剩余 3121
    step=6500/8000 (2.9s) | σ=9.027 Q=0.653 mod=3 edges=3130
    step=7000/8000 (3.1s) | σ=7.042 Q=0.696 mod=4 edges=3140
      [修剪 t=7000] 删除 0 突触, 剩余 3141
    step=7500/8000 (3.3s) | σ=5.232 Q=0.672 mod=4 edges=3150
    step=8000/8000 (3.5s) | σ=5.722 Q=0.654 mod=3 edges=3160
  开始仿真: WS, seed=7, P_PRUNE=0.02
    step=0/8000 (0.0s) | σ=4.129 Q=0.655 mod=3 edges=3000
    step=500/8000 (0.2s) | σ=4.129 Q=0.655 mod=3 edges=3010
    step=1000/8000 (0.4s) | σ=4.129 Q=0.655 mod=3 edges=3019
      [修剪 t=1000] 删除 0 突触, 剩余 3020
    step=1500/8000 (0.7s) | σ=4.129 Q=0.655 mod=3 edges=3029
    step=2000/8000 (0.9s) | σ=4.129 Q=0.655 mod=3 edges=3039
      [修剪 t=2000] 删除 0 突触, 剩余 3040
    step=2500/8000 (1.1s) | σ=4.129 Q=0.655 mod=3 edges=3049
    step=3000/8000 (1.3s) | σ=4.129 Q=0.655 mod=3 edges=3058
      [修剪 t=3000] 删除 0 突触, 剩余 3059
    step=3500/8000 (1.5s) | σ=4.129 Q=0.655 mod=3 edges=3068
    step=4000/8000 (1.8s) | σ=4.129 Q=0.655 mod=3 edges=3078
      [修剪 t=4000] 删除 0 突触, 剩余 3079
    step=4500/8000 (2.0s) | σ=4.544 Q=0.654 mod=3 edges=3087
    step=5000/8000 (2.2s) | σ=5.346 Q=0.655 mod=3 edges=3097
      [修剪 t=5000] 删除 1 突触, 剩余 3097
    step=5500/8000 (2.4s) | σ=4.129 Q=0.655 mod=3 edges=3106
    step=6000/8000 (2.6s) | σ=4.129 Q=0.655 mod=3 edges=3116
      [修剪 t=6000] 删除 0 突触, 剩余 3117
    step=6500/8000 (2.9s) | σ=4.129 Q=0.655 mod=3 edges=3126
    step=7000/8000 (3.1s) | σ=4.835 Q=0.655 mod=3 edges=3136
      [修剪 t=7000] 删除 0 突触, 剩余 3137
    step=7500/8000 (3.3s) | σ=8.213 Q=0.679 mod=4 edges=3146
    step=8000/8000 (3.5s) | σ=9.081 Q=0.670 mod=4 edges=3156
  开始仿真: WS, seed=13, P_PRUNE=0.02
    step=0/8000 (0.0s) | σ=4.129 Q=0.655 mod=3 edges=3000
    step=500/8000 (0.2s) | σ=4.129 Q=0.655 mod=3 edges=3010
    step=1000/8000 (0.4s) | σ=4.129 Q=0.655 mod=3 edges=3020
      [修剪 t=1000] 删除 0 突触, 剩余 3021
    step=1500/8000 (0.7s) | σ=4.129 Q=0.655 mod=3 edges=3030
    step=2000/8000 (0.9s) | σ=4.129 Q=0.655 mod=3 edges=3040
      [修剪 t=2000] 删除 0 突触, 剩余 3041
    step=2500/8000 (1.1s) | σ=4.125 Q=0.655 mod=3 edges=3050
    step=3000/8000 (1.3s) | σ=4.125 Q=0.655 mod=3 edges=3060
      [修剪 t=3000] 删除 0 突触, 剩余 3061
    step=3500/8000 (1.5s) | σ=4.125 Q=0.655 mod=3 edges=3070
    step=4000/8000 (1.8s) | σ=4.157 Q=0.655 mod=3 edges=3080
      [修剪 t=4000] 删除 0 突触, 剩余 3081
    step=4500/8000 (2.0s) | σ=4.129 Q=0.655 mod=3 edges=3090
    step=5000/8000 (2.2s) | σ=4.126 Q=0.655 mod=3 edges=3100
      [修剪 t=5000] 删除 0 突触, 剩余 3101
    step=5500/8000 (2.4s) | σ=4.129 Q=0.655 mod=3 edges=3110
    step=6000/8000 (2.6s) | σ=4.129 Q=0.655 mod=3 edges=3120
      [修剪 t=6000] 删除 0 突触, 剩余 3121
    step=6500/8000 (2.8s) | σ=7.030 Q=0.682 mod=4 edges=3130
    step=7000/8000 (3.1s) | σ=6.634 Q=0.653 mod=3 edges=3140
      [修剪 t=7000] 删除 0 突触, 剩余 3141
    step=7500/8000 (3.3s) | σ=6.232 Q=0.654 mod=3 edges=3150
    step=8000/8000 (3.5s) | σ=4.192 Q=0.655 mod=3 edges=3160

--- WS P_PRUNE=0.05 (复用Part1结果) ---

--- WS P_PRUNE=0.1 ---
  开始仿真: WS, seed=42, P_PRUNE=0.1
    step=0/8000 (0.0s) | σ=4.129 Q=0.655 mod=3 edges=3000
    step=500/8000 (0.2s) | σ=4.129 Q=0.655 mod=3 edges=3010
    step=1000/8000 (0.4s) | σ=4.129 Q=0.655 mod=3 edges=3020
      [修剪 t=1000] 删除 0 突触, 剩余 3021
    step=1500/8000 (0.7s) | σ=4.129 Q=0.655 mod=3 edges=3029
    step=2000/8000 (0.9s) | σ=4.592 Q=0.674 mod=4 edges=3039
      [修剪 t=2000] 删除 0 突触, 剩余 3040
    step=2500/8000 (1.1s) | σ=4.129 Q=0.655 mod=3 edges=3049
    step=3000/8000 (1.3s) | σ=4.592 Q=0.674 mod=4 edges=3059
      [修剪 t=3000] 删除 0 突触, 剩余 3060
    step=3500/8000 (1.5s) | σ=5.192 Q=0.654 mod=3 edges=3069
    step=4000/8000 (1.8s) | σ=4.901 Q=0.662 mod=4 edges=3079
      [修剪 t=4000] 删除 0 突触, 剩余 3080
    step=4500/8000 (2.0s) | σ=4.227 Q=0.663 mod=4 edges=3089
    step=5000/8000 (2.2s) | σ=4.592 Q=0.674 mod=4 edges=3099
      [修剪 t=5000] 删除 0 突触, 剩余 3100
    step=5500/8000 (2.4s) | σ=4.136 Q=0.655 mod=3 edges=3109
    step=6000/8000 (2.7s) | σ=6.369 Q=0.655 mod=3 edges=3119
      [修剪 t=6000] 删除 1 突触, 剩余 3119
    step=6500/8000 (2.9s) | σ=6.374 Q=0.657 mod=4 edges=3128
    step=7000/8000 (3.1s) | σ=6.874 Q=0.657 mod=4 edges=3138
      [修剪 t=7000] 删除 0 突触, 剩余 3139
    step=7500/8000 (3.3s) | σ=5.215 Q=0.658 mod=4 edges=3148
    step=8000/8000 (3.6s) | σ=7.301 Q=0.665 mod=4 edges=3157
  开始仿真: WS, seed=7, P_PRUNE=0.1
    step=0/8000 (0.0s) | σ=4.129 Q=0.655 mod=3 edges=3000
    step=500/8000 (0.2s) | σ=4.129 Q=0.655 mod=3 edges=3010
    step=1000/8000 (0.4s) | σ=4.129 Q=0.655 mod=3 edges=3019
      [修剪 t=1000] 删除 1 突触, 剩余 3019
    step=1500/8000 (0.6s) | σ=4.129 Q=0.655 mod=3 edges=3028
    step=2000/8000 (0.9s) | σ=4.129 Q=0.655 mod=3 edges=3038
      [修剪 t=2000] 删除 0 突触, 剩余 3039
    step=2500/8000 (1.1s) | σ=4.129 Q=0.655 mod=3 edges=3048
    step=3000/8000 (1.3s) | σ=4.129 Q=0.655 mod=3 edges=3057
      [修剪 t=3000] 删除 1 突触, 剩余 3057
    step=3500/8000 (1.5s) | σ=4.504 Q=0.654 mod=3 edges=3066
    step=4000/8000 (1.8s) | σ=4.129 Q=0.655 mod=3 edges=3075
      [修剪 t=4000] 删除 0 突触, 剩余 3076
    step=4500/8000 (2.0s) | σ=4.129 Q=0.655 mod=3 edges=3085
    step=5000/8000 (2.2s) | σ=4.948 Q=0.655 mod=3 edges=3095
      [修剪 t=5000] 删除 0 突触, 剩余 3096
    step=5500/8000 (2.4s) | σ=5.496 Q=0.654 mod=3 edges=3105
    step=6000/8000 (2.6s) | σ=7.164 Q=0.653 mod=3 edges=3114
      [修剪 t=6000] 删除 1 突触, 剩余 3114
    step=6500/8000 (2.9s) | σ=5.866 Q=0.665 mod=4 edges=3123
    step=7000/8000 (3.1s) | σ=5.681 Q=0.667 mod=4 edges=3133
      [修剪 t=7000] 删除 0 突触, 剩余 3134
    step=7500/8000 (3.3s) | σ=6.069 Q=0.654 mod=3 edges=3143
    step=8000/8000 (3.5s) | σ=6.360 Q=0.653 mod=3 edges=3153
  开始仿真: WS, seed=13, P_PRUNE=0.1
    step=0/8000 (0.0s) | σ=4.129 Q=0.655 mod=3 edges=3000
    step=500/8000 (0.2s) | σ=4.129 Q=0.655 mod=3 edges=3010
    step=1000/8000 (0.4s) | σ=4.129 Q=0.655 mod=3 edges=3020
      [修剪 t=1000] 删除 0 突触, 剩余 3021
    step=1500/8000 (0.7s) | σ=4.129 Q=0.655 mod=3 edges=3030
    step=2000/8000 (0.9s) | σ=4.129 Q=0.655 mod=3 edges=3040
      [修剪 t=2000] 删除 1 突触, 剩余 3040
    step=2500/8000 (1.1s) | σ=4.125 Q=0.655 mod=3 edges=3049
    step=3000/8000 (1.3s) | σ=4.125 Q=0.655 mod=3 edges=3059
      [修剪 t=3000] 删除 0 突触, 剩余 3060
    step=3500/8000 (1.5s) | σ=4.125 Q=0.655 mod=3 edges=3069
    step=4000/8000 (1.8s) | σ=4.125 Q=0.655 mod=3 edges=3079
      [修剪 t=4000] 删除 0 突触, 剩余 3080
    step=4500/8000 (2.0s) | σ=4.745 Q=0.654 mod=3 edges=3089
    step=5000/8000 (2.2s) | σ=5.660 Q=0.654 mod=3 edges=3099
      [修剪 t=5000] 删除 0 突触, 剩余 3100
    step=5500/8000 (2.4s) | σ=4.530 Q=0.655 mod=3 edges=3109
    step=6000/8000 (2.7s) | σ=6.172 Q=0.662 mod=4 edges=3119
      [修剪 t=6000] 删除 0 突触, 剩余 3120
    step=6500/8000 (2.9s) | σ=7.030 Q=0.682 mod=4 edges=3129
    step=7000/8000 (3.1s) | σ=6.680 Q=0.662 mod=4 edges=3139
      [修剪 t=7000] 删除 0 突触, 剩余 3140
    step=7500/8000 (3.3s) | σ=5.208 Q=0.654 mod=3 edges=3149
    step=8000/8000 (3.5s) | σ=5.076 Q=0.654 mod=3 edges=3159

======================================================================
实验四结果汇总
======================================================================

[Part 1] 3种起点 × P_PRUNE=0.05 (终态均值 ± std):
起点            σ        Q      模块数       边数    σ达标    Q达标
------------------------------------------------------------
ER        0.869    0.278      6.3     5158      ❌      ❌
WS        6.778    0.664      3.7     3157      ✅      ✅
BA        4.746    0.365     12.0     3139      ✅      ✅

[Part 2] WS起点 × 3种修剪强度（终态 Q, σ, 模块数）:
P_PRUNE         σ均值      Q均值      模块数       边数
--------------------------------------------------
p=0.02        6.332    0.659      3.3     3159
p=0.05        6.778    0.664      3.7     3157
p=0.1         6.246    0.657      3.3     3156

======================================================================
成功条件判定（任一起点满足 Q>0.3 且 σ>3.0 且 模块数≥3）:
  ER: Q均值=0.278>0.3? ❌  σ均值=0.869>3.0? ❌  模块数均值=6.3≥3? ✅
       最佳单次: Q=0.282  σ=0.949  模块数=7
  WS: Q均值=0.664>0.3? ✅  σ均值=6.778>3.0? ✅  模块数均值=3.7≥3? ✅
       最佳单次: Q=0.673  σ=8.514  模块数=4
  BA: Q均值=0.365>0.3? ✅  σ均值=4.746>3.0? ✅  模块数均值=12.0≥3? ✅
       最佳单次: Q=0.366  σ=5.317  模块数=13

✅ 实验四验证成功！

成功加载实验三时间序列用于对比

结果已保存: /home/work/.openclaw/workspace/sdi_sim/exp4_modularity_results.json

生成演化曲线对比图...
  保存图片: /home/work/.openclaw/workspace/sdi_sim/exp4_modularity_evolution.png
  保存报告: /home/work/.openclaw/workspace/sdi_sim/exp4_summary.md

✅ 实验四完成!
