======================================================================
SDI Experiment 5 v5: Neuronal Avalanche SOC Dynamics
Key fix: G calibrated under REAL BTW driving conditions (not empty network)
======================================================================

[3-rules]

-> C.elegans | seed=42 | 3-rules
  [C.elegans|seed=42] 学习阶段（8000步）...
    学习 0/8000 σ=12.41 edges=2226 t=0s
    学习 4000/8000 σ=9.43 edges=1966 t=3s

  学习后网络状态: edges=801, 平均权重=0.9997, σ=3.00
  理论κ=1点：需要G ≈ 0.3484

  [C.elegans|seed=42] 临界点校准（真实BTW条件）...
    校准 iter=1: G=1.00050 → κ=2.9016
    校准 iter=2: G=0.50075 → κ=1.6538
    校准 iter=3: G=0.25087 → κ=0.9114
    ✅ 校准成功: G=0.25087, κ=0.9114
  校准结果: G=0.25087, κ=0.9114

  [C.elegans|seed=42] 记录阶段（20000步，G=0.2509）...
    记录 0/20000 wave=2 σ=3.00 t=5s
    记录 4000/20000 wave=1 σ=3.00 t=5s
    记录 8000/20000 wave=0 σ=3.00 t=5s
    记录 12000/20000 wave=1 σ=3.00 t=5s
    记录 16000/20000 wave=0 σ=3.00 t=5s

  激活统计:
    零值帧: 86.3% | 最大: 10 | 平均: 0.251
    尺寸分布: min=1 中位数=3 max=57
    size=1: 297 | size<=5: 682 | size<=20: 931

============================================================
  结果 [C.elegans|seed=42|3-r] G=0.2509
  零值帧: 86.3% ✓
  雪崩数: 967 | 均尺寸: 5.2 | 均时长: 2.8 ✓
  多步雪崩: 61.3% ✓
  τ_size=2.432 (R²=0.884) ✗
  τ_dur=3.326 (R²=0.962) ✗
  κ内部=0.9494 ✓
  PSD=-0.841 (R²=0.257) ✓
  得分: 5/7
  ============================================================


-> C.elegans | seed=7 | 3-rules
  [C.elegans|seed=7] 学习阶段（8000步）...
    学习 0/8000 σ=12.21 edges=2228 t=0s
    学习 4000/8000 σ=9.25 edges=1979 t=3s

  学习后网络状态: edges=762, 平均权重=0.9995, σ=3.37
  理论κ=1点：需要G ≈ 0.3663

  [C.elegans|seed=7] 临界点校准（真实BTW条件）...
    校准 iter=1: G=1.00050 → κ=2.8947
    校准 iter=2: G=0.50075 → κ=1.2653
    校准 iter=3: G=0.25087 → κ=0.7250
    校准 iter=4: G=0.37581 → κ=1.1000
    ✅ 校准成功: G=0.37581, κ=1.1000
  校准结果: G=0.37581, κ=1.1000

  [C.elegans|seed=7] 记录阶段（20000步，G=0.3758）...
    记录 0/20000 wave=3 σ=3.37 t=5s
    记录 4000/20000 wave=0 σ=3.37 t=5s
    记录 8000/20000 wave=2 σ=3.37 t=5s
    记录 12000/20000 wave=1 σ=3.37 t=5s
    记录 16000/20000 wave=2 σ=3.37 t=6s

  激活统计:
    零值帧: 68.7% | 最大: 19 | 平均: 1.002
    尺寸分布: min=1 中位数=7 max=124
    size=1: 223 | size<=5: 467 | size<=20: 731

============================================================
  结果 [C.elegans|seed=7|3-r] G=0.3758
  零值帧: 68.7% ✓
  雪崩数: 1042 | 均尺寸: 19.2 | 均时长: 6.0 ✓
  多步雪崩: 74.6% ✓
  τ_size=1.690 (R²=0.803) ✓
  τ_dur=2.120 (R²=0.784) ✓
  κ内部=0.9940 ✓
  PSD=-1.212 (R²=0.401) ✓
  得分: 7/7
  ============================================================


-> C.elegans | seed=13 | 3-rules
  [C.elegans|seed=13] 学习阶段（8000步）...
    学习 0/8000 σ=11.95 edges=2226 t=0s
    学习 4000/8000 σ=9.26 edges=1946 t=3s

  学习后网络状态: edges=832, 平均权重=0.9997, σ=5.49
  理论κ=1点：需要G ≈ 0.3354

  [C.elegans|seed=13] 临界点校准（真实BTW条件）...
    校准 iter=1: G=1.00050 → κ=2.9077
    校准 iter=2: G=0.50075 → κ=1.3091
    校准 iter=3: G=0.25087 → κ=0.7375
    校准 iter=4: G=0.37581 → κ=1.2500
    校准 iter=5: G=0.31334 → κ=0.8919
    校准 iter=6: G=0.34458 → κ=0.8082
    校准 iter=7: G=0.36020 → κ=1.2090
    校准 iter=8: G=0.35239 → κ=1.0147
    ✅ 校准成功: G=0.35239, κ=1.0147
  校准结果: G=0.35239, κ=1.0147

  [C.elegans|seed=13] 记录阶段（20000步，G=0.3524）...
    记录 0/20000 wave=4 σ=5.49 t=5s
    记录 4000/20000 wave=1 σ=5.49 t=5s
    记录 8000/20000 wave=0 σ=5.49 t=5s
    记录 12000/20000 wave=3 σ=5.49 t=6s
    记录 16000/20000 wave=0 σ=5.49 t=6s

  激活统计:
    零值帧: 70.7% | 最大: 23 | 平均: 0.978
    尺寸分布: min=1 中位数=6 max=137
    size=1: 205 | size<=5: 498 | size<=20: 743

============================================================
  结果 [C.elegans|seed=13|3-r] G=0.3524
  零值帧: 70.7% ✓
  雪崩数: 1029 | 均尺寸: 19.0 | 均时长: 5.7 ✓
  多步雪崩: 73.4% ✓
  τ_size=1.622 (R²=0.807) ✓
  τ_dur=2.501 (R²=0.822) ✗
  κ内部=0.9764 ✓
  PSD=-1.285 (R²=0.421) ✓
  得分: 6/7
  ============================================================


-> Human_HCP | seed=42 | 3-rules
  [Human_HCP|seed=42] 学习阶段（8000步）...
    学习 0/8000 σ=13.72 edges=3992 t=0s
    学习 4000/8000 σ=10.69 edges=3792 t=4s

  学习后网络状态: edges=2744, 平均权重=0.9997, σ=6.35
  理论κ=1点：需要G ≈ 0.1458

  [Human_HCP|seed=42] 临界点校准（真实BTW条件）...
    校准 iter=1: G=1.00050 → κ=6.7000
    校准 iter=2: G=0.50075 → κ=3.2414
    校准 iter=3: G=0.25087 → κ=1.6341
    校准 iter=4: G=0.12594 → κ=0.9342
    ✅ 校准成功: G=0.12594, κ=0.9342
  校准结果: G=0.12594, κ=0.9342

  [Human_HCP|seed=42] 记录阶段（20000步，G=0.1259）...
    记录 0/20000 wave=0 σ=6.35 t=9s
    记录 4000/20000 wave=1 σ=6.35 t=9s
    记录 8000/20000 wave=0 σ=6.35 t=9s
    记录 12000/20000 wave=1 σ=6.35 t=9s
    记录 16000/20000 wave=3 σ=6.35 t=9s

  激活统计:
    零值帧: 79.1% | 最大: 16 | 平均: 0.424
    尺寸分布: min=1 中位数=3 max=82
    size=1: 284 | size<=5: 731 | size<=20: 1032

============================================================
  结果 [Human_HCP|seed=42|3-r] G=0.1259
  零值帧: 79.1% ✓
  雪崩数: 1140 | 均尺寸: 7.4 | 均时长: 3.7 ✓
  多步雪崩: 68.6% ✓
  τ_size=2.178 (R²=0.914) ✓
  τ_dur=2.701 (R²=0.893) ✗
  κ内部=0.9866 ✓
  PSD=-1.061 (R²=0.335) ✓
  得分: 6/7
  ============================================================


-> Human_HCP | seed=7 | 3-rules
  [Human_HCP|seed=7] 学习阶段（8000步）...
    学习 0/8000 σ=13.78 edges=3996 t=0s
    学习 4000/8000 σ=12.30 edges=3864 t=4s

  学习后网络状态: edges=2700, 平均权重=0.9997, σ=9.72
  理论κ=1点：需要G ≈ 0.1482

  [Human_HCP|seed=7] 临界点校准（真实BTW条件）...
    校准 iter=1: G=1.00050 → κ=6.5625
    校准 iter=2: G=0.50075 → κ=3.5246
    校准 iter=3: G=0.25087 → κ=1.2708
    校准 iter=4: G=0.12594 → κ=1.0500
    ✅ 校准成功: G=0.12594, κ=1.0500
  校准结果: G=0.12594, κ=1.0500

  [Human_HCP|seed=7] 记录阶段（20000步，G=0.1259）...
    记录 0/20000 wave=1 σ=9.72 t=9s
    记录 4000/20000 wave=4 σ=9.72 t=9s
    记录 8000/20000 wave=0 σ=9.72 t=9s
    记录 12000/20000 wave=0 σ=9.72 t=9s
    记录 16000/20000 wave=0 σ=9.72 t=9s

  激活统计:
    零值帧: 80.3% | 最大: 13 | 平均: 0.410
    尺寸分布: min=1 中位数=3 max=94
    size=1: 287 | size<=5: 699 | size<=20: 991

============================================================
  结果 [Human_HCP|seed=7|3-r] G=0.1259
  零值帧: 80.3% ✓
  雪崩数: 1087 | 均尺寸: 7.5 | 均时长: 3.6 ✓
  多步雪崩: 67.8% ✓
  τ_size=2.283 (R²=0.939) ✗
  τ_dur=3.081 (R²=0.870) ✗
  κ内部=0.9955 ✓
  PSD=-1.034 (R²=0.335) ✓
  得分: 5/7
  ============================================================


-> Human_HCP | seed=13 | 3-rules
  [Human_HCP|seed=13] 学习阶段（8000步）...
    学习 0/8000 σ=12.84 edges=3994 t=0s
    学习 4000/8000 σ=9.56 edges=3831 t=4s

  学习后网络状态: edges=2716, 平均权重=0.9998, σ=4.75
  理论κ=1点：需要G ≈ 0.1473

  [Human_HCP|seed=13] 临界点校准（真实BTW条件）...
    校准 iter=1: G=1.00050 → κ=6.6500
    校准 iter=2: G=0.50075 → κ=2.9848
    校准 iter=3: G=0.25087 → κ=1.6905
    校准 iter=4: G=0.12594 → κ=0.8590
    校准 iter=5: G=0.18841 → κ=1.2115
    校准 iter=6: G=0.15717 → κ=1.0794
    ✅ 校准成功: G=0.15717, κ=1.0794
  校准结果: G=0.15717, κ=1.0794

  [Human_HCP|seed=13] 记录阶段（20000步，G=0.1572）...
    记录 0/20000 wave=1 σ=4.75 t=9s
    记录 4000/20000 wave=0 σ=4.75 t=9s
    记录 8000/20000 wave=0 σ=4.75 t=9s
    记录 12000/20000 wave=1 σ=4.75 t=9s
    记录 16000/20000 wave=4 σ=4.75 t=9s

  激活统计:
    零值帧: 62.1% | 最大: 21 | 平均: 1.182
    尺寸分布: min=1 中位数=7 max=152
    size=1: 174 | size<=5: 472 | size<=20: 745

============================================================
  结果 [Human_HCP|seed=13|3-r] G=0.1572
  零值帧: 62.1% ✓
  雪崩数: 1072 | 均尺寸: 22.1 | 均时长: 7.1 ✓
  多步雪崩: 79.6% ✓
  τ_size=1.857 (R²=0.932) ✓
  τ_dur=3.014 (R²=0.845) ✗
  κ内部=0.9760 ✓
  PSD=-1.334 (R²=0.453) ✓
  得分: 6/7
  ============================================================


-> WS_Control | seed=42 | 3-rules
  [WS_Control|seed=42] 学习阶段（8000步）...
    学习 0/8000 σ=10.81 edges=2222 t=0s
    学习 4000/8000 σ=6.86 edges=2012 t=3s

  学习后网络状态: edges=1008, 平均权重=0.9996, σ=1.65
  理论κ=1点：需要G ≈ 0.2769

  [WS_Control|seed=42] 临界点校准（真实BTW条件）...
    校准 iter=1: G=1.00050 → κ=3.5949
    校准 iter=2: G=0.50075 → κ=1.5333
    校准 iter=3: G=0.25087 → κ=0.7308
    校准 iter=4: G=0.37581 → κ=1.3091
    校准 iter=5: G=0.31334 → κ=1.4167
    校准 iter=6: G=0.28211 → κ=1.0429
    ✅ 校准成功: G=0.28211, κ=1.0429
  校准结果: G=0.28211, κ=1.0429

  [WS_Control|seed=42] 记录阶段（20000步，G=0.2821）...
    记录 0/20000 wave=0 σ=1.65 t=5s
    记录 4000/20000 wave=2 σ=1.65 t=5s
    记录 8000/20000 wave=3 σ=1.65 t=6s
    记录 12000/20000 wave=2 σ=1.65 t=6s
    记录 16000/20000 wave=0 σ=1.65 t=6s

  激活统计:
    零值帧: 68.4% | 最大: 25 | 平均: 1.004
    尺寸分布: min=1 中位数=6 max=134
    size=1: 230 | size<=5: 506 | size<=20: 742

============================================================
  结果 [WS_Control|seed=42|3-r] G=0.2821
  零值帧: 68.4% ✓
  雪崩数: 1042 | 均尺寸: 19.3 | 均时长: 6.1 ✓
  多步雪崩: 74.5% ✓
  τ_size=1.618 (R²=0.773) ✓
  τ_dur=2.091 (R²=0.819) ✓
  κ内部=1.0005 ✓
  PSD=-1.287 (R²=0.434) ✓
  得分: 7/7
  ============================================================


-> WS_Control | seed=7 | 3-rules
  [WS_Control|seed=7] 学习阶段（8000步）...
    学习 0/8000 σ=10.88 edges=2222 t=0s
    学习 4000/8000 σ=6.09 edges=1985 t=3s

  学习后网络状态: edges=961, 平均权重=0.9998, σ=3.60
  理论κ=1点：需要G ≈ 0.2904

  [WS_Control|seed=7] 临界点校准（真实BTW条件）...
    校准 iter=1: G=1.00050 → κ=3.3875
    校准 iter=2: G=0.50075 → κ=1.6596
    校准 iter=3: G=0.25087 → κ=0.9737
    ✅ 校准成功: G=0.25087, κ=0.9737
  校准结果: G=0.25087, κ=0.9737

  [WS_Control|seed=7] 记录阶段（20000步，G=0.2509）...
    记录 0/20000 wave=2 σ=3.60 t=5s
    记录 4000/20000 wave=0 σ=3.60 t=5s
    记录 8000/20000 wave=3 σ=3.60 t=5s
    记录 12000/20000 wave=5 σ=3.60 t=6s
    记录 16000/20000 wave=0 σ=3.60 t=6s

  激活统计:
    零值帧: 77.6% | 最大: 13 | 平均: 0.551
    尺寸分布: min=1 中位数=4 max=95
    size=1: 250 | size<=5: 567 | size<=20: 845

============================================================
  结果 [WS_Control|seed=7|3-r] G=0.2509
  零值帧: 77.6% ✓
  雪崩数: 1012 | 均尺寸: 10.9 | 均时长: 4.4 ✓
  多步雪崩: 68.2% ✓
  τ_size=2.036 (R²=0.915) ✓
  τ_dur=2.139 (R²=0.875) ✓
  κ内部=1.0095 ✓
  PSD=-1.143 (R²=0.375) ✓
  得分: 7/7
  ============================================================


-> WS_Control | seed=13 | 3-rules
  [WS_Control|seed=13] 学习阶段（8000步）...
    学习 0/8000 σ=10.84 edges=2228 t=0s
    学习 4000/8000 σ=7.90 edges=2022 t=3s

  学习后网络状态: edges=987, 平均权重=0.9996, σ=3.33
  理论κ=1点：需要G ≈ 0.2828

  [WS_Control|seed=13] 临界点校准（真实BTW条件）...
    校准 iter=1: G=1.00050 → κ=3.3000
    校准 iter=2: G=0.50075 → κ=1.5745
    校准 iter=3: G=0.25087 → κ=0.8734
    校准 iter=4: G=0.37581 → κ=1.0185
    ✅ 校准成功: G=0.37581, κ=1.0185
  校准结果: G=0.37581, κ=1.0185

  [WS_Control|seed=13] 记录阶段（20000步，G=0.3758）...
    记录 0/20000 wave=2 σ=3.33 t=5s
    记录 4000/20000 wave=2 σ=3.33 t=6s
    记录 8000/20000 wave=8 σ=3.33 t=6s
    记录 12000/20000 wave=1 σ=3.33 t=6s
    记录 16000/20000 wave=3 σ=3.33 t=6s

  激活统计:
    零值帧: 47.4% | 最大: 37 | 平均: 3.314
    尺寸分布: min=1 中位数=80 max=200
    size=1: 121 | size<=5: 244 | size<=20: 363

============================================================
  结果 [WS_Control|seed=13|3-r] G=0.3758
  零值帧: 47.4% ✓
  雪崩数: 891 | 均尺寸: 74.4 | 均时长: 11.8 ✓
  多步雪崩: 84.2% ✓
  τ_size=1.308 (R²=0.109) ✗
  τ_dur=5.311 (R²=0.864) ✗
  κ内部=0.9960 ✓
  PSD=-1.495 (R²=0.462) ✓
  得分: 5/7
  ============================================================


[4-rules]

-> C.elegans | seed=42 | 4-rules
  [C.elegans|seed=42] 学习阶段（8000步）...
    学习 0/8000 σ=12.41 edges=2226 t=0s
    学习 4000/8000 σ=12.44 edges=1274 t=3s

  学习后网络状态: edges=951, 平均权重=0.9989, σ=13.81
  理论κ=1点：需要G ≈ 0.2937

  [C.elegans|seed=42] 临界点校准（真实BTW条件）...
    校准 iter=1: G=1.00050 → κ=3.4889
    校准 iter=2: G=0.50075 → κ=1.4444
    校准 iter=3: G=0.25087 → κ=0.6753
    校准 iter=4: G=0.37581 → κ=1.2000
    校准 iter=5: G=0.31334 → κ=0.9155
    ✅ 校准成功: G=0.31334, κ=0.9155
  校准结果: G=0.31334, κ=0.9155

  [C.elegans|seed=42] 记录阶段（20000步，G=0.3133）...
    记录 0/20000 wave=2 σ=13.81 t=5s
    记录 4000/20000 wave=3 σ=13.81 t=5s
    记录 8000/20000 wave=1 σ=13.81 t=5s
    记录 12000/20000 wave=1 σ=13.81 t=5s
    记录 16000/20000 wave=2 σ=13.81 t=6s

  激活统计:
    零值帧: 72.1% | 最大: 9 | 平均: 0.542
    尺寸分布: min=1 中位数=4 max=79
    size=1: 269 | size<=5: 752 | size<=20: 1190

============================================================
  结果 [C.elegans|seed=42|4-r] G=0.3133
  零值帧: 72.1% ✓
  雪崩数: 1320 | 均尺寸: 8.2 | 均时长: 4.2 ✓
  多步雪崩: 76.1% ✓
  τ_size=2.376 (R²=0.928) ✗
  τ_dur=2.968 (R²=0.936) ✗
  κ内部=0.9926 ✓
  PSD=-1.005 (R²=0.322) ✓
  得分: 5/7
  ============================================================


-> C.elegans | seed=7 | 4-rules
  [C.elegans|seed=7] 学习阶段（8000步）...
    学习 0/8000 σ=12.21 edges=2228 t=0s
    学习 4000/8000 σ=11.26 edges=1296 t=3s

  学习后网络状态: edges=969, 平均权重=0.9990, σ=10.97
  理论κ=1点：需要G ≈ 0.2882

  [C.elegans|seed=7] 临界点校准（真实BTW条件）...
    校准 iter=1: G=1.00050 → κ=3.8537
    校准 iter=2: G=0.50075 → κ=1.7429
    校准 iter=3: G=0.25087 → κ=0.7625
    校准 iter=4: G=0.37581 → κ=1.3125
    校准 iter=5: G=0.31334 → κ=1.3043
    校准 iter=6: G=0.28211 → κ=0.9459
    ✅ 校准成功: G=0.28211, κ=0.9459
  校准结果: G=0.28211, κ=0.9459

  [C.elegans|seed=7] 记录阶段（20000步，G=0.2821）...
    记录 0/20000 wave=0 σ=10.97 t=5s
    记录 4000/20000 wave=0 σ=10.97 t=5s
    记录 8000/20000 wave=0 σ=10.97 t=5s
    记录 12000/20000 wave=0 σ=10.97 t=5s
    记录 16000/20000 wave=0 σ=10.97 t=6s

  激活统计:
    零值帧: 76.8% | 最大: 10 | 平均: 0.411
    尺寸分布: min=1 中位数=4 max=81
    size=1: 288 | size<=5: 798 | size<=20: 1187

============================================================
  结果 [C.elegans|seed=7|4-r] G=0.2821
  零值帧: 76.8% ✓
  雪崩数: 1262 | 均尺寸: 6.5 | 均时长: 3.7 ✓
  多步雪崩: 70.8% ✓
  τ_size=2.242 (R²=0.957) ✗
  τ_dur=3.173 (R²=0.921) ✗
  κ内部=0.9672 ✓
  PSD=-0.946 (R²=0.301) ✓
  得分: 5/7
  ============================================================


-> C.elegans | seed=13 | 4-rules
  [C.elegans|seed=13] 学习阶段（8000步）...
    学习 0/8000 σ=11.95 edges=2226 t=0s
    学习 4000/8000 σ=11.85 edges=1294 t=3s

  学习后网络状态: edges=977, 平均权重=0.9989, σ=11.81
  理论κ=1点：需要G ≈ 0.2859

  [C.elegans|seed=13] 临界点校准（真实BTW条件）...
    校准 iter=1: G=1.00050 → κ=3.4808
    校准 iter=2: G=0.50075 → κ=2.0000
    校准 iter=3: G=0.25087 → κ=0.9625
    ✅ 校准成功: G=0.25087, κ=0.9625
  校准结果: G=0.25087, κ=0.9625

  [C.elegans|seed=13] 记录阶段（20000步，G=0.2509）...
    记录 0/20000 wave=0 σ=11.81 t=5s
    记录 4000/20000 wave=0 σ=11.81 t=5s
    记录 8000/20000 wave=1 σ=11.81 t=5s
    记录 12000/20000 wave=0 σ=11.81 t=5s
    记录 16000/20000 wave=0 σ=11.81 t=5s

  激活统计:
    零值帧: 82.4% | 最大: 7 | 平均: 0.280
    尺寸分布: min=1 中位数=3 max=40
    size=1: 344 | size<=5: 878 | size<=20: 1185

============================================================
  结果 [C.elegans|seed=13|4-r] G=0.2509
  零值帧: 82.4% ✓
  雪崩数: 1208 | 均尺寸: 4.6 | 均时长: 2.9 ✓
  多步雪崩: 66.6% ✓
  τ_size=2.661 (R²=0.965) ✗
  τ_dur=2.234 (R²=0.889) ✓
  κ内部=0.9822 ✓
  PSD=-0.718 (R²=0.204) ✓
  得分: 6/7
  ============================================================


-> Human_HCP | seed=42 | 4-rules
  [Human_HCP|seed=42] 学习阶段（8000步）...
    学习 0/8000 σ=13.72 edges=3992 t=0s
    学习 4000/8000 σ=13.70 edges=1946 t=4s

  学习后网络状态: edges=1329, 平均权重=0.9994, σ=11.34
  理论κ=1点：需要G ≈ 0.3012

  [Human_HCP|seed=42] 临界点校准（真实BTW条件）...
    校准 iter=1: G=1.00050 → κ=3.4000
    校准 iter=2: G=0.50075 → κ=1.8065
    校准 iter=3: G=0.25087 → κ=0.7403
    校准 iter=4: G=0.37581 → κ=1.3929
    校准 iter=5: G=0.31334 → κ=0.9589
    ✅ 校准成功: G=0.31334, κ=0.9589
  校准结果: G=0.31334, κ=0.9589

  [Human_HCP|seed=42] 记录阶段（20000步，G=0.3133）...
    记录 0/20000 wave=1 σ=11.34 t=8s
    记录 4000/20000 wave=2 σ=11.34 t=8s
    记录 8000/20000 wave=1 σ=11.34 t=8s
    记录 12000/20000 wave=1 σ=11.34 t=8s
    记录 16000/20000 wave=2 σ=11.34 t=8s

  激活统计:
    零值帧: 68.9% | 最大: 14 | 平均: 0.650
    尺寸分布: min=1 中位数=5 max=111
    size=1: 256 | size<=5: 678 | size<=20: 1062

============================================================
  结果 [Human_HCP|seed=42|4-r] G=0.3133
  零值帧: 68.9% ✓
  雪崩数: 1248 | 均尺寸: 10.4 | 均时长: 5.0 ✓
  多步雪崩: 76.0% ✓
  τ_size=2.299 (R²=0.933) ✗
  τ_dur=2.782 (R²=0.878) ✗
  κ内部=0.9880 ✓
  PSD=-1.144 (R²=0.386) ✓
  得分: 5/7
  ============================================================


-> Human_HCP | seed=7 | 4-rules
  [Human_HCP|seed=7] 学习阶段（8000步）...
    学习 0/8000 σ=13.78 edges=3996 t=0s
    学习 4000/8000 σ=12.89 edges=1922 t=4s

  学习后网络状态: edges=1300, 平均权重=0.9995, σ=7.67
  理论κ=1点：需要G ≈ 0.3078

  [Human_HCP|seed=7] 临界点校准（真实BTW条件）...
    校准 iter=1: G=1.00050 → κ=3.0612
    校准 iter=2: G=0.50075 → κ=1.7742
    校准 iter=3: G=0.25087 → κ=0.8734
    校准 iter=4: G=0.37581 → κ=1.3065
    校准 iter=5: G=0.31334 → κ=1.0714
    ✅ 校准成功: G=0.31334, κ=1.0714
  校准结果: G=0.31334, κ=1.0714

  [Human_HCP|seed=7] 记录阶段（20000步，G=0.3133）...
    记录 0/20000 wave=1 σ=7.67 t=8s
    记录 4000/20000 wave=0 σ=7.67 t=8s
    记录 8000/20000 wave=0 σ=7.67 t=8s
    记录 12000/20000 wave=3 σ=7.67 t=8s
    记录 16000/20000 wave=1 σ=7.67 t=8s

  激活统计:
    零值帧: 72.0% | 最大: 13 | 平均: 0.558
    尺寸分布: min=1 中位数=4 max=98
    size=1: 259 | size<=5: 728 | size<=20: 1105

============================================================
  结果 [Human_HCP|seed=7|4-r] G=0.3133
  零值帧: 72.0% ✓
  雪崩数: 1250 | 均尺寸: 8.9 | 均时长: 4.5 ✓
  多步雪崩: 75.4% ✓
  τ_size=2.328 (R²=0.908) ✗
  τ_dur=2.791 (R²=0.891) ✗
  κ内部=0.9819 ✓
  PSD=-1.090 (R²=0.365) ✓
  得分: 5/7
  ============================================================


-> Human_HCP | seed=13 | 4-rules
  [Human_HCP|seed=13] 学习阶段（8000步）...
    学习 0/8000 σ=12.84 edges=3994 t=0s
    学习 4000/8000 σ=10.13 edges=1920 t=4s

  学习后网络状态: edges=1293, 平均权重=0.9995, σ=10.49
  理论κ=1点：需要G ≈ 0.3095

  [Human_HCP|seed=13] 临界点校准（真实BTW条件）...
    校准 iter=1: G=1.00050 → κ=3.2917
    校准 iter=2: G=0.50075 → κ=1.6765
    校准 iter=3: G=0.25087 → κ=0.8228
    校准 iter=4: G=0.37581 → κ=1.2281
    校准 iter=5: G=0.31334 → κ=1.1594
    校准 iter=6: G=0.28211 → κ=0.8630
    校准 iter=7: G=0.29773 → κ=0.7662
    校准 iter=8: G=0.30554 → κ=0.9452
    ✅ 校准成功: G=0.30554, κ=0.9452
  校准结果: G=0.30554, κ=0.9452

  [Human_HCP|seed=13] 记录阶段（20000步，G=0.3055）...
    记录 0/20000 wave=1 σ=10.49 t=8s
    记录 4000/20000 wave=0 σ=10.49 t=8s
    记录 8000/20000 wave=4 σ=10.49 t=8s
    记录 12000/20000 wave=1 σ=10.49 t=8s
    记录 16000/20000 wave=0 σ=10.49 t=8s

  激活统计:
    零值帧: 73.2% | 最大: 12 | 平均: 0.529
    尺寸分布: min=1 中位数=4 max=88
    size=1: 268 | size<=5: 721 | size<=20: 1094

============================================================
  结果 [Human_HCP|seed=13|4-r] G=0.3055
  零值帧: 73.2% ✓
  雪崩数: 1233 | 均尺寸: 8.6 | 均时长: 4.3 ✓
  多步雪崩: 74.0% ✓
  τ_size=2.363 (R²=0.907) ✗
  τ_dur=3.113 (R²=0.915) ✗
  κ内部=0.9966 ✓
  PSD=-1.084 (R²=0.358) ✓
  得分: 5/7
  ============================================================


-> WS_Control | seed=42 | 4-rules
  [WS_Control|seed=42] 学习阶段（8000步）...
    学习 0/8000 σ=10.81 edges=2222 t=0s
    学习 4000/8000 σ=9.54 edges=1268 t=2s

  学习后网络状态: edges=937, 平均权重=0.9991, σ=7.86
  理论κ=1点：需要G ≈ 0.2980

  [WS_Control|seed=42] 临界点校准（真实BTW条件）...
    校准 iter=1: G=1.00050 → κ=3.4211
    校准 iter=2: G=0.50075 → κ=1.9714
    校准 iter=3: G=0.25087 → κ=0.7051
    校准 iter=4: G=0.37581 → κ=1.4902
    校准 iter=5: G=0.31334 → κ=1.0704
    ✅ 校准成功: G=0.31334, κ=1.0704
  校准结果: G=0.31334, κ=1.0704

  [WS_Control|seed=42] 记录阶段（20000步，G=0.3133）...
    记录 0/20000 wave=1 σ=7.86 t=5s
    记录 4000/20000 wave=1 σ=7.86 t=5s
    记录 8000/20000 wave=1 σ=7.86 t=5s
    记录 12000/20000 wave=1 σ=7.86 t=5s
    记录 16000/20000 wave=1 σ=7.86 t=6s

  激活统计:
    零值帧: 70.4% | 最大: 19 | 平均: 0.613
    尺寸分布: min=1 中位数=4 max=108
    size=1: 274 | size<=5: 730 | size<=20: 1114

============================================================
  结果 [WS_Control|seed=42|4-r] G=0.3133
  零值帧: 70.4% ✓
  雪崩数: 1294 | 均尺寸: 9.5 | 均时长: 4.6 ✓
  多步雪崩: 75.1% ✓
  τ_size=2.037 (R²=0.929) ✓
  τ_dur=2.974 (R²=0.922) ✗
  κ内部=0.9905 ✓
  PSD=-1.079 (R²=0.363) ✓
  得分: 6/7
  ============================================================


-> WS_Control | seed=7 | 4-rules
  [WS_Control|seed=7] 学习阶段（8000步）...
    学习 0/8000 σ=10.88 edges=2222 t=0s
    学习 4000/8000 σ=9.39 edges=1246 t=2s

  学习后网络状态: edges=936, 平均权重=0.9989, σ=7.99
  理论κ=1点：需要G ≈ 0.2984

  [WS_Control|seed=7] 临界点校准（真实BTW条件）...
    校准 iter=1: G=1.00050 → κ=3.4615
    校准 iter=2: G=0.50075 → κ=1.5000
    校准 iter=3: G=0.25087 → κ=0.9125
    ✅ 校准成功: G=0.25087, κ=0.9125
  校准结果: G=0.25087, κ=0.9125

  [WS_Control|seed=7] 记录阶段（20000步，G=0.2509）...
    记录 0/20000 wave=1 σ=7.99 t=5s
    记录 4000/20000 wave=2 σ=7.99 t=5s
    记录 8000/20000 wave=1 σ=7.99 t=5s
    记录 12000/20000 wave=0 σ=7.99 t=5s
    记录 16000/20000 wave=0 σ=7.99 t=5s

  激活统计:
    零值帧: 80.9% | 最大: 8 | 平均: 0.307
    尺寸分布: min=1 中位数=3 max=35
    size=1: 325 | size<=5: 870 | size<=20: 1200

============================================================
  结果 [WS_Control|seed=7|4-r] G=0.2509
  零值帧: 80.9% ✓
  雪崩数: 1232 | 均尺寸: 5.0 | 均时长: 3.1 ✓
  多步雪崩: 68.4% ✓
  τ_size=2.699 (R²=0.898) ✗
  τ_dur=3.780 (R²=0.934) ✗
  κ内部=0.9768 ✓
  PSD=-0.809 (R²=0.242) ✓
  得分: 5/7
  ============================================================


-> WS_Control | seed=13 | 4-rules
  [WS_Control|seed=13] 学习阶段（8000步）...
    学习 0/8000 σ=10.84 edges=2228 t=0s
    学习 4000/8000 σ=7.35 edges=1282 t=3s

  学习后网络状态: edges=961, 平均权重=0.9990, σ=8.39
  理论κ=1点：需要G ≈ 0.2906

  [WS_Control|seed=13] 临界点校准（真实BTW条件）...
    校准 iter=1: G=1.00050 → κ=3.3958
    校准 iter=2: G=0.50075 → κ=1.6154
    校准 iter=3: G=0.25087 → κ=0.8312
    校准 iter=4: G=0.37581 → κ=1.1905
    校准 iter=5: G=0.31334 → κ=1.1268
    校准 iter=6: G=0.28211 → κ=0.9459
    ✅ 校准成功: G=0.28211, κ=0.9459
  校准结果: G=0.28211, κ=0.9459

  [WS_Control|seed=13] 记录阶段（20000步，G=0.2821）...
    记录 0/20000 wave=0 σ=8.39 t=5s
    记录 4000/20000 wave=1 σ=8.39 t=5s
    记录 8000/20000 wave=1 σ=8.39 t=5s
    记录 12000/20000 wave=1 σ=8.39 t=5s
    记录 16000/20000 wave=1 σ=8.39 t=6s

  激活统计:
    零值帧: 76.3% | 最大: 10 | 平均: 0.424
    尺寸分布: min=1 中位数=4 max=75
    size=1: 285 | size<=5: 809 | size<=20: 1178

============================================================
  结果 [WS_Control|seed=13|4-r] G=0.2821
  零值帧: 76.3% ✓
  雪崩数: 1267 | 均尺寸: 6.7 | 均时长: 3.7 ✓
  多步雪崩: 72.8% ✓
  τ_size=2.491 (R²=0.936) ✗
  τ_dur=3.129 (R²=0.931) ✗
  κ内部=0.9781 ✓
  PSD=-0.929 (R²=0.295) ✓
  得分: 5/7
  ============================================================


Results saved: /home/work/.openclaw/workspace/sdi_sim/exp5_v5_avalanche_results.json
Figure saved: /home/work/.openclaw/workspace/sdi_sim/exp5_v5_avalanche_results.png

======================================================================
Summary v5
======================================================================

Group                        G       kappa   tau_s   tau_d   multi%   PSD     Score
--------------------------------------------------------------------------------
C.elegans_3-rules            0.3264  0.973   1.92    2.65    70%  -1.11   6.0/7
C.elegans_4-rules            0.2821  0.981   2.43    2.79    71%  -0.89   5.3/7
Human_HCP_3-rules            0.1363  0.986   2.11    2.93    72%  -1.14   5.7/7
Human_HCP_4-rules            0.3107  0.989   2.33    2.90    75%  -1.11   5.0/7
WS_Control_3-rules           0.3029  1.002   1.65    3.18    76%  -1.31   6.3/7
WS_Control_4-rules           0.2821  0.982   2.41    3.29    72%  -0.94   5.3/7

Best: C.elegans | 3-rules | seed=7
  tau=1.690, kappa=0.994, score=7/7

Total: 124s (2.1min)
Experiment 5 v5 complete.
