======================================================================
SDI 实验五 v4：神经雪崩SOC动力学验证（最终修复版）
  设计：每步传播一层（非级联内循环）→ 多步雪崩展开
  校准：注入单个神经元追踪雪崩内分支比κ
  指标：τ_size≈1.5, τ_dur≈2.0, κ≈1.0, 1/f PSD
======================================================================

【3规则体系】

→ 运行: C.elegans | seed=42 | 3-rules
  [C.elegans|seed=42] 学习阶段（8000步）...
    学习 step=0/8000 σ=12.41 edges=2226 t=0s
    学习 step=2000/8000 σ=11.88 edges=2224 t=1s
    学习 step=4000/8000 σ=9.26 edges=1932 t=3s
    学习 step=6000/8000 σ=4.87 edges=1204 t=4s

  [C.elegans|seed=42] 临界点校准...
    校准 iter=1: G=10.00500 → κ=1.0523
    ✅ 校准成功: G=10.00500, κ=1.0523
  校准结果: G=10.00500, κ=1.0523

  [C.elegans|seed=42] 记录阶段（15000步，G=10.0050）...
    记录 step=0/15000 σ=1.89 wave=2 t=5s
    记录 step=2000/15000 σ=1.89 wave=2 t=6s
    记录 step=4000/15000 σ=1.89 wave=3 t=6s
    记录 step=6000/15000 σ=1.89 wave=1 t=6s
    记录 step=8000/15000 σ=1.89 wave=3 t=6s
    记录 step=10000/15000 σ=1.89 wave=8 t=7s
    记录 step=12000/15000 σ=1.89 wave=1 t=7s
    记录 step=14000/15000 σ=1.89 wave=3 t=7s

  激活统计:
    零值帧: 47.3% | 最大激活: 75 | 平均: 12.422

============================================================
  结果 [C.elegans|seed=42|3-r] G=10.0050
  零值帧: 47.3% ✓
  雪崩数: 880 | 平均尺寸: 211.7 | 平均时长: 9.0 ✓
  多步雪崩占比: 92.2% ✓
  τ_size=137.496 R²=0.533 ✗
  τ_dur=11.202 R²=0.913 ✗
  κ(内部)=0.9964 ✓
  PSD=-0.658 R²=0.116 ✓
  得分: 5/7
  ============================================================


→ 运行: C.elegans | seed=7 | 3-rules
  [C.elegans|seed=7] 学习阶段（8000步）...
    学习 step=0/8000 σ=12.21 edges=2228 t=0s
    学习 step=2000/8000 σ=12.10 edges=2224 t=1s
    学习 step=4000/8000 σ=9.54 edges=1920 t=3s
    学习 step=6000/8000 σ=5.20 edges=1221 t=4s

  [C.elegans|seed=7] 临界点校准...
    校准 iter=1: G=10.00500 → κ=0.9911
    ✅ 校准成功: G=10.00500, κ=0.9911
  校准结果: G=10.00500, κ=0.9911

  [C.elegans|seed=7] 记录阶段（15000步，G=10.0050）...
    记录 step=0/15000 σ=2.91 wave=7 t=5s
    记录 step=2000/15000 σ=2.91 wave=0 t=6s
    记录 step=4000/15000 σ=2.91 wave=6 t=6s
    记录 step=6000/15000 σ=2.91 wave=4 t=6s
    记录 step=8000/15000 σ=2.91 wave=2 t=6s
    记录 step=10000/15000 σ=2.91 wave=36 t=7s
    记录 step=12000/15000 σ=2.91 wave=14 t=7s
    记录 step=14000/15000 σ=2.91 wave=4 t=7s

  激活统计:
    零值帧: 44.6% | 最大激活: 71 | 平均: 11.814

============================================================
  结果 [C.elegans|seed=7|3-r] G=10.0050
  零值帧: 44.6% ✓
  雪崩数: 838 | 平均尺寸: 211.5 | 平均时长: 9.9 ✓
  多步雪崩占比: 95.9% ✓
  τ_size=134.295 R²=0.803 ✗
  τ_dur=6.840 R²=0.753 ✗
  κ(内部)=0.9845 ✓
  PSD=-0.758 R²=0.148 ✓
  得分: 5/7
  ============================================================


→ 运行: C.elegans | seed=13 | 3-rules
  [C.elegans|seed=13] 学习阶段（8000步）...
    学习 step=0/8000 σ=11.95 edges=2226 t=0s
    学习 step=2000/8000 σ=11.01 edges=2220 t=1s
    学习 step=4000/8000 σ=9.07 edges=1899 t=3s
    学习 step=6000/8000 σ=5.20 edges=1178 t=4s

  [C.elegans|seed=13] 临界点校准...
    校准 iter=1: G=10.00500 → κ=0.8828
    ✅ 校准成功: G=10.00500, κ=0.8828
  校准结果: G=10.00500, κ=0.8828

  [C.elegans|seed=13] 记录阶段（15000步，G=10.0050）...
    记录 step=0/15000 σ=1.97 wave=1 t=5s
    记录 step=2000/15000 σ=1.97 wave=5 t=6s
    记录 step=4000/15000 σ=1.97 wave=5 t=6s
    记录 step=6000/15000 σ=1.97 wave=27 t=6s
    记录 step=8000/15000 σ=1.97 wave=5 t=6s
    记录 step=10000/15000 σ=1.97 wave=2 t=7s
    记录 step=12000/15000 σ=1.97 wave=28 t=7s
    记录 step=14000/15000 σ=1.97 wave=6 t=7s

  激活统计:
    零值帧: 46.9% | 最大激活: 85 | 平均: 13.241

============================================================
  结果 [C.elegans|seed=13|3-r] G=10.0050
  零值帧: 46.9% ✓
  雪崩数: 855 | 平均尺寸: 232.3 | 平均时长: 9.3 ✓
  多步雪崩占比: 93.1% ✓
  τ_size=169.046 R²=0.470 ✗
  τ_dur=9.146 R²=0.715 ✗
  κ(内部)=1.0026 ✓
  PSD=-0.780 R²=0.161 ✓
  得分: 5/7
  ============================================================


→ 运行: Human_HCP | seed=42 | 3-rules
  [Human_HCP|seed=42] 学习阶段（8000步）...
    学习 step=0/8000 σ=13.72 edges=3992 t=0s
    学习 step=2000/8000 σ=13.07 edges=3989 t=2s
    学习 step=4000/8000 σ=10.15 edges=3762 t=4s
    学习 step=6000/8000 σ=6.99 edges=3159 t=6s

  [Human_HCP|seed=42] 临界点校准...
    校准 iter=1: G=10.00500 → κ=2.4773
    校准 iter=2: G=5.00750 → κ=2.3544
    校准 iter=3: G=2.50875 → κ=2.2891
    校准 iter=4: G=1.25937 → κ=2.3582
    校准 iter=5: G=0.63469 → κ=1.6771
    校准 iter=6: G=0.32234 → κ=0.8665
    ✅ 校准成功: G=0.32234, κ=0.8665
  校准结果: G=0.32234, κ=0.8665

  [Human_HCP|seed=42] 记录阶段（15000步，G=0.3223）...
    记录 step=0/15000 σ=3.57 wave=0 t=9s
    记录 step=2000/15000 σ=3.57 wave=36 t=9s
    记录 step=4000/15000 σ=3.57 wave=1 t=10s
    记录 step=6000/15000 σ=3.57 wave=7 t=10s
    记录 step=8000/15000 σ=3.57 wave=3 t=11s
    记录 step=10000/15000 σ=3.57 wave=3 t=11s
    记录 step=12000/15000 σ=3.57 wave=0 t=11s
    记录 step=14000/15000 σ=3.57 wave=0 t=12s

  激活统计:
    零值帧: 30.3% | 最大激活: 80 | 平均: 14.039

============================================================
  结果 [Human_HCP|seed=42|3-r] G=0.3223
  零值帧: 30.3% ✓
  雪崩数: 763 | 平均尺寸: 276.0 | 平均时长: 13.7 ✓
  多步雪崩占比: 92.5% ✓
  τ_size=37.130 R²=0.810 ✗
  τ_dur=6.194 R²=0.925 ✗
  κ(内部)=0.9933 ✓
  PSD=-1.374 R²=0.331 ✓
  得分: 5/7
  ============================================================


→ 运行: Human_HCP | seed=7 | 3-rules
  [Human_HCP|seed=7] 学习阶段（8000步）...
    学习 step=0/8000 σ=13.78 edges=3996 t=0s
    学习 step=2000/8000 σ=13.79 edges=3990 t=2s
    学习 step=4000/8000 σ=12.12 edges=3819 t=4s
    学习 step=6000/8000 σ=9.35 edges=3202 t=6s

  [Human_HCP|seed=7] 临界点校准...
    校准 iter=1: G=10.00500 → κ=2.5838
    校准 iter=2: G=5.00750 → κ=2.6050
    校准 iter=3: G=2.50875 → κ=2.5606
    校准 iter=4: G=1.25937 → κ=2.5271
    校准 iter=5: G=0.63469 → κ=1.6531
    校准 iter=6: G=0.32234 → κ=1.1047
    ✅ 校准成功: G=0.32234, κ=1.1047
  校准结果: G=0.32234, κ=1.1047

  [Human_HCP|seed=7] 记录阶段（15000步，G=0.3223）...
    记录 step=0/15000 σ=8.59 wave=3 t=9s
    记录 step=2000/15000 σ=8.59 wave=4 t=10s
    记录 step=4000/15000 σ=8.59 wave=0 t=10s
    记录 step=6000/15000 σ=8.59 wave=39 t=10s
    记录 step=8000/15000 σ=8.59 wave=3 t=11s
    记录 step=10000/15000 σ=8.59 wave=0 t=11s
    记录 step=12000/15000 σ=8.59 wave=34 t=12s
    记录 step=14000/15000 σ=8.59 wave=1 t=12s

  激活统计:
    零值帧: 28.8% | 最大激活: 84 | 平均: 14.782

============================================================
  结果 [Human_HCP|seed=7|3-r] G=0.3223
  零值帧: 28.8% ✗
  雪崩数: 741 | 平均尺寸: 299.2 | 平均时长: 14.4 ✓
  多步雪崩占比: 95.0% ✓
  τ_size=44.468 R²=0.768 ✗
  τ_dur=6.363 R²=0.917 ✗
  κ(内部)=0.9967 ✓
  PSD=-1.331 R²=0.306 ✓
  得分: 4/7
  ============================================================


→ 运行: Human_HCP | seed=13 | 3-rules
  [Human_HCP|seed=13] 学习阶段（8000步）...
    学习 step=0/8000 σ=12.78 edges=3994 t=0s
    学习 step=2000/8000 σ=11.20 edges=3986 t=2s
    学习 step=4000/8000 σ=9.41 edges=3773 t=4s
    学习 step=6000/8000 σ=7.32 edges=3177 t=6s

  [Human_HCP|seed=13] 临界点校准...
    校准 iter=1: G=10.00500 → κ=2.2139
    校准 iter=2: G=5.00750 → κ=2.2970
    校准 iter=3: G=2.50875 → κ=2.3452
    校准 iter=4: G=1.25937 → κ=2.2710
    校准 iter=5: G=0.63469 → κ=1.6258
    校准 iter=6: G=0.32234 → κ=0.9846
    ✅ 校准成功: G=0.32234, κ=0.9846
  校准结果: G=0.32234, κ=0.9846

  [Human_HCP|seed=13] 记录阶段（15000步，G=0.3223）...
    记录 step=0/15000 σ=5.85 wave=1 t=9s
    记录 step=2000/15000 σ=5.85 wave=1 t=10s
    记录 step=4000/15000 σ=5.85 wave=2 t=10s
    记录 step=6000/15000 σ=5.85 wave=2 t=10s
    记录 step=8000/15000 σ=5.85 wave=39 t=11s
    记录 step=10000/15000 σ=5.85 wave=38 t=11s
    记录 step=12000/15000 σ=5.85 wave=3 t=12s
    记录 step=14000/15000 σ=5.85 wave=0 t=12s

  激活统计:
    零值帧: 27.2% | 最大激活: 85 | 平均: 15.413

============================================================
  结果 [Human_HCP|seed=13|3-r] G=0.3223
  零值帧: 27.2% ✗
  雪崩数: 763 | 平均尺寸: 303.0 | 平均时长: 14.3 ✓
  多步雪崩占比: 97.5% ✓
  τ_size=47.920 R²=0.839 ✗
  τ_dur=6.865 R²=0.904 ✗
  κ(内部)=0.9963 ✓
  PSD=-1.239 R²=0.275 ✓
  得分: 4/7
  ============================================================


→ 运行: WS_Control | seed=42 | 3-rules
  [WS_Control|seed=42] 学习阶段（8000步）...
    学习 step=0/8000 σ=10.81 edges=2222 t=0s
    学习 step=2000/8000 σ=8.97 edges=2216 t=1s
    学习 step=4000/8000 σ=6.90 edges=1973 t=3s
    学习 step=6000/8000 σ=3.20 edges=1407 t=4s

  [WS_Control|seed=42] 临界点校准...
    校准 iter=1: G=10.00500 → κ=1.3308
    校准 iter=2: G=5.00750 → κ=1.4300
    校准 iter=3: G=2.50875 → κ=1.4132
    校准 iter=4: G=1.25937 → κ=1.3771
    校准 iter=5: G=0.63469 → κ=0.9493
    ✅ 校准成功: G=0.63469, κ=0.9493
  校准结果: G=0.63469, κ=0.9493

  [WS_Control|seed=42] 记录阶段（15000步，G=0.6347）...
    记录 step=0/15000 σ=0.99 wave=5 t=6s
    记录 step=2000/15000 σ=0.99 wave=29 t=6s
    记录 step=4000/15000 σ=0.99 wave=3 t=6s
    记录 step=6000/15000 σ=0.99 wave=3 t=7s
    记录 step=8000/15000 σ=0.99 wave=3 t=7s
    记录 step=10000/15000 σ=0.99 wave=4 t=7s
    记录 step=12000/15000 σ=0.99 wave=19 t=7s
    记录 step=14000/15000 σ=0.99 wave=24 t=8s

  激活统计:
    零值帧: 37.6% | 最大激活: 71 | 平均: 11.652

============================================================
  结果 [WS_Control|seed=42|3-r] G=0.6347
  零值帧: 37.6% ✓
  雪崩数: 837 | 平均尺寸: 208.8 | 平均时长: 11.2 ✓
  多步雪崩占比: 93.4% ✓
  τ_size=46.820 R²=0.835 ✗
  τ_dur=6.043 R²=0.894 ✗
  κ(内部)=0.9959 ✓
  PSD=-0.999 R²=0.224 ✓
  得分: 5/7
  ============================================================


→ 运行: WS_Control | seed=7 | 3-rules
  [WS_Control|seed=7] 学习阶段（8000步）...
    学习 step=0/8000 σ=10.88 edges=2222 t=0s
    学习 step=2000/8000 σ=9.04 edges=2213 t=1s
    学习 step=4000/8000 σ=6.72 edges=1930 t=3s
    学习 step=6000/8000 σ=4.11 edges=1356 t=4s

  [WS_Control|seed=7] 临界点校准...
    校准 iter=1: G=10.00500 → κ=1.1172
    ✅ 校准成功: G=10.00500, κ=1.1172
  校准结果: G=10.00500, κ=1.1172

  [WS_Control|seed=7] 记录阶段（15000步，G=10.0050）...
    记录 step=0/15000 σ=3.71 wave=9 t=5s
    记录 step=2000/15000 σ=3.71 wave=3 t=6s
    记录 step=4000/15000 σ=3.71 wave=2 t=6s
    记录 step=6000/15000 σ=3.71 wave=1 t=6s
    记录 step=8000/15000 σ=3.71 wave=5 t=7s
    记录 step=10000/15000 σ=3.71 wave=1 t=7s
    记录 step=12000/15000 σ=3.71 wave=0 t=7s
    记录 step=14000/15000 σ=3.71 wave=0 t=8s

  激活统计:
    零值帧: 50.3% | 最大激活: 104 | 平均: 15.984

============================================================
  结果 [WS_Control|seed=7|3-r] G=10.0050
  零值帧: 50.3% ✓
  雪崩数: 968 | 平均尺寸: 247.7 | 平均时长: 7.7 ✓
  多步雪崩占比: 94.8% ✓
  τ_size=321.323 R²=0.814 ✗
  τ_dur=7.662 R²=0.616 ✗
  κ(内部)=1.0015 ✓
  PSD=-0.427 R²=0.067 ✓
  得分: 5/7
  ============================================================


→ 运行: WS_Control | seed=13 | 3-rules
  [WS_Control|seed=13] 学习阶段（8000步）...
    学习 step=0/8000 σ=10.84 edges=2228 t=0s
    学习 step=2000/8000 σ=8.50 edges=2223 t=1s
    学习 step=4000/8000 σ=6.91 edges=1963 t=3s
    学习 step=6000/8000 σ=4.53 edges=1340 t=4s

  [WS_Control|seed=13] 临界点校准...
    校准 iter=1: G=10.00500 → κ=1.3073
    校准 iter=2: G=5.00750 → κ=1.2795
    校准 iter=3: G=2.50875 → κ=1.2418
    校准 iter=4: G=1.25937 → κ=1.2954
    校准 iter=5: G=0.63469 → κ=0.8662
    ✅ 校准成功: G=0.63469, κ=0.8662
  校准结果: G=0.63469, κ=0.8662

  [WS_Control|seed=13] 记录阶段（15000步，G=0.6347）...
    记录 step=0/15000 σ=3.95 wave=2 t=6s
    记录 step=2000/15000 σ=3.95 wave=4 t=6s
    记录 step=4000/15000 σ=3.95 wave=3 t=6s
    记录 step=6000/15000 σ=3.95 wave=38 t=6s
    记录 step=8000/15000 σ=3.95 wave=0 t=7s
    记录 step=10000/15000 σ=3.95 wave=6 t=7s
    记录 step=12000/15000 σ=3.95 wave=2 t=7s
    记录 step=14000/15000 σ=3.95 wave=22 t=7s

  激活统计:
    零值帧: 38.4% | 最大激活: 61 | 平均: 9.697

============================================================
  结果 [WS_Control|seed=13|3-r] G=0.6347
  零值帧: 38.4% ✓
  雪崩数: 776 | 平均尺寸: 187.4 | 平均时长: 11.9 ✓
  多步雪崩占比: 93.4% ✓
  τ_size=43.655 R²=0.780 ✗
  τ_dur=6.054 R²=0.859 ✗
  κ(内部)=0.9944 ✓
  PSD=-1.245 R²=0.318 ✓
  得分: 5/7
  ============================================================


【4规则体系】

→ 运行: C.elegans | seed=42 | 4-rules
  [C.elegans|seed=42] 学习阶段（8000步）...
    学习 step=0/8000 σ=12.41 edges=2226 t=0s
    学习 step=2000/8000 σ=11.10 edges=1680 t=1s
    学习 step=4000/8000 σ=11.11 edges=1352 t=3s
    学习 step=6000/8000 σ=12.97 edges=1139 t=4s

  [C.elegans|seed=42] 临界点校准...
    校准 iter=1: G=10.00500 → κ=1.4151
    校准 iter=2: G=5.00750 → κ=1.4186
    校准 iter=3: G=2.50875 → κ=1.4068
    校准 iter=4: G=1.25937 → κ=1.4031
    校准 iter=5: G=0.63469 → κ=1.1398
    ✅ 校准成功: G=0.63469, κ=1.1398
  校准结果: G=0.63469, κ=1.1398

  [C.elegans|seed=42] 记录阶段（15000步，G=0.6347）...
    记录 step=0/15000 σ=12.08 wave=2 t=6s
    记录 step=2000/15000 σ=12.08 wave=4 t=6s
    记录 step=4000/15000 σ=12.08 wave=34 t=6s
    记录 step=6000/15000 σ=12.08 wave=36 t=7s
    记录 step=8000/15000 σ=12.08 wave=55 t=7s
    记录 step=10000/15000 σ=12.08 wave=2 t=7s
    记录 step=12000/15000 σ=12.08 wave=3 t=8s
    记录 step=14000/15000 σ=12.08 wave=2 t=8s

  激活统计:
    零值帧: 21.8% | 最大激活: 63 | 平均: 12.302

============================================================
  结果 [C.elegans|seed=42|4-r] G=0.6347
  零值帧: 21.8% ✗
  雪崩数: 775 | 平均尺寸: 238.1 | 平均时长: 15.1 ✓
  多步雪崩占比: 99.2% ✓
  τ_size=69.150 R²=0.815 ✗
  τ_dur=6.442 R²=0.858 ✗
  κ(内部)=0.9986 ✓
  PSD=-1.113 R²=0.249 ✓
  得分: 4/7
  ============================================================


→ 运行: C.elegans | seed=7 | 4-rules
  [C.elegans|seed=7] 学习阶段（8000步）...
    学习 step=0/8000 σ=12.21 edges=2228 t=0s
    学习 step=2000/8000 σ=12.08 edges=1698 t=1s
    学习 step=4000/8000 σ=11.97 edges=1351 t=3s
    学习 step=6000/8000 σ=10.08 edges=1130 t=4s

  [C.elegans|seed=7] 临界点校准...
    校准 iter=1: G=10.00500 → κ=1.4578
    校准 iter=2: G=5.00750 → κ=1.4387
    校准 iter=3: G=2.50875 → κ=1.4166
    校准 iter=4: G=1.25937 → κ=1.4360
    校准 iter=5: G=0.63469 → κ=1.1283
    ✅ 校准成功: G=0.63469, κ=1.1283
  校准结果: G=0.63469, κ=1.1283

  [C.elegans|seed=7] 记录阶段（15000步，G=0.6347）...
    记录 step=0/15000 σ=9.20 wave=3 t=6s
    记录 step=2000/15000 σ=9.20 wave=5 t=6s
    记录 step=4000/15000 σ=9.20 wave=20 t=7s
    记录 step=6000/15000 σ=9.20 wave=38 t=7s
    记录 step=8000/15000 σ=9.20 wave=2 t=7s
    记录 step=10000/15000 σ=9.20 wave=3 t=7s
    记录 step=12000/15000 σ=9.20 wave=2 t=8s
    记录 step=14000/15000 σ=9.20 wave=3 t=8s

  激活统计:
    零值帧: 22.2% | 最大激活: 57 | 平均: 11.088

============================================================
  结果 [C.elegans|seed=7|4-r] G=0.6347
  零值帧: 22.2% ✗
  雪崩数: 723 | 平均尺寸: 230.0 | 平均时长: 16.1 ✓
  多步雪崩占比: 98.9% ✓
  τ_size=59.828 R²=0.917 ✗
  τ_dur=6.469 R²=0.937 ✗
  κ(内部)=0.9993 ✓
  PSD=-1.236 R²=0.293 ✓
  得分: 4/7
  ============================================================


→ 运行: C.elegans | seed=13 | 4-rules
  [C.elegans|seed=13] 学习阶段（8000步）...
    学习 step=0/8000 σ=11.95 edges=2226 t=0s
    学习 step=2000/8000 σ=11.53 edges=1645 t=1s
    学习 step=4000/8000 σ=11.02 edges=1306 t=3s
    学习 step=6000/8000 σ=11.40 edges=1111 t=4s

  [C.elegans|seed=13] 临界点校准...
    校准 iter=1: G=10.00500 → κ=1.3909
    校准 iter=2: G=5.00750 → κ=1.3599
    校准 iter=3: G=2.50875 → κ=1.3651
    校准 iter=4: G=1.25937 → κ=1.3534
    校准 iter=5: G=0.63469 → κ=1.1089
    ✅ 校准成功: G=0.63469, κ=1.1089
  校准结果: G=0.63469, κ=1.1089

  [C.elegans|seed=13] 记录阶段（15000步，G=0.6347）...
    记录 step=0/15000 σ=11.74 wave=0 t=6s
    记录 step=2000/15000 σ=11.74 wave=3 t=6s
    记录 step=4000/15000 σ=11.74 wave=3 t=6s
    记录 step=6000/15000 σ=11.74 wave=29 t=7s
    记录 step=8000/15000 σ=11.74 wave=3 t=7s
    记录 step=10000/15000 σ=11.74 wave=32 t=7s
    记录 step=12000/15000 σ=11.74 wave=2 t=7s
    记录 step=14000/15000 σ=11.74 wave=31 t=8s

  激活统计:
    零值帧: 23.1% | 最大激活: 55 | 平均: 10.465

============================================================
  结果 [C.elegans|seed=13|4-r] G=0.6347
  零值帧: 23.1% ✗
  雪崩数: 699 | 平均尺寸: 224.6 | 平均时长: 16.5 ✓
  多步雪崩占比: 98.6% ✓
  τ_size=38.766 R²=0.800 ✗
  τ_dur=7.182 R²=0.926 ✗
  κ(内部)=0.9953 ✓
  PSD=-1.229 R²=0.287 ✓
  得分: 4/7
  ============================================================


→ 运行: Human_HCP | seed=42 | 4-rules
  [Human_HCP|seed=42] 学习阶段（8000步）...
    学习 step=0/8000 σ=13.72 edges=3992 t=0s
    学习 step=2000/8000 σ=13.86 edges=2718 t=2s
    学习 step=4000/8000 σ=15.22 edges=1968 t=4s
    学习 step=6000/8000 σ=17.23 edges=1460 t=6s

  [Human_HCP|seed=42] 临界点校准...
    校准 iter=1: G=10.00500 → κ=1.3844
    校准 iter=2: G=5.00750 → κ=1.3737
    校准 iter=3: G=2.50875 → κ=1.3971
    校准 iter=4: G=1.25937 → κ=1.3681
    校准 iter=5: G=0.63469 → κ=1.0123
    ✅ 校准成功: G=0.63469, κ=1.0123
  校准结果: G=0.63469, κ=1.0123

  [Human_HCP|seed=42] 记录阶段（15000步，G=0.6347）...
    记录 step=0/15000 σ=14.51 wave=1 t=9s
    记录 step=2000/15000 σ=14.51 wave=1 t=9s
    记录 step=4000/15000 σ=14.51 wave=2 t=9s
    记录 step=6000/15000 σ=14.51 wave=37 t=10s
    记录 step=8000/15000 σ=14.51 wave=2 t=10s
    记录 step=10000/15000 σ=14.51 wave=28 t=10s
    记录 step=12000/15000 σ=14.51 wave=0 t=11s
    记录 step=14000/15000 σ=14.51 wave=4 t=11s

  激活统计:
    零值帧: 23.2% | 最大激活: 72 | 平均: 13.923

============================================================
  结果 [Human_HCP|seed=42|4-r] G=0.6347
  零值帧: 23.2% ✗
  雪崩数: 674 | 平均尺寸: 309.8 | 平均时长: 17.1 ✓
  多步雪崩占比: 98.5% ✓
  τ_size=55.802 R²=0.779 ✗
  τ_dur=7.803 R²=0.929 ✗
  κ(内部)=0.9995 ✓
  PSD=-1.351 R²=0.294 ✓
  得分: 4/7
  ============================================================


→ 运行: Human_HCP | seed=7 | 4-rules
  [Human_HCP|seed=7] 学习阶段（8000步）...
    学习 step=0/8000 σ=13.78 edges=3996 t=0s
    学习 step=2000/8000 σ=14.09 edges=2680 t=2s
    学习 step=4000/8000 σ=11.57 edges=1913 t=4s
    学习 step=6000/8000 σ=11.38 edges=1475 t=6s

  [Human_HCP|seed=7] 临界点校准...
    校准 iter=1: G=10.00500 → κ=1.3670
    校准 iter=2: G=5.00750 → κ=1.3639
    校准 iter=3: G=2.50875 → κ=1.3579
    校准 iter=4: G=1.25937 → κ=1.3657
    校准 iter=5: G=0.63469 → κ=1.0966
    ✅ 校准成功: G=0.63469, κ=1.0966
  校准结果: G=0.63469, κ=1.0966

  [Human_HCP|seed=7] 记录阶段（15000步，G=0.6347）...
    记录 step=0/15000 σ=13.03 wave=3 t=9s
    记录 step=2000/15000 σ=13.03 wave=62 t=9s
    记录 step=4000/15000 σ=13.03 wave=47 t=9s
    记录 step=6000/15000 σ=13.03 wave=22 t=10s
    记录 step=8000/15000 σ=13.03 wave=45 t=10s
    记录 step=10000/15000 σ=13.03 wave=10 t=10s
    记录 step=12000/15000 σ=13.03 wave=4 t=11s
    记录 step=14000/15000 σ=13.03 wave=2 t=11s

  激活统计:
    零值帧: 22.7% | 最大激活: 74 | 平均: 14.239

============================================================
  结果 [Human_HCP|seed=7|4-r] G=0.6347
  零值帧: 22.7% ✗
  雪崩数: 684 | 平均尺寸: 312.3 | 平均时长: 17.0 ✓
  多步雪崩占比: 98.0% ✓
  τ_size=46.038 R²=0.860 ✗
  τ_dur=6.704 R²=0.936 ✗
  κ(内部)=0.9989 ✓
  PSD=-1.337 R²=0.297 ✓
  得分: 4/7
  ============================================================


→ 运行: Human_HCP | seed=13 | 4-rules
  [Human_HCP|seed=13] 学习阶段（8000步）...
    学习 step=0/8000 σ=12.78 edges=3994 t=0s
    学习 step=2000/8000 σ=11.42 edges=2685 t=2s
    学习 step=4000/8000 σ=12.07 edges=1917 t=4s
    学习 step=6000/8000 σ=12.60 edges=1464 t=6s

  [Human_HCP|seed=13] 临界点校准...
    校准 iter=1: G=10.00500 → κ=1.4113
    校准 iter=2: G=5.00750 → κ=1.4035
    校准 iter=3: G=2.50875 → κ=1.4001
    校准 iter=4: G=1.25937 → κ=1.4218
    校准 iter=5: G=0.63469 → κ=1.1117
    ✅ 校准成功: G=0.63469, κ=1.1117
  校准结果: G=0.63469, κ=1.1117

  [Human_HCP|seed=13] 记录阶段（15000步，G=0.6347）...
    记录 step=0/15000 σ=6.38 wave=3 t=9s
    记录 step=2000/15000 σ=6.38 wave=0 t=9s
    记录 step=4000/15000 σ=6.38 wave=2 t=9s
    记录 step=6000/15000 σ=6.38 wave=43 t=10s
    记录 step=8000/15000 σ=6.38 wave=44 t=10s
    记录 step=10000/15000 σ=6.38 wave=2 t=10s
    记录 step=12000/15000 σ=6.38 wave=32 t=11s
    记录 step=14000/15000 σ=6.38 wave=36 t=11s

  激活统计:
    零值帧: 22.6% | 最大激活: 70 | 平均: 13.760

============================================================
  结果 [Human_HCP|seed=13|4-r] G=0.6347
  零值帧: 22.6% ✗
  雪崩数: 675 | 平均尺寸: 305.8 | 平均时长: 17.2 ✓
  多步雪崩占比: 98.5% ✓
  τ_size=50.328 R²=0.863 ✗
  τ_dur=6.295 R²=0.832 ✗
  κ(内部)=0.9959 ✓
  PSD=-1.319 R²=0.300 ✓
  得分: 4/7
  ============================================================


→ 运行: WS_Control | seed=42 | 4-rules
  [WS_Control|seed=42] 学习阶段（8000步）...
    学习 step=0/8000 σ=10.81 edges=2222 t=0s
    学习 step=2000/8000 σ=8.79 edges=1639 t=1s
    学习 step=4000/8000 σ=8.43 edges=1272 t=3s
    学习 step=6000/8000 σ=8.25 edges=1091 t=4s

  [WS_Control|seed=42] 临界点校准...
    校准 iter=1: G=10.00500 → κ=1.4186
    校准 iter=2: G=5.00750 → κ=1.4577
    校准 iter=3: G=2.50875 → κ=1.4234
    校准 iter=4: G=1.25937 → κ=1.4275
    校准 iter=5: G=0.63469 → κ=1.1261
    ✅ 校准成功: G=0.63469, κ=1.1261
  校准结果: G=0.63469, κ=1.1261

  [WS_Control|seed=42] 记录阶段（15000步，G=0.6347）...
    记录 step=0/15000 σ=8.55 wave=2 t=6s
    记录 step=2000/15000 σ=8.55 wave=2 t=6s
    记录 step=4000/15000 σ=8.55 wave=1 t=7s
    记录 step=6000/15000 σ=8.55 wave=3 t=7s
    记录 step=8000/15000 σ=8.55 wave=3 t=7s
    记录 step=10000/15000 σ=8.55 wave=0 t=7s
    记录 step=12000/15000 σ=8.55 wave=3 t=8s
    记录 step=14000/15000 σ=8.55 wave=14 t=8s

  激活统计:
    零值帧: 23.6% | 最大激活: 59 | 平均: 11.608

============================================================
  结果 [WS_Control|seed=42|4-r] G=0.6347
  零值帧: 23.6% ✗
  雪崩数: 766 | 平均尺寸: 227.3 | 平均时长: 15.0 ✓
  多步雪崩占比: 98.3% ✓
  τ_size=33.006 R²=0.737 ✗
  τ_dur=8.078 R²=0.946 ✗
  κ(内部)=0.9977 ✓
  PSD=-1.200 R²=0.268 ✓
  得分: 4/7
  ============================================================


→ 运行: WS_Control | seed=7 | 4-rules
  [WS_Control|seed=7] 学习阶段（8000步）...
    学习 step=0/8000 σ=10.88 edges=2222 t=0s
    学习 step=2000/8000 σ=9.07 edges=1654 t=1s
    学习 step=4000/8000 σ=7.89 edges=1286 t=3s
    学习 step=6000/8000 σ=7.26 edges=1076 t=4s

  [WS_Control|seed=7] 临界点校准...
    校准 iter=1: G=10.00500 → κ=1.3950
    校准 iter=2: G=5.00750 → κ=1.3846
    校准 iter=3: G=2.50875 → κ=1.3760
    校准 iter=4: G=1.25937 → κ=1.3973
    校准 iter=5: G=0.63469 → κ=1.1244
    ✅ 校准成功: G=0.63469, κ=1.1244
  校准结果: G=0.63469, κ=1.1244

  [WS_Control|seed=7] 记录阶段（15000步，G=0.6347）...
    记录 step=0/15000 σ=6.44 wave=2 t=6s
    记录 step=2000/15000 σ=6.44 wave=22 t=6s
    记录 step=4000/15000 σ=6.44 wave=19 t=6s
    记录 step=6000/15000 σ=6.44 wave=27 t=7s
    记录 step=8000/15000 σ=6.44 wave=22 t=7s
    记录 step=10000/15000 σ=6.44 wave=0 t=7s
    记录 step=12000/15000 σ=6.44 wave=1 t=7s
    记录 step=14000/15000 σ=6.44 wave=2 t=8s

  激活统计:
    零值帧: 23.1% | 最大激活: 55 | 平均: 10.501

============================================================
  结果 [WS_Control|seed=7|4-r] G=0.6347
  零值帧: 23.1% ✗
  雪崩数: 696 | 平均尺寸: 226.3 | 平均时长: 16.6 ✓
  多步雪崩占比: 99.4% ✓
  τ_size=38.017 R²=0.804 ✗
  τ_dur=7.377 R²=0.916 ✗
  κ(内部)=0.9979 ✓
  PSD=-1.243 R²=0.277 ✓
  得分: 4/7
  ============================================================


→ 运行: WS_Control | seed=13 | 4-rules
  [WS_Control|seed=13] 学习阶段（8000步）...
    学习 step=0/8000 σ=10.84 edges=2228 t=0s
    学习 step=2000/8000 σ=9.91 edges=1596 t=1s
    学习 step=4000/8000 σ=8.73 edges=1295 t=3s
    学习 step=6000/8000 σ=7.65 edges=1099 t=4s

  [WS_Control|seed=13] 临界点校准...
    校准 iter=1: G=10.00500 → κ=1.4699
    校准 iter=2: G=5.00750 → κ=1.4963
    校准 iter=3: G=2.50875 → κ=1.4986
    校准 iter=4: G=1.25937 → κ=1.5157
    校准 iter=5: G=0.63469 → κ=1.1094
    ✅ 校准成功: G=0.63469, κ=1.1094
  校准结果: G=0.63469, κ=1.1094

  [WS_Control|seed=13] 记录阶段（15000步，G=0.6347）...
    记录 step=0/15000 σ=7.97 wave=1 t=6s
    记录 step=2000/15000 σ=7.97 wave=2 t=6s
    记录 step=4000/15000 σ=7.97 wave=3 t=6s
    记录 step=6000/15000 σ=7.97 wave=1 t=7s
    记录 step=8000/15000 σ=7.97 wave=32 t=7s
    记录 step=10000/15000 σ=7.97 wave=1 t=7s
    记录 step=12000/15000 σ=7.97 wave=11 t=8s
    记录 step=14000/15000 σ=7.97 wave=26 t=8s

  激活统计:
    零值帧: 22.4% | 最大激活: 60 | 平均: 12.239

============================================================
  结果 [WS_Control|seed=13|4-r] G=0.6347
  零值帧: 22.4% ✗
  雪崩数: 810 | 平均尺寸: 226.7 | 平均时长: 14.4 ✓
  多步雪崩占比: 99.0% ✓
  τ_size=60.632 R²=0.850 ✗
  τ_dur=7.712 R²=0.956 ✗
  κ(内部)=0.9965 ✓
  PSD=-1.043 R²=0.217 ✓
  得分: 4/7
  ============================================================

/home/work/.openclaw/workspace/sdi_sim/sdi_experiment5_v4.py:702: UserWarning: Glyph 24403 (\N{CJK UNIFIED IDEOGRAPH-5F53}) missing from font(s) DejaVu Sans.
  plt.savefig(f'{OUT}/exp5_v4_avalanche_results.png', dpi=150, bbox_inches='tight')
/home/work/.openclaw/workspace/sdi_sim/sdi_experiment5_v4.py:702: UserWarning: Glyph 21069 (\N{CJK UNIFIED IDEOGRAPH-524D}) missing from font(s) DejaVu Sans.
  plt.savefig(f'{OUT}/exp5_v4_avalanche_results.png', dpi=150, bbox_inches='tight')
/home/work/.openclaw/workspace/sdi_sim/sdi_experiment5_v4.py:702: UserWarning: Glyph 27874 (\N{CJK UNIFIED IDEOGRAPH-6CE2}) missing from font(s) DejaVu Sans.
  plt.savefig(f'{OUT}/exp5_v4_avalanche_results.png', dpi=150, bbox_inches='tight')
/home/work/.openclaw/workspace/sdi_sim/sdi_experiment5_v4.py:702: UserWarning: Glyph 22823 (\N{CJK UNIFIED IDEOGRAPH-5927}) missing from font(s) DejaVu Sans.
  plt.savefig(f'{OUT}/exp5_v4_avalanche_results.png', dpi=150, bbox_inches='tight')
/home/work/.openclaw/workspace/sdi_sim/sdi_experiment5_v4.py:702: UserWarning: Glyph 23567 (\N{CJK UNIFIED IDEOGRAPH-5C0F}) missing from font(s) DejaVu Sans.
  plt.savefig(f'{OUT}/exp5_v4_avalanche_results.png', dpi=150, bbox_inches='tight')
/home/work/.openclaw/workspace/sdi_sim/sdi_experiment5_v4.py:702: UserWarning: Glyph 24471 (\N{CJK UNIFIED IDEOGRAPH-5F97}) missing from font(s) DejaVu Sans.
  plt.savefig(f'{OUT}/exp5_v4_avalanche_results.png', dpi=150, bbox_inches='tight')
/home/work/.openclaw/workspace/sdi_sim/sdi_experiment5_v4.py:702: UserWarning: Glyph 20998 (\N{CJK UNIFIED IDEOGRAPH-5206}) missing from font(s) DejaVu Sans.
  plt.savefig(f'{OUT}/exp5_v4_avalanche_results.png', dpi=150, bbox_inches='tight')
/home/work/.openclaw/workspace/sdi_sim/sdi_experiment5_v4.py:702: UserWarning: Glyph 27493 (\N{CJK UNIFIED IDEOGRAPH-6B65}) missing from font(s) DejaVu Sans.
  plt.savefig(f'{OUT}/exp5_v4_avalanche_results.png', dpi=150, bbox_inches='tight')
/home/work/.openclaw/workspace/sdi_sim/sdi_experiment5_v4.py:702: UserWarning: Glyph 25968 (\N{CJK UNIFIED IDEOGRAPH-6570}) missing from font(s) DejaVu Sans.
  plt.savefig(f'{OUT}/exp5_v4_avalanche_results.png', dpi=150, bbox_inches='tight')
/home/work/.openclaw/workspace/sdi_sim/sdi_experiment5_v4.py:702: UserWarning: Glyph 39057 (\N{CJK UNIFIED IDEOGRAPH-9891}) missing from font(s) DejaVu Sans.
  plt.savefig(f'{OUT}/exp5_v4_avalanche_results.png', dpi=150, bbox_inches='tight')
/home/work/.openclaw/workspace/sdi_sim/sdi_experiment5_v4.py:702: UserWarning: Glyph 29575 (\N{CJK UNIFIED IDEOGRAPH-7387}) missing from font(s) DejaVu Sans.
  plt.savefig(f'{OUT}/exp5_v4_avalanche_results.png', dpi=150, bbox_inches='tight')
/home/work/.openclaw/workspace/sdi_sim/sdi_experiment5_v4.py:702: UserWarning: Glyph 38634 (\N{CJK UNIFIED IDEOGRAPH-96EA}) missing from font(s) DejaVu Sans.
  plt.savefig(f'{OUT}/exp5_v4_avalanche_results.png', dpi=150, bbox_inches='tight')
/home/work/.openclaw/workspace/sdi_sim/sdi_experiment5_v4.py:702: UserWarning: Glyph 23849 (\N{CJK UNIFIED IDEOGRAPH-5D29}) missing from font(s) DejaVu Sans.
  plt.savefig(f'{OUT}/exp5_v4_avalanche_results.png', dpi=150, bbox_inches='tight')
/home/work/.openclaw/workspace/sdi_sim/sdi_experiment5_v4.py:702: UserWarning: Glyph 23610 (\N{CJK UNIFIED IDEOGRAPH-5C3A}) missing from font(s) DejaVu Sans.
  plt.savefig(f'{OUT}/exp5_v4_avalanche_results.png', dpi=150, bbox_inches='tight')
/home/work/.openclaw/workspace/sdi_sim/sdi_experiment5_v4.py:702: UserWarning: Glyph 23544 (\N{CJK UNIFIED IDEOGRAPH-5BF8}) missing from font(s) DejaVu Sans.
  plt.savefig(f'{OUT}/exp5_v4_avalanche_results.png', dpi=150, bbox_inches='tight')
/home/work/.openclaw/workspace/sdi_sim/sdi_experiment5_v4.py:702: UserWarning: Glyph 25454 (\N{CJK UNIFIED IDEOGRAPH-636E}) missing from font(s) DejaVu Sans.
  plt.savefig(f'{OUT}/exp5_v4_avalanche_results.png', dpi=150, bbox_inches='tight')
/home/work/.openclaw/workspace/sdi_sim/sdi_experiment5_v4.py:702: UserWarning: Glyph 23454 (\N{CJK UNIFIED IDEOGRAPH-5B9E}) missing from font(s) DejaVu Sans.
  plt.savefig(f'{OUT}/exp5_v4_avalanche_results.png', dpi=150, bbox_inches='tight')
/home/work/.openclaw/workspace/sdi_sim/sdi_experiment5_v4.py:702: UserWarning: Glyph 39564 (\N{CJK UNIFIED IDEOGRAPH-9A8C}) missing from font(s) DejaVu Sans.
  plt.savefig(f'{OUT}/exp5_v4_avalanche_results.png', dpi=150, bbox_inches='tight')
/home/work/.openclaw/workspace/sdi_sim/sdi_experiment5_v4.py:702: UserWarning: Glyph 20116 (\N{CJK UNIFIED IDEOGRAPH-4E94}) missing from font(s) DejaVu Sans.
  plt.savefig(f'{OUT}/exp5_v4_avalanche_results.png', dpi=150, bbox_inches='tight')
/home/work/.openclaw/workspace/sdi_sim/sdi_experiment5_v4.py:702: UserWarning: Glyph 65306 (\N{FULLWIDTH COLON}) missing from font(s) DejaVu Sans.
  plt.savefig(f'{OUT}/exp5_v4_avalanche_results.png', dpi=150, bbox_inches='tight')
/home/work/.openclaw/workspace/sdi_sim/sdi_experiment5_v4.py:702: UserWarning: Glyph 31070 (\N{CJK UNIFIED IDEOGRAPH-795E}) missing from font(s) DejaVu Sans.
  plt.savefig(f'{OUT}/exp5_v4_avalanche_results.png', dpi=150, bbox_inches='tight')
/home/work/.openclaw/workspace/sdi_sim/sdi_experiment5_v4.py:702: UserWarning: Glyph 32463 (\N{CJK UNIFIED IDEOGRAPH-7ECF}) missing from font(s) DejaVu Sans.
  plt.savefig(f'{OUT}/exp5_v4_avalanche_results.png', dpi=150, bbox_inches='tight')
/home/work/.openclaw/workspace/sdi_sim/sdi_experiment5_v4.py:702: UserWarning: Glyph 21160 (\N{CJK UNIFIED IDEOGRAPH-52A8}) missing from font(s) DejaVu Sans.
  plt.savefig(f'{OUT}/exp5_v4_avalanche_results.png', dpi=150, bbox_inches='tight')
/home/work/.openclaw/workspace/sdi_sim/sdi_experiment5_v4.py:702: UserWarning: Glyph 21147 (\N{CJK UNIFIED IDEOGRAPH-529B}) missing from font(s) DejaVu Sans.
  plt.savefig(f'{OUT}/exp5_v4_avalanche_results.png', dpi=150, bbox_inches='tight')
/home/work/.openclaw/workspace/sdi_sim/sdi_experiment5_v4.py:702: UserWarning: Glyph 23398 (\N{CJK UNIFIED IDEOGRAPH-5B66}) missing from font(s) DejaVu Sans.
  plt.savefig(f'{OUT}/exp5_v4_avalanche_results.png', dpi=150, bbox_inches='tight')
/home/work/.openclaw/workspace/sdi_sim/sdi_experiment5_v4.py:702: UserWarning: Glyph 35777 (\N{CJK UNIFIED IDEOGRAPH-8BC1}) missing from font(s) DejaVu Sans.
  plt.savefig(f'{OUT}/exp5_v4_avalanche_results.png', dpi=150, bbox_inches='tight')
/home/work/.openclaw/workspace/sdi_sim/sdi_experiment5_v4.py:702: UserWarning: Glyph 20004 (\N{CJK UNIFIED IDEOGRAPH-4E24}) missing from font(s) DejaVu Sans.
  plt.savefig(f'{OUT}/exp5_v4_avalanche_results.png', dpi=150, bbox_inches='tight')
/home/work/.openclaw/workspace/sdi_sim/sdi_experiment5_v4.py:702: UserWarning: Glyph 38454 (\N{CJK UNIFIED IDEOGRAPH-9636}) missing from font(s) DejaVu Sans.
  plt.savefig(f'{OUT}/exp5_v4_avalanche_results.png', dpi=150, bbox_inches='tight')
/home/work/.openclaw/workspace/sdi_sim/sdi_experiment5_v4.py:702: UserWarning: Glyph 27573 (\N{CJK UNIFIED IDEOGRAPH-6BB5}) missing from font(s) DejaVu Sans.
  plt.savefig(f'{OUT}/exp5_v4_avalanche_results.png', dpi=150, bbox_inches='tight')
/home/work/.openclaw/workspace/sdi_sim/sdi_experiment5_v4.py:702: UserWarning: Glyph 21327 (\N{CJK UNIFIED IDEOGRAPH-534F}) missing from font(s) DejaVu Sans.
  plt.savefig(f'{OUT}/exp5_v4_avalanche_results.png', dpi=150, bbox_inches='tight')
/home/work/.openclaw/workspace/sdi_sim/sdi_experiment5_v4.py:702: UserWarning: Glyph 35758 (\N{CJK UNIFIED IDEOGRAPH-8BAE}) missing from font(s) DejaVu Sans.
  plt.savefig(f'{OUT}/exp5_v4_avalanche_results.png', dpi=150, bbox_inches='tight')
/home/work/.openclaw/workspace/sdi_sim/sdi_experiment5_v4.py:702: UserWarning: Glyph 65288 (\N{FULLWIDTH LEFT PARENTHESIS}) missing from font(s) DejaVu Sans.
  plt.savefig(f'{OUT}/exp5_v4_avalanche_results.png', dpi=150, bbox_inches='tight')
/home/work/.openclaw/workspace/sdi_sim/sdi_experiment5_v4.py:702: UserWarning: Glyph 20064 (\N{CJK UNIFIED IDEOGRAPH-4E60}) missing from font(s) DejaVu Sans.
  plt.savefig(f'{OUT}/exp5_v4_avalanche_results.png', dpi=150, bbox_inches='tight')
/home/work/.openclaw/workspace/sdi_sim/sdi_experiment5_v4.py:702: UserWarning: Glyph 20020 (\N{CJK UNIFIED IDEOGRAPH-4E34}) missing from font(s) DejaVu Sans.
  plt.savefig(f'{OUT}/exp5_v4_avalanche_results.png', dpi=150, bbox_inches='tight')
/home/work/.openclaw/workspace/sdi_sim/sdi_experiment5_v4.py:702: UserWarning: Glyph 30028 (\N{CJK UNIFIED IDEOGRAPH-754C}) missing from font(s) DejaVu Sans.
  plt.savefig(f'{OUT}/exp5_v4_avalanche_results.png', dpi=150, bbox_inches='tight')
/home/work/.openclaw/workspace/sdi_sim/sdi_experiment5_v4.py:702: UserWarning: Glyph 26657 (\N{CJK UNIFIED IDEOGRAPH-6821}) missing from font(s) DejaVu Sans.
  plt.savefig(f'{OUT}/exp5_v4_avalanche_results.png', dpi=150, bbox_inches='tight')
/home/work/.openclaw/workspace/sdi_sim/sdi_experiment5_v4.py:702: UserWarning: Glyph 20934 (\N{CJK UNIFIED IDEOGRAPH-51C6}) missing from font(s) DejaVu Sans.
  plt.savefig(f'{OUT}/exp5_v4_avalanche_results.png', dpi=150, bbox_inches='tight')
/home/work/.openclaw/workspace/sdi_sim/sdi_experiment5_v4.py:702: UserWarning: Glyph 36880 (\N{CJK UNIFIED IDEOGRAPH-9010}) missing from font(s) DejaVu Sans.
  plt.savefig(f'{OUT}/exp5_v4_avalanche_results.png', dpi=150, bbox_inches='tight')
/home/work/.openclaw/workspace/sdi_sim/sdi_experiment5_v4.py:702: UserWarning: Glyph 20256 (\N{CJK UNIFIED IDEOGRAPH-4F20}) missing from font(s) DejaVu Sans.
  plt.savefig(f'{OUT}/exp5_v4_avalanche_results.png', dpi=150, bbox_inches='tight')
/home/work/.openclaw/workspace/sdi_sim/sdi_experiment5_v4.py:702: UserWarning: Glyph 25773 (\N{CJK UNIFIED IDEOGRAPH-64AD}) missing from font(s) DejaVu Sans.
  plt.savefig(f'{OUT}/exp5_v4_avalanche_results.png', dpi=150, bbox_inches='tight')
/home/work/.openclaw/workspace/sdi_sim/sdi_experiment5_v4.py:702: UserWarning: Glyph 65289 (\N{FULLWIDTH RIGHT PARENTHESIS}) missing from font(s) DejaVu Sans.
  plt.savefig(f'{OUT}/exp5_v4_avalanche_results.png', dpi=150, bbox_inches='tight')

✅ 结果已保存: /home/work/.openclaw/workspace/sdi_sim/exp5_v4_avalanche_results.json
✅ 图表已保存: /home/work/.openclaw/workspace/sdi_sim/exp5_v4_avalanche_results.png

======================================================================
实验五v4汇总
======================================================================

网络+规则                        G     κ     τ_sz    τ_du    多步%  PSD    得分
---------------------------------------------------------------------------
C.elegans_3-rules            10.005  0.994  146.95  9.06    94%  -0.73   5.0/7
C.elegans_4-rules            0.635  0.998  55.91   6.70    99%  -1.19   4.0/7
Human_HCP_3-rules            0.322  0.995  43.17   6.47    95%  -1.31   4.3/7
Human_HCP_4-rules            0.635  0.998  50.72   6.93    98%  -1.34   4.0/7
WS_Control_3-rules           3.758  0.997  137.27  6.59    94%  -0.89   5.0/7
WS_Control_4-rules           0.635  0.997  43.88   7.72    99%  -1.16   4.0/7

最佳: C.elegans | 3-rules | seed=42
  τ_size=137.496, τ_dur=11.202, κ=0.996
  G_calib=10.0050, 得分=5/7

总耗时: 166s (2.8min)
实验五v4完成。
