======================================================================
SDI Experiment 5 v8 — Real Bio Input Mode
  升级1: 泊松放电过程（Poisson, λ_stim=0.15, λ_base=0.02）
  升级2: C.elegans神经元类型（感觉60 / 中间111 / 运动108）
  升级3: 学习/雪崩同步运行（适应期5000步 + 记录期20000步）
  升级4: 输出解码验证（余弦距离，功能分离评分）
  继承v7: 真实STDP时序 + 延迟队列 + KS检验 + STD连续
======================================================================

[3-rules]

-> C.elegans | seed=42 | 3-rules
  [C.elegans|42] N=279 | E=224 I=55
  神经元类型: 感觉=60(输入) 中间=111 运动=108(输出)
  感觉模态: 化学=21 气味=15 温度=10 机械=14
  输入模式: 泊松(λ_stim=0.15/步 λ_base=0.02/步)
  时间结构: ON=50步 OFF=50步 循环

  [C.elegans|42] 开始仿真（适应5000步 + 记录20000步）...
    适应 0/25000 σ=12.54 edges=1686 n_act=2 模态2↑ t=0s
    记录 5000/25000 σ=10.37 edges=1685 n_act=4 模态2↑ t=3s
    记录 10000/25000 σ=7.34 edges=1659 n_act=1 模态2↑ t=6s
    记录 15000/25000 σ=5.80 edges=1624 n_act=2 模态0↑ t=10s
    记录 20000/25000 σ=4.48 edges=1594 n_act=3 模态2↑ t=13s

  学习后: edges=1569 σ=3.70

  [C.elegans|42] 临界点校准...
    校准 iter=1: G=2.00050 → κ=0.9878
    ✅ G=2.00050, κ=0.9878
  校准结果: G=2.00050, κ=0.9878

  激活统计: 零帧=7.0% 最大=18 均=3.186
  输出解码余弦距离: 0.3148 (✓ 功能分离)

=================================================================
  结果 [C.elegans|42|3r] G=2.0005
  零帧: 7.0% ✗
  雪崩数: 1137 | 均尺寸: 56.0 | 均时长: 16.4 ✓
  多步雪崩: 87.7% ✓
  τ_size=1.939 R²=0.848 p=0.00 ✗
  τ_dur=2.517 R²=0.880 (理论=1.470 误差=71%) ✓
  τ缩放关系误差=71% ✗
  κ=1.0424±0.287 ✓
  PSD=-0.266 R²=0.031 ✗
  输出解码=0.3148 ✓
  LR(PL>LN): 28.4
  得分: 5/9
  =================================================================


-> C.elegans | seed=7 | 3-rules
  [C.elegans|7] N=279 | E=224 I=55
  神经元类型: 感觉=60(输入) 中间=111 运动=108(输出)
  感觉模态: 化学=21 气味=15 温度=10 机械=14
  输入模式: 泊松(λ_stim=0.15/步 λ_base=0.02/步)
  时间结构: ON=50步 OFF=50步 循环

  [C.elegans|7] 开始仿真（适应5000步 + 记录20000步）...
    适应 0/25000 σ=13.07 edges=1668 n_act=1 模态3↑ t=0s
    记录 5000/25000 σ=9.77 edges=1668 n_act=4 模态1↑ t=3s
    记录 10000/25000 σ=6.30 edges=1643 n_act=4 模态3↑ t=6s
    记录 15000/25000 σ=4.82 edges=1602 n_act=6 模态0↑ t=10s
    记录 20000/25000 σ=4.00 edges=1571 n_act=2 模态3↑ t=13s

  学习后: edges=1554 σ=2.54

  [C.elegans|7] 临界点校准...
    校准 iter=1: G=2.00050 → κ=0.9818
    ✅ G=2.00050, κ=0.9818
  校准结果: G=2.00050, κ=0.9818

  激活统计: 零帧=8.2% 最大=14 均=2.989
  输出解码余弦距离: 0.3270 (✓ 功能分离)

=================================================================
  结果 [C.elegans|7|3r] G=2.0005
  零帧: 8.2% ✗
  雪崩数: 1319 | 均尺寸: 45.3 | 均时长: 13.9 ✓
  多步雪崩: 86.8% ✓
  τ_size=2.052 R²=0.862 p=0.00 ✗
  τ_dur=2.352 R²=0.881 (理论=1.526 误差=54%) ✓
  τ缩放关系误差=54% ✗
  κ=1.0571±0.378 ✓
  PSD=-0.297 R²=0.040 ✗
  输出解码=0.3270 ✓
  LR(PL>LN): 44.1
  得分: 5/9
  =================================================================


-> C.elegans | seed=13 | 3-rules
  [C.elegans|13] N=279 | E=224 I=55
  神经元类型: 感觉=60(输入) 中间=111 运动=108(输出)
  感觉模态: 化学=21 气味=15 温度=10 机械=14
  输入模式: 泊松(λ_stim=0.15/步 λ_base=0.02/步)
  时间结构: ON=50步 OFF=50步 循环

  [C.elegans|13] 开始仿真（适应5000步 + 记录20000步）...
    适应 0/25000 σ=12.20 edges=1675 n_act=1 模态1↑ t=0s
    记录 5000/25000 σ=9.27 edges=1673 n_act=6 模态3↑ t=3s
    记录 10000/25000 σ=5.96 edges=1637 n_act=6 模态2↑ t=6s
    记录 15000/25000 σ=3.89 edges=1610 n_act=2 模态3↑ t=10s
    记录 20000/25000 σ=2.85 edges=1577 n_act=2 模态3↑ t=13s

  学习后: edges=1549 σ=2.84

  [C.elegans|13] 临界点校准...
    校准 iter=1: G=2.00050 → κ=0.9780
    ✅ G=2.00050, κ=0.9780
  校准结果: G=2.00050, κ=0.9780

  激活统计: 零帧=8.3% 最大=16 均=3.014
  输出解码余弦距离: 0.4437 (✓ 功能分离)

=================================================================
  结果 [C.elegans|13|3r] G=2.0005
  零帧: 8.3% ✗
  雪崩数: 1306 | 均尺寸: 46.2 | 均时长: 14.0 ✓
  多步雪崩: 86.7% ✓
  τ_size=2.077 R²=0.838 p=0.00 ✗
  τ_dur=2.125 R²=0.891 (理论=1.538 误差=38%) ✓
  τ缩放关系误差=38% ✗
  κ=1.0529±0.321 ✓
  PSD=-0.298 R²=0.039 ✗
  输出解码=0.4437 ✓
  LR(PL>LN): 68.8
  得分: 5/9
  =================================================================


-> Human_HCP | seed=42 | 3-rules
  [Human_HCP|42] N=400 | E=320 I=80
  神经元类型: 感觉=60(输入) 中间=232 运动=108(输出)
  感觉模态: 化学=21 气味=15 温度=10 机械=14
  输入模式: 泊松(λ_stim=0.15/步 λ_base=0.02/步)
  时间结构: ON=50步 OFF=50步 循环

  [Human_HCP|42] 开始仿真（适应5000步 + 记录20000步）...
    适应 0/25000 σ=14.13 edges=3035 n_act=2 模态2↑ t=0s
    记录 5000/25000 σ=12.37 edges=3033 n_act=1 模态2↑ t=6s
    记录 10000/25000 σ=7.71 edges=2975 n_act=1 模态2↑ t=12s
    记录 15000/25000 σ=4.90 edges=2928 n_act=7 模态0↑ t=18s
    记录 20000/25000 σ=3.65 edges=2905 n_act=3 模态2↑ t=24s

  学习后: edges=2883 σ=2.64

  [Human_HCP|42] 临界点校准...
    校准 iter=1: G=2.00050 → κ=0.9929
    ✅ G=2.00050, κ=0.9929
  校准结果: G=2.00050, κ=0.9929

  激活统计: 零帧=7.0% 最大=16 均=3.304
  输出解码余弦距离: 0.3142 (✓ 功能分离)

=================================================================
  结果 [Human_HCP|42|3r] G=2.0005
  零帧: 7.0% ✗
  雪崩数: 1119 | 均尺寸: 59.0 | 均时长: 16.6 ✓
  多步雪崩: 88.6% ✓
  τ_size=1.936 R²=0.855 p=0.00 ✗
  τ_dur=2.113 R²=0.861 (理论=1.468 误差=44%) ✓
  τ缩放关系误差=44% ✗
  κ=1.0491±0.308 ✓
  PSD=-0.257 R²=0.031 ✗
  输出解码=0.3142 ✓
  LR(PL>LN): 65.4
  得分: 5/9
  =================================================================


-> Human_HCP | seed=7 | 3-rules
  [Human_HCP|7] N=400 | E=320 I=80
  神经元类型: 感觉=60(输入) 中间=232 运动=108(输出)
  感觉模态: 化学=21 气味=15 温度=10 机械=14
  输入模式: 泊松(λ_stim=0.15/步 λ_base=0.02/步)
  时间结构: ON=50步 OFF=50步 循环

  [Human_HCP|7] 开始仿真（适应5000步 + 记录20000步）...
    适应 0/25000 σ=14.26 edges=2973 n_act=1 模态3↑ t=0s
    记录 5000/25000 σ=11.71 edges=2972 n_act=5 模态1↑ t=6s
    记录 10000/25000 σ=6.30 edges=2915 n_act=3 模态3↑ t=12s
    记录 15000/25000 σ=4.15 edges=2867 n_act=5 模态0↑ t=18s
    记录 20000/25000 σ=2.82 edges=2839 n_act=5 模态3↑ t=24s

  学习后: edges=2812 σ=2.11

  [Human_HCP|7] 临界点校准...
    校准 iter=1: G=2.00050 → κ=0.9962
    ✅ G=2.00050, κ=0.9962
  校准结果: G=2.00050, κ=0.9962

  激活统计: 零帧=6.8% 最大=18 均=3.341
  输出解码余弦距离: 0.3942 (✓ 功能分离)

=================================================================
  结果 [Human_HCP|7|3r] G=2.0005
  零帧: 6.8% ✗
  雪崩数: 1090 | 均尺寸: 61.3 | 均时长: 17.1 ✓
  多步雪崩: 87.2% ✓
  τ_size=2.018 R²=0.853 p=0.00 ✗
  τ_dur=2.427 R²=0.887 (理论=1.509 误差=61%) ✓
  τ缩放关系误差=61% ✗
  κ=1.0473±0.300 ✓
  PSD=-0.225 R²=0.022 ✗
  输出解码=0.3942 ✓
  LR(PL>LN): 36.1
  得分: 5/9
  =================================================================


-> Human_HCP | seed=13 | 3-rules
  [Human_HCP|13] N=400 | E=320 I=80
  神经元类型: 感觉=60(输入) 中间=232 运动=108(输出)
  感觉模态: 化学=21 气味=15 温度=10 机械=14
  输入模式: 泊松(λ_stim=0.15/步 λ_base=0.02/步)
  时间结构: ON=50步 OFF=50步 循环

  [Human_HCP|13] 开始仿真（适应5000步 + 记录20000步）...
    适应 0/25000 σ=14.13 edges=3019 n_act=1 模态1↑ t=0s
    记录 5000/25000 σ=11.86 edges=3019 n_act=12 模态3↑ t=6s
    记录 10000/25000 σ=7.75 edges=2985 n_act=3 模态2↑ t=12s
    记录 15000/25000 σ=5.12 edges=2940 n_act=3 模态3↑ t=18s
    记录 20000/25000 σ=3.58 edges=2904 n_act=3 模态3↑ t=24s

  学习后: edges=2891 σ=2.54

  [Human_HCP|13] 临界点校准...
    校准 iter=1: G=2.00050 → κ=0.9874
    ✅ G=2.00050, κ=0.9874
  校准结果: G=2.00050, κ=0.9874

  激活统计: 零帧=6.5% 最大=15 均=3.477
  输出解码余弦距离: 0.3339 (✓ 功能分离)

=================================================================
  结果 [Human_HCP|13|3r] G=2.0005
  零帧: 6.5% ✗
  雪崩数: 1052 | 均尺寸: 66.1 | 均时长: 17.8 ✓
  多步雪崩: 87.6% ✓
  τ_size=2.003 R²=0.814 p=0.00 ✗
  τ_dur=2.071 R²=0.894 (理论=1.501 误差=38%) ✓
  τ缩放关系误差=38% ✗
  κ=1.0589±0.354 ✓
  PSD=-0.277 R²=0.034 ✗
  输出解码=0.3339 ✓
  LR(PL>LN): 1.2
  得分: 5/9
  =================================================================


-> WS_Control | seed=42 | 3-rules
  [WS_Control|42] N=279 | E=224 I=55
  神经元类型: 感觉=60(输入) 中间=111 运动=108(输出)
  感觉模态: 化学=21 气味=15 温度=10 机械=14
  输入模式: 泊松(λ_stim=0.15/步 λ_base=0.02/步)
  时间结构: ON=50步 OFF=50步 循环

  [WS_Control|42] 开始仿真（适应5000步 + 记录20000步）...
    适应 0/25000 σ=12.23 edges=1701 n_act=2 模态2↑ t=0s
    记录 5000/25000 σ=8.62 edges=1701 n_act=2 模态2↑ t=3s
    记录 10000/25000 σ=5.70 edges=1677 n_act=0 模态2↑ t=7s
    记录 15000/25000 σ=4.62 edges=1658 n_act=5 模态0↑ t=10s
    记录 20000/25000 σ=3.52 edges=1622 n_act=1 模态2↑ t=14s

  学习后: edges=1607 σ=2.92

  [WS_Control|42] 临界点校准...
    校准 iter=1: G=2.00050 → κ=0.9822
    ✅ G=2.00050, κ=0.9822
  校准结果: G=2.00050, κ=0.9822

  激活统计: 零帧=6.6% 最大=16 均=3.368
  输出解码余弦距离: 0.3154 (✓ 功能分离)

=================================================================
  结果 [WS_Control|42|3r] G=2.0005
  零帧: 6.6% ✗
  雪崩数: 1056 | 均尺寸: 63.8 | 均时长: 17.7 ✓
  多步雪崩: 88.4% ✓
  τ_size=1.909 R²=0.868 p=0.00 ✗
  τ_dur=2.362 R²=0.784 (理论=1.454 误差=62%) ✓
  τ缩放关系误差=62% ✗
  κ=1.0415±0.297 ✓
  PSD=-0.288 R²=0.038 ✗
  输出解码=0.3154 ✓
  LR(PL>LN): 18.3
  得分: 5/9
  =================================================================


-> WS_Control | seed=7 | 3-rules
  [WS_Control|7] N=279 | E=224 I=55
  神经元类型: 感觉=60(输入) 中间=111 运动=108(输出)
  感觉模态: 化学=21 气味=15 温度=10 机械=14
  输入模式: 泊松(λ_stim=0.15/步 λ_base=0.02/步)
  时间结构: ON=50步 OFF=50步 循环

  [WS_Control|7] 开始仿真（适应5000步 + 记录20000步）...
    适应 0/25000 σ=11.13 edges=1672 n_act=1 模态3↑ t=0s
    记录 5000/25000 σ=7.97 edges=1671 n_act=3 模态1↑ t=3s
    记录 10000/25000 σ=5.35 edges=1638 n_act=2 模态3↑ t=7s
    记录 15000/25000 σ=4.20 edges=1610 n_act=8 模态0↑ t=10s
    记录 20000/25000 σ=2.95 edges=1584 n_act=3 模态3↑ t=13s

  学习后: edges=1565 σ=2.21

  [WS_Control|7] 临界点校准...
    校准 iter=1: G=2.00050 → κ=0.9840
    ✅ G=2.00050, κ=0.9840
  校准结果: G=2.00050, κ=0.9840

  激活统计: 零帧=7.7% 最大=14 均=3.037
  输出解码余弦距离: 0.4136 (✓ 功能分离)

=================================================================
  结果 [WS_Control|7|3r] G=2.0005
  零帧: 7.7% ✗
  雪崩数: 1229 | 均尺寸: 49.4 | 均时长: 15.0 ✓
  多步雪崩: 88.1% ✓
  τ_size=2.036 R²=0.875 p=0.00 ✗
  τ_dur=2.489 R²=0.871 (理论=1.518 误差=64%) ✓
  τ缩放关系误差=64% ✗
  κ=1.0424±0.342 ✓
  PSD=-0.270 R²=0.035 ✗
  输出解码=0.4136 ✓
  LR(PL>LN): 50.8
  得分: 5/9
  =================================================================


-> WS_Control | seed=13 | 3-rules
  [WS_Control|13] N=279 | E=224 I=55
  神经元类型: 感觉=60(输入) 中间=111 运动=108(输出)
  感觉模态: 化学=21 气味=15 温度=10 机械=14
  输入模式: 泊松(λ_stim=0.15/步 λ_base=0.02/步)
  时间结构: ON=50步 OFF=50步 循环

  [WS_Control|13] 开始仿真（适应5000步 + 记录20000步）...
    适应 0/25000 σ=11.30 edges=1656 n_act=1 模态1↑ t=0s
    记录 5000/25000 σ=9.79 edges=1656 n_act=7 模态3↑ t=3s
    记录 10000/25000 σ=7.33 edges=1623 n_act=5 模态2↑ t=7s
    记录 15000/25000 σ=4.76 edges=1590 n_act=3 模态3↑ t=10s
    记录 20000/25000 σ=3.57 edges=1569 n_act=1 模态3↑ t=13s

  学习后: edges=1550 σ=2.51

  [WS_Control|13] 临界点校准...
    校准 iter=1: G=2.00050 → κ=0.9858
    ✅ G=2.00050, κ=0.9858
  校准结果: G=2.00050, κ=0.9858

  激活统计: 零帧=8.5% 最大=15 均=2.980
  输出解码余弦距离: 0.2588 (✓ 功能分离)

=================================================================
  结果 [WS_Control|13|3r] G=2.0005
  零帧: 8.5% ✗
  雪崩数: 1349 | 均尺寸: 44.2 | 均时长: 13.6 ✓
  多步雪崩: 87.2% ✓
  τ_size=2.105 R²=0.915 p=0.00 ✗
  τ_dur=2.288 R²=0.900 (理论=1.553 误差=47%) ✓
  τ缩放关系误差=47% ✗
  κ=1.0586±0.366 ✓
  PSD=-0.249 R²=0.027 ✗
  输出解码=0.2588 ✓
  LR(PL>LN): 94.9
  得分: 5/9
  =================================================================


[4-rules]

-> C.elegans | seed=42 | 4-rules
  [C.elegans|42] N=279 | E=224 I=55
  神经元类型: 感觉=60(输入) 中间=111 运动=108(输出)
  感觉模态: 化学=21 气味=15 温度=10 机械=14
  输入模式: 泊松(λ_stim=0.15/步 λ_base=0.02/步)
  时间结构: ON=50步 OFF=50步 循环

  [C.elegans|42] 开始仿真（适应5000步 + 记录20000步）...
    适应 0/25000 σ=12.54 edges=1686 n_act=2 模态2↑ t=0s
    记录 5000/25000 σ=12.43 edges=1006 n_act=2 模态2↑ t=3s
    记录 10000/25000 σ=9.70 edges=990 n_act=1 模态2↑ t=6s
    记录 15000/25000 σ=9.12 edges=990 n_act=2 模态0↑ t=10s
    记录 20000/25000 σ=7.48 edges=990 n_act=2 模态2↑ t=13s

  学习后: edges=990 σ=6.24

  [C.elegans|42] 临界点校准...
    校准 iter=1: G=2.00050 → κ=0.9667
    ✅ G=2.00050, κ=0.9667
  校准结果: G=2.00050, κ=0.9667

  激活统计: 零帧=10.0% 最大=11 均=2.534
  输出解码余弦距离: 0.3437 (✓ 功能分离)

=================================================================
  结果 [C.elegans|42|4r] G=2.0005
  零帧: 10.0% ✗
  雪崩数: 1629 | 均尺寸: 31.1 | 均时长: 11.1 ✓
  多步雪崩: 85.7% ✓
  τ_size=2.021 R²=0.942 p=0.00 ✗
  τ_dur=2.186 R²=0.932 (理论=1.510 误差=45%) ✓
  τ缩放关系误差=45% ✗
  κ=1.0407±0.303 ✓
  PSD=-0.266 R²=0.033 ✗
  输出解码=0.3437 ✓
  LR(PL>LN): 75.5
  得分: 5/9
  =================================================================


-> C.elegans | seed=7 | 4-rules
  [C.elegans|7] N=279 | E=224 I=55
  神经元类型: 感觉=60(输入) 中间=111 运动=108(输出)
  感觉模态: 化学=21 气味=15 温度=10 机械=14
  输入模式: 泊松(λ_stim=0.15/步 λ_base=0.02/步)
  时间结构: ON=50步 OFF=50步 循环

  [C.elegans|7] 开始仿真（适应5000步 + 记录20000步）...
    适应 0/25000 σ=13.07 edges=1668 n_act=1 模态3↑ t=0s
    记录 5000/25000 σ=11.98 edges=1000 n_act=4 模态1↑ t=3s
    记录 10000/25000 σ=9.60 edges=976 n_act=3 模态3↑ t=6s
    记录 15000/25000 σ=8.66 edges=976 n_act=4 模态0↑ t=10s
    记录 20000/25000 σ=5.04 edges=976 n_act=4 模态3↑ t=13s

  学习后: edges=976 σ=4.69

  [C.elegans|7] 临界点校准...
    校准 iter=1: G=2.00050 → κ=0.9677
    ✅ G=2.00050, κ=0.9677
  校准结果: G=2.00050, κ=0.9677

  激活统计: 零帧=10.9% 最大=11 均=2.455
  输出解码余弦距离: 0.3169 (✓ 功能分离)

=================================================================
  结果 [C.elegans|7|4r] G=2.0005
  零帧: 10.9% ✗
  雪崩数: 1782 | 均尺寸: 27.6 | 均时长: 10.0 ✓
  多步雪崩: 83.9% ✓
  τ_size=2.312 R²=0.939 p=0.00 ✗
  τ_dur=2.533 R²=0.924 (理论=1.656 误差=53%) ✓
  τ缩放关系误差=53% ✗
  κ=1.0596±0.393 ✓
  PSD=-0.217 R²=0.022 ✗
  输出解码=0.3169 ✓
  LR(PL>LN): 116.6
  得分: 5/9
  =================================================================


-> C.elegans | seed=13 | 4-rules
  [C.elegans|13] N=279 | E=224 I=55
  神经元类型: 感觉=60(输入) 中间=111 运动=108(输出)
  感觉模态: 化学=21 气味=15 温度=10 机械=14
  输入模式: 泊松(λ_stim=0.15/步 λ_base=0.02/步)
  时间结构: ON=50步 OFF=50步 循环

  [C.elegans|13] 开始仿真（适应5000步 + 记录20000步）...
    适应 0/25000 σ=12.20 edges=1675 n_act=1 模态1↑ t=0s
    记录 5000/25000 σ=10.91 edges=1009 n_act=6 模态3↑ t=3s
    记录 10000/25000 σ=8.66 edges=993 n_act=4 模态2↑ t=6s
    记录 15000/25000 σ=6.76 edges=992 n_act=2 模态3↑ t=9s
    记录 20000/25000 σ=4.99 edges=992 n_act=0 模态3↑ t=13s

  学习后: edges=992 σ=4.74

  [C.elegans|13] 临界点校准...
    校准 iter=1: G=2.00050 → κ=0.9728
    ✅ G=2.00050, κ=0.9728
  校准结果: G=2.00050, κ=0.9728

  激活统计: 零帧=10.6% 最大=12 均=2.483
  输出解码余弦距离: 0.4337 (✓ 功能分离)

=================================================================
  结果 [C.elegans|13|4r] G=2.0005
  零帧: 10.6% ✗
  雪崩数: 1694 | 均尺寸: 29.3 | 均时长: 10.6 ✓
  多步雪崩: 84.2% ✓
  τ_size=2.183 R²=0.948 p=0.00 ✗
  τ_dur=2.351 R²=0.920 (理论=1.591 误差=48%) ✓
  τ缩放关系误差=48% ✗
  κ=1.0459±0.345 ✓
  PSD=-0.239 R²=0.027 ✗
  输出解码=0.4337 ✓
  LR(PL>LN): 75.8
  得分: 5/9
  =================================================================


-> Human_HCP | seed=42 | 4-rules
  [Human_HCP|42] N=400 | E=320 I=80
  神经元类型: 感觉=60(输入) 中间=232 运动=108(输出)
  感觉模态: 化学=21 气味=15 温度=10 机械=14
  输入模式: 泊松(λ_stim=0.15/步 λ_base=0.02/步)
  时间结构: ON=50步 OFF=50步 循环

  [Human_HCP|42] 开始仿真（适应5000步 + 记录20000步）...
    适应 0/25000 σ=14.13 edges=3035 n_act=2 模态2↑ t=0s
    记录 5000/25000 σ=15.75 edges=1612 n_act=3 模态2↑ t=6s
    记录 10000/25000 σ=15.21 edges=1551 n_act=2 模态2↑ t=11s
    记录 15000/25000 σ=14.30 edges=1551 n_act=1 模态0↑ t=17s
    记录 20000/25000 σ=12.53 edges=1551 n_act=3 模态2↑ t=22s

  学习后: edges=1551 σ=11.55

  [Human_HCP|42] 临界点校准...
    校准 iter=1: G=2.00050 → κ=0.9813
    ✅ G=2.00050, κ=0.9813
  校准结果: G=2.00050, κ=0.9813

  激活统计: 零帧=10.5% 最大=12 均=2.496
  输出解码余弦距离: 0.2919 (✓ 功能分离)

=================================================================
  结果 [Human_HCP|42|4r] G=2.0005
  零帧: 10.5% ✗
  雪崩数: 1687 | 均尺寸: 29.6 | 均时长: 10.6 ✓
  多步雪崩: 83.7% ✓
  τ_size=2.271 R²=0.893 p=0.00 ✗
  τ_dur=2.326 R²=0.899 (理论=1.636 误差=42%) ✓
  τ缩放关系误差=42% ✗
  κ=1.0490±0.368 ✓
  PSD=-0.222 R²=0.024 ✗
  输出解码=0.2919 ✓
  LR(PL>LN): 141.5
  得分: 5/9
  =================================================================


-> Human_HCP | seed=7 | 4-rules
  [Human_HCP|7] N=400 | E=320 I=80
  神经元类型: 感觉=60(输入) 中间=232 运动=108(输出)
  感觉模态: 化学=21 气味=15 温度=10 机械=14
  输入模式: 泊松(λ_stim=0.15/步 λ_base=0.02/步)
  时间结构: ON=50步 OFF=50步 循环

  [Human_HCP|7] 开始仿真（适应5000步 + 记录20000步）...
    适应 0/25000 σ=14.26 edges=2973 n_act=1 模态3↑ t=0s
    记录 5000/25000 σ=13.07 edges=1575 n_act=2 模态1↑ t=6s
    记录 10000/25000 σ=10.55 edges=1518 n_act=4 模态3↑ t=11s
    记录 15000/25000 σ=7.96 edges=1518 n_act=5 模态0↑ t=17s
    记录 20000/25000 σ=6.83 edges=1518 n_act=1 模态3↑ t=22s

  学习后: edges=1518 σ=6.40

  [Human_HCP|7] 临界点校准...
    校准 iter=1: G=2.00050 → κ=0.9755
    ✅ G=2.00050, κ=0.9755
  校准结果: G=2.00050, κ=0.9755

  激活统计: 零帧=10.1% 最大=11 均=2.502
  输出解码余弦距离: 0.4248 (✓ 功能分离)

=================================================================
  结果 [Human_HCP|7|4r] G=2.0005
  零帧: 10.1% ✗
  雪崩数: 1627 | 均尺寸: 30.8 | 均时长: 11.1 ✓
  多步雪崩: 85.9% ✓
  τ_size=2.367 R²=0.948 p=0.00 ✗
  τ_dur=2.452 R²=0.906 (理论=1.683 误差=46%) ✓
  τ缩放关系误差=46% ✗
  κ=1.0526±0.332 ✓
  PSD=-0.189 R²=0.017 ✗
  输出解码=0.4248 ✓
  LR(PL>LN): 69.6
  得分: 5/9
  =================================================================


-> Human_HCP | seed=13 | 4-rules
  [Human_HCP|13] N=400 | E=320 I=80
  神经元类型: 感觉=60(输入) 中间=232 运动=108(输出)
  感觉模态: 化学=21 气味=15 温度=10 机械=14
  输入模式: 泊松(λ_stim=0.15/步 λ_base=0.02/步)
  时间结构: ON=50步 OFF=50步 循环

  [Human_HCP|13] 开始仿真（适应5000步 + 记录20000步）...
    适应 0/25000 σ=14.13 edges=3019 n_act=1 模态1↑ t=0s
    记录 5000/25000 σ=15.58 edges=1597 n_act=6 模态3↑ t=6s
    记录 10000/25000 σ=12.89 edges=1530 n_act=1 模态2↑ t=11s
    记录 15000/25000 σ=12.02 edges=1530 n_act=1 模态3↑ t=17s
    记录 20000/25000 σ=10.97 edges=1530 n_act=2 模态3↑ t=22s

  学习后: edges=1530 σ=9.66

  [Human_HCP|13] 临界点校准...
    校准 iter=1: G=2.00050 → κ=0.9814
    ✅ G=2.00050, κ=0.9814
  校准结果: G=2.00050, κ=0.9814

  激活统计: 零帧=10.5% 最大=12 均=2.499
  输出解码余弦距离: 0.4064 (✓ 功能分离)

=================================================================
  结果 [Human_HCP|13|4r] G=2.0005
  零帧: 10.5% ✗
  雪崩数: 1687 | 均尺寸: 29.6 | 均时长: 10.6 ✓
  多步雪崩: 84.1% ✓
  τ_size=2.385 R²=0.936 p=0.00 ✗
  τ_dur=2.515 R²=0.946 (理论=1.693 误差=49%) ✓
  τ缩放关系误差=49% ✗
  κ=1.0553±0.383 ✓
  PSD=-0.179 R²=0.016 ✗
  输出解码=0.4064 ✓
  LR(PL>LN): 101.2
  得分: 5/9
  =================================================================


-> WS_Control | seed=42 | 4-rules
  [WS_Control|42] N=279 | E=224 I=55
  神经元类型: 感觉=60(输入) 中间=111 运动=108(输出)
  感觉模态: 化学=21 气味=15 温度=10 机械=14
  输入模式: 泊松(λ_stim=0.15/步 λ_base=0.02/步)
  时间结构: ON=50步 OFF=50步 循环

  [WS_Control|42] 开始仿真（适应5000步 + 记录20000步）...
    适应 0/25000 σ=12.23 edges=1701 n_act=2 模态2↑ t=0s
    记录 5000/25000 σ=10.02 edges=1014 n_act=2 模态2↑ t=3s
    记录 10000/25000 σ=8.72 edges=993 n_act=0 模态2↑ t=6s
    记录 15000/25000 σ=7.18 edges=993 n_act=2 模态0↑ t=10s
    记录 20000/25000 σ=5.77 edges=993 n_act=3 模态2↑ t=13s

  学习后: edges=993 σ=4.96

  [WS_Control|42] 临界点校准...
    校准 iter=1: G=2.00050 → κ=0.9717
    ✅ G=2.00050, κ=0.9717
  校准结果: G=2.00050, κ=0.9717

  激活统计: 零帧=9.5% 最大=12 均=2.563
  输出解码余弦距离: 0.2414 (✓ 功能分离)

=================================================================
  结果 [WS_Control|42|4r] G=2.0005
  零帧: 9.5% ✗
  雪崩数: 1525 | 均尺寸: 33.6 | 均时长: 11.9 ✓
  多步雪崩: 86.7% ✓
  τ_size=2.189 R²=0.910 p=0.00 ✗
  τ_dur=2.425 R²=0.891 (理论=1.594 误差=52%) ✓
  τ缩放关系误差=52% ✗
  κ=1.0342±0.337 ✓
  PSD=-0.244 R²=0.029 ✗
  输出解码=0.2414 ✓
  LR(PL>LN): 78.7
  得分: 5/9
  =================================================================


-> WS_Control | seed=7 | 4-rules
  [WS_Control|7] N=279 | E=224 I=55
  神经元类型: 感觉=60(输入) 中间=111 运动=108(输出)
  感觉模态: 化学=21 气味=15 温度=10 机械=14
  输入模式: 泊松(λ_stim=0.15/步 λ_base=0.02/步)
  时间结构: ON=50步 OFF=50步 循环

  [WS_Control|7] 开始仿真（适应5000步 + 记录20000步）...
    适应 0/25000 σ=11.13 edges=1672 n_act=1 模态3↑ t=0s
    记录 5000/25000 σ=9.16 edges=1015 n_act=3 模态1↑ t=3s
    记录 10000/25000 σ=7.38 edges=992 n_act=4 模态3↑ t=6s
    记录 15000/25000 σ=4.80 edges=991 n_act=5 模态0↑ t=10s
    记录 20000/25000 σ=4.45 edges=991 n_act=1 模态3↑ t=13s

  学习后: edges=991 σ=3.58

  [WS_Control|7] 临界点校准...
    校准 iter=1: G=2.00050 → κ=0.9646
    ✅ G=2.00050, κ=0.9646
  校准结果: G=2.00050, κ=0.9646

  激活统计: 零帧=10.0% 最大=12 均=2.492
  输出解码余弦距离: 0.3280 (✓ 功能分离)

=================================================================
  结果 [WS_Control|7|4r] G=2.0005
  零帧: 10.0% ✗
  雪崩数: 1615 | 均尺寸: 30.9 | 均时长: 11.1 ✓
  多步雪崩: 85.0% ✓
  τ_size=2.332 R²=0.929 p=0.00 ✗
  τ_dur=2.525 R²=0.868 (理论=1.666 误差=52%) ✓
  τ缩放关系误差=52% ✗
  κ=1.0494±0.404 ✓
  PSD=-0.257 R²=0.030 ✗
  输出解码=0.3280 ✓
  LR(PL>LN): 94.5
  得分: 5/9
  =================================================================


-> WS_Control | seed=13 | 4-rules
  [WS_Control|13] N=279 | E=224 I=55
  神经元类型: 感觉=60(输入) 中间=111 运动=108(输出)
  感觉模态: 化学=21 气味=15 温度=10 机械=14
  输入模式: 泊松(λ_stim=0.15/步 λ_base=0.02/步)
  时间结构: ON=50步 OFF=50步 循环

  [WS_Control|13] 开始仿真（适应5000步 + 记录20000步）...
    适应 0/25000 σ=11.30 edges=1656 n_act=1 模态1↑ t=0s
    记录 5000/25000 σ=10.24 edges=993 n_act=6 模态3↑ t=3s
    记录 10000/25000 σ=8.44 edges=975 n_act=4 模态2↑ t=6s
    记录 15000/25000 σ=6.29 edges=975 n_act=1 模态3↑ t=10s
    记录 20000/25000 σ=5.25 edges=975 n_act=3 模态3↑ t=13s

  学习后: edges=975 σ=4.55

  [WS_Control|13] 临界点校准...
    校准 iter=1: G=2.00050 → κ=0.9726
    ✅ G=2.00050, κ=0.9726
  校准结果: G=2.00050, κ=0.9726

  激活统计: 零帧=10.9% 最大=13 均=2.486
  输出解码余弦距离: 0.3099 (✓ 功能分离)

=================================================================
  结果 [WS_Control|13|4r] G=2.0005
  零帧: 10.9% ✗
  雪崩数: 1745 | 均尺寸: 28.5 | 均时长: 10.2 ✓
  多步雪崩: 84.0% ✓
  τ_size=2.196 R²=0.968 p=0.00 ✗
  τ_dur=2.590 R²=0.930 (理论=1.598 误差=62%) ✓
  τ缩放关系误差=62% ✗
  κ=1.0519±0.376 ✓
  PSD=-0.249 R²=0.029 ✗
  输出解码=0.3099 ✓
  LR(PL>LN): 106.7
  得分: 5/9
  =================================================================


Saved: /home/work/.openclaw/workspace/sdi_sim/exp5_v8_avalanche_results.json
Figure: /home/work/.openclaw/workspace/sdi_sim/exp5_v8_avalanche_results.png

======================================================================
Summary v8
======================================================================

Group                        κ      τ_s     τ_d     scale  PSD     decode Score
-------------------------------------------------------------------------------------
C.elegans_3-rules            1.051  2.02   2.33   55%     -0.29  0.362  5.0/9
C.elegans_4-rules            1.049  2.17   2.36   48%     -0.24  0.365  5.0/9
Human_HCP_3-rules            1.052  1.99   2.20   48%     -0.25  0.347  5.0/9
Human_HCP_4-rules            1.052  2.34   2.43   45%     -0.20  0.374  5.0/9
WS_Control_3-rules           1.047  2.02   2.38   58%     -0.27  0.329  5.0/9
WS_Control_4-rules           1.045  2.24   2.51   55%     -0.25  0.293  5.0/9

Best: C.elegans | 3-rules | seed=42
Traceback (most recent call last):
  File "/home/work/.openclaw/workspace/sdi_sim/sdi_experiment5_v8.py", line 1028, in <module>
    main()
  File "/home/work/.openclaw/workspace/sdi_sim/sdi_experiment5_v8.py", line 1019, in main
    print(f"  tau_s={best['tau_size']:.3f if best['tau_size'] else 'N/A'}")
                    ^^^^^^^^^^^^^^^^^^^^^^^^^^^^^^^^^^^^^^^^^^^^^^^^^^^^^
ValueError: Invalid format specifier '.3f if best['tau_size'] else 'N/A'' for object of type 'float'
