======================================================================
SDI 实验五：神经雪崩SOC动力学验证
目标：验证SDI四规则体系自发产生符合生物幂律的神经雪崩
  τ(尺寸)目标：[1.2, 2.0]  理论值：1.5 (Beggs & Plenz 2003)
  α(持续)目标：[1.5, 2.5]  理论值：2.0 (Beggs & Plenz 2003)
  κ(分支比)目标：[0.9, 1.1]  临界点：1.0 (Shew & Plenz 2013)
  PSD斜率目标：[-1.5, -0.5]  1/f噪声：≈-1.0
  雪崩数量：≥500
======================================================================
预热阶段：5000步 | 记录阶段：5000步
网络：['C.elegans', 'Human_HCP', 'WS_Control']
规则：3-rules(STDP+WS+缩放) vs 4-rules(+修剪)
种子：[42, 7, 13]
======================================================================

【实验5a：三规则体系（STDP+WS重连+突触缩放）】

→ 运行: C.elegans | seed=42 | 3-rules
  [C.elegans|seed=42|3rules] step=0/10000 | σ=12.18 | edges=2226 | active=26 | κ=0.529 | t=0s
  [C.elegans|seed=42|3rules] step=500/10000 | σ=12.24 | edges=2232 | active=12 | κ=0.618 | t=0s
  [C.elegans|seed=42|3rules] step=1000/10000 | σ=12.04 | edges=2254 | active=10 | κ=0.896 | t=1s
  [C.elegans|seed=42|3rules] step=1500/10000 | σ=11.67 | edges=2296 | active=6 | κ=1.094 | t=1s
  [C.elegans|seed=42|3rules] step=2000/10000 | σ=11.14 | edges=2348 | active=5 | κ=1.662 | t=1s
  [C.elegans|seed=42|3rules] step=2500/10000 | σ=10.88 | edges=2388 | active=29 | κ=2.346 | t=2s
  [C.elegans|seed=42|3rules] step=3000/10000 | σ=10.43 | edges=2431 | active=23 | κ=2.860 | t=2s
  [C.elegans|seed=42|3rules] step=3500/10000 | σ=10.11 | edges=2461 | active=17 | κ=3.473 | t=2s
  [C.elegans|seed=42|3rules] step=4000/10000 | σ=9.71 | edges=2467 | active=23 | κ=3.320 | t=3s
  [C.elegans|seed=42|3rules] step=4500/10000 | σ=9.14 | edges=2423 | active=21 | κ=3.463 | t=3s
  [C.elegans|seed=42|3rules] step=5000/10000 | σ=8.20 | edges=2375 | active=32 | κ=2.740 | t=3s
  [C.elegans|seed=42|3rules] step=5500/10000 | σ=7.72 | edges=2375 | active=51 | κ=2.362 | t=4s
  [C.elegans|seed=42|3rules] step=6000/10000 | σ=5.84 | edges=2364 | active=4 | κ=1.782 | t=4s
  [C.elegans|seed=42|3rules] step=6500/10000 | σ=4.94 | edges=2341 | active=8 | κ=1.538 | t=4s
  [C.elegans|seed=42|3rules] step=7000/10000 | σ=4.83 | edges=2354 | active=3 | κ=1.330 | t=5s
  [C.elegans|seed=42|3rules] step=7500/10000 | σ=5.47 | edges=2378 | active=11 | κ=1.108 | t=5s
  [C.elegans|seed=42|3rules] step=8000/10000 | σ=4.68 | edges=2367 | active=11 | κ=0.777 | t=5s
  [C.elegans|seed=42|3rules] step=8500/10000 | σ=4.43 | edges=2397 | active=37 | κ=0.801 | t=5s
  [C.elegans|seed=42|3rules] step=9000/10000 | σ=4.54 | edges=2419 | active=9 | κ=0.753 | t=6s
  [C.elegans|seed=42|3rules] step=9500/10000 | σ=4.32 | edges=2465 | active=15 | κ=0.657 | t=6s

============================================================
  结果 [C.elegans|seed=42|3-rules]
  雪崩数: 55
  τ_size=2.727 (R²=0.000)
  τ_dur=3.160 (R²=0.855)
  κ(分支比)=0.989
  PSD斜率=0.319 (R²=0.043)
  得分: 1/5
  ============================================================


→ 运行: C.elegans | seed=7 | 3-rules
  [C.elegans|seed=7|3rules] step=0/10000 | σ=12.14 | edges=2228 | active=19 | κ=0.267 | t=0s
  [C.elegans|seed=7|3rules] step=500/10000 | σ=11.90 | edges=2237 | active=5 | κ=0.526 | t=0s
  [C.elegans|seed=7|3rules] step=1000/10000 | σ=11.76 | edges=2261 | active=13 | κ=0.780 | t=1s
  [C.elegans|seed=7|3rules] step=1500/10000 | σ=11.75 | edges=2295 | active=14 | κ=1.124 | t=1s
  [C.elegans|seed=7|3rules] step=2000/10000 | σ=11.51 | edges=2344 | active=14 | κ=1.644 | t=1s
  [C.elegans|seed=7|3rules] step=2500/10000 | σ=11.33 | edges=2392 | active=13 | κ=2.285 | t=2s
  [C.elegans|seed=7|3rules] step=3000/10000 | σ=11.03 | edges=2424 | active=5 | κ=2.866 | t=2s
  [C.elegans|seed=7|3rules] step=3500/10000 | σ=10.16 | edges=2463 | active=3 | κ=3.180 | t=2s
  [C.elegans|seed=7|3rules] step=4000/10000 | σ=9.85 | edges=2447 | active=13 | κ=3.098 | t=3s
  [C.elegans|seed=7|3rules] step=4500/10000 | σ=8.68 | edges=2439 | active=48 | κ=3.362 | t=3s
  [C.elegans|seed=7|3rules] step=5000/10000 | σ=7.83 | edges=2424 | active=30 | κ=2.532 | t=3s
  [C.elegans|seed=7|3rules] step=5500/10000 | σ=6.42 | edges=2373 | active=17 | κ=2.280 | t=4s
  [C.elegans|seed=7|3rules] step=6000/10000 | σ=6.38 | edges=2393 | active=32 | κ=2.103 | t=4s
  [C.elegans|seed=7|3rules] step=6500/10000 | σ=5.49 | edges=2365 | active=41 | κ=1.661 | t=4s
  [C.elegans|seed=7|3rules] step=7000/10000 | σ=5.33 | edges=2370 | active=2 | κ=1.063 | t=5s
  [C.elegans|seed=7|3rules] step=7500/10000 | σ=4.70 | edges=2389 | active=13 | κ=1.000 | t=5s
  [C.elegans|seed=7|3rules] step=8000/10000 | σ=4.81 | edges=2385 | active=4 | κ=0.772 | t=5s
  [C.elegans|seed=7|3rules] step=8500/10000 | σ=5.24 | edges=2403 | active=2 | κ=0.747 | t=5s
  [C.elegans|seed=7|3rules] step=9000/10000 | σ=5.18 | edges=2425 | active=41 | κ=0.687 | t=6s
  [C.elegans|seed=7|3rules] step=9500/10000 | σ=4.88 | edges=2453 | active=6 | κ=0.738 | t=6s

============================================================
  结果 [C.elegans|seed=7|3-rules]
  雪崩数: 66
  τ_size=2.597 (R²=0.764)
  τ_dur=2.620 (R²=0.000)
  κ(分支比)=0.985
  PSD斜率=0.284 (R²=0.037)
  得分: 1/5
  ============================================================


→ 运行: C.elegans | seed=13 | 3-rules
  [C.elegans|seed=13|3rules] step=0/10000 | σ=11.39 | edges=2226 | active=34 | κ=0.619 | t=0s
  [C.elegans|seed=13|3rules] step=500/10000 | σ=11.30 | edges=2236 | active=6 | κ=0.650 | t=0s
  [C.elegans|seed=13|3rules] step=1000/10000 | σ=11.23 | edges=2256 | active=9 | κ=0.701 | t=1s
  [C.elegans|seed=13|3rules] step=1500/10000 | σ=10.98 | edges=2287 | active=12 | κ=1.076 | t=1s
  [C.elegans|seed=13|3rules] step=2000/10000 | σ=10.33 | edges=2336 | active=7 | κ=1.493 | t=1s
  [C.elegans|seed=13|3rules] step=2500/10000 | σ=9.83 | edges=2388 | active=25 | κ=2.267 | t=1s
  [C.elegans|seed=13|3rules] step=3000/10000 | σ=9.37 | edges=2430 | active=41 | κ=2.890 | t=2s
  [C.elegans|seed=13|3rules] step=3500/10000 | σ=8.98 | edges=2463 | active=15 | κ=3.775 | t=2s
  [C.elegans|seed=13|3rules] step=4000/10000 | σ=8.10 | edges=2457 | active=20 | κ=3.347 | t=3s
  [C.elegans|seed=13|3rules] step=4500/10000 | σ=7.92 | edges=2429 | active=22 | κ=3.155 | t=3s
  [C.elegans|seed=13|3rules] step=5000/10000 | σ=7.66 | edges=2410 | active=3 | κ=3.008 | t=3s
  [C.elegans|seed=13|3rules] step=5500/10000 | σ=7.12 | edges=2397 | active=4 | κ=2.421 | t=4s
  [C.elegans|seed=13|3rules] step=6000/10000 | σ=6.21 | edges=2387 | active=12 | κ=1.984 | t=4s
  [C.elegans|seed=13|3rules] step=6500/10000 | σ=5.40 | edges=2380 | active=31 | κ=1.422 | t=4s
  [C.elegans|seed=13|3rules] step=7000/10000 | σ=4.80 | edges=2378 | active=26 | κ=1.393 | t=5s
  [C.elegans|seed=13|3rules] step=7500/10000 | σ=4.18 | edges=2398 | active=5 | κ=1.172 | t=5s
  [C.elegans|seed=13|3rules] step=8000/10000 | σ=3.85 | edges=2426 | active=8 | κ=0.909 | t=5s
  [C.elegans|seed=13|3rules] step=8500/10000 | σ=3.11 | edges=2442 | active=22 | κ=0.820 | t=5s
  [C.elegans|seed=13|3rules] step=9000/10000 | σ=4.26 | edges=2444 | active=19 | κ=0.700 | t=6s
  [C.elegans|seed=13|3rules] step=9500/10000 | σ=4.85 | edges=2453 | active=9 | κ=0.548 | t=6s

============================================================
  结果 [C.elegans|seed=13|3-rules]
  雪崩数: 94
  τ_size=2.165 (R²=0.758)
  τ_dur=2.950 (R²=0.000)
  κ(分支比)=0.982
  PSD斜率=0.323 (R²=0.043)
  得分: 1/5
  ============================================================


→ 运行: Human_HCP | seed=42 | 3-rules
  [Human_HCP|seed=42|3rules] step=0/10000 | σ=13.73 | edges=3992 | active=17 | κ=0.417 | t=0s
  [Human_HCP|seed=42|3rules] step=500/10000 | σ=13.68 | edges=3998 | active=6 | κ=0.716 | t=0s
  [Human_HCP|seed=42|3rules] step=1000/10000 | σ=13.08 | edges=4029 | active=2 | κ=1.368 | t=1s
  [Human_HCP|seed=42|3rules] step=1500/10000 | σ=12.86 | edges=4096 | active=20 | κ=3.406 | t=1s
  [Human_HCP|seed=42|3rules] step=2000/10000 | σ=12.61 | edges=4168 | active=22 | κ=6.224 | t=2s
  [Human_HCP|seed=42|3rules] step=2500/10000 | σ=12.24 | edges=4279 | active=43 | κ=7.361 | t=2s
  [Human_HCP|seed=42|3rules] step=3000/10000 | σ=11.65 | edges=4370 | active=48 | κ=12.118 | t=3s
  [Human_HCP|seed=42|3rules] step=3500/10000 | σ=11.10 | edges=4447 | active=6 | κ=9.556 | t=4s
  [Human_HCP|seed=42|3rules] step=4000/10000 | σ=10.54 | edges=4499 | active=3 | κ=9.051 | t=4s
  [Human_HCP|seed=42|3rules] step=4500/10000 | σ=10.03 | edges=4538 | active=1 | κ=7.949 | t=5s
  [Human_HCP|seed=42|3rules] step=5000/10000 | σ=9.75 | edges=4571 | active=0 | κ=10.016 | t=5s
  [Human_HCP|seed=42|3rules] step=5500/10000 | σ=9.46 | edges=4603 | active=1 | κ=12.860 | t=6s
  [Human_HCP|seed=42|3rules] step=6000/10000 | σ=9.15 | edges=4641 | active=0 | κ=8.320 | t=6s
  [Human_HCP|seed=42|3rules] step=6500/10000 | σ=8.77 | edges=4675 | active=346 | κ=8.997 | t=7s
  [Human_HCP|seed=42|3rules] step=7000/10000 | σ=8.42 | edges=4705 | active=0 | κ=8.819 | t=8s
  [Human_HCP|seed=42|3rules] step=7500/10000 | σ=8.12 | edges=4763 | active=0 | κ=8.870 | t=8s
  [Human_HCP|seed=42|3rules] step=8000/10000 | σ=7.72 | edges=4790 | active=3 | κ=10.045 | t=9s
  [Human_HCP|seed=42|3rules] step=8500/10000 | σ=7.26 | edges=4841 | active=1 | κ=8.171 | t=9s
  [Human_HCP|seed=42|3rules] step=9000/10000 | σ=7.05 | edges=4891 | active=0 | κ=11.142 | t=10s
  [Human_HCP|seed=42|3rules] step=9500/10000 | σ=6.65 | edges=4933 | active=2 | κ=9.711 | t=10s

============================================================
  结果 [Human_HCP|seed=42|3-rules]
  雪崩数: 1246
  τ_size=1.364 (R²=0.062)
  τ_dur=3.031 (R²=0.886)
  κ(分支比)=0.381
  PSD斜率=0.384 (R²=0.030)
  得分: 1/5
  ============================================================


→ 运行: Human_HCP | seed=7 | 3-rules
  [Human_HCP|seed=7|3rules] step=0/10000 | σ=13.79 | edges=3996 | active=15 | κ=0.500 | t=0s
  [Human_HCP|seed=7|3rules] step=500/10000 | σ=14.45 | edges=4006 | active=5 | κ=0.833 | t=0s
  [Human_HCP|seed=7|3rules] step=1000/10000 | σ=14.07 | edges=4034 | active=17 | κ=1.817 | t=1s
  [Human_HCP|seed=7|3rules] step=1500/10000 | σ=13.90 | edges=4090 | active=3 | κ=3.032 | t=1s
  [Human_HCP|seed=7|3rules] step=2000/10000 | σ=13.55 | edges=4182 | active=2 | κ=4.402 | t=2s
  [Human_HCP|seed=7|3rules] step=2500/10000 | σ=12.99 | edges=4269 | active=8 | κ=7.268 | t=2s
  [Human_HCP|seed=7|3rules] step=3000/10000 | σ=12.38 | edges=4392 | active=31 | κ=8.103 | t=3s
  [Human_HCP|seed=7|3rules] step=3500/10000 | σ=11.71 | edges=4438 | active=0 | κ=11.216 | t=4s
  [Human_HCP|seed=7|3rules] step=4000/10000 | σ=11.45 | edges=4487 | active=0 | κ=7.855 | t=4s
  [Human_HCP|seed=7|3rules] step=4500/10000 | σ=10.97 | edges=4521 | active=2 | κ=8.385 | t=5s
  [Human_HCP|seed=7|3rules] step=5000/10000 | σ=10.66 | edges=4587 | active=365 | κ=13.476 | t=5s
  [Human_HCP|seed=7|3rules] step=5500/10000 | σ=10.17 | edges=4617 | active=0 | κ=8.142 | t=6s
  [Human_HCP|seed=7|3rules] step=6000/10000 | σ=9.91 | edges=4646 | active=0 | κ=9.654 | t=6s
  [Human_HCP|seed=7|3rules] step=6500/10000 | σ=9.49 | edges=4674 | active=0 | κ=10.008 | t=7s
  [Human_HCP|seed=7|3rules] step=7000/10000 | σ=9.08 | edges=4686 | active=1 | κ=9.532 | t=8s
  [Human_HCP|seed=7|3rules] step=7500/10000 | σ=8.71 | edges=4732 | active=0 | κ=8.307 | t=8s
  [Human_HCP|seed=7|3rules] step=8000/10000 | σ=8.36 | edges=4784 | active=0 | κ=11.752 | t=9s
  [Human_HCP|seed=7|3rules] step=8500/10000 | σ=7.91 | edges=4836 | active=1 | κ=12.320 | t=9s
  [Human_HCP|seed=7|3rules] step=9000/10000 | σ=7.52 | edges=4892 | active=1 | κ=9.961 | t=10s
  [Human_HCP|seed=7|3rules] step=9500/10000 | σ=7.21 | edges=4955 | active=0 | κ=12.733 | t=10s

============================================================
  结果 [Human_HCP|seed=7|3-rules]
  雪崩数: 1221
  τ_size=1.352 (R²=0.000)
  τ_dur=4.741 (R²=0.967)
  κ(分支比)=0.343
  PSD斜率=0.363 (R²=0.027)
  得分: 1/5
  ============================================================


→ 运行: Human_HCP | seed=13 | 3-rules
  [Human_HCP|seed=13|3rules] step=0/10000 | σ=13.14 | edges=3994 | active=36 | κ=1.400 | t=0s
  [Human_HCP|seed=13|3rules] step=500/10000 | σ=13.06 | edges=4002 | active=2 | κ=1.068 | t=0s
  [Human_HCP|seed=13|3rules] step=1000/10000 | σ=12.47 | edges=4028 | active=2 | κ=1.561 | t=1s
  [Human_HCP|seed=13|3rules] step=1500/10000 | σ=12.15 | edges=4086 | active=34 | κ=2.382 | t=1s
  [Human_HCP|seed=13|3rules] step=2000/10000 | σ=11.53 | edges=4159 | active=13 | κ=4.380 | t=2s
  [Human_HCP|seed=13|3rules] step=2500/10000 | σ=10.89 | edges=4250 | active=38 | κ=6.704 | t=2s
  [Human_HCP|seed=13|3rules] step=3000/10000 | σ=10.46 | edges=4368 | active=70 | κ=9.821 | t=3s
  [Human_HCP|seed=13|3rules] step=3500/10000 | σ=10.04 | edges=4473 | active=22 | κ=12.199 | t=4s
  [Human_HCP|seed=13|3rules] step=4000/10000 | σ=9.68 | edges=4519 | active=1 | κ=12.706 | t=4s
  [Human_HCP|seed=13|3rules] step=4500/10000 | σ=9.31 | edges=4593 | active=1 | κ=11.265 | t=5s
  [Human_HCP|seed=13|3rules] step=5000/10000 | σ=8.69 | edges=4590 | active=0 | κ=9.284 | t=5s
  [Human_HCP|seed=13|3rules] step=5500/10000 | σ=8.35 | edges=4620 | active=1 | κ=9.021 | t=6s
  [Human_HCP|seed=13|3rules] step=6000/10000 | σ=8.03 | edges=4639 | active=0 | κ=9.684 | t=6s
  [Human_HCP|seed=13|3rules] step=6500/10000 | σ=7.91 | edges=4659 | active=368 | κ=9.373 | t=7s
  [Human_HCP|seed=13|3rules] step=7000/10000 | σ=7.48 | edges=4701 | active=10 | κ=9.505 | t=8s
  [Human_HCP|seed=13|3rules] step=7500/10000 | σ=7.17 | edges=4713 | active=3 | κ=8.882 | t=8s
  [Human_HCP|seed=13|3rules] step=8000/10000 | σ=6.87 | edges=4748 | active=0 | κ=7.416 | t=9s
  [Human_HCP|seed=13|3rules] step=8500/10000 | σ=6.51 | edges=4779 | active=1 | κ=8.464 | t=9s
  [Human_HCP|seed=13|3rules] step=9000/10000 | σ=6.33 | edges=4828 | active=0 | κ=9.377 | t=10s
  [Human_HCP|seed=13|3rules] step=9500/10000 | σ=6.01 | edges=4880 | active=1 | κ=9.583 | t=10s

============================================================
  结果 [Human_HCP|seed=13|3-rules]
  雪崩数: 1223
  τ_size=1.358 (R²=0.012)
  τ_dur=4.027 (R²=0.936)
  κ(分支比)=0.429
  PSD斜率=0.394 (R²=0.032)
  得分: 1/5
  ============================================================


→ 运行: WS_Control | seed=42 | 3-rules
  [WS_Control|seed=42|3rules] step=0/10000 | σ=10.90 | edges=2222 | active=29 | κ=0.706 | t=0s
  [WS_Control|seed=42|3rules] step=500/10000 | σ=10.43 | edges=2228 | active=7 | κ=0.455 | t=0s
  [WS_Control|seed=42|3rules] step=1000/10000 | σ=9.96 | edges=2249 | active=15 | κ=0.913 | t=1s
  [WS_Control|seed=42|3rules] step=1500/10000 | σ=9.48 | edges=2282 | active=10 | κ=1.034 | t=1s
  [WS_Control|seed=42|3rules] step=2000/10000 | σ=9.19 | edges=2325 | active=7 | κ=1.830 | t=1s
  [WS_Control|seed=42|3rules] step=2500/10000 | σ=8.87 | edges=2371 | active=36 | κ=2.086 | t=1s
  [WS_Control|seed=42|3rules] step=3000/10000 | σ=8.57 | edges=2419 | active=2 | κ=2.752 | t=2s
  [WS_Control|seed=42|3rules] step=3500/10000 | σ=8.09 | edges=2451 | active=20 | κ=3.546 | t=2s
  [WS_Control|seed=42|3rules] step=4000/10000 | σ=7.22 | edges=2479 | active=20 | κ=3.263 | t=3s
  [WS_Control|seed=42|3rules] step=4500/10000 | σ=5.97 | edges=2467 | active=27 | κ=3.031 | t=3s
  [WS_Control|seed=42|3rules] step=5000/10000 | σ=5.75 | edges=2451 | active=26 | κ=3.136 | t=3s
  [WS_Control|seed=42|3rules] step=5500/10000 | σ=5.91 | edges=2455 | active=6 | κ=2.991 | t=4s
  [WS_Control|seed=42|3rules] step=6000/10000 | σ=4.51 | edges=2443 | active=37 | κ=2.779 | t=4s
  [WS_Control|seed=42|3rules] step=6500/10000 | σ=3.20 | edges=2416 | active=6 | κ=2.126 | t=4s
  [WS_Control|seed=42|3rules] step=7000/10000 | σ=2.99 | edges=2422 | active=13 | κ=1.897 | t=5s
  [WS_Control|seed=42|3rules] step=7500/10000 | σ=3.20 | edges=2398 | active=11 | κ=1.545 | t=5s
  [WS_Control|seed=42|3rules] step=8000/10000 | σ=3.88 | edges=2424 | active=1 | κ=1.267 | t=5s
  [WS_Control|seed=42|3rules] step=8500/10000 | σ=3.81 | edges=2429 | active=3 | κ=1.064 | t=5s
  [WS_Control|seed=42|3rules] step=9000/10000 | σ=3.73 | edges=2460 | active=2 | κ=0.854 | t=6s
  [WS_Control|seed=42|3rules] step=9500/10000 | σ=3.38 | edges=2463 | active=17 | κ=0.814 | t=6s

============================================================
  结果 [WS_Control|seed=42|3-rules]
  雪崩数: 86
  τ_size=2.653 (R²=0.895)
  τ_dur=3.122 (R²=0.785)
  κ(分支比)=0.980
  PSD斜率=0.509 (R²=0.098)
  得分: 1/5
  ============================================================


→ 运行: WS_Control | seed=7 | 3-rules
  [WS_Control|seed=7|3rules] step=0/10000 | σ=10.36 | edges=2222 | active=19 | κ=0.267 | t=0s
  [WS_Control|seed=7|3rules] step=500/10000 | σ=9.91 | edges=2230 | active=13 | κ=0.575 | t=0s
  [WS_Control|seed=7|3rules] step=1000/10000 | σ=9.53 | edges=2254 | active=9 | κ=0.830 | t=1s
  [WS_Control|seed=7|3rules] step=1500/10000 | σ=9.09 | edges=2281 | active=17 | κ=1.043 | t=1s
  [WS_Control|seed=7|3rules] step=2000/10000 | σ=8.59 | edges=2325 | active=13 | κ=1.665 | t=1s
  [WS_Control|seed=7|3rules] step=2500/10000 | σ=8.23 | edges=2372 | active=4 | κ=2.405 | t=1s
  [WS_Control|seed=7|3rules] step=3000/10000 | σ=7.91 | edges=2421 | active=12 | κ=3.242 | t=2s
  [WS_Control|seed=7|3rules] step=3500/10000 | σ=7.56 | edges=2441 | active=4 | κ=2.900 | t=2s
  [WS_Control|seed=7|3rules] step=4000/10000 | σ=6.75 | edges=2448 | active=11 | κ=3.661 | t=3s
  [WS_Control|seed=7|3rules] step=4500/10000 | σ=6.28 | edges=2461 | active=33 | κ=3.403 | t=3s
  [WS_Control|seed=7|3rules] step=5000/10000 | σ=5.82 | edges=2430 | active=16 | κ=3.744 | t=3s
  [WS_Control|seed=7|3rules] step=5500/10000 | σ=5.26 | edges=2426 | active=36 | κ=2.922 | t=4s
  [WS_Control|seed=7|3rules] step=6000/10000 | σ=4.60 | edges=2428 | active=45 | κ=2.799 | t=4s
  [WS_Control|seed=7|3rules] step=6500/10000 | σ=3.70 | edges=2427 | active=0 | κ=2.281 | t=4s
  [WS_Control|seed=7|3rules] step=7000/10000 | σ=3.00 | edges=2415 | active=1 | κ=1.827 | t=5s
  [WS_Control|seed=7|3rules] step=7500/10000 | σ=2.45 | edges=2418 | active=10 | κ=1.560 | t=5s
  [WS_Control|seed=7|3rules] step=8000/10000 | σ=2.69 | edges=2427 | active=8 | κ=1.396 | t=5s
  [WS_Control|seed=7|3rules] step=8500/10000 | σ=2.94 | edges=2440 | active=27 | κ=1.029 | t=5s
  [WS_Control|seed=7|3rules] step=9000/10000 | σ=3.17 | edges=2442 | active=4 | κ=0.963 | t=6s
  [WS_Control|seed=7|3rules] step=9500/10000 | σ=3.18 | edges=2476 | active=12 | κ=0.836 | t=6s

============================================================
  结果 [WS_Control|seed=7|3-rules]
  雪崩数: 73
  τ_size=2.766 (R²=0.707)
  τ_dur=2.337 (R²=0.893)
  κ(分支比)=0.982
  PSD斜率=0.437 (R²=0.082)
  得分: 2/5
  ============================================================


→ 运行: WS_Control | seed=13 | 3-rules
  [WS_Control|seed=13|3rules] step=0/10000 | σ=10.16 | edges=2228 | active=35 | κ=0.667 | t=0s
  [WS_Control|seed=13|3rules] step=500/10000 | σ=9.86 | edges=2235 | active=4 | κ=0.616 | t=0s
  [WS_Control|seed=13|3rules] step=1000/10000 | σ=9.33 | edges=2246 | active=7 | κ=0.734 | t=1s
  [WS_Control|seed=13|3rules] step=1500/10000 | σ=8.91 | edges=2282 | active=8 | κ=1.046 | t=1s
  [WS_Control|seed=13|3rules] step=2000/10000 | σ=8.64 | edges=2332 | active=17 | κ=1.679 | t=1s
  [WS_Control|seed=13|3rules] step=2500/10000 | σ=8.14 | edges=2379 | active=3 | κ=2.445 | t=1s
  [WS_Control|seed=13|3rules] step=3000/10000 | σ=7.58 | edges=2442 | active=13 | κ=2.959 | t=2s
  [WS_Control|seed=13|3rules] step=3500/10000 | σ=7.27 | edges=2459 | active=15 | κ=3.302 | t=2s
  [WS_Control|seed=13|3rules] step=4000/10000 | σ=6.88 | edges=2464 | active=17 | κ=3.097 | t=3s
  [WS_Control|seed=13|3rules] step=4500/10000 | σ=6.08 | edges=2461 | active=11 | κ=4.037 | t=3s
  [WS_Control|seed=13|3rules] step=5000/10000 | σ=5.91 | edges=2453 | active=18 | κ=3.072 | t=3s
  [WS_Control|seed=13|3rules] step=5500/10000 | σ=5.27 | edges=2448 | active=11 | κ=2.752 | t=4s
  [WS_Control|seed=13|3rules] step=6000/10000 | σ=4.77 | edges=2440 | active=5 | κ=2.492 | t=4s
  [WS_Control|seed=13|3rules] step=6500/10000 | σ=4.56 | edges=2445 | active=6 | κ=2.536 | t=4s
  [WS_Control|seed=13|3rules] step=7000/10000 | σ=4.10 | edges=2437 | active=22 | κ=1.567 | t=5s
  [WS_Control|seed=13|3rules] step=7500/10000 | σ=3.73 | edges=2422 | active=6 | κ=1.141 | t=5s
  [WS_Control|seed=13|3rules] step=8000/10000 | σ=3.41 | edges=2420 | active=5 | κ=1.137 | t=5s
  [WS_Control|seed=13|3rules] step=8500/10000 | σ=3.56 | edges=2428 | active=9 | κ=0.706 | t=5s
  [WS_Control|seed=13|3rules] step=9000/10000 | σ=3.60 | edges=2452 | active=4 | κ=0.868 | t=6s
  [WS_Control|seed=13|3rules] step=9500/10000 | σ=3.79 | edges=2472 | active=4 | κ=0.828 | t=6s

============================================================
  结果 [WS_Control|seed=13|3-rules]
  雪崩数: 81
  τ_size=1.811 (R²=0.798)
  τ_dur=2.462 (R²=0.849)
  κ(分支比)=0.981
  PSD斜率=0.451 (R²=0.086)
  得分: 2/5
  ============================================================


【实验5b：四规则体系（+竞争性修剪）】

→ 运行: C.elegans | seed=42 | 4-rules
  [C.elegans|seed=42|4rules] step=0/10000 | σ=12.18 | edges=2226 | active=26 | κ=0.529 | t=0s
  [C.elegans|seed=42|4rules] step=500/10000 | σ=11.87 | edges=2078 | active=4 | κ=0.552 | t=0s
  [C.elegans|seed=42|4rules] step=1000/10000 | σ=11.92 | edges=1937 | active=16 | κ=0.723 | t=1s
  [C.elegans|seed=42|4rules] step=1500/10000 | σ=12.17 | edges=1922 | active=8 | κ=0.778 | t=1s
  [C.elegans|seed=42|4rules] step=2000/10000 | σ=11.84 | edges=1863 | active=7 | κ=1.238 | t=1s
  [C.elegans|seed=42|4rules] step=2500/10000 | σ=11.61 | edges=1907 | active=6 | κ=1.341 | t=1s
  [C.elegans|seed=42|4rules] step=3000/10000 | σ=11.82 | edges=1920 | active=15 | κ=1.640 | t=2s
  [C.elegans|seed=42|4rules] step=3500/10000 | σ=11.66 | edges=1944 | active=4 | κ=1.834 | t=2s
  [C.elegans|seed=42|4rules] step=4000/10000 | σ=11.85 | edges=1910 | active=11 | κ=2.039 | t=2s
  [C.elegans|seed=42|4rules] step=4500/10000 | σ=11.07 | edges=1914 | active=18 | κ=2.076 | t=3s
  [C.elegans|seed=42|4rules] step=5000/10000 | σ=11.92 | edges=1926 | active=28 | κ=1.956 | t=3s
  [C.elegans|seed=42|4rules] step=5500/10000 | σ=11.56 | edges=1930 | active=17 | κ=1.897 | t=3s
  [C.elegans|seed=42|4rules] step=6000/10000 | σ=12.26 | edges=1897 | active=11 | κ=1.719 | t=4s
  [C.elegans|seed=42|4rules] step=6500/10000 | σ=11.59 | edges=1887 | active=13 | κ=1.871 | t=4s
  [C.elegans|seed=42|4rules] step=7000/10000 | σ=11.30 | edges=1826 | active=8 | κ=1.753 | t=4s
  [C.elegans|seed=42|4rules] step=7500/10000 | σ=11.93 | edges=1812 | active=2 | κ=1.452 | t=5s
  [C.elegans|seed=42|4rules] step=8000/10000 | σ=11.67 | edges=1781 | active=14 | κ=1.606 | t=5s
  [C.elegans|seed=42|4rules] step=8500/10000 | σ=11.88 | edges=1784 | active=11 | κ=1.546 | t=5s
  [C.elegans|seed=42|4rules] step=9000/10000 | σ=12.23 | edges=1752 | active=5 | κ=1.594 | t=5s
  [C.elegans|seed=42|4rules] step=9500/10000 | σ=11.43 | edges=1756 | active=13 | κ=1.423 | t=6s

============================================================
  结果 [C.elegans|seed=42|4-rules]
  雪崩数: 58
  τ_size=2.260 (R²=0.707)
  τ_dur=2.145 (R²=0.339)
  κ(分支比)=0.987
  PSD斜率=0.418 (R²=0.079)
  得分: 1/5
  ============================================================


→ 运行: C.elegans | seed=7 | 4-rules
  [C.elegans|seed=7|4rules] step=0/10000 | σ=12.14 | edges=2228 | active=19 | κ=0.267 | t=0s
  [C.elegans|seed=7|4rules] step=500/10000 | σ=12.08 | edges=2089 | active=9 | κ=0.611 | t=0s
  [C.elegans|seed=7|4rules] step=1000/10000 | σ=11.80 | edges=1935 | active=7 | κ=0.685 | t=1s
  [C.elegans|seed=7|4rules] step=1500/10000 | σ=12.24 | edges=1953 | active=10 | κ=0.820 | t=1s
  [C.elegans|seed=7|4rules] step=2000/10000 | σ=11.92 | edges=1894 | active=9 | κ=0.996 | t=1s
  [C.elegans|seed=7|4rules] step=2500/10000 | σ=10.61 | edges=1897 | active=12 | κ=1.138 | t=1s
  [C.elegans|seed=7|4rules] step=3000/10000 | σ=10.49 | edges=1878 | active=12 | κ=1.791 | t=2s
  [C.elegans|seed=7|4rules] step=3500/10000 | σ=9.63 | edges=1904 | active=17 | κ=1.886 | t=2s
  [C.elegans|seed=7|4rules] step=4000/10000 | σ=10.13 | edges=1904 | active=12 | κ=1.908 | t=2s
  [C.elegans|seed=7|4rules] step=4500/10000 | σ=10.30 | edges=1924 | active=10 | κ=1.874 | t=3s
  [C.elegans|seed=7|4rules] step=5000/10000 | σ=10.91 | edges=1905 | active=6 | κ=1.903 | t=3s
  [C.elegans|seed=7|4rules] step=5500/10000 | σ=11.68 | edges=1930 | active=12 | κ=1.977 | t=3s
  [C.elegans|seed=7|4rules] step=6000/10000 | σ=10.54 | edges=1874 | active=7 | κ=2.004 | t=4s
  [C.elegans|seed=7|4rules] step=6500/10000 | σ=10.25 | edges=1873 | active=10 | κ=1.770 | t=4s
  [C.elegans|seed=7|4rules] step=7000/10000 | σ=10.43 | edges=1842 | active=31 | κ=1.508 | t=4s
  [C.elegans|seed=7|4rules] step=7500/10000 | σ=9.78 | edges=1838 | active=19 | κ=1.837 | t=5s
  [C.elegans|seed=7|4rules] step=8000/10000 | σ=8.67 | edges=1812 | active=17 | κ=1.670 | t=5s
  [C.elegans|seed=7|4rules] step=8500/10000 | σ=9.37 | edges=1825 | active=17 | κ=1.582 | t=5s
  [C.elegans|seed=7|4rules] step=9000/10000 | σ=9.51 | edges=1782 | active=11 | κ=1.566 | t=5s
  [C.elegans|seed=7|4rules] step=9500/10000 | σ=9.78 | edges=1779 | active=4 | κ=1.519 | t=6s

============================================================
  结果 [C.elegans|seed=7|4-rules]
  雪崩数: 68
  τ_size=1.873 (R²=0.859)
  τ_dur=1.794 (R²=0.767)
  κ(分支比)=0.987
  PSD斜率=0.453 (R²=0.093)
  得分: 2/5
  ============================================================


→ 运行: C.elegans | seed=13 | 4-rules
  [C.elegans|seed=13|4rules] step=0/10000 | σ=11.39 | edges=2226 | active=34 | κ=0.619 | t=0s
  [C.elegans|seed=13|4rules] step=500/10000 | σ=10.89 | edges=2087 | active=4 | κ=0.532 | t=0s
  [C.elegans|seed=13|4rules] step=1000/10000 | σ=11.37 | edges=1927 | active=14 | κ=0.639 | t=1s
  [C.elegans|seed=13|4rules] step=1500/10000 | σ=11.38 | edges=1914 | active=15 | κ=0.827 | t=1s
  [C.elegans|seed=13|4rules] step=2000/10000 | σ=11.64 | edges=1875 | active=2 | κ=1.057 | t=1s
  [C.elegans|seed=13|4rules] step=2500/10000 | σ=10.95 | edges=1930 | active=38 | κ=1.347 | t=1s
  [C.elegans|seed=13|4rules] step=3000/10000 | σ=10.77 | edges=1907 | active=22 | κ=1.595 | t=2s
  [C.elegans|seed=13|4rules] step=3500/10000 | σ=11.38 | edges=1944 | active=27 | κ=1.854 | t=2s
  [C.elegans|seed=13|4rules] step=4000/10000 | σ=10.89 | edges=1926 | active=33 | κ=2.340 | t=2s
  [C.elegans|seed=13|4rules] step=4500/10000 | σ=11.90 | edges=1943 | active=10 | κ=2.317 | t=3s
  [C.elegans|seed=13|4rules] step=5000/10000 | σ=11.30 | edges=1909 | active=14 | κ=1.899 | t=3s
  [C.elegans|seed=13|4rules] step=5500/10000 | σ=9.52 | edges=1933 | active=8 | κ=1.972 | t=3s
  [C.elegans|seed=13|4rules] step=6000/10000 | σ=9.77 | edges=1898 | active=8 | κ=2.080 | t=4s
  [C.elegans|seed=13|4rules] step=6500/10000 | σ=9.03 | edges=1898 | active=4 | κ=1.801 | t=4s
  [C.elegans|seed=13|4rules] step=7000/10000 | σ=9.00 | edges=1866 | active=20 | κ=1.980 | t=4s
  [C.elegans|seed=13|4rules] step=7500/10000 | σ=8.98 | edges=1881 | active=16 | κ=1.694 | t=5s
  [C.elegans|seed=13|4rules] step=8000/10000 | σ=8.25 | edges=1830 | active=24 | κ=1.741 | t=5s
  [C.elegans|seed=13|4rules] step=8500/10000 | σ=8.50 | edges=1798 | active=2 | κ=1.450 | t=5s
  [C.elegans|seed=13|4rules] step=9000/10000 | σ=8.87 | edges=1751 | active=12 | κ=1.442 | t=5s
  [C.elegans|seed=13|4rules] step=9500/10000 | σ=7.73 | edges=1753 | active=9 | κ=1.638 | t=6s

============================================================
  结果 [C.elegans|seed=13|4-rules]
  雪崩数: 86
  τ_size=2.334 (R²=0.962)
  τ_dur=2.489 (R²=0.888)
  κ(分支比)=0.985
  PSD斜率=0.411 (R²=0.076)
  得分: 2/5
  ============================================================


→ 运行: Human_HCP | seed=42 | 4-rules
  [Human_HCP|seed=42|4rules] step=0/10000 | σ=13.73 | edges=3992 | active=17 | κ=0.417 | t=0s
  [Human_HCP|seed=42|4rules] step=500/10000 | σ=14.39 | edges=3716 | active=11 | κ=0.976 | t=0s
  [Human_HCP|seed=42|4rules] step=1000/10000 | σ=13.64 | edges=3378 | active=2 | κ=1.258 | t=1s
  [Human_HCP|seed=42|4rules] step=1500/10000 | σ=13.40 | edges=3269 | active=3 | κ=1.553 | t=1s
  [Human_HCP|seed=42|4rules] step=2000/10000 | σ=13.04 | edges=3109 | active=2 | κ=2.180 | t=2s
  [Human_HCP|seed=42|4rules] step=2500/10000 | σ=12.90 | edges=3109 | active=51 | κ=3.131 | t=2s
  [Human_HCP|seed=42|4rules] step=3000/10000 | σ=13.53 | edges=3071 | active=58 | κ=4.533 | t=3s
  [Human_HCP|seed=42|4rules] step=3500/10000 | σ=13.02 | edges=3113 | active=22 | κ=5.530 | t=3s
  [Human_HCP|seed=42|4rules] step=4000/10000 | σ=12.69 | edges=3073 | active=5 | κ=5.159 | t=4s
  [Human_HCP|seed=42|4rules] step=4500/10000 | σ=12.47 | edges=3057 | active=7 | κ=4.550 | t=4s
  [Human_HCP|seed=42|4rules] step=5000/10000 | σ=12.15 | edges=2989 | active=25 | κ=4.751 | t=5s
  [Human_HCP|seed=42|4rules] step=5500/10000 | σ=11.87 | edges=2976 | active=8 | κ=4.126 | t=5s
  [Human_HCP|seed=42|4rules] step=6000/10000 | σ=11.64 | edges=2861 | active=4 | κ=3.983 | t=6s
  [Human_HCP|seed=42|4rules] step=6500/10000 | σ=11.23 | edges=2810 | active=30 | κ=4.032 | t=6s
  [Human_HCP|seed=42|4rules] step=7000/10000 | σ=10.82 | edges=2686 | active=6 | κ=3.578 | t=7s
  [Human_HCP|seed=42|4rules] step=7500/10000 | σ=11.70 | edges=2651 | active=13 | κ=2.943 | t=7s
  [Human_HCP|seed=42|4rules] step=8000/10000 | σ=11.81 | edges=2555 | active=12 | κ=2.862 | t=8s
  [Human_HCP|seed=42|4rules] step=8500/10000 | σ=10.03 | edges=2529 | active=7 | κ=3.116 | t=8s
  [Human_HCP|seed=42|4rules] step=9000/10000 | σ=10.40 | edges=2454 | active=27 | κ=2.718 | t=8s
  [Human_HCP|seed=42|4rules] step=9500/10000 | σ=10.69 | edges=2426 | active=6 | κ=2.520 | t=9s

============================================================
  结果 [Human_HCP|seed=42|4-rules]
  雪崩数: 395
  τ_size=2.351 (R²=0.875)
  τ_dur=2.691 (R²=0.923)
  κ(分支比)=0.914
  PSD斜率=0.321 (R²=0.047)
  得分: 1/5
  ============================================================


→ 运行: Human_HCP | seed=7 | 4-rules
  [Human_HCP|seed=7|4rules] step=0/10000 | σ=13.79 | edges=3996 | active=15 | κ=0.500 | t=0s
  [Human_HCP|seed=7|4rules] step=500/10000 | σ=14.47 | edges=3724 | active=5 | κ=0.690 | t=0s
  [Human_HCP|seed=7|4rules] step=1000/10000 | σ=14.76 | edges=3379 | active=4 | κ=1.246 | t=1s
  [Human_HCP|seed=7|4rules] step=1500/10000 | σ=14.55 | edges=3308 | active=1 | κ=1.564 | t=1s
  [Human_HCP|seed=7|4rules] step=2000/10000 | σ=14.81 | edges=3139 | active=6 | κ=2.593 | t=2s
  [Human_HCP|seed=7|4rules] step=2500/10000 | σ=14.09 | edges=3182 | active=19 | κ=4.364 | t=2s
  [Human_HCP|seed=7|4rules] step=3000/10000 | σ=13.83 | edges=3118 | active=3 | κ=4.360 | t=3s
  [Human_HCP|seed=7|4rules] step=3500/10000 | σ=14.21 | edges=3143 | active=93 | κ=4.532 | t=3s
  [Human_HCP|seed=7|4rules] step=4000/10000 | σ=14.46 | edges=3083 | active=21 | κ=5.165 | t=4s
  [Human_HCP|seed=7|4rules] step=4500/10000 | σ=14.80 | edges=3086 | active=26 | κ=5.101 | t=4s
  [Human_HCP|seed=7|4rules] step=5000/10000 | σ=15.41 | edges=3013 | active=4 | κ=4.224 | t=5s
  [Human_HCP|seed=7|4rules] step=5500/10000 | σ=13.70 | edges=3012 | active=40 | κ=4.390 | t=5s
  [Human_HCP|seed=7|4rules] step=6000/10000 | σ=12.73 | edges=2894 | active=23 | κ=4.084 | t=6s
  [Human_HCP|seed=7|4rules] step=6500/10000 | σ=13.00 | edges=2886 | active=3 | κ=3.951 | t=6s
  [Human_HCP|seed=7|4rules] step=7000/10000 | σ=12.77 | edges=2760 | active=3 | κ=3.276 | t=7s
  [Human_HCP|seed=7|4rules] step=7500/10000 | σ=13.72 | edges=2687 | active=20 | κ=3.027 | t=7s
  [Human_HCP|seed=7|4rules] step=8000/10000 | σ=15.00 | edges=2566 | active=27 | κ=2.504 | t=7s
  [Human_HCP|seed=7|4rules] step=8500/10000 | σ=14.14 | edges=2514 | active=3 | κ=2.014 | t=8s
  [Human_HCP|seed=7|4rules] step=9000/10000 | σ=12.66 | edges=2413 | active=1 | κ=2.733 | t=8s
  [Human_HCP|seed=7|4rules] step=9500/10000 | σ=10.85 | edges=2407 | active=1 | κ=2.150 | t=9s

============================================================
  结果 [Human_HCP|seed=7|4-rules]
  雪崩数: 449
  τ_size=2.513 (R²=0.904)
  τ_dur=3.077 (R²=0.753)
  κ(分支比)=0.894
  PSD斜率=0.310 (R²=0.044)
  得分: 0/5
  ============================================================


→ 运行: Human_HCP | seed=13 | 4-rules
  [Human_HCP|seed=13|4rules] step=0/10000 | σ=13.14 | edges=3994 | active=36 | κ=1.400 | t=0s
  [Human_HCP|seed=13|4rules] step=500/10000 | σ=13.22 | edges=3683 | active=25 | κ=0.836 | t=0s
  [Human_HCP|seed=13|4rules] step=1000/10000 | σ=13.10 | edges=3369 | active=10 | κ=1.228 | t=1s
  [Human_HCP|seed=13|4rules] step=1500/10000 | σ=12.80 | edges=3254 | active=12 | κ=1.334 | t=1s
  [Human_HCP|seed=13|4rules] step=2000/10000 | σ=12.54 | edges=3125 | active=3 | κ=2.351 | t=2s
  [Human_HCP|seed=13|4rules] step=2500/10000 | σ=12.24 | edges=3154 | active=40 | κ=3.601 | t=2s
  [Human_HCP|seed=13|4rules] step=3000/10000 | σ=11.82 | edges=3095 | active=41 | κ=4.237 | t=3s
  [Human_HCP|seed=13|4rules] step=3500/10000 | σ=11.58 | edges=3162 | active=27 | κ=5.193 | t=3s
  [Human_HCP|seed=13|4rules] step=4000/10000 | σ=10.78 | edges=3082 | active=25 | κ=4.851 | t=4s
  [Human_HCP|seed=13|4rules] step=4500/10000 | σ=9.74 | edges=3108 | active=42 | κ=5.116 | t=4s
  [Human_HCP|seed=13|4rules] step=5000/10000 | σ=9.81 | edges=3034 | active=5 | κ=4.131 | t=5s
  [Human_HCP|seed=13|4rules] step=5500/10000 | σ=10.02 | edges=3029 | active=8 | κ=5.134 | t=5s
  [Human_HCP|seed=13|4rules] step=6000/10000 | σ=8.96 | edges=2943 | active=19 | κ=4.078 | t=6s
  [Human_HCP|seed=13|4rules] step=6500/10000 | σ=8.23 | edges=2901 | active=42 | κ=3.534 | t=6s
  [Human_HCP|seed=13|4rules] step=7000/10000 | σ=7.22 | edges=2802 | active=28 | κ=3.426 | t=6s
  [Human_HCP|seed=13|4rules] step=7500/10000 | σ=7.67 | edges=2757 | active=1 | κ=3.299 | t=7s
  [Human_HCP|seed=13|4rules] step=8000/10000 | σ=7.75 | edges=2638 | active=11 | κ=3.024 | t=7s
  [Human_HCP|seed=13|4rules] step=8500/10000 | σ=8.14 | edges=2628 | active=7 | κ=2.508 | t=8s
  [Human_HCP|seed=13|4rules] step=9000/10000 | σ=8.13 | edges=2517 | active=2 | κ=2.504 | t=8s
  [Human_HCP|seed=13|4rules] step=9500/10000 | σ=8.15 | edges=2493 | active=16 | κ=2.153 | t=9s

============================================================
  结果 [Human_HCP|seed=13|4-rules]
  雪崩数: 416
  τ_size=2.251 (R²=0.892)
  τ_dur=2.774 (R²=0.835)
  κ(分支比)=0.901
  PSD斜率=0.321 (R²=0.051)
  得分: 1/5
  ============================================================


→ 运行: WS_Control | seed=42 | 4-rules
  [WS_Control|seed=42|4rules] step=0/10000 | σ=10.90 | edges=2222 | active=29 | κ=0.706 | t=0s
  [WS_Control|seed=42|4rules] step=500/10000 | σ=10.22 | edges=2076 | active=3 | κ=0.480 | t=0s
  [WS_Control|seed=42|4rules] step=1000/10000 | σ=9.64 | edges=1917 | active=13 | κ=0.606 | t=1s
  [WS_Control|seed=42|4rules] step=1500/10000 | σ=9.64 | edges=1889 | active=12 | κ=0.869 | t=1s
  [WS_Control|seed=42|4rules] step=2000/10000 | σ=9.77 | edges=1816 | active=9 | κ=0.975 | t=1s
  [WS_Control|seed=42|4rules] step=2500/10000 | σ=9.10 | edges=1842 | active=10 | κ=1.146 | t=1s
  [WS_Control|seed=42|4rules] step=3000/10000 | σ=9.41 | edges=1815 | active=22 | κ=1.667 | t=2s
  [WS_Control|seed=42|4rules] step=3500/10000 | σ=9.69 | edges=1827 | active=13 | κ=1.750 | t=2s
  [WS_Control|seed=42|4rules] step=4000/10000 | σ=9.38 | edges=1814 | active=27 | κ=1.850 | t=2s
  [WS_Control|seed=42|4rules] step=4500/10000 | σ=9.11 | edges=1838 | active=3 | κ=1.770 | t=3s
  [WS_Control|seed=42|4rules] step=5000/10000 | σ=9.51 | edges=1805 | active=11 | κ=1.776 | t=3s
  [WS_Control|seed=42|4rules] step=5500/10000 | σ=9.31 | edges=1808 | active=9 | κ=2.278 | t=3s
  [WS_Control|seed=42|4rules] step=6000/10000 | σ=8.48 | edges=1775 | active=0 | κ=1.945 | t=4s
  [WS_Control|seed=42|4rules] step=6500/10000 | σ=8.75 | edges=1773 | active=17 | κ=1.297 | t=4s
  [WS_Control|seed=42|4rules] step=7000/10000 | σ=9.01 | edges=1766 | active=15 | κ=1.758 | t=4s
  [WS_Control|seed=42|4rules] step=7500/10000 | σ=8.74 | edges=1768 | active=11 | κ=1.562 | t=4s
  [WS_Control|seed=42|4rules] step=8000/10000 | σ=8.38 | edges=1745 | active=10 | κ=1.476 | t=5s
  [WS_Control|seed=42|4rules] step=8500/10000 | σ=7.90 | edges=1725 | active=3 | κ=1.368 | t=5s
  [WS_Control|seed=42|4rules] step=9000/10000 | σ=7.45 | edges=1665 | active=8 | κ=1.375 | t=5s
  [WS_Control|seed=42|4rules] step=9500/10000 | σ=6.84 | edges=1658 | active=8 | κ=1.479 | t=6s

============================================================
  结果 [WS_Control|seed=42|4-rules]
  雪崩数: 79
  τ_size=1.885 (R²=0.751)
  τ_dur=1.971 (R²=0.831)
  κ(分支比)=0.985
  PSD斜率=0.417 (R²=0.074)
  得分: 2/5
  ============================================================


→ 运行: WS_Control | seed=7 | 4-rules
  [WS_Control|seed=7|4rules] step=0/10000 | σ=10.36 | edges=2222 | active=19 | κ=0.267 | t=0s
  [WS_Control|seed=7|4rules] step=500/10000 | σ=9.79 | edges=2091 | active=5 | κ=0.596 | t=0s
  [WS_Control|seed=7|4rules] step=1000/10000 | σ=10.13 | edges=1905 | active=9 | κ=0.603 | t=1s
  [WS_Control|seed=7|4rules] step=1500/10000 | σ=9.78 | edges=1886 | active=3 | κ=0.657 | t=1s
  [WS_Control|seed=7|4rules] step=2000/10000 | σ=9.75 | edges=1837 | active=9 | κ=0.986 | t=1s
  [WS_Control|seed=7|4rules] step=2500/10000 | σ=9.45 | edges=1846 | active=22 | κ=1.219 | t=1s
  [WS_Control|seed=7|4rules] step=3000/10000 | σ=9.28 | edges=1843 | active=13 | κ=1.690 | t=2s
  [WS_Control|seed=7|4rules] step=3500/10000 | σ=9.13 | edges=1849 | active=5 | κ=1.772 | t=2s
  [WS_Control|seed=7|4rules] step=4000/10000 | σ=8.65 | edges=1840 | active=5 | κ=1.909 | t=2s
  [WS_Control|seed=7|4rules] step=4500/10000 | σ=8.38 | edges=1843 | active=22 | κ=2.007 | t=3s
  [WS_Control|seed=7|4rules] step=5000/10000 | σ=8.69 | edges=1823 | active=1 | κ=1.892 | t=3s
  [WS_Control|seed=7|4rules] step=5500/10000 | σ=8.72 | edges=1857 | active=0 | κ=1.933 | t=3s
  [WS_Control|seed=7|4rules] step=6000/10000 | σ=8.86 | edges=1819 | active=10 | κ=1.719 | t=4s
  [WS_Control|seed=7|4rules] step=6500/10000 | σ=8.77 | edges=1822 | active=39 | κ=1.740 | t=4s
  [WS_Control|seed=7|4rules] step=7000/10000 | σ=8.62 | edges=1774 | active=12 | κ=1.628 | t=4s
  [WS_Control|seed=7|4rules] step=7500/10000 | σ=8.07 | edges=1762 | active=17 | κ=1.441 | t=4s
  [WS_Control|seed=7|4rules] step=8000/10000 | σ=8.34 | edges=1718 | active=7 | κ=1.242 | t=5s
  [WS_Control|seed=7|4rules] step=8500/10000 | σ=8.63 | edges=1701 | active=6 | κ=1.319 | t=5s
  [WS_Control|seed=7|4rules] step=9000/10000 | σ=8.02 | edges=1650 | active=12 | κ=1.181 | t=5s
  [WS_Control|seed=7|4rules] step=9500/10000 | σ=8.45 | edges=1645 | active=13 | κ=1.210 | t=6s

============================================================
  结果 [WS_Control|seed=7|4-rules]
  雪崩数: 92
  τ_size=2.285 (R²=0.832)
  τ_dur=2.654 (R²=0.819)
  κ(分支比)=0.982
  PSD斜率=0.425 (R²=0.080)
  得分: 1/5
  ============================================================


→ 运行: WS_Control | seed=13 | 4-rules
  [WS_Control|seed=13|4rules] step=0/10000 | σ=10.16 | edges=2228 | active=35 | κ=0.667 | t=0s
  [WS_Control|seed=13|4rules] step=500/10000 | σ=9.88 | edges=2076 | active=15 | κ=0.502 | t=0s
  [WS_Control|seed=13|4rules] step=1000/10000 | σ=9.94 | edges=1925 | active=5 | κ=0.598 | t=1s
  [WS_Control|seed=13|4rules] step=1500/10000 | σ=9.62 | edges=1893 | active=8 | κ=0.812 | t=1s
  [WS_Control|seed=13|4rules] step=2000/10000 | σ=9.77 | edges=1852 | active=12 | κ=1.090 | t=1s
  [WS_Control|seed=13|4rules] step=2500/10000 | σ=9.46 | edges=1884 | active=31 | κ=1.334 | t=1s
  [WS_Control|seed=13|4rules] step=3000/10000 | σ=8.59 | edges=1857 | active=10 | κ=1.763 | t=2s
  [WS_Control|seed=13|4rules] step=3500/10000 | σ=9.17 | edges=1909 | active=24 | κ=1.782 | t=2s
  [WS_Control|seed=13|4rules] step=4000/10000 | σ=9.13 | edges=1858 | active=0 | κ=1.994 | t=2s
  [WS_Control|seed=13|4rules] step=4500/10000 | σ=8.83 | edges=1867 | active=13 | κ=1.788 | t=3s
  [WS_Control|seed=13|4rules] step=5000/10000 | σ=8.06 | edges=1774 | active=9 | κ=1.647 | t=3s
  [WS_Control|seed=13|4rules] step=5500/10000 | σ=8.12 | edges=1809 | active=7 | κ=1.666 | t=3s
  [WS_Control|seed=13|4rules] step=6000/10000 | σ=8.75 | edges=1752 | active=2 | κ=1.776 | t=4s
  [WS_Control|seed=13|4rules] step=6500/10000 | σ=8.09 | edges=1748 | active=14 | κ=1.339 | t=4s
  [WS_Control|seed=13|4rules] step=7000/10000 | σ=8.46 | edges=1714 | active=3 | κ=1.397 | t=4s
  [WS_Control|seed=13|4rules] step=7500/10000 | σ=9.56 | edges=1702 | active=15 | κ=1.254 | t=4s
  [WS_Control|seed=13|4rules] step=8000/10000 | σ=9.82 | edges=1642 | active=4 | κ=1.325 | t=5s
  [WS_Control|seed=13|4rules] step=8500/10000 | σ=9.66 | edges=1649 | active=7 | κ=1.411 | t=5s
  [WS_Control|seed=13|4rules] step=9000/10000 | σ=9.53 | edges=1610 | active=8 | κ=1.190 | t=5s
  [WS_Control|seed=13|4rules] step=9500/10000 | σ=8.78 | edges=1606 | active=12 | κ=1.516 | t=6s

============================================================
  结果 [WS_Control|seed=13|4-rules]
  雪崩数: 73
  τ_size=2.239 (R²=0.691)
  τ_dur=2.785 (R²=0.483)
  κ(分支比)=0.988
  PSD斜率=0.437 (R²=0.080)
  得分: 1/5
  ============================================================


✅ 结果已保存: /home/work/.openclaw/workspace/sdi_sim/exp5_avalanche_results.json
  ⚠️ 绘图失败（数据已保存）: Invalid format specifier '.2f if tau_s else 'N/A'' for object of type 'float'

======================================================================
实验五汇总
======================================================================

网络+规则                          雪崩数        τ_size     τ_dur      κ          PSD        得分      
----------------------------------------------------------------------------------------
C.elegans_3-rules              72         2.50       2.91       0.986      0.31       1.0/5   
C.elegans_4-rules              71         2.16       2.14       0.986      0.43       1.7/5   
Human_HCP_3-rules              1230       1.36       3.93       0.384      0.38       1.0/5   
Human_HCP_4-rules              420        2.37       2.85       0.903      0.32       0.7/5   
WS_Control_3-rules             80         2.41       2.64       0.981      0.47       1.7/5   
WS_Control_4-rules             81         2.14       2.47       0.985      0.43       1.3/5   

======================================================================

❌ 未达标，需要进一步调参

总耗时: 134s (2.2min)
实验五完成。
