======================================================================
SDI Experiment 5 v11 — Soft-Saturation STDP (物理第一性) + Dual-G Calibration
  ★ 软饱和STDP: dw_eff = dw×(1-w/W_MAX),  W_MAX=0.9
  ★ 文献依据: Bhatt 2009 Neuron + BCM 1982
  Phase1 Adapt  : 8000步 | λ_stim=0.25 T_on=80 + 软饱和STDP
  Phase2 Decode : 2000步 | Poisson + 弱STDP + motor记录
  Phase3 Record : 20000步 | 纯BTW + 极弱STDP
  Phase2 Decode : 2000步 | Poisson + STDP(mid) + motor record
  Phase3 Record : 20000步 | BTW only + STDP(weak)
  Calibration   : κ二分法 → 尺寸校准（目标mean_size∈[5,80]）
======================================================================

[3-rules]

-> C.elegans | seed=42 | 3-rules
  [C.elegans|42] N=279 E=224 I=55 | 感觉=60 运动=108
  λ_stim=0.25 T_on=80 | 适应8000→解码2000→记录20000
    [adapt] 0/30000 σ=12.54 edges=1686 w_mean=0.183 n_act=3 t=0s
    [adapt] 4000/30000 σ=9.92 edges=1686 w_mean=0.803 n_act=6 t=3s
    [decode] 8000/30000 σ=7.77 edges=1673 w_mean=0.999 n_act=1 t=5s
    [record] 12000/30000 σ=6.76 edges=1654 w_mean=0.997 n_act=1 t=8s
    [record] 16000/30000 σ=6.05 edges=1654 w_mean=0.995 n_act=1 t=10s
    [record] 20000/30000 σ=5.40 edges=1654 w_mean=0.994 n_act=1 t=12s
    [record] 24000/30000 σ=5.14 edges=1653 w_mean=0.993 n_act=1 t=14s
    [record] 28000/30000 σ=4.90 edges=1653 w_mean=0.992 n_act=1 t=16s

  三阶段完成: edges=1653 σ=4.69 w_mean=0.992
  输出解码: 0.5213 (✓)

  步骤1: κ校准...
    κ校准 iter=1: G=2.00050 → κ=0.9813
    ✅ G=2.00050, κ=0.9813

  步骤2: 雪崩尺寸校准...

    ★ 尺寸校准（目标mean_size∈[5,80]）
    尺寸校准 iter=1: G=2.00050 → mean_size=182.7 zero=44% n_av=23
    尺寸校准 iter=2: G=1.33367 → mean_size=111.4 zero=34% n_av=31
    尺寸校准 iter=3: G=0.88911 → mean_size=45.8 zero=36% n_av=44
    ✅ 尺寸达标: G=0.88911, mean_size=45.8
  最终G=0.88911, 校准mean_size=45.8

  雪崩统计: 零帧=74.3% max=6 mean=0.336

=================================================================
  [C.elegans|42|3r] G=0.8891 w_mean=0.992
  零帧: 74.3% ✓
  雪崩数: 2783 | 均尺寸: 2.4 | 均时长: 1.8 ✓
  多步雪崩: 47.5% ✓
  τ_size=3.039 R²=0.775 p=0.00 ✗
  τ_dur=4.515 R²=0.000 (理论=2.019 误差=124%) ✗
  τ缩放: ✗ (误差124%)
  κ=1.3291±0.646 ✗
  PSD=-0.040 R²=0.001 ✗
  解码=0.5213 ✓
  LR(PL>LN)=293.3
  得分: 4/9
  =================================================================


-> C.elegans | seed=7 | 3-rules
  [C.elegans|7] N=279 E=224 I=55 | 感觉=60 运动=108
  λ_stim=0.25 T_on=80 | 适应8000→解码2000→记录20000
    [adapt] 0/30000 σ=13.05 edges=1668 w_mean=0.184 n_act=2 t=0s
    [adapt] 4000/30000 σ=11.39 edges=1668 w_mean=0.818 n_act=3 t=3s
    [decode] 8000/30000 σ=8.43 edges=1649 w_mean=0.999 n_act=4 t=5s
    [record] 12000/30000 σ=6.91 edges=1631 w_mean=0.997 n_act=1 t=7s
    [record] 16000/30000 σ=6.44 edges=1630 w_mean=0.995 n_act=1 t=10s
    [record] 20000/30000 σ=5.99 edges=1630 w_mean=0.994 n_act=1 t=12s
    [record] 24000/30000 σ=5.18 edges=1630 w_mean=0.992 n_act=1 t=14s
    [record] 28000/30000 σ=4.62 edges=1629 w_mean=0.992 n_act=1 t=16s

  三阶段完成: edges=1629 σ=4.44 w_mean=0.991
  输出解码: 0.4907 (✓)

  步骤1: κ校准...
    κ校准 iter=1: G=2.00050 → κ=0.9807
    ✅ G=2.00050, κ=0.9807

  步骤2: 雪崩尺寸校准...

    ★ 尺寸校准（目标mean_size∈[5,80]）
    尺寸校准 iter=1: G=2.00050 → mean_size=141.8 zero=52% n_av=26
    尺寸校准 iter=2: G=1.33367 → mean_size=99.4 zero=34% n_av=34
    尺寸校准 iter=3: G=0.88911 → mean_size=40.4 zero=31% n_av=47
    ✅ 尺寸达标: G=0.88911, mean_size=40.4
  最终G=0.88911, 校准mean_size=40.4

  雪崩统计: 零帧=74.6% max=5 mean=0.335

=================================================================
  [C.elegans|7|3r] G=0.8891 w_mean=0.991
  零帧: 74.6% ✓
  雪崩数: 2794 | 均尺寸: 2.4 | 均时长: 1.8 ✓
  多步雪崩: 46.2% ✓
  τ_size=3.087 R²=0.719 p=0.00 ✗
  τ_dur=4.578 R²=0.000 (理论=2.043 误差=124%) ✗
  τ缩放: ✗ (误差124%)
  κ=1.3155±0.607 ✗
  PSD=-0.052 R²=0.001 ✗
  解码=0.4907 ✓
  LR(PL>LN)=356.8
  得分: 4/9
  =================================================================


-> C.elegans | seed=13 | 3-rules
  [C.elegans|13] N=279 E=224 I=55 | 感觉=60 运动=108
  λ_stim=0.25 T_on=80 | 适应8000→解码2000→记录20000
    [adapt] 0/30000 σ=12.38 edges=1675 w_mean=0.184 n_act=3 t=0s
    [adapt] 4000/30000 σ=10.57 edges=1674 w_mean=0.846 n_act=7 t=3s
    [decode] 8000/30000 σ=8.51 edges=1649 w_mean=1.000 n_act=3 t=5s
    [record] 12000/30000 σ=5.69 edges=1621 w_mean=0.996 n_act=1 t=8s
    [record] 16000/30000 σ=4.92 edges=1621 w_mean=0.995 n_act=1 t=10s
    [record] 20000/30000 σ=4.45 edges=1621 w_mean=0.993 n_act=1 t=12s
    [record] 24000/30000 σ=3.73 edges=1621 w_mean=0.992 n_act=1 t=14s
    [record] 28000/30000 σ=3.35 edges=1621 w_mean=0.991 n_act=1 t=16s

  三阶段完成: edges=1620 σ=3.15 w_mean=0.991
  输出解码: 0.5901 (✓)

  步骤1: κ校准...
    κ校准 iter=1: G=2.00050 → κ=0.9834
    ✅ G=2.00050, κ=0.9834

  步骤2: 雪崩尺寸校准...

    ★ 尺寸校准（目标mean_size∈[5,80]）
    尺寸校准 iter=1: G=2.00050 → mean_size=140.9 zero=45% n_av=30
    尺寸校准 iter=2: G=1.33367 → mean_size=86.0 zero=34% n_av=40
    尺寸校准 iter=3: G=0.88911 → mean_size=54.3 zero=40% n_av=34
    ✅ 尺寸达标: G=0.88911, mean_size=54.3
  最终G=0.88911, 校准mean_size=54.3

  雪崩统计: 零帧=74.2% max=5 mean=0.332

=================================================================
  [C.elegans|13|3r] G=0.8891 w_mean=0.991
  零帧: 74.2% ✓
  雪崩数: 2786 | 均尺寸: 2.4 | 均时长: 1.8 ✓
  多步雪崩: 48.1% ✓
  τ_size=3.095 R²=0.739 p=0.00 ✗
  τ_dur=3.143 R²=0.851 (理论=2.048 误差=53%) ✗
  τ缩放: ✗ (误差53%)
  κ=1.2962±0.598 ✗
  PSD=-0.073 R²=0.003 ✗
  解码=0.5901 ✓
  LR(PL>LN)=328.1
  得分: 4/9
  =================================================================


-> Human_HCP | seed=42 | 3-rules
  [Human_HCP|42] N=400 E=320 I=80 | 感觉=60 运动=108
  λ_stim=0.25 T_on=80 | 适应8000→解码2000→记录20000
    [adapt] 0/30000 σ=14.14 edges=3035 w_mean=0.183 n_act=3 t=0s
    [adapt] 4000/30000 σ=13.09 edges=3033 w_mean=0.849 n_act=6 t=5s
    [decode] 8000/30000 σ=10.25 edges=3002 w_mean=1.000 n_act=3 t=9s
    [record] 12000/30000 σ=7.90 edges=2973 w_mean=0.998 n_act=1 t=14s
    [record] 16000/30000 σ=6.48 edges=2972 w_mean=0.996 n_act=1 t=18s
    [record] 20000/30000 σ=5.40 edges=2972 w_mean=0.994 n_act=1 t=22s
    [record] 24000/30000 σ=4.56 edges=2972 w_mean=0.994 n_act=1 t=27s
    [record] 28000/30000 σ=3.98 edges=2972 w_mean=0.993 n_act=1 t=31s

  三阶段完成: edges=2972 σ=3.69 w_mean=0.993
  输出解码: 0.3526 (✓)

  步骤1: κ校准...
    κ校准 iter=1: G=2.00050 → κ=0.9914
    ✅ G=2.00050, κ=0.9914

  步骤2: 雪崩尺寸校准...

    ★ 尺寸校准（目标mean_size∈[5,80]）
    尺寸校准 iter=1: G=2.00050 → mean_size=252.8 zero=45% n_av=25
    尺寸校准 iter=2: G=1.33367 → mean_size=154.1 zero=40% n_av=35
    尺寸校准 iter=3: G=0.88911 → mean_size=128.4 zero=28% n_av=33
    尺寸校准 iter=4: G=0.59274 → mean_size=62.1 zero=31% n_av=35
    ✅ 尺寸达标: G=0.59274, mean_size=62.1
  最终G=0.59274, 校准mean_size=62.1

  雪崩统计: 零帧=72.5% max=7 mean=0.391

=================================================================
  [Human_HCP|42|3r] G=0.5927 w_mean=0.993
  零帧: 72.5% ✓
  雪崩数: 2632 | 均尺寸: 3.0 | 均时长: 2.1 ✓
  多步雪崩: 54.2% ✓
  τ_size=3.456 R²=0.640 p=0.00 ✗
  τ_dur=3.780 R²=0.000 (理论=2.228 误差=70%) ✗
  τ缩放: ✗ (误差70%)
  κ=1.3660±0.673 ✗
  PSD=-0.104 R²=0.006 ✗
  解码=0.3526 ✓
  LR(PL>LN)=147.7
  得分: 4/9
  =================================================================


-> Human_HCP | seed=7 | 3-rules
  [Human_HCP|7] N=400 E=320 I=80 | 感觉=60 运动=108
  λ_stim=0.25 T_on=80 | 适应8000→解码2000→记录20000
    [adapt] 0/30000 σ=14.39 edges=2973 w_mean=0.183 n_act=2 t=0s
    [adapt] 4000/30000 σ=12.12 edges=2972 w_mean=0.860 n_act=5 t=5s
    [decode] 8000/30000 σ=7.49 edges=2936 w_mean=1.000 n_act=4 t=9s
    [record] 12000/30000 σ=5.21 edges=2911 w_mean=0.998 n_act=1 t=14s
    [record] 16000/30000 σ=4.09 edges=2911 w_mean=0.996 n_act=1 t=18s
    [record] 20000/30000 σ=3.65 edges=2909 w_mean=0.995 n_act=1 t=22s
    [record] 24000/30000 σ=2.91 edges=2909 w_mean=0.994 n_act=1 t=27s
    [record] 28000/30000 σ=2.51 edges=2909 w_mean=0.993 n_act=1 t=31s

  三阶段完成: edges=2909 σ=2.26 w_mean=0.993
  输出解码: 0.5015 (✓)

  步骤1: κ校准...
    κ校准 iter=1: G=2.00050 → κ=0.9910
    ✅ G=2.00050, κ=0.9910

  步骤2: 雪崩尺寸校准...

    ★ 尺寸校准（目标mean_size∈[5,80]）
    尺寸校准 iter=1: G=2.00050 → mean_size=203.0 zero=44% n_av=31
    尺寸校准 iter=2: G=1.33367 → mean_size=167.9 zero=37% n_av=32
    尺寸校准 iter=3: G=0.88911 → mean_size=110.3 zero=35% n_av=32
    尺寸校准 iter=4: G=0.59274 → mean_size=54.8 zero=30% n_av=36
    ✅ 尺寸达标: G=0.59274, mean_size=54.8
  最终G=0.59274, 校准mean_size=54.8

  雪崩统计: 零帧=72.7% max=9 mean=0.391

=================================================================
  [Human_HCP|7|3r] G=0.5927 w_mean=0.993
  零帧: 72.7% ✓
  雪崩数: 2686 | 均尺寸: 2.9 | 均时长: 2.0 ✓
  多步雪崩: 54.1% ✓
  τ_size=2.594 R²=0.720 p=0.00 ✗
  τ_dur=4.079 R²=0.000 (理论=1.797 误差=127%) ✗
  τ缩放: ✗ (误差127%)
  κ=1.3979±0.706 ✗
  PSD=-0.030 R²=0.000 ✗
  解码=0.5015 ✓
  LR(PL>LN)=12.6
  得分: 4/9
  =================================================================


-> Human_HCP | seed=13 | 3-rules
  [Human_HCP|13] N=400 E=320 I=80 | 感觉=60 运动=108
  λ_stim=0.25 T_on=80 | 适应8000→解码2000→记录20000
    [adapt] 0/30000 σ=14.13 edges=3019 w_mean=0.183 n_act=3 t=0s
    [adapt] 4000/30000 σ=13.34 edges=3019 w_mean=0.835 n_act=6 t=4s
    [decode] 8000/30000 σ=10.35 edges=2990 w_mean=0.999 n_act=1 t=9s
    [record] 12000/30000 σ=7.57 edges=2965 w_mean=0.998 n_act=1 t=14s
    [record] 16000/30000 σ=6.32 edges=2964 w_mean=0.996 n_act=1 t=18s
    [record] 20000/30000 σ=5.11 edges=2964 w_mean=0.995 n_act=1 t=22s
    [record] 24000/30000 σ=4.40 edges=2964 w_mean=0.993 n_act=1 t=26s
    [record] 28000/30000 σ=3.91 edges=2964 w_mean=0.993 n_act=1 t=31s

  三阶段完成: edges=2964 σ=3.69 w_mean=0.993
  输出解码: 0.5078 (✓)

  步骤1: κ校准...
    κ校准 iter=1: G=2.00050 → κ=0.9869
    ✅ G=2.00050, κ=0.9869

  步骤2: 雪崩尺寸校准...

    ★ 尺寸校准（目标mean_size∈[5,80]）
    尺寸校准 iter=1: G=2.00050 → mean_size=209.9 zero=43% n_av=32
    尺寸校准 iter=2: G=1.33367 → mean_size=174.1 zero=38% n_av=31
    尺寸校准 iter=3: G=0.88911 → mean_size=112.3 zero=29% n_av=38
    尺寸校准 iter=4: G=0.59274 → mean_size=37.4 zero=36% n_av=45
    ✅ 尺寸达标: G=0.59274, mean_size=37.4
  最终G=0.59274, 校准mean_size=37.4

  雪崩统计: 零帧=73.1% max=6 mean=0.386

=================================================================
  [Human_HCP|13|3r] G=0.5927 w_mean=0.993
  零帧: 73.1% ✓
  雪崩数: 2634 | 均尺寸: 2.9 | 均时长: 2.0 ✓
  多步雪崩: 53.3% ✓
  τ_size=3.531 R²=0.717 p=0.00 ✗
  τ_dur=3.905 R²=0.000 (理论=2.266 误差=72%) ✗
  τ缩放: ✗ (误差72%)
  κ=1.3944±0.715 ✗
  PSD=-0.024 R²=0.000 ✗
  解码=0.5078 ✓
  LR(PL>LN)=181.5
  得分: 4/9
  =================================================================


-> WS_Control | seed=42 | 3-rules
  [WS_Control|42] N=279 E=224 I=55 | 感觉=60 运动=108
  λ_stim=0.25 T_on=80 | 适应8000→解码2000→记录20000
    [adapt] 0/30000 σ=12.21 edges=1701 w_mean=0.184 n_act=3 t=0s
    [adapt] 4000/30000 σ=9.17 edges=1701 w_mean=0.853 n_act=3 t=3s
    [decode] 8000/30000 σ=6.57 edges=1684 w_mean=0.999 n_act=2 t=5s
    [record] 12000/30000 σ=5.04 edges=1667 w_mean=0.998 n_act=1 t=8s
    [record] 16000/30000 σ=4.46 edges=1665 w_mean=0.996 n_act=1 t=10s
    [record] 20000/30000 σ=4.03 edges=1665 w_mean=0.995 n_act=1 t=12s
    [record] 24000/30000 σ=3.56 edges=1664 w_mean=0.995 n_act=1 t=14s
    [record] 28000/30000 σ=3.23 edges=1663 w_mean=0.994 n_act=1 t=17s

  三阶段完成: edges=1663 σ=3.10 w_mean=0.993
  输出解码: 0.4645 (✓)

  步骤1: κ校准...
    κ校准 iter=1: G=2.00050 → κ=0.9806
    ✅ G=2.00050, κ=0.9806

  步骤2: 雪崩尺寸校准...

    ★ 尺寸校准（目标mean_size∈[5,80]）
    尺寸校准 iter=1: G=2.00050 → mean_size=156.1 zero=41% n_av=28
    尺寸校准 iter=2: G=1.33367 → mean_size=94.2 zero=36% n_av=36
    尺寸校准 iter=3: G=0.88911 → mean_size=41.7 zero=35% n_av=49
    ✅ 尺寸达标: G=0.88911, mean_size=41.7
  最终G=0.88911, 校准mean_size=41.7

  雪崩统计: 零帧=74.3% max=5 mean=0.337

=================================================================
  [WS_Control|42|3r] G=0.8891 w_mean=0.993
  零帧: 74.3% ✓
  雪崩数: 2869 | 均尺寸: 2.3 | 均时长: 1.8 ✓
  多步雪崩: 46.4% ✓
  τ_size=3.181 R²=0.702 p=0.00 ✗
  τ_dur=3.271 R²=0.827 (理论=2.091 误差=56%) ✗
  τ缩放: ✗ (误差56%)
  κ=1.3141±0.628 ✗
  PSD=-0.072 R²=0.003 ✗
  解码=0.4645 ✓
  LR(PL>LN)=411.3
  得分: 4/9
  =================================================================


-> WS_Control | seed=7 | 3-rules
  [WS_Control|7] N=279 E=224 I=55 | 感觉=60 运动=108
  λ_stim=0.25 T_on=80 | 适应8000→解码2000→记录20000
    [adapt] 0/30000 σ=11.13 edges=1672 w_mean=0.182 n_act=2 t=0s
    [adapt] 4000/30000 σ=8.23 edges=1670 w_mean=0.814 n_act=2 t=3s
    [decode] 8000/30000 σ=5.80 edges=1651 w_mean=0.999 n_act=4 t=5s
    [record] 12000/30000 σ=4.30 edges=1634 w_mean=0.998 n_act=1 t=8s
    [record] 16000/30000 σ=3.84 edges=1634 w_mean=0.996 n_act=1 t=10s
    [record] 20000/30000 σ=3.34 edges=1634 w_mean=0.994 n_act=1 t=12s
    [record] 24000/30000 σ=2.94 edges=1634 w_mean=0.993 n_act=1 t=14s
    [record] 28000/30000 σ=2.66 edges=1633 w_mean=0.993 n_act=1 t=16s

  三阶段完成: edges=1632 σ=2.37 w_mean=0.992
  输出解码: 0.5175 (✓)

  步骤1: κ校准...
    κ校准 iter=1: G=2.00050 → κ=0.9793
    ✅ G=2.00050, κ=0.9793

  步骤2: 雪崩尺寸校准...

    ★ 尺寸校准（目标mean_size∈[5,80]）
    尺寸校准 iter=1: G=2.00050 → mean_size=152.4 zero=47% n_av=27
    尺寸校准 iter=2: G=1.33367 → mean_size=113.8 zero=34% n_av=30
    尺寸校准 iter=3: G=0.88911 → mean_size=49.6 zero=33% n_av=41
    ✅ 尺寸达标: G=0.88911, mean_size=49.6
  最终G=0.88911, 校准mean_size=49.6

  雪崩统计: 零帧=74.5% max=5 mean=0.334

=================================================================
  [WS_Control|7|3r] G=0.8891 w_mean=0.992
  零帧: 74.5% ✓
  雪崩数: 2828 | 均尺寸: 2.4 | 均时长: 1.8 ✓
  多步雪崩: 45.5% ✓
  τ_size=3.127 R²=0.728 p=0.00 ✗
  τ_dur=4.623 R²=0.000 (理论=2.063 误差=124%) ✗
  τ缩放: ✗ (误差124%)
  κ=1.3267±0.627 ✗
  PSD=-0.038 R²=0.001 ✗
  解码=0.5175 ✓
  LR(PL>LN)=393.1
  得分: 4/9
  =================================================================


-> WS_Control | seed=13 | 3-rules
  [WS_Control|13] N=279 E=224 I=55 | 感觉=60 运动=108
  λ_stim=0.25 T_on=80 | 适应8000→解码2000→记录20000
    [adapt] 0/30000 σ=11.26 edges=1656 w_mean=0.184 n_act=3 t=0s
    [adapt] 4000/30000 σ=9.65 edges=1656 w_mean=0.818 n_act=11 t=3s
    [decode] 8000/30000 σ=7.16 edges=1632 w_mean=0.999 n_act=2 t=5s
    [record] 12000/30000 σ=5.18 edges=1612 w_mean=0.997 n_act=1 t=8s
    [record] 16000/30000 σ=4.34 edges=1611 w_mean=0.995 n_act=1 t=10s
    [record] 20000/30000 σ=3.87 edges=1610 w_mean=0.994 n_act=1 t=12s
    [record] 24000/30000 σ=3.40 edges=1609 w_mean=0.993 n_act=1 t=14s
    [record] 28000/30000 σ=2.90 edges=1609 w_mean=0.992 n_act=1 t=16s

  三阶段完成: edges=1609 σ=2.67 w_mean=0.992
  输出解码: 0.4528 (✓)

  步骤1: κ校准...
    κ校准 iter=1: G=2.00050 → κ=0.9891
    ✅ G=2.00050, κ=0.9891

  步骤2: 雪崩尺寸校准...

    ★ 尺寸校准（目标mean_size∈[5,80]）
    尺寸校准 iter=1: G=2.00050 → mean_size=150.9 zero=43% n_av=27
    尺寸校准 iter=2: G=1.33367 → mean_size=81.2 zero=37% n_av=38
    尺寸校准 iter=3: G=0.88911 → mean_size=50.9 zero=40% n_av=34
    ✅ 尺寸达标: G=0.88911, mean_size=50.9
  最终G=0.88911, 校准mean_size=50.9

  雪崩统计: 零帧=74.5% max=6 mean=0.332

=================================================================
  [WS_Control|13|3r] G=0.8891 w_mean=0.992
  零帧: 74.5% ✓
  雪崩数: 2829 | 均尺寸: 2.3 | 均时长: 1.8 ✓
  多步雪崩: 46.0% ✓
  τ_size=3.171 R²=0.736 p=0.00 ✗
  τ_dur=4.728 R²=0.000 (理论=2.085 误差=127%) ✗
  τ缩放: ✗ (误差127%)
  κ=1.3390±0.613 ✗
  PSD=-0.015 R²=0.000 ✗
  解码=0.4528 ✓
  LR(PL>LN)=394.8
  得分: 4/9
  =================================================================


[4-rules]

-> C.elegans | seed=42 | 4-rules
  [C.elegans|42] N=279 E=224 I=55 | 感觉=60 运动=108
  λ_stim=0.25 T_on=80 | 适应8000→解码2000→记录20000
    [adapt] 0/30000 σ=12.54 edges=1686 w_mean=0.183 n_act=3 t=0s
    [adapt] 4000/30000 σ=13.25 edges=1047 w_mean=0.840 n_act=3 t=3s
    [decode] 8000/30000 σ=11.32 edges=994 w_mean=1.000 n_act=3 t=5s
    [record] 12000/30000 σ=10.79 edges=992 w_mean=0.998 n_act=1 t=7s
    [record] 16000/30000 σ=9.03 edges=992 w_mean=0.998 n_act=1 t=9s
    [record] 20000/30000 σ=8.03 edges=992 w_mean=0.997 n_act=1 t=11s
    [record] 24000/30000 σ=7.39 edges=992 w_mean=0.997 n_act=1 t=13s
    [record] 28000/30000 σ=5.91 edges=992 w_mean=0.997 n_act=1 t=16s

  三阶段完成: edges=992 σ=5.93 w_mean=0.997
  输出解码: 0.5380 (✓)

  步骤1: κ校准...
    κ校准 iter=1: G=2.00050 → κ=0.9721
    ✅ G=2.00050, κ=0.9721

  步骤2: 雪崩尺寸校准...

    ★ 尺寸校准（目标mean_size∈[5,80]）
    尺寸校准 iter=1: G=2.00050 → mean_size=61.9 zero=38% n_av=34
    ✅ 尺寸达标: G=2.00050, mean_size=61.9
  最终G=2.00050, 校准mean_size=61.9

  雪崩统计: 零帧=79.9% max=6 mean=0.218

=================================================================
  [C.elegans|42|4r] G=2.0005 w_mean=0.997
  零帧: 79.9% ✓
  雪崩数: 2924 | 均尺寸: 1.5 | 均时长: 1.4 ✓
  多步雪崩: 28.0% ✓
  τ_size=4.412 R²=0.924 p=0.00 ✗
  τ_dur=5.347 R²=0.944 (理论=2.706 误差=98%) ✗
  τ缩放: ✗ (误差98%)
  κ=1.1252±0.362 ✓
  PSD=0.066 R²=0.002 ✗
  解码=0.5380 ✓
  LR(PL>LN)=2362.9
  得分: 5/9
  =================================================================


-> C.elegans | seed=7 | 4-rules
  [C.elegans|7] N=279 E=224 I=55 | 感觉=60 运动=108
  λ_stim=0.25 T_on=80 | 适应8000→解码2000→记录20000
    [adapt] 0/30000 σ=13.05 edges=1668 w_mean=0.184 n_act=2 t=0s
    [adapt] 4000/30000 σ=12.14 edges=1037 w_mean=0.853 n_act=2 t=3s
    [decode] 8000/30000 σ=9.85 edges=985 w_mean=0.999 n_act=3 t=5s
    [record] 12000/30000 σ=9.38 edges=983 w_mean=0.999 n_act=1 t=7s
    [record] 16000/30000 σ=7.73 edges=983 w_mean=0.999 n_act=1 t=9s
    [record] 20000/30000 σ=5.86 edges=983 w_mean=0.998 n_act=1 t=11s
    [record] 24000/30000 σ=5.51 edges=983 w_mean=0.998 n_act=1 t=13s
    [record] 28000/30000 σ=4.86 edges=983 w_mean=0.998 n_act=1 t=16s

  三阶段完成: edges=983 σ=5.01 w_mean=0.998
  输出解码: 0.4139 (✓)

  步骤1: κ校准...
    κ校准 iter=1: G=2.00050 → κ=0.9814
    ✅ G=2.00050, κ=0.9814

  步骤2: 雪崩尺寸校准...

    ★ 尺寸校准（目标mean_size∈[5,80]）
    尺寸校准 iter=1: G=2.00050 → mean_size=97.5 zero=31% n_av=29
    尺寸校准 iter=2: G=1.33367 → mean_size=24.7 zero=36% n_av=48
    ✅ 尺寸达标: G=1.33367, mean_size=24.7
  最终G=1.33367, 校准mean_size=24.7

  雪崩统计: 零帧=80.2% max=3 mean=0.216

=================================================================
  [C.elegans|7|4r] G=1.3337 w_mean=0.998
  零帧: 80.2% ✓
  雪崩数: 2944 | 均尺寸: 1.5 | 均时长: 1.3 ✓
  多步雪崩: 27.4% ✓
  τ_size=4.565 R²=0.945 p=0.00 ✗
  τ_dur=5.588 R²=0.935 (理论=2.783 误差=101%) ✗
  τ缩放: ✗ (误差101%)
  κ=1.1609±0.394 ✗
  PSD=0.066 R²=0.002 ✗
  解码=0.4139 ✓
  LR(PL>LN)=2440.4
  得分: 4/9
  =================================================================


-> C.elegans | seed=13 | 4-rules
  [C.elegans|13] N=279 E=224 I=55 | 感觉=60 运动=108
  λ_stim=0.25 T_on=80 | 适应8000→解码2000→记录20000
    [adapt] 0/30000 σ=12.38 edges=1675 w_mean=0.184 n_act=3 t=0s
    [adapt] 4000/30000 σ=12.95 edges=1039 w_mean=0.835 n_act=5 t=3s
    [decode] 8000/30000 σ=10.30 edges=997 w_mean=0.999 n_act=3 t=5s
    [record] 12000/30000 σ=7.58 edges=994 w_mean=0.999 n_act=1 t=7s
    [record] 16000/30000 σ=6.20 edges=994 w_mean=0.998 n_act=1 t=9s
    [record] 20000/30000 σ=5.77 edges=994 w_mean=0.998 n_act=1 t=11s
    [record] 24000/30000 σ=4.89 edges=994 w_mean=0.998 n_act=1 t=13s
    [record] 28000/30000 σ=4.26 edges=994 w_mean=0.998 n_act=1 t=16s

  三阶段完成: edges=994 σ=4.21 w_mean=0.998
  输出解码: 0.5501 (✓)

  步骤1: κ校准...
    κ校准 iter=1: G=2.00050 → κ=0.9763
    ✅ G=2.00050, κ=0.9763

  步骤2: 雪崩尺寸校准...

    ★ 尺寸校准（目标mean_size∈[5,80]）
    尺寸校准 iter=1: G=2.00050 → mean_size=65.2 zero=39% n_av=39
    ✅ 尺寸达标: G=2.00050, mean_size=65.2
  最终G=2.00050, 校准mean_size=65.2

  雪崩统计: 零帧=80.2% max=3 mean=0.216

=================================================================
  [C.elegans|13|4r] G=2.0005 w_mean=0.998
  零帧: 80.2% ✓
  雪崩数: 2860 | 均尺寸: 1.5 | 均时长: 1.4 ✓
  多步雪崩: 29.0% ✓
  τ_size=4.302 R²=0.971 p=0.00 ✗
  τ_dur=5.221 R²=0.964 (理论=2.651 误差=97%) ✗
  τ缩放: ✗ (误差97%)
  κ=1.1428±0.390 ✓
  PSD=0.051 R²=0.001 ✗
  解码=0.5501 ✓
  LR(PL>LN)=2251.2
  得分: 5/9
  =================================================================


-> Human_HCP | seed=42 | 4-rules
  [Human_HCP|42] N=400 E=320 I=80 | 感觉=60 运动=108
  λ_stim=0.25 T_on=80 | 适应8000→解码2000→记录20000
    [adapt] 0/30000 σ=14.14 edges=3035 w_mean=0.183 n_act=3 t=0s
    [adapt] 4000/30000 σ=15.98 edges=1683 w_mean=0.836 n_act=4 t=4s
    [decode] 8000/30000 σ=15.16 edges=1560 w_mean=1.000 n_act=3 t=9s
    [record] 12000/30000 σ=14.19 edges=1555 w_mean=0.999 n_act=1 t=13s
    [record] 16000/30000 σ=12.61 edges=1555 w_mean=0.999 n_act=1 t=17s
    [record] 20000/30000 σ=11.62 edges=1555 w_mean=0.999 n_act=1 t=21s
    [record] 24000/30000 σ=11.01 edges=1555 w_mean=0.998 n_act=1 t=25s
    [record] 28000/30000 σ=9.53 edges=1555 w_mean=0.998 n_act=1 t=29s

  三阶段完成: edges=1555 σ=9.18 w_mean=0.998
  输出解码: 0.4893 (✓)

  步骤1: κ校准...
    κ校准 iter=1: G=2.00050 → κ=0.9821
    ✅ G=2.00050, κ=0.9821

  步骤2: 雪崩尺寸校准...

    ★ 尺寸校准（目标mean_size∈[5,80]）
    尺寸校准 iter=1: G=2.00050 → mean_size=104.8 zero=32% n_av=33
    尺寸校准 iter=2: G=1.33367 → mean_size=28.7 zero=29% n_av=51
    ✅ 尺寸达标: G=1.33367, mean_size=28.7
  最终G=1.33367, 校准mean_size=28.7

  雪崩统计: 零帧=80.0% max=3 mean=0.219

=================================================================
  [Human_HCP|42|4r] G=1.3337 w_mean=0.998
  零帧: 80.0% ✓
  雪崩数: 2897 | 均尺寸: 1.5 | 均时长: 1.4 ✓
  多步雪崩: 29.8% ✓
  τ_size=6.760 R²=0.000 p=0.00 ✗
  τ_dur=5.168 R²=0.934 (理论=3.880 误差=33%) ✗
  τ缩放: ✗ (误差33%)
  κ=1.1228±0.383 ✓
  PSD=0.068 R²=0.002 ✗
  解码=0.4893 ✓
  LR(PL>LN)=746.4
  得分: 5/9
  =================================================================


-> Human_HCP | seed=7 | 4-rules
  [Human_HCP|7] N=400 E=320 I=80 | 感觉=60 运动=108
  λ_stim=0.25 T_on=80 | 适应8000→解码2000→记录20000
    [adapt] 0/30000 σ=14.39 edges=2973 w_mean=0.183 n_act=2 t=0s
    [adapt] 4000/30000 σ=12.55 edges=1685 w_mean=0.850 n_act=1 t=4s
    [decode] 8000/30000 σ=9.74 edges=1527 w_mean=1.000 n_act=2 t=9s
    [record] 12000/30000 σ=8.45 edges=1521 w_mean=0.999 n_act=1 t=13s
    [record] 16000/30000 σ=7.36 edges=1521 w_mean=0.999 n_act=1 t=17s
    [record] 20000/30000 σ=7.28 edges=1521 w_mean=0.999 n_act=1 t=21s
    [record] 24000/30000 σ=6.64 edges=1521 w_mean=0.998 n_act=1 t=25s
    [record] 28000/30000 σ=5.23 edges=1521 w_mean=0.998 n_act=1 t=29s

  三阶段完成: edges=1521 σ=5.19 w_mean=0.998
  输出解码: 0.4991 (✓)

  步骤1: κ校准...
    κ校准 iter=1: G=2.00050 → κ=0.9760
    ✅ G=2.00050, κ=0.9760

  步骤2: 雪崩尺寸校准...

    ★ 尺寸校准（目标mean_size∈[5,80]）
    尺寸校准 iter=1: G=2.00050 → mean_size=95.2 zero=27% n_av=38
    尺寸校准 iter=2: G=1.33367 → mean_size=27.8 zero=39% n_av=51
    ✅ 尺寸达标: G=1.33367, mean_size=27.8
  最终G=1.33367, 校准mean_size=27.8

  雪崩统计: 零帧=80.5% max=3 mean=0.213

=================================================================
  [Human_HCP|7|4r] G=1.3337 w_mean=0.998
  零帧: 80.5% ✓
  雪崩数: 2836 | 均尺寸: 1.5 | 均时长: 1.4 ✓
  多步雪崩: 29.0% ✓
  τ_size=4.328 R²=0.966 p=0.00 ✗
  τ_dur=5.243 R²=0.927 (理论=2.664 误差=97%) ✗
  τ缩放: ✗ (误差97%)
  κ=1.1464±0.384 ✓
  PSD=0.048 R²=0.001 ✗
  解码=0.4991 ✓
  LR(PL>LN)=2257.2
  得分: 5/9
  =================================================================


-> Human_HCP | seed=13 | 4-rules
  [Human_HCP|13] N=400 E=320 I=80 | 感觉=60 运动=108
  λ_stim=0.25 T_on=80 | 适应8000→解码2000→记录20000
    [adapt] 0/30000 σ=14.13 edges=3019 w_mean=0.183 n_act=3 t=0s
    [adapt] 4000/30000 σ=15.84 edges=1667 w_mean=0.889 n_act=4 t=4s
    [decode] 8000/30000 σ=16.18 edges=1527 w_mean=0.999 n_act=0 t=9s
    [record] 12000/30000 σ=14.23 edges=1522 w_mean=0.999 n_act=1 t=13s
    [record] 16000/30000 σ=12.59 edges=1522 w_mean=0.998 n_act=1 t=17s
    [record] 20000/30000 σ=12.23 edges=1522 w_mean=0.998 n_act=1 t=21s
    [record] 24000/30000 σ=11.40 edges=1522 w_mean=0.998 n_act=1 t=25s
    [record] 28000/30000 σ=10.83 edges=1522 w_mean=0.998 n_act=1 t=29s

  三阶段完成: edges=1522 σ=10.32 w_mean=0.998
  输出解码: 0.4625 (✓)

  步骤1: κ校准...
    κ校准 iter=1: G=2.00050 → κ=0.9844
    ✅ G=2.00050, κ=0.9844

  步骤2: 雪崩尺寸校准...

    ★ 尺寸校准（目标mean_size∈[5,80]）
    尺寸校准 iter=1: G=2.00050 → mean_size=103.6 zero=31% n_av=33
    尺寸校准 iter=2: G=1.33367 → mean_size=33.4 zero=34% n_av=50
    ✅ 尺寸达标: G=1.33367, mean_size=33.4
  最终G=1.33367, 校准mean_size=33.4

  雪崩统计: 零帧=80.3% max=3 mean=0.215

=================================================================
  [Human_HCP|13|4r] G=1.3337 w_mean=0.998
  零帧: 80.3% ✓
  雪崩数: 2900 | 均尺寸: 1.5 | 均时长: 1.4 ✓
  多步雪崩: 27.5% ✓
  τ_size=4.425 R²=0.936 p=0.00 ✗
  τ_dur=5.484 R²=0.935 (理论=2.712 误差=102%) ✗
  τ缩放: ✗ (误差102%)
  κ=1.1184±0.356 ✓
  PSD=0.044 R²=0.001 ✗
  解码=0.4625 ✓
  LR(PL>LN)=2328.4
  得分: 5/9
  =================================================================


-> WS_Control | seed=42 | 4-rules
  [WS_Control|42] N=279 E=224 I=55 | 感觉=60 运动=108
  λ_stim=0.25 T_on=80 | 适应8000→解码2000→记录20000
    [adapt] 0/30000 σ=12.21 edges=1701 w_mean=0.184 n_act=3 t=0s
    [adapt] 4000/30000 σ=11.04 edges=1051 w_mean=0.838 n_act=3 t=3s
    [decode] 8000/30000 σ=8.94 edges=994 w_mean=1.000 n_act=1 t=5s
    [record] 12000/30000 σ=7.65 edges=992 w_mean=0.999 n_act=1 t=7s
    [record] 16000/30000 σ=6.27 edges=992 w_mean=0.999 n_act=1 t=9s
    [record] 20000/30000 σ=5.71 edges=992 w_mean=0.998 n_act=1 t=11s
    [record] 24000/30000 σ=4.62 edges=992 w_mean=0.998 n_act=1 t=14s
    [record] 28000/30000 σ=4.91 edges=992 w_mean=0.998 n_act=1 t=16s

  三阶段完成: edges=992 σ=4.88 w_mean=0.998
  输出解码: 0.5161 (✓)

  步骤1: κ校准...
    κ校准 iter=1: G=2.00050 → κ=0.9747
    ✅ G=2.00050, κ=0.9747

  步骤2: 雪崩尺寸校准...

    ★ 尺寸校准（目标mean_size∈[5,80]）
    尺寸校准 iter=1: G=2.00050 → mean_size=74.4 zero=36% n_av=34
    ✅ 尺寸达标: G=2.00050, mean_size=74.4
  最终G=2.00050, 校准mean_size=74.4

  雪崩统计: 零帧=80.6% max=3 mean=0.214

=================================================================
  [WS_Control|42|4r] G=2.0005 w_mean=0.998
  零帧: 80.6% ✓
  雪崩数: 2878 | 均尺寸: 1.5 | 均时长: 1.3 ✓
  多步雪崩: 27.9% ✓
  τ_size=4.409 R²=0.867 p=0.00 ✗
  τ_dur=5.539 R²=0.918 (理论=2.704 误差=105%) ✗
  τ缩放: ✗ (误差105%)
  κ=1.1858±0.431 ✗
  PSD=0.079 R²=0.004 ✗
  解码=0.5161 ✓
  LR(PL>LN)=2307.4
  得分: 4/9
  =================================================================


-> WS_Control | seed=7 | 4-rules
  [WS_Control|7] N=279 E=224 I=55 | 感觉=60 运动=108
  λ_stim=0.25 T_on=80 | 适应8000→解码2000→记录20000
    [adapt] 0/30000 σ=11.13 edges=1672 w_mean=0.182 n_act=2 t=0s
    [adapt] 4000/30000 σ=10.29 edges=1030 w_mean=0.800 n_act=1 t=3s
    [decode] 8000/30000 σ=8.84 edges=991 w_mean=0.998 n_act=4 t=5s
    [record] 12000/30000 σ=6.51 edges=991 w_mean=0.999 n_act=1 t=7s
    [record] 16000/30000 σ=4.45 edges=991 w_mean=0.999 n_act=1 t=9s
    [record] 20000/30000 σ=4.19 edges=991 w_mean=0.999 n_act=1 t=12s
    [record] 24000/30000 σ=4.10 edges=991 w_mean=0.999 n_act=1 t=14s
    [record] 28000/30000 σ=3.95 edges=991 w_mean=0.999 n_act=1 t=16s

  三阶段完成: edges=991 σ=3.53 w_mean=0.999
  输出解码: 0.5330 (✓)

  步骤1: κ校准...
    κ校准 iter=1: G=2.00050 → κ=0.9649
    ✅ G=2.00050, κ=0.9649

  步骤2: 雪崩尺寸校准...

    ★ 尺寸校准（目标mean_size∈[5,80]）
    尺寸校准 iter=1: G=2.00050 → mean_size=64.0 zero=37% n_av=39
    ✅ 尺寸达标: G=2.00050, mean_size=64.0
  最终G=2.00050, 校准mean_size=64.0

  雪崩统计: 零帧=80.4% max=3 mean=0.213

=================================================================
  [WS_Control|7|4r] G=2.0005 w_mean=0.999
  零帧: 80.4% ✓
  雪崩数: 2896 | 均尺寸: 1.5 | 均时长: 1.4 ✓
  多步雪崩: 27.3% ✓
  τ_size=4.545 R²=0.968 p=0.00 ✗
  τ_dur=5.536 R²=0.954 (理论=2.772 误差=100%) ✗
  τ缩放: ✗ (误差100%)
  κ=1.1225±0.371 ✓
  PSD=0.062 R²=0.002 ✗
  解码=0.5330 ✓
  LR(PL>LN)=2383.9
  得分: 5/9
  =================================================================


-> WS_Control | seed=13 | 4-rules
  [WS_Control|13] N=279 E=224 I=55 | 感觉=60 运动=108
  λ_stim=0.25 T_on=80 | 适应8000→解码2000→记录20000
    [adapt] 0/30000 σ=11.26 edges=1656 w_mean=0.184 n_act=3 t=0s
    [adapt] 4000/30000 σ=10.07 edges=1013 w_mean=0.863 n_act=5 t=3s
    [decode] 8000/30000 σ=7.69 edges=977 w_mean=0.999 n_act=2 t=5s
    [record] 12000/30000 σ=6.72 edges=977 w_mean=0.999 n_act=1 t=7s
    [record] 16000/30000 σ=5.61 edges=977 w_mean=0.998 n_act=1 t=9s
    [record] 20000/30000 σ=5.03 edges=977 w_mean=0.998 n_act=1 t=12s
    [record] 24000/30000 σ=4.60 edges=977 w_mean=0.998 n_act=1 t=14s
    [record] 28000/30000 σ=4.07 edges=977 w_mean=0.998 n_act=1 t=16s

  三阶段完成: edges=977 σ=3.88 w_mean=0.998
  输出解码: 0.3795 (✓)

  步骤1: κ校准...
    κ校准 iter=1: G=2.00050 → κ=0.9637
    ✅ G=2.00050, κ=0.9637

  步骤2: 雪崩尺寸校准...

    ★ 尺寸校准（目标mean_size∈[5,80]）
    尺寸校准 iter=1: G=2.00050 → mean_size=40.8 zero=38% n_av=52
    ✅ 尺寸达标: G=2.00050, mean_size=40.8
  最终G=2.00050, 校准mean_size=40.8

  雪崩统计: 零帧=80.3% max=3 mean=0.216

=================================================================
  [WS_Control|13|4r] G=2.0005 w_mean=0.998
  零帧: 80.3% ✓
  雪崩数: 2933 | 均尺寸: 1.5 | 均时长: 1.3 ✓
  多步雪崩: 26.6% ✓
  τ_size=4.521 R²=0.968 p=0.00 ✗
  τ_dur=5.656 R²=0.975 (理论=2.760 误差=105%) ✗
  τ缩放: ✗ (误差105%)
  κ=1.1309±0.395 ✓
  PSD=0.082 R²=0.004 ✗
  解码=0.3795 ✓
  LR(PL>LN)=2415.4
  得分: 5/9
  =================================================================

/home/work/.openclaw/workspace/sdi_sim/sdi_experiment5_v11.py:919: UserWarning: No artists with labels found to put in legend.  Note that artists whose label start with an underscore are ignored when legend() is called with no argument.
  ax2.tick_params(labelsize=6); ax2.legend(fontsize=5)

Saved: /home/work/.openclaw/workspace/sdi_sim/exp5_v11_avalanche_results.json
Figure: /home/work/.openclaw/workspace/sdi_sim/exp5_v11_avalanche_results.png

======================================================================
Summary v11
======================================================================

Group                        G_f    ms     κ      τ_s    τ_d    se%    PSD    dec    zero   Score
----------------------------------------------------------------------------------------------------
C.elegans_3-rules            0.889  2.4    1.314  3.07   4.08   100%  -0.06  0.534  74%   4.0/9
C.elegans_4-rules            1.778  1.5    1.143  4.43   5.39   98%  0.06   0.501  80%   4.7/9
Human_HCP_3-rules            0.593  2.9    1.386  3.19   3.92   90%  -0.05  0.454  73%   4.0/9
Human_HCP_4-rules            1.334  1.5    1.129  5.17   5.30   77%  0.05   0.484  80%   5.0/9
WS_Control_3-rules           0.889  2.4    1.327  3.16   4.21   102%  -0.04  0.478  74%   4.0/9
WS_Control_4-rules           2.001  1.5    1.146  4.49   5.58   103%  0.07   0.476  80%   4.7/9

Best: C.elegans | 4-rules | seed=42
  tau_s=4.412  tau_d=5.347  kappa=1.125
  G_final=2.0005  mean_size=1.5
  decode=0.5380  score=5/9

Total: 417s (6.9min)
v11 complete.
