======================================================================
SDI Experiment 5 v9 — Three-Phase Protocol
  Phase1 Adapt  : 6000 steps | Poisson λ_stim=0.15 + STDP(strong)
  Phase2 Decode : 2000 steps | Poisson + STDP(mid) + motor recording
  Phase3 Record : 20000 steps | BTW only + STDP(weak)
  C.elegans types: sensory=60 inter=111 motor=108
  4 Modalities: Chem/Odor/Temp/Mech
  All v7 fixes inherited: real STDP dt, delay queues, KS test, STD cont.
======================================================================

[3-rules]

-> C.elegans | seed=42 | 3-rules
  [C.elegans|42] N=279 E=224 I=55 | 感觉=60 运动=108
  三阶段：适应6000 → 解码2000 → 雪崩20000
    [adapt] 0/28000 σ=12.54 edges=1686 n_act=2 t=0s
    [adapt] 3000/28000 σ=11.59 edges=1686 n_act=1 t=2s
    [decode] 6000/28000 σ=9.92 edges=1682 n_act=3 t=4s
    [record] 9000/28000 σ=7.40 edges=1672 n_act=1 t=6s
    [record] 12000/28000 σ=6.24 edges=1672 n_act=1 t=7s
    [record] 15000/28000 σ=5.32 edges=1672 n_act=1 t=9s
    [record] 18000/28000 σ=4.72 edges=1671 n_act=1 t=11s
    [record] 21000/28000 σ=4.20 edges=1670 n_act=1 t=12s
    [record] 24000/28000 σ=3.92 edges=1670 n_act=1 t=14s
    [record] 27000/28000 σ=3.84 edges=1670 n_act=1 t=16s

  完成三阶段。edges=1670 σ=3.78
  输出解码余弦距离: 0.3824 (✓)

  临界点校准...
    校准 iter=1: G=2.00050 → κ=0.9816
    ✅ G=2.00050, κ=0.9816
  G=2.00050, κ=0.9816

  雪崩统计: 零帧=74.2% 最大=5 均=0.334

=================================================================
  [C.elegans|42|3r] G=2.0005
  零帧: 74.2% ✓
  雪崩数: 2789 | 均尺寸: 2.4 | 均时长: 1.8 ✓
  多步雪崩: 48.2% ✓
  τ_size=3.082 R²=0.719 p=0.00 ✗
  τ_dur=3.143 R²=0.838 (理论=2.041 误差=54%) ✗
  τ缩放: ✗ (误差54%)
  κ=1.3174±0.594 ✗
  PSD=-0.054 R²=0.001 ✗
  解码=0.3824 ✓
  LR(PL>LN)=332.5
  得分: 4/9
  =================================================================


-> C.elegans | seed=7 | 3-rules
  [C.elegans|7] N=279 E=224 I=55 | 感觉=60 运动=108
  三阶段：适应6000 → 解码2000 → 雪崩20000
    [adapt] 0/28000 σ=13.07 edges=1668 n_act=1 t=0s
    [adapt] 3000/28000 σ=10.57 edges=1668 n_act=4 t=2s
    [decode] 6000/28000 σ=8.78 edges=1665 n_act=10 t=4s
    [record] 9000/28000 σ=7.11 edges=1650 n_act=1 t=6s
    [record] 12000/28000 σ=6.57 edges=1649 n_act=1 t=7s
    [record] 15000/28000 σ=5.79 edges=1648 n_act=1 t=9s
    [record] 18000/28000 σ=4.93 edges=1647 n_act=1 t=11s
    [record] 21000/28000 σ=4.78 edges=1647 n_act=1 t=12s
    [record] 24000/28000 σ=4.37 edges=1647 n_act=1 t=14s
    [record] 27000/28000 σ=4.19 edges=1647 n_act=1 t=16s

  完成三阶段。edges=1647 σ=4.18
  输出解码余弦距离: 0.3956 (✓)

  临界点校准...
    校准 iter=1: G=2.00050 → κ=0.9885
    ✅ G=2.00050, κ=0.9885
  G=2.00050, κ=0.9885

  雪崩统计: 零帧=74.3% 最大=5 均=0.337

=================================================================
  [C.elegans|7|3r] G=2.0005
  零帧: 74.3% ✓
  雪崩数: 2804 | 均尺寸: 2.4 | 均时长: 1.8 ✓
  多步雪崩: 46.5% ✓
  τ_size=3.039 R²=0.721 p=0.00 ✗
  τ_dur=4.512 R²=0.000 (理论=2.020 误差=123%) ✗
  τ缩放: ✗ (误差123%)
  κ=1.3042±0.638 ✗
  PSD=-0.042 R²=0.001 ✗
  解码=0.3956 ✓
  LR(PL>LN)=306.3
  得分: 4/9
  =================================================================


-> C.elegans | seed=13 | 3-rules
  [C.elegans|13] N=279 E=224 I=55 | 感觉=60 运动=108
  三阶段：适应6000 → 解码2000 → 雪崩20000
    [adapt] 0/28000 σ=12.20 edges=1675 n_act=1 t=0s
    [adapt] 3000/28000 σ=10.95 edges=1675 n_act=7 t=2s
    [decode] 6000/28000 σ=9.17 edges=1671 n_act=4 t=4s
    [record] 9000/28000 σ=7.69 edges=1657 n_act=1 t=6s
    [record] 12000/28000 σ=7.30 edges=1657 n_act=1 t=7s
    [record] 15000/28000 σ=6.71 edges=1657 n_act=1 t=9s
    [record] 18000/28000 σ=6.36 edges=1656 n_act=1 t=11s
    [record] 21000/28000 σ=6.11 edges=1655 n_act=1 t=12s
    [record] 24000/28000 σ=5.30 edges=1655 n_act=1 t=14s
    [record] 27000/28000 σ=4.98 edges=1654 n_act=1 t=16s

  完成三阶段。edges=1654 σ=4.76
  输出解码余弦距离: 0.5238 (✓)

  临界点校准...
    校准 iter=1: G=2.00050 → κ=0.9883
    ✅ G=2.00050, κ=0.9883
  G=2.00050, κ=0.9883

  雪崩统计: 零帧=74.2% 最大=5 均=0.346

=================================================================
  [C.elegans|13|3r] G=2.0005
  零帧: 74.2% ✓
  雪崩数: 2831 | 均尺寸: 2.4 | 均时长: 1.8 ✓
  多步雪崩: 47.0% ✓
  τ_size=3.008 R²=0.669 p=0.00 ✗
  τ_dur=3.203 R²=0.829 (理论=2.004 误差=60%) ✗
  τ缩放: ✗ (误差60%)
  κ=1.3747±0.690 ✗
  PSD=-0.020 R²=0.000 ✗
  解码=0.5238 ✓
  LR(PL>LN)=281.5
  得分: 4/9
  =================================================================


-> Human_HCP | seed=42 | 3-rules
  [Human_HCP|42] N=400 E=320 I=80 | 感觉=60 运动=108
  三阶段：适应6000 → 解码2000 → 雪崩20000
    [adapt] 0/28000 σ=14.13 edges=3035 n_act=2 t=0s
    [adapt] 3000/28000 σ=13.27 edges=3035 n_act=3 t=3s
    [decode] 6000/28000 σ=11.41 edges=3026 n_act=2 t=7s
    [record] 9000/28000 σ=8.88 edges=2999 n_act=1 t=10s
    [record] 12000/28000 σ=8.01 edges=2998 n_act=1 t=13s
    [record] 15000/28000 σ=7.17 edges=2998 n_act=1 t=17s
    [record] 18000/28000 σ=6.20 edges=2998 n_act=1 t=20s
    [record] 21000/28000 σ=5.86 edges=2998 n_act=1 t=23s
    [record] 24000/28000 σ=4.99 edges=2997 n_act=1 t=26s
    [record] 27000/28000 σ=4.55 edges=2997 n_act=1 t=30s

  完成三阶段。edges=2997 σ=4.38
  输出解码余弦距离: 0.4130 (✓)

  临界点校准...
    校准 iter=1: G=2.00050 → κ=0.9867
    ✅ G=2.00050, κ=0.9867
  G=2.00050, κ=0.9867

  雪崩统计: 零帧=72.7% 最大=7 均=0.391

=================================================================
  [Human_HCP|42|3r] G=2.0005
  零帧: 72.7% ✓
  雪崩数: 2642 | 均尺寸: 3.0 | 均时长: 2.1 ✓
  多步雪崩: 53.5% ✓
  τ_size=3.462 R²=0.737 p=0.00 ✗
  τ_dur=3.825 R²=0.000 (理论=2.231 误差=71%) ✗
  τ缩放: ✗ (误差71%)
  κ=1.3572±0.671 ✗
  PSD=-0.066 R²=0.002 ✗
  解码=0.4130 ✓
  LR(PL>LN)=145.5
  得分: 4/9
  =================================================================


-> Human_HCP | seed=7 | 3-rules
  [Human_HCP|7] N=400 E=320 I=80 | 感觉=60 运动=108
  三阶段：适应6000 → 解码2000 → 雪崩20000
    [adapt] 0/28000 σ=14.26 edges=2973 n_act=1 t=0s
    [adapt] 3000/28000 σ=13.13 edges=2973 n_act=2 t=3s
    [decode] 6000/28000 σ=10.60 edges=2965 n_act=6 t=7s
    [record] 9000/28000 σ=7.55 edges=2944 n_act=1 t=10s
    [record] 12000/28000 σ=6.57 edges=2944 n_act=1 t=13s
    [record] 15000/28000 σ=5.49 edges=2944 n_act=1 t=17s
    [record] 18000/28000 σ=4.70 edges=2944 n_act=1 t=20s
    [record] 21000/28000 σ=3.76 edges=2943 n_act=1 t=23s
    [record] 24000/28000 σ=3.31 edges=2943 n_act=1 t=27s
    [record] 27000/28000 σ=3.26 edges=2943 n_act=1 t=30s

  完成三阶段。edges=2943 σ=3.16
  输出解码余弦距离: 0.5264 (✓)

  临界点校准...
    校准 iter=1: G=2.00050 → κ=0.9885
    ✅ G=2.00050, κ=0.9885
  G=2.00050, κ=0.9885

  雪崩统计: 零帧=72.2% 最大=6 均=0.399

=================================================================
  [Human_HCP|7|3r] G=2.0005
  零帧: 72.2% ✓
  雪崩数: 2671 | 均尺寸: 3.0 | 均时长: 2.1 ✓
  多步雪崩: 54.7% ✓
  τ_size=2.547 R²=0.584 p=0.00 ✗
  τ_dur=3.851 R²=0.000 (理论=1.773 误差=117%) ✗
  τ缩放: ✗ (误差117%)
  κ=1.3489±0.680 ✗
  PSD=-0.027 R²=0.000 ✗
  解码=0.5264 ✓
  LR(PL>LN)=-20.5
  得分: 4/9
  =================================================================


-> Human_HCP | seed=13 | 3-rules
  [Human_HCP|13] N=400 E=320 I=80 | 感觉=60 运动=108
  三阶段：适应6000 → 解码2000 → 雪崩20000
    [adapt] 0/28000 σ=14.13 edges=3019 n_act=1 t=0s
    [adapt] 3000/28000 σ=13.22 edges=3019 n_act=5 t=3s
    [decode] 6000/28000 σ=11.29 edges=3018 n_act=9 t=7s
    [record] 9000/28000 σ=8.60 edges=3004 n_act=1 t=10s
    [record] 12000/28000 σ=6.84 edges=3002 n_act=1 t=13s
    [record] 15000/28000 σ=5.82 edges=3002 n_act=1 t=17s
    [record] 18000/28000 σ=4.75 edges=3002 n_act=1 t=20s
    [record] 21000/28000 σ=4.45 edges=3002 n_act=1 t=23s
    [record] 24000/28000 σ=3.88 edges=3002 n_act=1 t=27s
    [record] 27000/28000 σ=3.52 edges=3002 n_act=1 t=30s

  完成三阶段。edges=3002 σ=3.49
  输出解码余弦距离: 0.5026 (✓)

  临界点校准...
    校准 iter=1: G=2.00050 → κ=0.9860
    ✅ G=2.00050, κ=0.9860
  G=2.00050, κ=0.9860

  雪崩统计: 零帧=71.9% 最大=5 均=0.405

=================================================================
  [Human_HCP|13|3r] G=2.0005
  零帧: 71.9% ✓
  雪崩数: 2639 | 均尺寸: 3.1 | 均时长: 2.1 ✓
  多步雪崩: 56.0% ✓
  τ_size=2.536 R²=0.605 p=0.00 ✗
  τ_dur=3.745 R²=0.000 (理论=1.768 误差=112%) ✗
  τ缩放: ✗ (误差112%)
  κ=1.3613±0.654 ✗
  PSD=-0.051 R²=0.001 ✗
  解码=0.5026 ✓
  LR(PL>LN)=2.2
  得分: 4/9
  =================================================================


-> WS_Control | seed=42 | 3-rules
  [WS_Control|42] N=279 E=224 I=55 | 感觉=60 运动=108
  三阶段：适应6000 → 解码2000 → 雪崩20000
    [adapt] 0/28000 σ=12.23 edges=1701 n_act=2 t=0s
    [adapt] 3000/28000 σ=9.57 edges=1701 n_act=1 t=2s
    [decode] 6000/28000 σ=7.97 edges=1697 n_act=3 t=4s
    [record] 9000/28000 σ=6.64 edges=1690 n_act=1 t=6s
    [record] 12000/28000 σ=5.67 edges=1690 n_act=1 t=7s
    [record] 15000/28000 σ=5.10 edges=1690 n_act=1 t=9s
    [record] 18000/28000 σ=4.51 edges=1690 n_act=1 t=11s
    [record] 21000/28000 σ=3.94 edges=1690 n_act=1 t=13s
    [record] 24000/28000 σ=3.61 edges=1690 n_act=1 t=14s
    [record] 27000/28000 σ=3.30 edges=1690 n_act=1 t=16s

  完成三阶段。edges=1690 σ=3.20
  输出解码余弦距离: 0.4341 (✓)

  临界点校准...
    校准 iter=1: G=2.00050 → κ=0.9875
    ✅ G=2.00050, κ=0.9875
  G=2.00050, κ=0.9875

  雪崩统计: 零帧=74.0% 最大=5 均=0.344

=================================================================
  [WS_Control|42|3r] G=2.0005
  零帧: 74.0% ✓
  雪崩数: 2799 | 均尺寸: 2.5 | 均时长: 1.9 ✓
  多步雪崩: 48.7% ✓
  τ_size=2.989 R²=0.640 p=0.00 ✗
  τ_dur=4.590 R²=0.000 (理论=1.994 误差=130%) ✗
  τ缩放: ✗ (误差130%)
  κ=1.2845±0.612 ✗
  PSD=-0.024 R²=0.000 ✗
  解码=0.4341 ✓
  LR(PL>LN)=279.3
  得分: 4/9
  =================================================================


-> WS_Control | seed=7 | 3-rules
  [WS_Control|7] N=279 E=224 I=55 | 感觉=60 运动=108
  三阶段：适应6000 → 解码2000 → 雪崩20000
    [adapt] 0/28000 σ=11.13 edges=1672 n_act=1 t=0s
    [adapt] 3000/28000 σ=9.32 edges=1672 n_act=3 t=2s
    [decode] 6000/28000 σ=7.50 edges=1667 n_act=6 t=4s
    [record] 9000/28000 σ=6.58 edges=1657 n_act=1 t=6s
    [record] 12000/28000 σ=5.54 edges=1657 n_act=1 t=7s
    [record] 15000/28000 σ=5.45 edges=1657 n_act=1 t=9s
    [record] 18000/28000 σ=5.19 edges=1657 n_act=1 t=11s
    [record] 21000/28000 σ=4.79 edges=1657 n_act=0 t=13s
    [record] 24000/28000 σ=4.34 edges=1657 n_act=1 t=14s
    [record] 27000/28000 σ=3.98 edges=1656 n_act=1 t=16s

  完成三阶段。edges=1656 σ=3.92
  输出解码余弦距离: 0.4756 (✓)

  临界点校准...
    校准 iter=1: G=2.00050 → κ=0.9844
    ✅ G=2.00050, κ=0.9844
  G=2.00050, κ=0.9844

  雪崩统计: 零帧=74.5% 最大=5 均=0.335

=================================================================
  [WS_Control|7|3r] G=2.0005
  零帧: 74.5% ✓
  雪崩数: 2796 | 均尺寸: 2.4 | 均时长: 1.8 ✓
  多步雪崩: 46.7% ✓
  τ_size=3.047 R²=0.670 p=0.00 ✗
  τ_dur=4.591 R²=0.000 (理论=2.023 误差=127%) ✗
  τ缩放: ✗ (误差127%)
  κ=1.3492±0.648 ✗
  PSD=-0.054 R²=0.001 ✗
  解码=0.4756 ✓
  LR(PL>LN)=305.5
  得分: 4/9
  =================================================================


-> WS_Control | seed=13 | 3-rules
  [WS_Control|13] N=279 E=224 I=55 | 感觉=60 运动=108
  三阶段：适应6000 → 解码2000 → 雪崩20000
    [adapt] 0/28000 σ=11.30 edges=1656 n_act=1 t=0s
    [adapt] 3000/28000 σ=10.22 edges=1656 n_act=7 t=2s
    [decode] 6000/28000 σ=9.19 edges=1651 n_act=3 t=4s
    [record] 9000/28000 σ=7.90 edges=1639 n_act=1 t=6s
    [record] 12000/28000 σ=7.22 edges=1638 n_act=1 t=7s
    [record] 15000/28000 σ=6.20 edges=1635 n_act=1 t=9s
    [record] 18000/28000 σ=5.47 edges=1635 n_act=1 t=11s
    [record] 21000/28000 σ=5.17 edges=1634 n_act=1 t=12s
    [record] 24000/28000 σ=4.58 edges=1634 n_act=1 t=14s
    [record] 27000/28000 σ=4.00 edges=1634 n_act=1 t=16s

  完成三阶段。edges=1633 σ=3.51
  输出解码余弦距离: 0.4867 (✓)

  临界点校准...
    校准 iter=1: G=2.00050 → κ=0.9821
    ✅ G=2.00050, κ=0.9821
  G=2.00050, κ=0.9821

  雪崩统计: 零帧=74.4% 最大=5 均=0.338

=================================================================
  [WS_Control|13|3r] G=2.0005
  零帧: 74.4% ✓
  雪崩数: 2799 | 均尺寸: 2.4 | 均时长: 1.8 ✓
  多步雪崩: 46.5% ✓
  τ_size=3.074 R²=0.767 p=0.00 ✗
  τ_dur=4.490 R²=0.000 (理论=2.037 误差=120%) ✗
  τ缩放: ✗ (误差120%)
  κ=1.3119±0.626 ✗
  PSD=-0.041 R²=0.001 ✗
  解码=0.4867 ✓
  LR(PL>LN)=338.4
  得分: 4/9
  =================================================================


[4-rules]

-> C.elegans | seed=42 | 4-rules
  [C.elegans|42] N=279 E=224 I=55 | 感觉=60 运动=108
  三阶段：适应6000 → 解码2000 → 雪崩20000
    [adapt] 0/28000 σ=12.54 edges=1686 n_act=2 t=0s
    [adapt] 3000/28000 σ=13.39 edges=1085 n_act=2 t=2s
    [decode] 6000/28000 σ=12.26 edges=993 n_act=3 t=4s
    [record] 9000/28000 σ=11.22 edges=990 n_act=1 t=6s
    [record] 12000/28000 σ=9.70 edges=989 n_act=1 t=7s
    [record] 15000/28000 σ=8.73 edges=989 n_act=1 t=9s
    [record] 18000/28000 σ=8.24 edges=989 n_act=1 t=10s
    [record] 21000/28000 σ=7.85 edges=989 n_act=1 t=12s
    [record] 24000/28000 σ=7.56 edges=989 n_act=1 t=13s
    [record] 27000/28000 σ=6.84 edges=989 n_act=1 t=15s

  完成三阶段。edges=989 σ=6.27
  输出解码余弦距离: 0.3433 (✓)

  临界点校准...
    校准 iter=1: G=2.00050 → κ=0.9729
    ✅ G=2.00050, κ=0.9729
  G=2.00050, κ=0.9729

  雪崩统计: 零帧=80.3% 最大=3 均=0.214

=================================================================
  [C.elegans|42|4r] G=2.0005
  零帧: 80.3% ✓
  雪崩数: 2846 | 均尺寸: 1.5 | 均时长: 1.4 ✓
  多步雪崩: 29.7% ✓
  τ_size=4.329 R²=0.968 p=0.00 ✗
  τ_dur=5.164 R²=0.939 (理论=2.665 误差=94%) ✗
  τ缩放: ✗ (误差94%)
  κ=1.1645±0.402 ✗
  PSD=0.062 R²=0.002 ✗
  解码=0.3433 ✓
  LR(PL>LN)=2269.0
  得分: 4/9
  =================================================================


-> C.elegans | seed=7 | 4-rules
  [C.elegans|7] N=279 E=224 I=55 | 感觉=60 运动=108
  三阶段：适应6000 → 解码2000 → 雪崩20000
    [adapt] 0/28000 σ=13.07 edges=1668 n_act=1 t=0s
    [adapt] 3000/28000 σ=13.16 edges=1088 n_act=2 t=2s
    [decode] 6000/28000 σ=11.49 edges=990 n_act=2 t=4s
    [record] 9000/28000 σ=10.33 edges=978 n_act=1 t=6s
    [record] 12000/28000 σ=8.73 edges=977 n_act=1 t=7s
    [record] 15000/28000 σ=8.28 edges=977 n_act=1 t=9s
    [record] 18000/28000 σ=7.77 edges=977 n_act=1 t=10s
    [record] 21000/28000 σ=7.27 edges=977 n_act=1 t=12s
    [record] 24000/28000 σ=5.92 edges=977 n_act=1 t=13s
    [record] 27000/28000 σ=6.07 edges=977 n_act=1 t=15s

  完成三阶段。edges=977 σ=6.17
  输出解码余弦距离: 0.4419 (✓)

  临界点校准...
    校准 iter=1: G=2.00050 → κ=0.9740
    ✅ G=2.00050, κ=0.9740
  G=2.00050, κ=0.9740

  雪崩统计: 零帧=80.3% 最大=3 均=0.214

=================================================================
  [C.elegans|7|4r] G=2.0005
  零帧: 80.3% ✓
  雪崩数: 2866 | 均尺寸: 1.5 | 均时长: 1.4 ✓
  多步雪崩: 29.4% ✓
  τ_size=4.356 R²=0.953 p=0.00 ✗
  τ_dur=5.263 R²=0.922 (理论=2.678 误差=96%) ✗
  τ缩放: ✗ (误差96%)
  κ=1.1479±0.393 ✓
  PSD=0.051 R²=0.001 ✗
  解码=0.4419 ✓
  LR(PL>LN)=2262.2
  得分: 5/9
  =================================================================


-> C.elegans | seed=13 | 4-rules
  [C.elegans|13] N=279 E=224 I=55 | 感觉=60 运动=108
  三阶段：适应6000 → 解码2000 → 雪崩20000
    [adapt] 0/28000 σ=12.20 edges=1675 n_act=1 t=0s
    [adapt] 3000/28000 σ=11.45 edges=1094 n_act=6 t=2s
    [decode] 6000/28000 σ=10.62 edges=996 n_act=3 t=4s
    [record] 9000/28000 σ=8.54 edges=991 n_act=1 t=5s
    [record] 12000/28000 σ=7.60 edges=991 n_act=1 t=7s
    [record] 15000/28000 σ=6.01 edges=991 n_act=1 t=9s
    [record] 18000/28000 σ=5.22 edges=991 n_act=1 t=10s
    [record] 21000/28000 σ=4.53 edges=991 n_act=1 t=12s
    [record] 24000/28000 σ=3.96 edges=991 n_act=1 t=13s
    [record] 27000/28000 σ=3.61 edges=991 n_act=1 t=15s

  完成三阶段。edges=991 σ=3.32
  输出解码余弦距离: 0.5483 (✓)

  临界点校准...
    校准 iter=1: G=2.00050 → κ=0.9760
    ✅ G=2.00050, κ=0.9760
  G=2.00050, κ=0.9760

  雪崩统计: 零帧=79.9% 最大=3 均=0.218

=================================================================
  [C.elegans|13|4r] G=2.0005
  零帧: 79.9% ✓
  雪崩数: 2860 | 均尺寸: 1.5 | 均时长: 1.4 ✓
  多步雪崩: 31.2% ✓
  τ_size=6.771 R²=0.000 p=0.00 ✗
  τ_dur=4.980 R²=0.955 (理论=3.886 误差=28%) ✗
  τ缩放: ✗ (误差28%)
  κ=1.1549±0.414 ✗
  PSD=0.077 R²=0.003 ✗
  解码=0.5483 ✓
  LR(PL>LN)=765.9
  得分: 4/9
  =================================================================


-> Human_HCP | seed=42 | 4-rules
  [Human_HCP|42] N=400 E=320 I=80 | 感觉=60 运动=108
  三阶段：适应6000 → 解码2000 → 雪崩20000
    [adapt] 0/28000 σ=14.13 edges=3035 n_act=2 t=0s
    [adapt] 3000/28000 σ=14.90 edges=1844 n_act=3 t=3s
    [decode] 6000/28000 σ=15.55 edges=1575 n_act=3 t=7s
    [record] 9000/28000 σ=14.85 edges=1553 n_act=1 t=10s
    [record] 12000/28000 σ=14.08 edges=1551 n_act=1 t=13s
    [record] 15000/28000 σ=12.85 edges=1551 n_act=1 t=16s
    [record] 18000/28000 σ=12.37 edges=1551 n_act=1 t=19s
    [record] 21000/28000 σ=12.02 edges=1551 n_act=1 t=22s
    [record] 24000/28000 σ=11.43 edges=1551 n_act=1 t=25s
    [record] 27000/28000 σ=10.80 edges=1551 n_act=1 t=28s

  完成三阶段。edges=1551 σ=10.60
  输出解码余弦距离: 0.3796 (✓)

  临界点校准...
    校准 iter=1: G=2.00050 → κ=0.9774
    ✅ G=2.00050, κ=0.9774
  G=2.00050, κ=0.9774

  雪崩统计: 零帧=80.4% 最大=3 均=0.215

=================================================================
  [Human_HCP|42|4r] G=2.0005
  零帧: 80.4% ✓
  雪崩数: 2866 | 均尺寸: 1.5 | 均时长: 1.4 ✓
  多步雪崩: 28.4% ✓
  τ_size=4.367 R²=0.954 p=0.00 ✗
  τ_dur=5.368 R²=0.925 (理论=2.683 误差=100%) ✗
  τ缩放: ✗ (误差100%)
  κ=1.1427±0.407 ✓
  PSD=0.059 R²=0.002 ✗
  解码=0.3796 ✓
  LR(PL>LN)=2297.2
  得分: 5/9
  =================================================================


-> Human_HCP | seed=7 | 4-rules
  [Human_HCP|7] N=400 E=320 I=80 | 感觉=60 运动=108
  三阶段：适应6000 → 解码2000 → 雪崩20000
    [adapt] 0/28000 σ=14.26 edges=2973 n_act=1 t=0s
    [adapt] 3000/28000 σ=12.93 edges=1806 n_act=1 t=4s
    [decode] 6000/28000 σ=12.82 edges=1542 n_act=4 t=7s
    [record] 9000/28000 σ=12.41 edges=1515 n_act=1 t=10s
    [record] 12000/28000 σ=10.87 edges=1514 n_act=1 t=13s
    [record] 15000/28000 σ=9.92 edges=1514 n_act=1 t=16s
    [record] 18000/28000 σ=9.03 edges=1514 n_act=1 t=19s
    [record] 21000/28000 σ=8.14 edges=1514 n_act=1 t=22s
    [record] 24000/28000 σ=6.97 edges=1514 n_act=1 t=26s
    [record] 27000/28000 σ=5.42 edges=1514 n_act=1 t=29s

  完成三阶段。edges=1514 σ=5.22
  输出解码余弦距离: 0.5380 (✓)

  临界点校准...
    校准 iter=1: G=2.00050 → κ=0.9773
    ✅ G=2.00050, κ=0.9773
  G=2.00050, κ=0.9773

  雪崩统计: 零帧=80.4% 最大=3 均=0.213

=================================================================
  [Human_HCP|7|4r] G=2.0005
  零帧: 80.4% ✓
  雪崩数: 2882 | 均尺寸: 1.5 | 均时长: 1.4 ✓
  多步雪崩: 27.9% ✓
  τ_size=4.485 R²=0.949 p=0.00 ✗
  τ_dur=5.434 R²=0.955 (理论=2.743 误差=98%) ✗
  τ缩放: ✗ (误差98%)
  κ=1.1180±0.357 ✓
  PSD=0.044 R²=0.001 ✗
  解码=0.5380 ✓
  LR(PL>LN)=2333.0
  得分: 5/9
  =================================================================


-> Human_HCP | seed=13 | 4-rules
  [Human_HCP|13] N=400 E=320 I=80 | 感觉=60 运动=108
  三阶段：适应6000 → 解码2000 → 雪崩20000
    [adapt] 0/28000 σ=14.13 edges=3019 n_act=1 t=0s
    [adapt] 3000/28000 σ=14.34 edges=1815 n_act=6 t=4s
    [decode] 6000/28000 σ=15.38 edges=1552 n_act=6 t=7s
    [record] 9000/28000 σ=14.26 edges=1531 n_act=1 t=10s
    [record] 12000/28000 σ=12.73 edges=1529 n_act=1 t=13s
    [record] 15000/28000 σ=11.80 edges=1529 n_act=1 t=16s
    [record] 18000/28000 σ=10.37 edges=1529 n_act=1 t=19s
    [record] 21000/28000 σ=10.27 edges=1529 n_act=1 t=23s
    [record] 24000/28000 σ=9.42 edges=1529 n_act=1 t=26s
    [record] 27000/28000 σ=8.40 edges=1529 n_act=1 t=29s

  完成三阶段。edges=1529 σ=8.29
  输出解码余弦距离: 0.4144 (✓)

  临界点校准...
    校准 iter=1: G=2.00050 → κ=0.9820
    ✅ G=2.00050, κ=0.9820
  G=2.00050, κ=0.9820

  雪崩统计: 零帧=80.2% 最大=3 均=0.216

=================================================================
  [Human_HCP|13|4r] G=2.0005
  零帧: 80.2% ✓
  雪崩数: 2885 | 均尺寸: 1.5 | 均时长: 1.4 ✓
  多步雪崩: 28.2% ✓
  τ_size=4.385 R²=0.959 p=0.00 ✗
  τ_dur=5.328 R²=0.957 (理论=2.692 误差=98%) ✗
  τ缩放: ✗ (误差98%)
  κ=1.1278±0.371 ✓
  PSD=0.066 R²=0.002 ✗
  解码=0.4144 ✓
  LR(PL>LN)=2321.1
  得分: 5/9
  =================================================================


-> WS_Control | seed=42 | 4-rules
  [WS_Control|42] N=279 E=224 I=55 | 感觉=60 运动=108
  三阶段：适应6000 → 解码2000 → 雪崩20000
    [adapt] 0/28000 σ=12.23 edges=1701 n_act=2 t=0s
    [adapt] 3000/28000 σ=10.49 edges=1078 n_act=2 t=2s
    [decode] 6000/28000 σ=9.73 edges=998 n_act=3 t=4s
    [record] 9000/28000 σ=9.25 edges=994 n_act=1 t=6s
    [record] 12000/28000 σ=8.87 edges=993 n_act=1 t=7s
    [record] 15000/28000 σ=8.08 edges=993 n_act=1 t=9s
    [record] 18000/28000 σ=7.43 edges=993 n_act=1 t=10s
    [record] 21000/28000 σ=5.49 edges=993 n_act=1 t=12s
    [record] 24000/28000 σ=5.14 edges=993 n_act=1 t=14s
    [record] 27000/28000 σ=4.74 edges=993 n_act=1 t=15s

  完成三阶段。edges=993 σ=4.75
  输出解码余弦距离: 0.3560 (✓)

  临界点校准...
    校准 iter=1: G=2.00050 → κ=0.9708
    ✅ G=2.00050, κ=0.9708
  G=2.00050, κ=0.9708

  雪崩统计: 零帧=80.0% 最大=3 均=0.220

=================================================================
  [WS_Control|42|4r] G=2.0005
  零帧: 80.0% ✓
  雪崩数: 2830 | 均尺寸: 1.6 | 均时长: 1.4 ✓
  多步雪崩: 31.6% ✓
  τ_size=6.222 R²=0.000 p=0.00 ✗
  τ_dur=4.872 R²=0.932 (理论=3.611 误差=35%) ✗
  τ缩放: ✗ (误差35%)
  κ=1.1682±0.415 ✗
  PSD=0.088 R²=0.004 ✗
  解码=0.3560 ✓
  LR(PL>LN)=700.0
  得分: 4/9
  =================================================================


-> WS_Control | seed=7 | 4-rules
  [WS_Control|7] N=279 E=224 I=55 | 感觉=60 运动=108
  三阶段：适应6000 → 解码2000 → 雪崩20000
    [adapt] 0/28000 σ=11.13 edges=1672 n_act=1 t=0s
    [adapt] 3000/28000 σ=9.62 edges=1091 n_act=3 t=2s
    [decode] 6000/28000 σ=7.92 edges=1005 n_act=6 t=4s
    [record] 9000/28000 σ=6.36 edges=992 n_act=1 t=6s
    [record] 12000/28000 σ=4.34 edges=991 n_act=1 t=7s
    [record] 15000/28000 σ=4.08 edges=991 n_act=1 t=9s
    [record] 18000/28000 σ=4.06 edges=991 n_act=1 t=10s
    [record] 21000/28000 σ=3.74 edges=991 n_act=1 t=12s
    [record] 24000/28000 σ=3.73 edges=991 n_act=1 t=14s
    [record] 27000/28000 σ=3.98 edges=991 n_act=1 t=15s

  完成三阶段。edges=991 σ=3.94
  输出解码余弦距离: 0.4351 (✓)

  临界点校准...
    校准 iter=1: G=2.00050 → κ=0.9745
    ✅ G=2.00050, κ=0.9745
  G=2.00050, κ=0.9745

  雪崩统计: 零帧=80.1% 最大=3 均=0.219

=================================================================
  [WS_Control|7|4r] G=2.0005
  零帧: 80.1% ✓
  雪崩数: 2912 | 均尺寸: 1.5 | 均时长: 1.4 ✓
  多步雪崩: 28.1% ✓
  τ_size=4.317 R²=0.688 p=0.00 ✗
  τ_dur=5.381 R²=0.935 (理论=2.658 误差=102%) ✗
  τ缩放: ✗ (误差102%)
  κ=1.1642±0.406 ✗
  PSD=0.060 R²=0.002 ✗
  解码=0.4351 ✓
  LR(PL>LN)=2308.7
  得分: 4/9
  =================================================================


-> WS_Control | seed=13 | 4-rules
  [WS_Control|13] N=279 E=224 I=55 | 感觉=60 运动=108
  三阶段：适应6000 → 解码2000 → 雪崩20000
    [adapt] 0/28000 σ=11.30 edges=1656 n_act=1 t=0s
    [adapt] 3000/28000 σ=11.58 edges=1082 n_act=8 t=2s
    [decode] 6000/28000 σ=9.41 edges=981 n_act=3 t=4s
    [record] 9000/28000 σ=9.51 edges=975 n_act=1 t=6s
    [record] 12000/28000 σ=8.49 edges=975 n_act=1 t=7s
    [record] 15000/28000 σ=7.86 edges=975 n_act=1 t=9s
    [record] 18000/28000 σ=6.27 edges=975 n_act=1 t=10s
    [record] 21000/28000 σ=5.19 edges=975 n_act=1 t=12s
    [record] 24000/28000 σ=4.05 edges=975 n_act=1 t=13s
    [record] 27000/28000 σ=3.74 edges=975 n_act=1 t=15s

  完成三阶段。edges=975 σ=3.48
  输出解码余弦距离: 0.4891 (✓)

  临界点校准...
    校准 iter=1: G=2.00050 → κ=0.9654
    ✅ G=2.00050, κ=0.9654
  G=2.00050, κ=0.9654

  雪崩统计: 零帧=80.1% 最大=3 均=0.220

=================================================================
  [WS_Control|13|4r] G=2.0005
  零帧: 80.1% ✓
  雪崩数: 2935 | 均尺寸: 1.5 | 均时长: 1.4 ✓
  多步雪崩: 28.0% ✓
  τ_size=7.144 R²=0.000 p=0.00 ✗
  τ_dur=5.445 R²=0.930 (理论=4.072 误差=34%) ✗
  τ缩放: ✗ (误差34%)
  κ=1.1367±0.399 ✓
  PSD=0.094 R²=0.005 ✗
  解码=0.4891 ✓
  LR(PL>LN)=792.2
  得分: 5/9
  =================================================================

/home/work/.openclaw/workspace/sdi_sim/sdi_experiment5_v9.py:856: UserWarning: No artists with labels found to put in legend.  Note that artists whose label start with an underscore are ignored when legend() is called with no argument.
  ax2.tick_params(labelsize=6); ax2.legend(fontsize=5)

Saved: /home/work/.openclaw/workspace/sdi_sim/exp5_v9_avalanche_results.json
Figure: /home/work/.openclaw/workspace/sdi_sim/exp5_v9_avalanche_results.png

======================================================================
Summary v9
======================================================================

Group                        κ     τ_s     τ_d     scale  PSD     decode zero%  Score
------------------------------------------------------------------------------------------
Traceback (most recent call last):
  File "/home/work/.openclaw/workspace/sdi_sim/sdi_experiment5_v9.py", line 949, in <module>
    main()
  File "/home/work/.openclaw/workspace/sdi_sim/sdi_experiment5_v9.py", line 928, in main
    f"{np.mean(tsl):.2f if tsl else 'N/A':<7}"
      ^^^^^^^^^^^^^^^^^^^^^^^^^^^^^^^^^^^^^^^
ValueError: Invalid format specifier '.2f if tsl else 'N/A':<7' for object of type 'float'
