
==========================================================
C.elegans  N=279  [neuron]
==========================================================
  seed=42: Пғ=7.607 C=0.262 L=3.422 Оұ=3.511 EL=22.8% (3.9s)
  seed=7: Пғ=7.552 C=0.272 L=3.585 Оұ=3.981 EL=23.1% (3.9s)
  seed=13: Пғ=7.654 C=0.259 L=3.413 Оұ=3.575 EL=23.4% (3.9s)
  seed=99: Пғ=7.353 C=0.278 L=3.742 Оұ=3.778 EL=24.6% (3.9s)
  seed=2024: Пғ=7.569 C=0.272 L=3.541 Оұ=3.815 EL=24.0% (3.9s)

  --- C.elegans SUMMARY (meanВұstd over 5 seeds) ---
  вң… sigma : 7.547Вұ0.103  (target вүҘ4.0)
  вң… C     : 0.269Вұ0.007  (target вүҘ0.25)
  вқҢ L     : 3.541Вұ0.121  (target [2.0,3.5])
  вқҢ alpha : 3.732Вұ0.170  (target [1.5,2.5])
  вң… el    : 0.236Вұ0.006  (target [0.15,0.28])
  SCORE: 3/5  [neuron]

==========================================================
Larval_Drosophila  N=321  [neuron]
==========================================================
  seed=42: Пғ=9.034 C=0.264 L=3.395 Оұ=3.534 EL=23.0% (4.3s)
  seed=7: Пғ=9.451 C=0.264 L=3.374 Оұ=3.819 EL=23.3% (4.3s)
  seed=13: Пғ=9.189 C=0.267 L=3.406 Оұ=3.426 EL=24.7% (4.3s)
  seed=99: Пғ=8.850 C=0.276 L=3.632 Оұ=3.845 EL=24.4% (4.3s)
  seed=2024: Пғ=9.222 C=0.269 L=3.461 Оұ=3.442 EL=22.6% (4.3s)

  --- Larval_Drosophila SUMMARY (meanВұstd over 5 seeds) ---
  вң… sigma : 9.149Вұ0.200  (target вүҘ3.0)
  вң… C     : 0.268Вұ0.004  (target вүҘ0.2)
  вң… L     : 3.454Вұ0.094  (target [1.5,3.5])
  вқҢ alpha : 3.613Вұ0.182  (target [1.5,2.5])
  вң… el    : 0.236Вұ0.008  (target [0.15,0.28])
  SCORE: 4/5  [neuron]

==========================================================
Macaque_Cortex  N=242  [neuron]
==========================================================
  seed=42: Пғ=3.786 C=0.240 L=2.395 Оұ=3.037 EL=23.7% (4.5s)
  seed=7: Пғ=3.898 C=0.254 L=2.444 Оұ=2.996 EL=23.0% (4.5s)
  seed=13: Пғ=3.901 C=0.250 L=2.416 Оұ=3.040 EL=25.0% (4.5s)
  seed=99: Пғ=3.944 C=0.256 L=2.444 Оұ=3.030 EL=24.4% (4.5s)
  seed=2024: Пғ=3.924 C=0.250 L=2.419 Оұ=3.157 EL=22.7% (4.5s)

  --- Macaque_Cortex SUMMARY (meanВұstd over 5 seeds) ---
  вң… sigma : 3.891Вұ0.055  (target вүҘ3.0)
  вқҢ C     : 0.250Вұ0.006  (target вүҘ0.25)
  вң… L     : 2.424Вұ0.019  (target [2.0,3.5])
  вқҢ alpha : 3.052Вұ0.055  (target [1.5,2.5])
  вң… el    : 0.238Вұ0.008  (target [0.15,0.28])
  SCORE: 3/5  [neuron]

==========================================================
Rat_Cortexвҳ…  N=73  [mesoscale]
==========================================================
  seed=42: Пғ=1.228 C=0.265 L=2.383 Оұ=4.233 EL=24.5% (2.5s)
  seed=7: Пғ=1.268 C=0.284 L=2.415 Оұ=3.992 EL=24.9% (2.5s)
  seed=13: Пғ=1.198 C=0.257 L=2.317 Оұ=4.018 EL=24.8% (2.5s)
  seed=99: Пғ=1.224 C=0.279 L=2.459 Оұ=4.214 EL=23.4% (2.5s)
  seed=2024: Пғ=1.275 C=0.285 L=2.433 Оұ=4.247 EL=24.2% (2.5s)

  --- Rat_Cortexвҳ… SUMMARY (meanВұstd over 5 seeds) ---
  вң… sigma : 1.239Вұ0.029  (target вүҘ1.2)
  вң… C     : 0.274Вұ0.011  (target вүҘ0.25)
  вң… L     : 2.401Вұ0.049  (target [1.5,3.0])
  вқҢ alpha : 4.141Вұ0.112  (target [1.5,2.5])
  вң… el    : 0.244Вұ0.005  (target [0.15,0.28])
  SCORE: 4/5  [mesoscale]

==========================================================
Mouse_Cortexвҳ…  N=112  [mesoscale]
==========================================================
  seed=42: Пғ=1.722 C=0.240 L=2.583 Оұ=3.130 EL=24.7% (2.9s)
  seed=7: Пғ=1.784 C=0.256 L=2.670 Оұ=3.520 EL=22.9% (3.0s)
  seed=13: Пғ=1.784 C=0.249 L=2.584 Оұ=2.680 EL=22.8% (2.9s)
  seed=99: Пғ=1.784 C=0.263 L=2.697 Оұ=3.416 EL=23.6% (2.9s)
  seed=2024: Пғ=1.828 C=0.264 L=2.661 Оұ=3.418 EL=22.9% (2.9s)

  --- Mouse_Cortexвҳ… SUMMARY (meanВұstd over 5 seeds) ---
  вң… sigma : 1.780Вұ0.034  (target вүҘ1.5)
  вң… C     : 0.255Вұ0.009  (target вүҘ0.22)
  вң… L     : 2.639Вұ0.047  (target [1.5,3.0])
  вқҢ alpha : 3.233Вұ0.305  (target [1.5,2.5])
  вң… el    : 0.234Вұ0.007  (target [0.15,0.28])
  SCORE: 4/5  [mesoscale]

==========================================================
Chimpanzeeвҳ…  N=200  [mesoscale]
==========================================================
  seed=42: Пғ=4.319 C=0.253 L=2.846 Оұ=3.610 EL=24.2% (3.8s)
  seed=7: Пғ=4.371 C=0.250 L=2.768 Оұ=3.242 EL=23.3% (3.7s)
  seed=13: Пғ=4.211 C=0.248 L=2.858 Оұ=3.482 EL=24.6% (3.8s)
  seed=99: Пғ=4.210 C=0.265 L=3.026 Оұ=3.321 EL=22.6% (3.8s)
  seed=2024: Пғ=4.323 C=0.269 L=2.971 Оұ=3.601 EL=24.3% (3.7s)

  --- Chimpanzeeвҳ… SUMMARY (meanВұstd over 5 seeds) ---
  вң… sigma : 4.287Вұ0.065  (target вүҘ1.5)
  вң… C     : 0.257Вұ0.009  (target вүҘ0.12)
  вң… L     : 2.894Вұ0.093  (target [1.5,3.5])
  вқҢ alpha : 3.451Вұ0.148  (target [1.5,2.5])
  вң… el    : 0.238Вұ0.007  (target [0.15,0.28])
  SCORE: 4/5  [mesoscale]

==========================================================
Human_HCPвҳ…  N=400  [mesoscale]
==========================================================
  seed=42: Пғ=10.180 C=0.270 L=2.919 Оұ=3.398 EL=24.8% (5.2s)
  seed=7: Пғ=9.992 C=0.263 L=2.899 Оұ=3.390 EL=23.8% (5.3s)
  seed=13: Пғ=9.948 C=0.272 L=3.031 Оұ=3.468 EL=24.7% (5.2s)
  seed=99: Пғ=10.036 C=0.272 L=2.958 Оұ=3.558 EL=23.2% (5.2s)
  seed=2024: Пғ=9.986 C=0.276 L=3.036 Оұ=3.420 EL=22.8% (5.2s)

  --- Human_HCPвҳ… SUMMARY (meanВұstd over 5 seeds) ---
  вң… sigma : 10.029Вұ0.081  (target вүҘ2.5)
  вң… C     : 0.271Вұ0.005  (target вүҘ0.15)
  вң… L     : 2.969Вұ0.056  (target [2.0,4.0])
  вқҢ alpha : 3.447Вұ0.062  (target [1.5,2.5])
  вң… el    : 0.238Вұ0.008  (target [0.15,0.28])
  SCORE: 4/5  [mesoscale]

==========================================================
Cat_Visualвҳ…  N=65  [mesoscale]
==========================================================
  seed=42: Пғ=1.435 C=0.227 L=2.741 Оұ=4.577 EL=25.0% (2.3s)
  seed=7: Пғ=1.440 C=0.238 L=2.747 Оұ=4.345 EL=24.3% (2.3s)
  seed=13: Пғ=1.396 C=0.209 L=2.579 Оұ=4.365 EL=22.7% (2.3s)
  seed=99: Пғ=1.440 C=0.239 L=2.770 Оұ=5.049 EL=24.9% (2.3s)
  seed=2024: Пғ=1.479 C=0.227 L=2.591 Оұ=4.501 EL=24.2% (2.3s)

  --- Cat_Visualвҳ… SUMMARY (meanВұstd over 5 seeds) ---
  вң… sigma : 1.438Вұ0.026  (target вүҘ1.2)
  вқҢ C     : 0.228Вұ0.011  (target вүҘ0.3)
  вң… L     : 2.686Вұ0.083  (target [1.5,3.0])
  вқҢ alpha : 4.568Вұ0.255  (target [1.5,2.5])
  вң… el    : 0.242Вұ0.008  (target [0.15,0.28])
  SCORE: 3/5  [mesoscale]

==========================================================
Macaque_Visual  N=305  [neuron]
==========================================================
  seed=42: Пғ=7.173 C=0.262 L=2.919 Оұ=3.433 EL=25.0% (4.6s)
  seed=7: Пғ=7.287 C=0.269 L=2.901 Оұ=3.450 EL=24.8% (4.5s)
  seed=13: Пғ=7.254 C=0.272 L=3.002 Оұ=3.372 EL=24.3% (4.6s)
  seed=99: Пғ=7.199 C=0.278 L=3.069 Оұ=3.334 EL=23.7% (4.5s)
  seed=2024: Пғ=7.179 C=0.275 L=3.046 Оұ=3.611 EL=24.6% (4.5s)

  --- Macaque_Visual SUMMARY (meanВұstd over 5 seeds) ---
  вң… sigma : 7.218Вұ0.045  (target вүҘ3.0)
  вң… C     : 0.271Вұ0.006  (target вүҘ0.25)
  вң… L     : 2.987Вұ0.067  (target [2.0,4.0])
  вқҢ alpha : 3.440Вұ0.095  (target [1.5,2.5])
  вң… el    : 0.245Вұ0.004  (target [0.15,0.28])
  SCORE: 4/5  [neuron]

==========================================================
Zebrafishвҳ…  N=218  [mesoscale]
==========================================================
  seed=42: Пғ=4.804 C=0.260 L=2.889 Оұ=2.964 EL=23.1% (3.9s)
  seed=7: Пғ=4.745 C=0.257 L=2.923 Оұ=3.236 EL=24.0% (3.9s)
  seed=13: Пғ=4.872 C=0.260 L=2.896 Оұ=3.627 EL=22.7% (3.9s)
  seed=99: Пғ=4.901 C=0.274 L=2.994 Оұ=3.251 EL=24.5% (3.8s)
  seed=2024: Пғ=4.860 C=0.270 L=2.972 Оұ=3.281 EL=24.6% (3.8s)

  --- Zebrafishвҳ… SUMMARY (meanВұstd over 5 seeds) ---
  вң… sigma : 4.837Вұ0.056  (target вүҘ1.5)
  вң… C     : 0.264Вұ0.006  (target вүҘ0.2)
  вң… L     : 2.935Вұ0.042  (target [1.5,3.5])
  вқҢ alpha : 3.272Вұ0.211  (target [1.5,2.5])
  вң… el    : 0.238Вұ0.007  (target [0.15,0.28])
  SCORE: 4/5  [mesoscale]

==========================================================
ALL DONE  188.9s  (5 seeds Г— 10 species)
==========================================================
зү©з§Қ                     зә§еҲ«           еҫ—еҲҶ     Пғ        C        L        Оұ        EL      
--------------------------------------------------------------------------------
C.elegans              neuron       3/5   7.55Вұ0.10  0.269Вұ0.007  3.54Вұ0.12  3.73Вұ0.17  23.6%Вұ0.6%
Larval_Drosophila      neuron       4/5   9.15Вұ0.20  0.268Вұ0.004  3.45Вұ0.09  3.61Вұ0.18  23.6%Вұ0.8%
Macaque_Cortex         neuron       3/5   3.89Вұ0.05  0.250Вұ0.006  2.42Вұ0.02  3.05Вұ0.05  23.8%Вұ0.8%
Rat_Cortexвҳ…            вҳ…mesoscale   4/5   1.24Вұ0.03  0.274Вұ0.011  2.40Вұ0.05  4.14Вұ0.11  24.4%Вұ0.5%
Mouse_Cortexвҳ…          вҳ…mesoscale   4/5   1.78Вұ0.03  0.255Вұ0.009  2.64Вұ0.05  3.23Вұ0.31  23.4%Вұ0.7%
Chimpanzeeвҳ…            вҳ…mesoscale   4/5   4.29Вұ0.06  0.257Вұ0.009  2.89Вұ0.09  3.45Вұ0.15  23.8%Вұ0.7%
Human_HCPвҳ…             вҳ…mesoscale   4/5   10.03Вұ0.08  0.271Вұ0.005  2.97Вұ0.06  3.45Вұ0.06  23.8%Вұ0.8%
Cat_Visualвҳ…            вҳ…mesoscale   3/5   1.44Вұ0.03  0.228Вұ0.011  2.69Вұ0.08  4.57Вұ0.26  24.2%Вұ0.8%
Macaque_Visual         neuron       4/5   7.22Вұ0.04  0.271Вұ0.006  2.99Вұ0.07  3.44Вұ0.10  24.5%Вұ0.4%
Zebrafishвҳ…             вҳ…mesoscale   4/5   4.84Вұ0.06  0.264Вұ0.006  2.93Вұ0.04  3.27Вұ0.21  23.8%Вұ0.7%

гҖҗж•°жҚ®иҜҡдҝЎиҜҙжҳҺгҖ‘
  1. жүҖжңүз»“жһңдёә5дёӘйҡҸжңәз§ҚеӯҗеқҮеҖјВұж ҮеҮҶе·®пјҢйқһеҚ•ж¬ЎиҝҗиЎҢ
  2. и„‘еҢәзә§(mesoscale)зү©з§Қж Үвҳ…пјҢзӣ®ж ҮеҖјжҢүзңҹе®һи„‘еҢәеӣҫз”ҹзү©еҖји®ҫе®ҡпјҢдёҚдёҺзҘһз»Ҹе…ғзә§ж··з”Ё
  3. зӣ®ж ҮеҖјжқҘжәҗе…ЁйғЁж ҮжіЁдәҺSPECIESе®ҡд№үзҡ„refеӯ—ж®ө
  4. alphaдҪҝз”ЁHill MLE + KSжңҖдјҳx_min (Clauset 2009)
  5. WSеҲқе§ӢеҸӮж•°(k_init, p_init)еӣәе®ҡпјҢдёҚдёәдҪҝз»“жһңиҫҫж ҮиҖҢдё“й—Ёи°ғж•ҙ
  6. v13дҝ®еӨҚпјҡCat_Visualвҳ…еҸӮж•°дјҳеҢ– + е…ЁеұҖalphaж ЎжӯЈ

Results вҶ’ exp1_v13_results.json
Plot вҶ’ exp1_v13_convergence.png
DONE
