SDI 实验一 v14 BTW慢驱动
BTW_MODE=True, BTW_DRIVE_N=1, BTW_DRIVE_INTERVAL=3
N_STEPS=8000 (vs v13: 5000)

==========================================================
C.elegans  N=279  [neuron]  [BTW=True]
==========================================================
  seed=42: σ=7.650 C=0.261 L=3.361 α=3.172 EL=23.0% (3.3s)
  seed=7: σ=7.579 C=0.271 L=3.547 α=3.373 EL=22.7% (3.4s)
  seed=13: σ=7.595 C=0.256 L=3.381 α=3.209 EL=23.6% (3.3s)
  seed=99: σ=7.387 C=0.275 L=3.676 α=3.302 EL=22.8% (3.3s)
  seed=2024: σ=7.701 C=0.270 L=3.432 α=3.268 EL=22.6% (3.3s)

  --- C.elegans SUMMARY (mean±std over 5 seeds) ---
  ✅ sigma : 7.583±0.107  (target ≥4.0)
  ✅ C     : 0.267±0.007  (target ≥0.25)
  ✅ L     : 3.479±0.117  (target [2.0,3.5])
  ❌ alpha : 3.265±0.070  (target [1.5,2.5])
  ✅ el    : 0.229±0.003  (target [0.15,0.28])
  SCORE: 4/5  [neuron]

==========================================================
Larval_Drosophila  N=321  [neuron]  [BTW=True]
==========================================================
  seed=42: σ=9.049 C=0.262 L=3.360 α=3.211 EL=24.6% (3.5s)
  seed=7: σ=9.417 C=0.262 L=3.357 α=2.755 EL=23.6% (3.5s)
  seed=13: σ=9.176 C=0.266 L=3.388 α=3.342 EL=23.6% (3.5s)
  seed=99: σ=9.167 C=0.272 L=3.409 α=3.154 EL=22.9% (3.5s)
  seed=2024: σ=9.315 C=0.269 L=3.409 α=3.323 EL=23.2% (3.5s)

  --- Larval_Drosophila SUMMARY (mean±std over 5 seeds) ---
  ✅ sigma : 9.225±0.128  (target ≥3.0)
  ✅ C     : 0.266±0.004  (target ≥0.2)
  ✅ L     : 3.384±0.023  (target [1.5,3.5])
  ❌ alpha : 3.157±0.213  (target [1.5,2.5])
  ✅ el    : 0.236±0.006  (target [0.15,0.28])
  SCORE: 4/5  [neuron]

==========================================================
Macaque_Cortex  N=242  [neuron]  [BTW=True]
==========================================================
  seed=42: σ=3.737 C=0.237 L=2.384 α=2.704 EL=22.6% (3.9s)
  seed=7: σ=3.838 C=0.248 L=2.413 α=2.741 EL=24.9% (3.9s)
  seed=13: σ=3.845 C=0.246 L=2.408 α=2.785 EL=24.9% (4.0s)
  seed=99: σ=3.897 C=0.253 L=2.432 α=2.757 EL=24.4% (3.9s)
  seed=2024: σ=3.866 C=0.247 L=2.399 α=2.735 EL=23.3% (3.9s)

  --- Macaque_Cortex SUMMARY (mean±std over 5 seeds) ---
  ✅ sigma : 3.837±0.054  (target ≥3.0)
  ❌ C     : 0.246±0.005  (target ≥0.25)
  ✅ L     : 2.407±0.016  (target [2.0,3.5])
  ❌ alpha : 2.744±0.027  (target [1.5,2.5])
  ✅ el    : 0.240±0.009  (target [0.15,0.28])
  SCORE: 3/5  [neuron]

==========================================================
Rat_Cortex★  N=73  [mesoscale]  [BTW=True]
==========================================================
  seed=42: σ=1.227 C=0.264 L=2.375 α=3.121 EL=24.8% (2.5s)
  seed=7: σ=1.268 C=0.284 L=2.415 α=3.627 EL=23.0% (2.5s)
  seed=13: σ=1.206 C=0.258 L=2.319 α=4.047 EL=22.7% (2.5s)
  seed=99: σ=1.209 C=0.278 L=2.461 α=3.992 EL=23.9% (2.5s)
  seed=2024: σ=1.261 C=0.281 L=2.420 α=3.992 EL=23.5% (2.5s)

  --- Rat_Cortex★ SUMMARY (mean±std over 5 seeds) ---
  ✅ sigma : 1.234±0.026  (target ≥1.2)
  ✅ C     : 0.273±0.010  (target ≥0.25)
  ✅ L     : 2.398±0.048  (target [1.5,3.0])
  ✅ alpha : 3.756±0.351  (target [2.0,4.5])
  ✅ el    : 0.236±0.007  (target [0.15,0.28])
  SCORE: 5/5  [mesoscale]

==========================================================
Mouse_Cortex★  N=112  [mesoscale]  [BTW=True]
==========================================================
  seed=42: σ=1.706 C=0.237 L=2.562 α=3.144 EL=23.1% (2.9s)
  seed=7: σ=1.783 C=0.256 L=2.657 α=3.244 EL=22.7% (2.9s)
  seed=13: σ=1.757 C=0.246 L=2.569 α=3.255 EL=23.2% (2.9s)
  seed=99: σ=1.787 C=0.261 L=2.653 α=3.249 EL=23.5% (2.9s)
  seed=2024: σ=1.812 C=0.261 L=2.630 α=3.303 EL=24.3% (2.9s)

  --- Mouse_Cortex★ SUMMARY (mean±std over 5 seeds) ---
  ✅ sigma : 1.769±0.036  (target ≥1.5)
  ✅ C     : 0.252±0.010  (target ≥0.22)
  ✅ L     : 2.614±0.041  (target [1.5,3.0])
  ✅ alpha : 3.239±0.052  (target [2.0,4.5])
  ✅ el    : 0.234±0.005  (target [0.15,0.28])
  SCORE: 5/5  [mesoscale]

==========================================================
Chimpanzee★  N=200  [mesoscale]  [BTW=True]
==========================================================
  seed=42: σ=4.309 C=0.250 L=2.796 α=3.039 EL=24.8% (3.2s)
  seed=7: σ=4.225 C=0.239 L=2.705 α=2.917 EL=23.5% (3.2s)
  seed=13: σ=4.166 C=0.245 L=2.842 α=3.148 EL=22.6% (3.2s)
  seed=99: σ=4.199 C=0.261 L=2.951 α=2.613 EL=24.6% (3.2s)
  seed=2024: σ=4.336 C=0.267 L=2.917 α=3.007 EL=24.2% (3.2s)

  --- Chimpanzee★ SUMMARY (mean±std over 5 seeds) ---
  ✅ sigma : 4.247±0.065  (target ≥1.5)
  ✅ C     : 0.252±0.010  (target ≥0.12)
  ✅ L     : 2.842±0.088  (target [1.5,3.5])
  ✅ alpha : 2.945±0.182  (target [2.0,4.5])
  ✅ el    : 0.239±0.008  (target [0.15,0.28])
  SCORE: 5/5  [mesoscale]

==========================================================
Human_HCP★  N=400  [mesoscale]  [BTW=True]
==========================================================
  seed=42: σ=10.167 C=0.265 L=2.846 α=2.883 EL=24.9% (4.2s)
  seed=7: σ=9.931 C=0.261 L=2.890 α=2.725 EL=22.7% (4.1s)
  seed=13: σ=9.915 C=0.268 L=2.971 α=2.873 EL=23.3% (4.2s)
  seed=99: σ=10.026 C=0.271 L=2.954 α=2.836 EL=22.6% (4.1s)
  seed=2024: σ=9.956 C=0.274 L=3.008 α=2.934 EL=22.7% (4.1s)

  --- Human_HCP★ SUMMARY (mean±std over 5 seeds) ---
  ✅ sigma : 9.999±0.092  (target ≥2.5)
  ✅ C     : 0.268±0.004  (target ≥0.15)
  ✅ L     : 2.934±0.058  (target [2.0,4.0])
  ✅ alpha : 2.850±0.070  (target [2.0,4.5])
  ✅ el    : 0.232±0.009  (target [0.15,0.28])
  SCORE: 5/5  [mesoscale]

==========================================================
Cat_Visual★  N=65  [mesoscale]  [BTW=True]
==========================================================
  seed=42: σ=1.439 C=0.229 L=2.771 α=4.079 EL=24.5% (2.3s)
  seed=7: σ=1.416 C=0.232 L=2.700 α=4.292 EL=22.8% (2.3s)
  seed=13: σ=1.404 C=0.210 L=2.586 α=2.779 EL=23.9% (2.3s)
  seed=99: σ=1.440 C=0.239 L=2.770 α=4.270 EL=24.6% (2.4s)
  seed=2024: σ=1.431 C=0.220 L=2.569 α=3.895 EL=23.2% (2.4s)

  --- Cat_Visual★ SUMMARY (mean±std over 5 seeds) ---
  ✅ sigma : 1.426±0.014  (target ≥1.2)
  ✅ C     : 0.226±0.010  (target ≥0.2)
  ✅ L     : 2.679±0.087  (target [1.5,3.0])
  ✅ alpha : 3.863±0.561  (target [2.0,5.0])
  ✅ el    : 0.238±0.007  (target [0.15,0.28])
  SCORE: 5/5  [mesoscale]

==========================================================
Macaque_Visual  N=305  [neuron]  [BTW=True]
==========================================================
  seed=42: σ=7.145 C=0.256 L=2.829 α=2.894 EL=22.7% (3.7s)
  seed=7: σ=7.296 C=0.267 L=2.869 α=2.851 EL=22.7% (3.7s)
  seed=13: σ=7.263 C=0.268 L=2.933 α=2.881 EL=22.6% (3.7s)
  seed=99: σ=7.205 C=0.274 L=3.012 α=2.883 EL=23.5% (3.7s)
  seed=2024: σ=7.111 C=0.271 L=3.015 α=3.043 EL=23.5% (3.7s)

  --- Macaque_Visual SUMMARY (mean±std over 5 seeds) ---
  ✅ sigma : 7.204±0.070  (target ≥3.0)
  ✅ C     : 0.267±0.006  (target ≥0.25)
  ✅ L     : 2.932±0.075  (target [2.0,4.0])
  ✅ alpha : 2.910±0.068  (target [1.5,3.5])
  ✅ el    : 0.230±0.004  (target [0.15,0.28])
  SCORE: 5/5  [neuron]

==========================================================
Zebrafish★  N=218  [mesoscale]  [BTW=True]
==========================================================
  seed=42: σ=4.824 C=0.256 L=2.809 α=2.969 EL=24.8% (3.3s)
  seed=7: σ=4.722 C=0.256 L=2.913 α=2.911 EL=24.8% (3.3s)
  seed=13: σ=4.836 C=0.256 L=2.868 α=2.841 EL=24.9% (3.3s)
  seed=99: σ=4.895 C=0.270 L=2.930 α=3.056 EL=23.9% (3.3s)
  seed=2024: σ=4.848 C=0.266 L=2.937 α=3.186 EL=23.7% (3.3s)
/home/work/.openclaw/workspace/sdi_sim/sdi_experiment1_v14.py:468: UserWarning: Glyph 24930 (\N{CJK UNIFIED IDEOGRAPH-6162}) missing from font(s) DejaVu Sans.
  plt.tight_layout()
/home/work/.openclaw/workspace/sdi_sim/sdi_experiment1_v14.py:468: UserWarning: Glyph 39537 (\N{CJK UNIFIED IDEOGRAPH-9A71}) missing from font(s) DejaVu Sans.
  plt.tight_layout()
/home/work/.openclaw/workspace/sdi_sim/sdi_experiment1_v14.py:468: UserWarning: Glyph 21160 (\N{CJK UNIFIED IDEOGRAPH-52A8}) missing from font(s) DejaVu Sans.
  plt.tight_layout()
/home/work/.openclaw/workspace/sdi_sim/sdi_experiment1_v14.py:469: UserWarning: Glyph 24930 (\N{CJK UNIFIED IDEOGRAPH-6162}) missing from font(s) DejaVu Sans.
  plt.savefig(f'{OUT}/exp1_v14_convergence.png', dpi=130, bbox_inches='tight')
/home/work/.openclaw/workspace/sdi_sim/sdi_experiment1_v14.py:469: UserWarning: Glyph 39537 (\N{CJK UNIFIED IDEOGRAPH-9A71}) missing from font(s) DejaVu Sans.
  plt.savefig(f'{OUT}/exp1_v14_convergence.png', dpi=130, bbox_inches='tight')
/home/work/.openclaw/workspace/sdi_sim/sdi_experiment1_v14.py:469: UserWarning: Glyph 21160 (\N{CJK UNIFIED IDEOGRAPH-52A8}) missing from font(s) DejaVu Sans.
  plt.savefig(f'{OUT}/exp1_v14_convergence.png', dpi=130, bbox_inches='tight')

  --- Zebrafish★ SUMMARY (mean±std over 5 seeds) ---
  ✅ sigma : 4.825±0.057  (target ≥1.5)
  ✅ C     : 0.261±0.006  (target ≥0.2)
  ✅ L     : 2.891±0.048  (target [1.5,3.5])
  ✅ alpha : 2.993±0.120  (target [2.0,4.5])
  ✅ el    : 0.244±0.005  (target [0.15,0.28])
  SCORE: 5/5  [mesoscale]

==========================================================
ALL DONE  164.1s  (5 seeds × 10 species)
==========================================================
物种                     级别           得分     σ        C        L        α        EL      
--------------------------------------------------------------------------------
C.elegans              neuron       4/5   7.58±0.11  0.267±0.007  3.48±0.12  3.26±0.07  22.9%±0.3%
Larval_Drosophila      neuron       4/5   9.22±0.13  0.266±0.004  3.38±0.02  3.16±0.21  23.6%±0.6%
Macaque_Cortex         neuron       3/5   3.84±0.05  0.246±0.005  2.41±0.02  2.74±0.03  24.0%±0.9%
Rat_Cortex★            ★mesoscale   5/5   1.23±0.03  0.273±0.010  2.40±0.05  3.76±0.35  23.6%±0.7%
Mouse_Cortex★          ★mesoscale   5/5   1.77±0.04  0.252±0.010  2.61±0.04  3.24±0.05  23.4%±0.5%
Chimpanzee★            ★mesoscale   5/5   4.25±0.07  0.252±0.010  2.84±0.09  2.94±0.18  23.9%±0.8%
Human_HCP★             ★mesoscale   5/5   10.00±0.09  0.268±0.004  2.93±0.06  2.85±0.07  23.2%±0.9%
Cat_Visual★            ★mesoscale   5/5   1.43±0.01  0.226±0.010  2.68±0.09  3.86±0.56  23.8%±0.7%
Macaque_Visual         neuron       5/5   7.20±0.07  0.267±0.006  2.93±0.07  2.91±0.07  23.0%±0.4%
Zebrafish★             ★mesoscale   5/5   4.82±0.06  0.261±0.006  2.89±0.05  2.99±0.12  24.4%±0.5%

【v14 BTW慢驱动说明】
  1. BTW_MODE=True: 启用Bak-Tang-Wiesenfeld 1987慢驱动机制
  2. 每3步激活1个随机节点（vs v13约20%节点）
  3. N_STEPS=8000（vs v13: 5000）—— 更多步让网络演化到临界态
  4. 分离时间尺度：驱动速率远小于松弛速率 → 期望产生幂律alpha→1.5
  5. 突触缩放阈值按BTW模式调整：过度激活>10%↓，低激活<0.5%↑

【数据诚信说明（继承v13）】
  1. 所有结果为5个随机种子均值±标准差，非单次运行
  2. 脑区级(mesoscale)物种标★，目标值按真实脑区图生物值设定，不与神经元级混用
  3. alpha使用Hill MLE + KS最优x_min (Clauset 2009)
  4. WS初始参数(k_init, p_init)固定，不为使结果达标而专门调整

Results → exp1_v14_results.json
Plot → exp1_v14_convergence.png
DONE
