SDI е®һйӘҢдёҖ v17 вҖ” дҝ®еӨҚPigeonвҳ… + ж–°еўһ6зү©з§ҚпјҢе…ұ20зү©з§Қ
BTW_MODE=True, BTW_DRIVE_N=1, BTW_DRIVE_INTERVAL=5
N_STEPS=10000
ж–°еўһзү©з§Қ(v17): Octopusвҳ…, C_elegans_pharynx, Xenopusвҳ…, Platynereisвҳ…, Cionaвҳ…, Gorillaвҳ…

============================================================
C.elegans  N=279  [neuron]  [BTW=True]
============================================================
  seed=42: Пғ=7.695 C=0.253 L=3.186 Оұ=2.874 EL=24.8% (3.4s)
  seed=7: Пғ=7.721 C=0.263 L=3.310 Оұ=2.712 EL=22.7% (3.3s)
  seed=13: Пғ=7.647 C=0.253 L=3.302 Оұ=2.873 EL=23.8% (3.4s)
  seed=99: Пғ=7.587 C=0.262 L=3.336 Оұ=3.096 EL=24.9% (3.3s)
  seed=2024: Пғ=7.641 C=0.266 L=3.374 Оұ=2.923 EL=22.8% (3.4s)

  --- C.elegans SUMMARY (meanВұstd over 5 seeds) ---
  вң… sigma : 7.658Вұ0.046  (target вүҘ4.0)
  вң… C     : 0.259Вұ0.005  (target вүҘ0.25)
  вң… L     : 3.302Вұ0.063  (target [2.0,3.5])
  вң… alpha : 2.896Вұ0.123  (target [1.5,3.5])
  вң… el    : 0.238Вұ0.009  (target [0.15,0.28])
  SCORE: 5/5  [neuron]

============================================================
Larval_Drosophila  N=321  [neuron]  [BTW=True]
============================================================
  seed=42: Пғ=9.085 C=0.255 L=3.196 Оұ=2.986 EL=24.8% (3.5s)
  seed=7: Пғ=9.395 C=0.255 L=3.220 Оұ=2.668 EL=23.1% (3.5s)
  seed=13: Пғ=9.194 C=0.258 L=3.243 Оұ=2.957 EL=23.9% (3.5s)
  seed=99: Пғ=9.095 C=0.261 L=3.252 Оұ=3.031 EL=23.1% (3.5s)
  seed=2024: Пғ=9.204 C=0.261 L=3.308 Оұ=3.035 EL=24.1% (3.5s)

  --- Larval_Drosophila SUMMARY (meanВұstd over 5 seeds) ---
  вң… sigma : 9.195Вұ0.112  (target вүҘ3.0)
  вң… C     : 0.258Вұ0.002  (target вүҘ0.2)
  вң… L     : 3.244Вұ0.038  (target [1.5,3.5])
  вң… alpha : 2.936Вұ0.137  (target [1.5,3.5])
  вң… el    : 0.238Вұ0.006  (target [0.15,0.28])
  SCORE: 5/5  [neuron]

============================================================
Macaque_Cortex  N=242  [neuron]  [BTW=True]
============================================================
  seed=42: Пғ=3.651 C=0.229 L=2.340 Оұ=2.504 EL=24.6% (4.1s)
  seed=7: Пғ=3.792 C=0.244 L=2.391 Оұ=2.526 EL=22.9% (4.1s)
  seed=13: Пғ=3.772 C=0.239 L=2.363 Оұ=2.606 EL=23.5% (4.1s)
  seed=99: Пғ=3.776 C=0.245 L=2.389 Оұ=2.591 EL=22.9% (4.1s)
  seed=2024: Пғ=3.753 C=0.239 L=2.365 Оұ=2.553 EL=24.4% (4.1s)

  --- Macaque_Cortex SUMMARY (meanВұstd over 5 seeds) ---
  вң… sigma : 3.749Вұ0.050  (target вүҘ3.0)
  вқҢ C     : 0.239Вұ0.006  (target вүҘ0.25)
  вң… L     : 2.370Вұ0.019  (target [2.0,3.5])
  вң… alpha : 2.556Вұ0.038  (target [1.5,3.5])
  вң… el    : 0.237Вұ0.007  (target [0.15,0.28])
  SCORE: 4/5  [neuron]

============================================================
Rat_Cortexвҳ…  N=73  [mesoscale]  [BTW=True]
============================================================
  seed=42: Пғ=1.197 C=0.255 L=2.319 Оұ=3.304 EL=23.8% (2.6s)
  seed=7: Пғ=1.261 C=0.280 L=2.364 Оұ=2.736 EL=22.6% (2.6s)
  seed=13: Пғ=1.141 C=0.245 L=2.243 Оұ=3.049 EL=22.8% (2.6s)
  seed=99: Пғ=1.188 C=0.271 L=2.418 Оұ=3.335 EL=24.2% (2.6s)
  seed=2024: Пғ=1.238 C=0.277 L=2.403 Оұ=3.493 EL=23.6% (2.6s)

  --- Rat_Cortexвҳ… SUMMARY (meanВұstd over 5 seeds) ---
  вң… sigma : 1.205Вұ0.041  (target вүҘ1.2)
  вң… C     : 0.265Вұ0.014  (target вүҘ0.25)
  вң… L     : 2.349Вұ0.064  (target [1.5,3.0])
  вң… alpha : 3.183Вұ0.265  (target [2.0,4.5])
  вң… el    : 0.234Вұ0.006  (target [0.15,0.28])
  SCORE: 5/5  [mesoscale]

============================================================
Mouse_Cortexвҳ…  N=112  [mesoscale]  [BTW=True]
============================================================
  seed=42: Пғ=1.617 C=0.224 L=2.510 Оұ=2.845 EL=22.7% (3.0s)
  seed=7: Пғ=1.712 C=0.245 L=2.580 Оұ=2.829 EL=23.1% (3.0s)
  seed=13: Пғ=1.697 C=0.236 L=2.531 Оұ=2.909 EL=24.0% (3.0s)
  seed=99: Пғ=1.745 C=0.251 L=2.553 Оұ=2.749 EL=22.7% (3.0s)
  seed=2024: Пғ=1.761 C=0.250 L=2.524 Оұ=2.858 EL=22.9% (3.0s)

  --- Mouse_Cortexвҳ… SUMMARY (meanВұstd over 5 seeds) ---
  вң… sigma : 1.706Вұ0.050  (target вүҘ1.5)
  вң… C     : 0.241Вұ0.010  (target вүҘ0.22)
  вң… L     : 2.540Вұ0.025  (target [1.5,3.0])
  вң… alpha : 2.838Вұ0.052  (target [2.0,4.5])
  вң… el    : 0.231Вұ0.005  (target [0.15,0.28])
  SCORE: 5/5  [mesoscale]

============================================================
Chimpanzeeвҳ…  N=200  [mesoscale]  [BTW=True]
============================================================
  seed=42: Пғ=4.186 C=0.241 L=2.729 Оұ=2.568 EL=23.4% (3.3s)
  seed=7: Пғ=4.168 C=0.234 L=2.628 Оұ=2.799 EL=22.9% (3.3s)
  seed=13: Пғ=4.080 C=0.235 L=2.744 Оұ=2.711 EL=22.5% (3.3s)
  seed=99: Пғ=4.145 C=0.249 L=2.808 Оұ=2.671 EL=24.5% (3.3s)
  seed=2024: Пғ=4.168 C=0.254 L=2.807 Оұ=2.720 EL=23.5% (3.3s)

  --- Chimpanzeeвҳ… SUMMARY (meanВұstd over 5 seeds) ---
  вң… sigma : 4.150Вұ0.037  (target вүҘ1.5)
  вң… C     : 0.243Вұ0.008  (target вүҘ0.12)
  вң… L     : 2.743Вұ0.066  (target [1.5,3.5])
  вң… alpha : 2.694Вұ0.075  (target [2.0,4.5])
  вң… el    : 0.234Вұ0.007  (target [0.15,0.28])
  SCORE: 5/5  [mesoscale]

============================================================
Human_HCPвҳ…  N=400  [mesoscale]  [BTW=True]
============================================================
  seed=42: Пғ=9.954 C=0.258 L=2.791 Оұ=2.562 EL=24.8% (4.3s)
  seed=7: Пғ=9.919 C=0.255 L=2.794 Оұ=2.550 EL=24.1% (4.3s)
  seed=13: Пғ=9.985 C=0.265 L=2.906 Оұ=2.608 EL=24.2% (4.3s)
  seed=99: Пғ=9.978 C=0.263 L=2.837 Оұ=2.578 EL=24.8% (4.3s)
  seed=2024: Пғ=9.980 C=0.266 L=2.880 Оұ=2.702 EL=24.0% (4.2s)

  --- Human_HCPвҳ… SUMMARY (meanВұstd over 5 seeds) ---
  вң… sigma : 9.963Вұ0.024  (target вүҘ2.5)
  вң… C     : 0.261Вұ0.004  (target вүҘ0.15)
  вң… L     : 2.842Вұ0.046  (target [2.0,4.0])
  вң… alpha : 2.600Вұ0.055  (target [2.0,4.5])
  вң… el    : 0.244Вұ0.004  (target [0.15,0.28])
  SCORE: 5/5  [mesoscale]

============================================================
Cat_Visualвҳ…  N=65  [mesoscale]  [BTW=True]
============================================================
  seed=42: Пғ=1.421 C=0.221 L=2.673 Оұ=3.641 EL=23.8% (2.4s)
  seed=7: Пғ=1.379 C=0.225 L=2.600 Оұ=3.791 EL=23.3% (2.4s)
  seed=13: Пғ=1.353 C=0.202 L=2.517 Оұ=3.438 EL=23.0% (2.4s)
  seed=99: Пғ=1.435 C=0.232 L=2.634 Оұ=3.656 EL=24.2% (2.4s)
  seed=2024: Пғ=1.421 C=0.221 L=2.568 Оұ=3.669 EL=24.2% (2.4s)

  --- Cat_Visualвҳ… SUMMARY (meanВұstd over 5 seeds) ---
  вң… sigma : 1.402Вұ0.031  (target вүҘ1.2)
  вң… C     : 0.220Вұ0.010  (target вүҘ0.2)
  вң… L     : 2.598Вұ0.054  (target [1.5,3.0])
  вң… alpha : 3.639Вұ0.114  (target [2.0,5.0])
  вң… el    : 0.237Вұ0.005  (target [0.15,0.28])
  SCORE: 5/5  [mesoscale]

============================================================
Macaque_Visual  N=305  [neuron]  [BTW=True]
============================================================
  seed=42: Пғ=7.040 C=0.250 L=2.793 Оұ=2.602 EL=23.0% (3.8s)
  seed=7: Пғ=7.211 C=0.258 L=2.771 Оұ=2.613 EL=24.4% (3.8s)
  seed=13: Пғ=7.203 C=0.262 L=2.857 Оұ=2.667 EL=24.6% (3.8s)
  seed=99: Пғ=7.178 C=0.268 L=2.917 Оұ=2.679 EL=24.6% (3.8s)
  seed=2024: Пғ=7.106 C=0.261 L=2.861 Оұ=2.707 EL=23.4% (3.8s)

  --- Macaque_Visual SUMMARY (meanВұstd over 5 seeds) ---
  вң… sigma : 7.148Вұ0.065  (target вүҘ3.0)
  вң… C     : 0.260Вұ0.006  (target вүҘ0.25)
  вң… L     : 2.840Вұ0.052  (target [2.0,4.0])
  вң… alpha : 2.654Вұ0.040  (target [1.5,3.5])
  вң… el    : 0.240Вұ0.007  (target [0.15,0.28])
  SCORE: 5/5  [neuron]

============================================================
Zebrafishвҳ…  N=218  [mesoscale]  [BTW=True]
============================================================
  seed=42: Пғ=4.653 C=0.244 L=2.730 Оұ=2.734 EL=23.6% (3.4s)
  seed=7: Пғ=4.701 C=0.248 L=2.806 Оұ=2.625 EL=23.2% (3.4s)
  seed=13: Пғ=4.798 C=0.246 L=2.721 Оұ=2.738 EL=23.2% (3.4s)
  seed=99: Пғ=4.840 C=0.261 L=2.842 Оұ=2.721 EL=24.0% (3.4s)
  seed=2024: Пғ=4.862 C=0.256 L=2.778 Оұ=2.724 EL=22.9% (3.3s)

  --- Zebrafishвҳ… SUMMARY (meanВұstd over 5 seeds) ---
  вң… sigma : 4.771Вұ0.081  (target вүҘ1.5)
  вң… C     : 0.251Вұ0.006  (target вүҘ0.2)
  вң… L     : 2.775Вұ0.046  (target [1.5,3.5])
  вң… alpha : 2.708Вұ0.042  (target [2.0,4.5])
  вң… el    : 0.234Вұ0.004  (target [0.15,0.28])
  SCORE: 5/5  [mesoscale]

============================================================
Marmosetвҳ…  N=114  [mesoscale]  [BTW=True]
============================================================
  seed=42: Пғ=2.068 C=0.232 L=2.723 Оұ=2.902 EL=22.9% (2.8s)
  seed=7: Пғ=2.139 C=0.261 L=2.915 Оұ=3.094 EL=22.9% (2.9s)
  seed=13: Пғ=2.065 C=0.236 L=2.754 Оұ=2.910 EL=24.1% (2.9s)
  seed=99: Пғ=2.120 C=0.255 L=2.912 Оұ=3.062 EL=24.6% (2.8s)
  seed=2024: Пғ=2.109 C=0.244 L=2.786 Оұ=2.926 EL=22.7% (2.9s)

  --- Marmosetвҳ… SUMMARY (meanВұstd over 5 seeds) ---
  вң… sigma : 2.100Вұ0.029  (target вүҘ1.5)
  вң… C     : 0.246Вұ0.011  (target вүҘ0.22)
  вң… L     : 2.818Вұ0.081  (target [1.5,3.0])
  вң… alpha : 2.979Вұ0.082  (target [2.0,4.5])
  вң… el    : 0.234Вұ0.008  (target [0.15,0.28])
  SCORE: 5/5  [mesoscale]

============================================================
Pigeonвҳ…  N=45  [mesoscale]  [BTW=True]
============================================================
  seed=42: Пғ=1.055 C=0.172 L=2.568 Оұ=4.932 EL=24.1% (2.2s)
  seed=7: Пғ=1.237 C=0.212 L=2.731 Оұ=5.220 EL=24.3% (2.2s)
  seed=13: Пғ=1.084 C=0.187 L=2.538 Оұ=3.631 EL=23.3% (2.2s)
  seed=99: Пғ=1.227 C=0.204 L=2.719 Оұ=4.529 EL=24.0% (2.2s)
  seed=2024: Пғ=1.241 C=0.208 L=2.607 Оұ=4.476 EL=24.2% (2.2s)

  --- Pigeonвҳ… SUMMARY (meanВұstd over 5 seeds) ---
  вң… sigma : 1.169Вұ0.082  (target вүҘ1.0)
  вқҢ C     : 0.197Вұ0.015  (target вүҘ0.22)
  вң… L     : 2.633Вұ0.079  (target [1.5,3.0])
  вқҢ alpha : 4.558Вұ0.537  (target [2.0,4.5])
  вң… el    : 0.240Вұ0.003  (target [0.15,0.28])
  SCORE: 3/5  [mesoscale]

============================================================
Honeybeeвҳ…  N=160  [mesoscale]  [BTW=True]
============================================================
  seed=42: Пғ=3.588 C=0.224 L=3.083 Оұ=2.915 EL=22.6% (2.9s)
  seed=7: Пғ=3.846 C=0.243 L=3.137 Оұ=3.050 EL=23.3% (2.9s)
  seed=13: Пғ=3.850 C=0.231 L=3.041 Оұ=2.817 EL=22.9% (2.9s)
  seed=99: Пғ=3.912 C=0.244 L=3.142 Оұ=2.975 EL=23.8% (2.9s)
  seed=2024: Пғ=3.877 C=0.236 L=3.002 Оұ=2.737 EL=24.9% (2.9s)

  --- Honeybeeвҳ… SUMMARY (meanВұstd over 5 seeds) ---
  вң… sigma : 3.814Вұ0.115  (target вүҘ1.5)
  вң… C     : 0.235Вұ0.008  (target вүҘ0.2)
  вң… L     : 3.081Вұ0.054  (target [1.5,3.5])
  вң… alpha : 2.899Вұ0.111  (target [2.0,4.5])
  вң… el    : 0.235Вұ0.008  (target [0.15,0.28])
  SCORE: 5/5  [mesoscale]

============================================================
Starfish_larva  N=174  [neuron]  [BTW=True]
============================================================
  seed=42: Пғ=4.128 C=0.235 L=3.159 Оұ=2.864 EL=23.9% (3.0s)
  seed=7: Пғ=4.270 C=0.241 L=3.208 Оұ=2.868 EL=24.6% (2.9s)
  seed=13: Пғ=4.292 C=0.247 L=3.181 Оұ=3.023 EL=23.4% (3.0s)
  seed=99: Пғ=4.328 C=0.247 L=3.157 Оұ=3.090 EL=24.0% (3.0s)
  seed=2024: Пғ=4.238 C=0.254 L=3.359 Оұ=3.120 EL=24.3% (3.0s)

  --- Starfish_larva SUMMARY (meanВұstd over 5 seeds) ---
  вң… sigma : 4.251Вұ0.068  (target вүҘ3.0)
  вң… C     : 0.245Вұ0.006  (target вүҘ0.2)
  вң… L     : 3.213Вұ0.075  (target [2.0,4.0])
  вң… alpha : 2.993Вұ0.108  (target [1.5,3.5])
  вң… el    : 0.240Вұ0.004  (target [0.15,0.28])
  SCORE: 5/5  [neuron]

============================================================
Octopusвҳ…  N=50  [mesoscale]  [BTW=True]
============================================================
  seed=42: Пғ=1.448 C=0.222 L=2.874 Оұ=4.420 EL=22.9% (2.2s)
  seed=7: Пғ=1.400 C=0.222 L=2.888 Оұ=4.881 EL=23.1% (2.2s)
  seed=13: Пғ=1.280 C=0.207 L=2.886 Оұ=3.998 EL=24.1% (2.2s)
  seed=99: Пғ=1.438 C=0.226 L=2.853 Оұ=4.970 EL=24.8% (2.2s)
  seed=2024: Пғ=1.429 C=0.222 L=2.832 Оұ=4.790 EL=24.3% (2.2s)

  --- Octopusвҳ… SUMMARY (meanВұstd over 5 seeds) ---
  вң… sigma : 1.399Вұ0.062  (target вүҘ1.0)
  вқҢ C     : 0.220Вұ0.006  (target вүҘ0.22)
  вң… L     : 2.867Вұ0.021  (target [1.5,3.0])
  вқҢ alpha : 4.612Вұ0.359  (target [2.0,4.5])
  вң… el    : 0.238Вұ0.007  (target [0.15,0.28])
  SCORE: 3/5  [mesoscale]

============================================================
C_elegans_pharynx  N=20  [neuron]  [BTW=True]
============================================================
  seed=42: Пғ=0.888 C=0.211 L=2.453 Оұ=3.444 EL=21.7% (1.9s)
  seed=7: Пғ=0.781 C=0.187 L=2.595 Оұ=3.953 EL=22.2% (1.9s)
  seed=13: Пғ=0.732 C=0.171 L=2.411 Оұ=3.376 EL=21.3% (1.9s)
  seed=99: Пғ=0.818 C=0.206 L=2.389 Оұ=3.620 EL=20.9% (1.9s)
  seed=2024: Пғ=0.526 C=0.102 L=2.432 Оұ=2.609 EL=23.0% (1.9s)

  --- C_elegans_pharynx SUMMARY (meanВұstd over 5 seeds) ---
  вқҢ sigma : 0.749Вұ0.123  (target вүҘ1.5)
  вқҢ C     : 0.175Вұ0.039  (target вүҘ0.25)
  вң… L     : 2.456Вұ0.073  (target [1.0,3.0])
  вң… alpha : 3.401Вұ0.443  (target [1.5,3.5])
  вң… el    : 0.218Вұ0.007  (target [0.15,0.28])
  SCORE: 3/5  [neuron]

============================================================
Xenopusвҳ…  N=90  [mesoscale]  [BTW=True]
============================================================
  seed=42: Пғ=1.824 C=0.208 L=2.811 Оұ=3.221 EL=23.1% (2.5s)
  seed=7: Пғ=1.960 C=0.244 L=3.041 Оұ=3.449 EL=23.0% (2.6s)
  seed=13: Пғ=1.878 C=0.210 L=2.738 Оұ=3.269 EL=25.0% (2.6s)
  seed=99: Пғ=1.882 C=0.238 L=3.152 Оұ=3.347 EL=24.4% (2.5s)
  seed=2024: Пғ=2.054 C=0.248 L=2.992 Оұ=3.638 EL=24.7% (2.5s)

  --- Xenopusвҳ… SUMMARY (meanВұstd over 5 seeds) ---
  вң… sigma : 1.920Вұ0.080  (target вүҘ1.2)
  вң… C     : 0.229Вұ0.017  (target вүҘ0.2)
  вң… L     : 2.947Вұ0.152  (target [1.5,3.0])
  вң… alpha : 3.385Вұ0.148  (target [2.0,4.5])
  вң… el    : 0.240Вұ0.008  (target [0.15,0.28])
  SCORE: 5/5  [mesoscale]

============================================================
Platynereisвҳ…  N=180  [neuron]  [BTW=True]
============================================================
  seed=42: Пғ=4.273 C=0.232 L=3.135 Оұ=2.887 EL=24.5% (3.0s)
  seed=7: Пғ=4.462 C=0.242 L=3.126 Оұ=2.896 EL=25.0% (3.0s)
  seed=13: Пғ=4.439 C=0.243 L=3.131 Оұ=3.051 EL=24.1% (3.0s)
  seed=99: Пғ=4.409 C=0.243 L=3.176 Оұ=2.969 EL=23.4% (2.9s)
  seed=2024: Пғ=4.373 C=0.231 L=2.973 Оұ=2.818 EL=23.5% (3.0s)

  --- Platynereisвҳ… SUMMARY (meanВұstd over 5 seeds) ---
  вң… sigma : 4.391Вұ0.066  (target вүҘ3.0)
  вң… C     : 0.238Вұ0.005  (target вүҘ0.18)
  вң… L     : 3.108Вұ0.070  (target [2.0,4.0])
  вң… alpha : 2.924Вұ0.079  (target [1.5,3.5])
  вң… el    : 0.241Вұ0.006  (target [0.15,0.28])
  SCORE: 5/5  [neuron]

============================================================
Cionaвҳ…  N=177  [neuron]  [BTW=True]
============================================================
  seed=42: Пғ=4.167 C=0.221 L=3.068 Оұ=2.893 EL=24.8% (2.9s)
  seed=7: Пғ=4.263 C=0.234 L=3.085 Оұ=2.881 EL=23.8% (3.0s)
  seed=13: Пғ=4.155 C=0.220 L=3.037 Оұ=2.971 EL=24.3% (2.9s)
  seed=99: Пғ=4.228 C=0.225 L=3.005 Оұ=2.924 EL=22.6% (3.0s)
  seed=2024: Пғ=4.393 C=0.241 L=3.084 Оұ=2.798 EL=23.0% (2.9s)

  --- Cionaвҳ… SUMMARY (meanВұstd over 5 seeds) ---
  вң… sigma : 4.241Вұ0.086  (target вүҘ2.5)
  вң… C     : 0.228Вұ0.008  (target вүҘ0.18)
  вң… L     : 3.056Вұ0.031  (target [2.0,4.0])
  вң… alpha : 2.893Вұ0.057  (target [1.5,3.5])
  вң… el    : 0.237Вұ0.008  (target [0.15,0.28])
  SCORE: 5/5  [neuron]

============================================================
Gorillaвҳ…  N=200  [mesoscale]  [BTW=True]
============================================================
  seed=42: Пғ=4.186 C=0.241 L=2.729 Оұ=2.568 EL=23.4% (3.2s)
  seed=7: Пғ=4.168 C=0.234 L=2.628 Оұ=2.799 EL=22.9% (3.2s)
  seed=13: Пғ=4.080 C=0.235 L=2.744 Оұ=2.711 EL=22.5% (3.2s)
  seed=99: Пғ=4.145 C=0.249 L=2.808 Оұ=2.671 EL=24.5% (3.2s)
  seed=2024: Пғ=4.168 C=0.254 L=2.807 Оұ=2.720 EL=23.5% (3.2s)

  --- Gorillaвҳ… SUMMARY (meanВұstd over 5 seeds) ---
  вң… sigma : 4.150Вұ0.037  (target вүҘ1.5)
  вң… C     : 0.243Вұ0.008  (target вүҘ0.12)
  вң… L     : 2.743Вұ0.066  (target [1.5,3.5])
  вң… alpha : 2.694Вұ0.075  (target [2.0,4.5])
  вң… el    : 0.234Вұ0.007  (target [0.15,0.28])
  SCORE: 5/5  [mesoscale]

======================================================================
ALL DONE  301.6s  (5 seeds Г— 20 species)
======================================================================
зү©з§Қ                     зә§еҲ«           еҫ—еҲҶ     Пғ        C        L        Оұ        EL      
------------------------------------------------------------------------------------------
вң… C.elegans            neuron       5/5   7.66Вұ0.05  0.259Вұ0.005  3.30Вұ0.06  2.90Вұ0.12  23.8%Вұ0.9%
вң… Larval_Drosophila    neuron       5/5   9.19Вұ0.11  0.258Вұ0.002  3.24Вұ0.04  2.94Вұ0.14  23.8%Вұ0.6%
вң… Macaque_Cortex       neuron       4/5   3.75Вұ0.05  0.239Вұ0.006  2.37Вұ0.02  2.56Вұ0.04  23.7%Вұ0.7%
вң… Rat_Cortexвҳ…          вҳ…mesoscale   5/5   1.20Вұ0.04  0.265Вұ0.014  2.35Вұ0.06  3.18Вұ0.27  23.4%Вұ0.6%
вң… Mouse_Cortexвҳ…        вҳ…mesoscale   5/5   1.71Вұ0.05  0.241Вұ0.010  2.54Вұ0.02  2.84Вұ0.05  23.1%Вұ0.5%
вң… Chimpanzeeвҳ…          вҳ…mesoscale   5/5   4.15Вұ0.04  0.243Вұ0.008  2.74Вұ0.07  2.69Вұ0.08  23.4%Вұ0.7%
вң… Human_HCPвҳ…           вҳ…mesoscale   5/5   9.96Вұ0.02  0.261Вұ0.004  2.84Вұ0.05  2.60Вұ0.05  24.4%Вұ0.4%
вң… Cat_Visualвҳ…          вҳ…mesoscale   5/5   1.40Вұ0.03  0.220Вұ0.010  2.60Вұ0.05  3.64Вұ0.11  23.7%Вұ0.5%
вң… Macaque_Visual       neuron       5/5   7.15Вұ0.07  0.260Вұ0.006  2.84Вұ0.05  2.65Вұ0.04  24.0%Вұ0.7%
вң… Zebrafishвҳ…           вҳ…mesoscale   5/5   4.77Вұ0.08  0.251Вұ0.006  2.78Вұ0.05  2.71Вұ0.04  23.4%Вұ0.4%
вң… Marmosetвҳ…            вҳ…mesoscale   5/5   2.10Вұ0.03  0.246Вұ0.011  2.82Вұ0.08  2.98Вұ0.08  23.4%Вұ0.8%
вң… Pigeonвҳ…              вҳ…mesoscale   3/5   1.17Вұ0.08  0.197Вұ0.015  2.63Вұ0.08  4.56Вұ0.54  24.0%Вұ0.3%
вң… Honeybeeвҳ…            вҳ…mesoscale   5/5   3.81Вұ0.12  0.235Вұ0.008  3.08Вұ0.05  2.90Вұ0.11  23.5%Вұ0.8%
вң… Starfish_larva       neuron       5/5   4.25Вұ0.07  0.245Вұ0.006  3.21Вұ0.08  2.99Вұ0.11  24.0%Вұ0.4%
вң… Octopusвҳ…             вҳ…mesoscale   3/5   1.40Вұ0.06  0.220Вұ0.006  2.87Вұ0.02  4.61Вұ0.36  23.8%Вұ0.7%
вң… C_elegans_pharynx    neuron       3/5   0.75Вұ0.12  0.175Вұ0.039  2.46Вұ0.07  3.40Вұ0.44  21.8%Вұ0.7%
вң… Xenopusвҳ…             вҳ…mesoscale   5/5   1.92Вұ0.08  0.229Вұ0.017  2.95Вұ0.15  3.38Вұ0.15  24.0%Вұ0.8%
вң… Platynereisвҳ…         neuron       5/5   4.39Вұ0.07  0.238Вұ0.005  3.11Вұ0.07  2.92Вұ0.08  24.1%Вұ0.6%
вң… Cionaвҳ…               neuron       5/5   4.24Вұ0.09  0.228Вұ0.008  3.06Вұ0.03  2.89Вұ0.06  23.7%Вұ0.8%
вң… Gorillaвҳ…             вҳ…mesoscale   5/5   4.15Вұ0.04  0.243Вұ0.008  2.74Вұ0.07  2.69Вұ0.08  23.4%Вұ0.7%

ж•ҙдҪ“з»ҹи®Ў: 20/20 зү©з§Қ вүҘ 3/5 иҫҫж Ү

Results вҶ’ exp1_v17_results.json
Plot вҶ’ exp1_v17_convergence.png
DONE
