🔄 Get笔记同步启动（已知 65 条）
📥 发现 7 条新笔记，开始处理...
  ✅ [研究] 特斯拉HW3平台技术突围：四篇专利揭示的硬件约束下软件创新路...
     → 关联到 iNEST_Academic_Belief_Core.md
  ✅ [灵感] EML算子：用一个二元算子统一所有初等函数的数学突破...
  ✅ [其他] Google TPU 8i与Boardfly拓扑：AI推理基...
     → 关联到 iNEST_Academic_Belief_Core.md
  ✅ [日记] 2026年5月3号 日记...
  ✅ [日记] 2026年5月2号 日记...
  ✅ [待办] 前额叶皮层的新功能：调控记忆整合的神经机制研究...
  ✅ [待办] 视觉皮层神经信号分工研究：宽频协同与Gamma冗余的功能差异...

==================================================
✅ 同步完成：7 条新笔记写入 Inbox
🔗 Atlas交叉引用：2 处
📁 位置：00_KnowledgeBase_知识库/03_Inbox_文献与碎片/Get笔记同步

---
📚 Atlas → Get笔记 同步检查（6 个文件）

  ✅ 最新 NCC_Core_Concepts.md [已是最新]
  ✅ 最新 NCC_Paradigm_Master_Index.md [已是最新]
  ✅ 最新 NCC_Naming_Convention_v2.md [已是最新]
  🔄 需同步 iNEST_Academic_Belief_Core.md [有更新]
  ✅ 最新 Workflow_Engine_SOP.md [已是最新]
  ✅ 最新 DASHBOARD.md [已是最新]

  上传：iNEST_Academic_Belief_Core.md... ✅ 更新 (id=32067552)

==================================================
✅ Atlas同步完成：1 个文件上传到Get笔记
📱 打开Get笔记搜索「iNEST知识库」即可手机端检索
